TN:
SF:middleware.ts
FN:16,middleware
FN:25,(anonymous_4)
FN:30,(anonymous_5)
FNF:3
FNH:0
FNDA:0,middleware
FNDA:0,(anonymous_4)
FNDA:0,(anonymous_5)
DA:1,0
DA:5,0
DA:14,0
DA:16,0
DA:17,0
DA:18,0
DA:21,0
DA:22,0
DA:25,0
DA:26,0
DA:30,0
DA:33,0
DA:34,0
DA:35,0
DA:36,0
DA:40,0
DA:41,0
DA:42,0
DA:46,0
DA:48,0
DA:49,0
DA:50,0
DA:51,0
DA:52,0
DA:58,0
DA:71,0
DA:74,0
LF:27
LH:0
BRDA:33,0,0,0
BRDA:33,1,0,0
BRDA:33,1,1,0
BRDA:40,2,0,0
BRDA:40,3,0,0
BRDA:40,3,1,0
BRF:6
BRH:0
end_of_record
TN:
SF:app\error.tsx
FN:13,Error
FN:14,(anonymous_2)
FN:63,(anonymous_3)
FNF:3
FNH:0
FNDA:0,Error
FNDA:0,(anonymous_2)
FNDA:0,(anonymous_3)
DA:3,0
DA:4,0
DA:5,0
DA:6,0
DA:13,0
DA:14,0
DA:16,0
DA:63,0
LF:8
LH:0
BRDA:36,0,0,0
BRDA:44,1,0,0
BRF:2
BRH:0
end_of_record
TN:
SF:app\layout.tsx
FN:91,RootLayout
FNF:1
FNH:0
FNDA:0,RootLayout
DA:2,0
DA:3,0
DA:4,0
DA:5,0
DA:6,0
DA:7,0
DA:9,0
DA:15,0
DA:21,0
DA:91,0
LF:10
LH:0
BRF:0
BRH:0
end_of_record
TN:
SF:app\loading.tsx
FN:3,Loading
FNF:1
FNH:0
FNDA:0,Loading
DA:1,0
DA:3,0
LF:2
LH:0
BRF:0
BRH:0
end_of_record
TN:
SF:app\not-found.tsx
FN:7,NotFound
FN:40,(anonymous_3)
FNF:2
FNH:0
FNDA:0,NotFound
FNDA:0,(anonymous_3)
DA:3,0
DA:4,0
DA:5,0
DA:7,0
DA:40,0
LF:5
LH:0
BRF:0
BRH:0
end_of_record
TN:
SF:app\opengraph-image.tsx
FN:8,Image
FNF:1
FNH:0
FNDA:0,Image
DA:1,0
DA:3,0
DA:4,0
DA:5,0
DA:6,0
DA:8,0
DA:9,0
LF:7
LH:0
BRF:0
BRH:0
end_of_record
TN:
SF:app\robots.ts
FN:3,robots
FNF:1
FNH:0
FNDA:0,robots
DA:3,0
DA:4,0
DA:6,0
LF:3
LH:0
BRDA:4,0,0,0
BRDA:4,0,1,0
BRF:2
BRH:0
end_of_record
TN:
SF:app\sitemap.ts
FN:13,sitemap
FN:56,(anonymous_4)
FN:67,generateSitemaps
FNF:3
FNH:0
FNDA:0,sitemap
FNDA:0,(anonymous_4)
FNDA:0,generateSitemaps
DA:4,0
DA:13,0
DA:14,0
DA:16,0
DA:56,0
DA:63,0
DA:67,0
DA:70,0
LF:8
LH:0
BRDA:14,0,0,0
BRDA:14,0,1,0
BRF:2
BRH:0
end_of_record
TN:
SF:app\(auth)\layout.tsx
FN:11,AuthLayout
FNF:1
FNH:0
FNDA:0,AuthLayout
DA:2,0
DA:3,0
DA:5,0
DA:11,0
LF:4
LH:0
BRF:0
BRH:0
end_of_record
TN:
SF:app\(auth)\login\page.tsx
FN:6,LoginPage
FNF:1
FNH:0
FNDA:0,LoginPage
DA:3,0
DA:4,0
DA:6,0
DA:7,0
DA:8,0
LF:5
LH:0
BRDA:8,0,0,0
BRDA:8,0,1,0
BRF:2
BRH:0
end_of_record
TN:
SF:app\(auth)\sign-in\page.tsx
FN:3,SignInPage
FNF:1
FNH:0
FNDA:0,SignInPage
DA:1,0
DA:3,0
LF:2
LH:0
BRF:0
BRH:0
end_of_record
TN:
SF:app\(auth)\sign-up\page.tsx
FN:3,SignUpPage
FNF:1
FNH:0
FNDA:0,SignUpPage
DA:1,0
DA:3,0
LF:2
LH:0
BRF:0
BRH:0
end_of_record
TN:
SF:app\(authed)\layout.tsx
FN:13,AuthenticatedLayout
FNF:1
FNH:0
FNDA:0,AuthenticatedLayout
DA:2,0
DA:3,0
DA:4,0
DA:5,0
DA:7,0
DA:13,0
DA:18,0
DA:21,0
DA:22,0
LF:9
LH:0
BRDA:21,0,0,0
BRF:1
BRH:0
end_of_record
TN:
SF:app\(authed)\dashboard\DashboardAnalyticsClient.tsx
FN:6,DashboardAnalyticsClient
FN:7,(anonymous_2)
FNF:2
FNH:0
FNDA:0,DashboardAnalyticsClient
FNDA:0,(anonymous_2)
DA:3,0
DA:4,0
DA:6,0
DA:7,0
DA:8,0
DA:10,0
LF:6
LH:0
BRF:0
BRH:0
end_of_record
TN:
SF:app\(authed)\dashboard\page.tsx
FN:15,DashboardPage
FNF:1
FNH:0
FNDA:0,DashboardPage
DA:1,0
DA:2,0
DA:3,0
DA:4,0
DA:5,0
DA:6,0
DA:7,0
DA:8,0
DA:9,0
DA:10,0
DA:11,0
DA:12,0
DA:13,0
DA:15,0
DA:16,0
DA:18,0
DA:19,0
LF:17
LH:0
BRDA:18,0,0,0
BRF:1
BRH:0
end_of_record
TN:
SF:app\(authed)\dashboard\panels\ActivityPanel.tsx
FN:4,ActivityPanel
FN:12,(anonymous_2)
FNF:2
FNH:0
FNDA:0,ActivityPanel
FNDA:0,(anonymous_2)
DA:1,0
DA:2,0
DA:4,0
DA:5,0
DA:9,0
DA:10,0
DA:12,0
DA:16,0
DA:19,0
LF:9
LH:0
BRDA:6,0,0,0
BRDA:6,0,1,0
BRDA:9,1,0,0
BRDA:17,2,0,0
BRDA:17,2,1,0
BRDA:20,3,0,0
BRDA:20,3,1,0
BRF:7
BRH:0
end_of_record
TN:
SF:app\(authed)\dashboard\panels\PlanPanel.tsx
FN:4,PlanPanel
FN:12,(anonymous_2)
FNF:2
FNH:0
FNDA:0,PlanPanel
FNDA:0,(anonymous_2)
DA:1,0
DA:2,0
DA:4,0
DA:5,0
DA:9,0
DA:10,0
DA:12,0
DA:16,0
DA:19,0
LF:9
LH:0
BRDA:6,0,0,0
BRDA:6,0,1,0
BRDA:9,1,0,0
BRDA:17,2,0,0
BRDA:17,2,1,0
BRDA:20,3,0,0
BRDA:20,3,1,0
BRF:7
BRH:0
end_of_record
TN:
SF:app\(authed)\dashboard\panels\PlanStripPanel.tsx
FN:4,PlanStripPanel
FN:16,(anonymous_2)
FN:26,(anonymous_3)
FNF:3
FNH:0
FNDA:0,PlanStripPanel
FNDA:0,(anonymous_2)
FNDA:0,(anonymous_3)
DA:1,0
DA:2,0
DA:4,0
DA:5,0
DA:13,0
DA:14,0
DA:16,0
DA:20,0
DA:23,0
DA:24,0
DA:26,0
DA:30,0
DA:33,0
LF:13
LH:0
BRDA:6,0,0,0
BRDA:6,0,1,0
BRDA:9,1,0,0
BRDA:9,1,1,0
BRDA:13,2,0,0
BRDA:21,3,0,0
BRDA:21,3,1,0
BRDA:23,4,0,0
BRDA:31,5,0,0
BRDA:31,5,1,0
BRDA:36,6,0,0
BRDA:36,6,1,0
BRF:12
BRH:0
end_of_record
TN:
SF:app\(authed)\dashboard\panels\ResultsPanel.tsx
FN:4,ResultsPanel
FN:12,(anonymous_2)
FNF:2
FNH:0
FNDA:0,ResultsPanel
FNDA:0,(anonymous_2)
DA:1,0
DA:2,0
DA:4,0
DA:5,0
DA:9,0
DA:10,0
DA:12,0
DA:16,0
DA:19,0
LF:9
LH:0
BRDA:6,0,0,0
BRDA:6,0,1,0
BRDA:9,1,0,0
BRDA:17,2,0,0
BRDA:17,2,1,0
BRDA:20,3,0,0
BRDA:20,3,1,0
BRF:7
BRH:0
end_of_record
TN:
SF:app\(authed)\dashboard\panels\StudentsPanel.tsx
FN:4,StudentsPanel
FN:12,(anonymous_2)
FN:28,(anonymous_3)
FNF:3
FNH:0
FNDA:0,StudentsPanel
FNDA:0,(anonymous_2)
FNDA:0,(anonymous_3)
DA:1,0
DA:2,0
DA:4,0
DA:5,0
DA:9,0
DA:10,0
DA:12,0
DA:16,0
DA:19,0
DA:20,0
DA:21,0
DA:25,0
DA:26,0
DA:28,0
DA:32,0
DA:35,0
LF:16
LH:0
BRDA:6,0,0,0
BRDA:6,0,1,0
BRDA:9,1,0,0
BRDA:17,2,0,0
BRDA:17,2,1,0
BRDA:20,3,0,0
BRDA:22,4,0,0
BRDA:22,4,1,0
BRDA:25,5,0,0
BRDA:33,6,0,0
BRDA:33,6,1,0
BRDA:36,7,0,0
BRDA:36,7,1,0
BRF:13
BRH:0
end_of_record
TN:
SF:app\(authed)\dashboard\panels\TodayPanel.tsx
FN:3,TodayPanel
FNF:1
FNH:0
FNDA:0,TodayPanel
DA:1,0
DA:3,0
DA:4,0
DA:12,0
LF:4
LH:0
BRDA:5,0,0,0
BRDA:5,0,1,0
BRDA:8,1,0,0
BRDA:8,1,1,0
BRDA:16,2,0,0
BRDA:16,2,1,0
BRF:6
BRH:0
end_of_record
TN:
SF:app\(public)\layout.tsx
FN:5,PublicLayout
FNF:1
FNH:0
FNDA:0,PublicLayout
DA:1,0
DA:2,0
DA:3,0
DA:5,0
LF:4
LH:0
BRF:0
BRH:0
end_of_record
TN:
SF:app\(public)\page.tsx
FN:19,CFIProsHomePage
FN:26,(anonymous_5)
FN:36,(anonymous_6)
FN:46,(anonymous_7)
FN:65,(anonymous_8)
FN:109,(anonymous_9)
FN:132,(anonymous_10)
FN:144,(anonymous_11)
FN:150,(anonymous_12)
FN:168,(anonymous_13)
FNF:10
FNH:0
FNDA:0,CFIProsHomePage
FNDA:0,(anonymous_5)
FNDA:0,(anonymous_6)
FNDA:0,(anonymous_7)
FNDA:0,(anonymous_8)
FNDA:0,(anonymous_9)
FNDA:0,(anonymous_10)
FNDA:0,(anonymous_11)
FNDA:0,(anonymous_12)
FNDA:0,(anonymous_13)
DA:3,0
DA:4,0
DA:5,0
DA:10,0
DA:11,0
DA:12,0
DA:13,0
DA:14,0
DA:15,0
DA:16,0
DA:17,0
DA:19,0
DA:20,0
DA:21,0
DA:22,0
DA:23,0
DA:26,0
DA:27,0
DA:31,0
DA:32,0
DA:33,0
DA:36,0
DA:37,0
DA:38,0
DA:39,0
DA:40,0
DA:42,0
DA:46,0
DA:47,0
DA:58,0
DA:65,0
DA:66,0
DA:67,0
DA:76,0
DA:110,0
DA:114,0
DA:133,0
DA:137,0
DA:145,0
DA:151,0
DA:168,0
LF:41
LH:0
BRDA:37,0,0,0
BRDA:37,1,0,0
BRDA:37,1,1,0
BRDA:39,2,0,0
BRDA:39,2,1,0
BRDA:59,3,0,0
BRDA:59,3,1,0
BRDA:66,4,0,0
BRDA:76,5,0,0
BRDA:93,6,0,0
BRDA:93,6,1,0
BRDA:94,7,0,0
BRDA:94,7,1,0
BRDA:101,8,0,0
BRDA:101,8,1,0
BRDA:103,9,0,0
BRDA:103,9,1,0
BRDA:106,10,0,0
BRDA:106,10,1,0
BRDA:128,11,0,0
BRDA:128,11,1,0
BRDA:128,11,2,0
BRF:22
BRH:0
end_of_record
TN:
SF:app\(public)\acs\client.tsx
FN:80,ACSIndexClient
FN:90,(anonymous_3)
FN:94,(anonymous_4)
FN:135,(anonymous_5)
FN:146,(anonymous_6)
FN:163,(anonymous_7)
FN:166,(anonymous_8)
FN:179,(anonymous_9)
FN:182,(anonymous_10)
FN:230,(anonymous_11)
FNF:10
FNH:0
FNDA:0,ACSIndexClient
FNDA:0,(anonymous_3)
FNDA:0,(anonymous_4)
FNDA:0,(anonymous_5)
FNDA:0,(anonymous_6)
FNDA:0,(anonymous_7)
FNDA:0,(anonymous_8)
FNDA:0,(anonymous_9)
FNDA:0,(anonymous_10)
FNDA:0,(anonymous_11)
DA:3,0
DA:4,0
DA:5,0
DA:12,0
DA:13,0
DA:17,0
DA:65,0
DA:72,0
DA:80,0
DA:81,0
DA:82,0
DA:83,0
DA:84,0
DA:85,0
DA:86,0
DA:88,0
DA:90,0
DA:92,0
DA:94,0
DA:96,0
DA:101,0
DA:103,0
DA:105,0
DA:108,0
DA:109,0
DA:135,0
DA:146,0
DA:163,0
DA:167,0
DA:179,0
DA:183,0
DA:231,0
LF:32
LH:0
BRDA:96,0,0,0
BRDA:96,0,1,0
BRDA:96,0,2,0
BRDA:101,1,0,0
BRDA:101,1,1,0
BRDA:103,2,0,0
BRDA:103,2,1,0
BRDA:105,3,0,0
BRDA:105,3,1,0
BRDA:105,3,2,0
BRDA:150,4,0,0
BRDA:150,4,1,0
BRDA:155,5,0,0
BRDA:199,6,0,0
BRDA:199,6,1,0
BRDA:212,7,0,0
BRDA:216,8,0,0
BRDA:250,9,0,0
BRDA:264,10,0,0
BRF:19
BRH:0
end_of_record
TN:
SF:app\(public)\acs\page.tsx
FN:58,ACSIndexPage
FNF:1
FNH:0
FNDA:0,ACSIndexPage
DA:2,0
DA:4,0
DA:58,0
LF:3
LH:0
BRF:0
BRH:0
end_of_record
TN:
SF:app\(public)\acs\search-client.tsx
FN:15,AcsSearchClient
FN:26,(anonymous_3)
FN:38,(anonymous_4)
FN:42,(anonymous_5)
FN:69,(anonymous_6)
FN:93,(anonymous_7)
FN:98,(anonymous_8)
FN:108,(anonymous_9)
FN:117,(anonymous_10)
FNF:9
FNH:0
FNDA:0,AcsSearchClient
FNDA:0,(anonymous_3)
FNDA:0,(anonymous_4)
FNDA:0,(anonymous_5)
FNDA:0,(anonymous_6)
FNDA:0,(anonymous_7)
FNDA:0,(anonymous_8)
FNDA:0,(anonymous_9)
FNDA:0,(anonymous_10)
DA:3,0
DA:4,0
DA:5,0
DA:6,0
DA:7,0
DA:13,0
DA:15,0
DA:16,0
DA:17,0
DA:20,0
DA:21,0
DA:22,0
DA:23,0
DA:26,0
DA:38,0
DA:39,0
DA:42,0
DA:43,0
DA:44,0
DA:46,0
DA:51,0
DA:59,0
DA:63,0
DA:64,0
DA:65,0
DA:69,0
DA:70,0
DA:71,0
DA:72,0
DA:74,0
DA:80,0
DA:81,0
DA:84,0
DA:85,0
DA:86,0
DA:88,0
DA:93,0
DA:94,0
DA:98,0
DA:99,0
DA:104,0
DA:108,0
DA:109,0
DA:117,0
DA:118,0
LF:45
LH:0
BRDA:27,0,0,0
BRDA:27,0,1,0
BRDA:28,1,0,0
BRDA:28,1,1,0
BRDA:29,2,0,0
BRDA:29,2,1,0
BRDA:30,3,0,0
BRDA:30,3,1,0
BRDA:31,4,0,0
BRDA:31,4,1,0
BRDA:32,5,0,0
BRDA:32,5,1,0
BRDA:33,6,0,0
BRDA:33,6,1,0
BRDA:34,7,0,0
BRDA:34,7,1,0
BRDA:43,8,0,0
BRDA:43,8,1,0
BRDA:43,9,0,0
BRDA:43,9,1,0
BRDA:51,10,0,0
BRDA:51,11,0,0
BRDA:51,11,1,0
BRDA:51,11,2,0
BRDA:51,11,3,0
BRDA:51,11,4,0
BRDA:51,11,5,0
BRDA:51,11,6,0
BRDA:64,12,0,0
BRDA:64,12,1,0
BRDA:84,13,0,0
BRDA:84,13,1,0
BRDA:143,14,0,0
BRDA:143,14,1,0
BRDA:165,15,0,0
BRDA:165,15,1,0
BRDA:166,16,0,0
BRDA:166,16,1,0
BRF:38
BRH:0
end_of_record
TN:
SF:app\(public)\acs\[slug]\page.tsx
FN:23,generateMetadata
FN:99,generateStaticParams
FN:109,(anonymous_9)
FN:114,AcsDetailPage
FNF:4
FNH:0
FNDA:0,generateMetadata
FNDA:0,generateStaticParams
FNDA:0,(anonymous_9)
FNDA:0,AcsDetailPage
DA:2,0
DA:3,0
DA:4,0
DA:5,0
DA:6,0
DA:7,0
DA:8,0
DA:14,0
DA:20,0
DA:21,0
DA:23,0
DA:24,0
DA:25,0
DA:26,0
DA:28,0
DA:29,0
DA:31,0
DA:32,0
DA:34,0
DA:87,0
DA:99,0
DA:102,0
DA:109,0
DA:114,0
DA:115,0
DA:116,0
DA:117,0
DA:120,0
DA:270,0
LF:29
LH:0
BRDA:47,0,0,0
BRDA:47,0,1,0
BRDA:48,1,0,0
BRDA:48,1,1,0
BRDA:146,2,0,0
BRDA:157,3,0,0
BRDA:168,4,0,0
BRDA:231,5,0,0
BRDA:239,6,0,0
BRDA:247,7,0,0
BRF:10
BRH:0
end_of_record
TN:
SF:app\(public)\upload\client.tsx
FN:9,UploadForm
FN:24,(anonymous_5)
FN:25,(anonymous_6)
FN:31,(anonymous_7)
FN:35,(anonymous_8)
FN:40,(anonymous_9)
FN:42,(anonymous_10)
FN:45,(anonymous_11)
FN:53,(anonymous_12)
FN:56,(anonymous_13)
FN:64,(anonymous_14)
FN:68,(anonymous_15)
FN:73,(anonymous_16)
FN:79,(anonymous_17)
FN:94,(anonymous_18)
FN:135,(anonymous_19)
FN:285,(anonymous_20)
FN:306,FileItem
FN:346,(anonymous_22)
FN:354,(anonymous_23)
FN:453,(anonymous_24)
FN:471,(anonymous_25)
FN:501,(anonymous_26)
FN:518,(anonymous_27)
FN:575,getComplianceColor
FN:581,StatusBadge
FNF:26
FNH:0
FNDA:0,UploadForm
FNDA:0,(anonymous_5)
FNDA:0,(anonymous_6)
FNDA:0,(anonymous_7)
FNDA:0,(anonymous_8)
FNDA:0,(anonymous_9)
FNDA:0,(anonymous_10)
FNDA:0,(anonymous_11)
FNDA:0,(anonymous_12)
FNDA:0,(anonymous_13)
FNDA:0,(anonymous_14)
FNDA:0,(anonymous_15)
FNDA:0,(anonymous_16)
FNDA:0,(anonymous_17)
FNDA:0,(anonymous_18)
FNDA:0,(anonymous_19)
FNDA:0,(anonymous_20)
FNDA:0,FileItem
FNDA:0,(anonymous_22)
FNDA:0,(anonymous_23)
FNDA:0,(anonymous_24)
FNDA:0,(anonymous_25)
FNDA:0,(anonymous_26)
FNDA:0,(anonymous_27)
FNDA:0,getComplianceColor
FNDA:0,StatusBadge
DA:3,0
DA:4,0
DA:5,0
DA:6,0
DA:7,0
DA:9,0
DA:10,0
DA:11,0
DA:23,0
DA:25,0
DA:30,0
DA:31,0
DA:34,0
DA:35,0
DA:39,0
DA:41,0
DA:42,0
DA:43,0
DA:45,0
DA:53,0
DA:55,0
DA:56,0
DA:57,0
DA:64,0
DA:65,0
DA:68,0
DA:69,0
DA:70,0
DA:73,0
DA:74,0
DA:75,0
DA:78,0
DA:80,0
DA:81,0
DA:83,0
DA:84,0
DA:85,0
DA:87,0
DA:93,0
DA:95,0
DA:96,0
DA:97,0
DA:98,0
DA:100,0
DA:104,0
DA:136,0
DA:286,0
DA:306,0
DA:312,0
DA:346,0
DA:354,0
DA:454,0
DA:472,0
DA:502,0
DA:519,0
DA:576,0
DA:582,0
DA:593,0
LF:58
LH:0
BRDA:41,0,0,0
BRDA:55,1,0,0
BRDA:55,1,1,0
BRDA:95,2,0,0
BRDA:113,3,0,0
BRDA:164,4,0,0
BRDA:172,5,0,0
BRDA:180,6,0,0
BRDA:204,7,0,0
BRDA:204,7,1,0
BRDA:206,8,0,0
BRDA:206,8,1,0
BRDA:228,9,0,0
BRDA:228,9,1,0
BRDA:233,10,0,0
BRDA:233,10,1,0
BRDA:264,11,0,0
BRDA:271,12,0,0
BRDA:312,13,0,0
BRDA:312,13,1,0
BRDA:328,14,0,0
BRDA:331,15,0,0
BRDA:336,16,0,0
BRDA:344,17,0,0
BRDA:376,18,0,0
BRDA:381,19,0,0
BRDA:381,19,1,0
BRDA:385,20,0,0
BRDA:385,20,1,0
BRDA:390,21,0,0
BRDA:391,22,0,0
BRDA:414,23,0,0
BRDA:414,23,1,0
BRDA:434,24,0,0
BRDA:447,25,0,0
BRDA:447,25,1,0
BRDA:484,26,0,0
BRDA:544,27,0,0
BRDA:565,28,0,0
BRDA:565,28,1,0
BRF:40
BRH:0
end_of_record
TN:
SF:app\(public)\upload\page.tsx
FN:29,UploadPage
FNF:1
FNH:0
FNDA:0,UploadPage
DA:2,0
DA:3,0
DA:5,0
DA:29,0
LF:4
LH:0
BRF:0
BRH:0
end_of_record
TN:
SF:app\api\account\plan\route.ts
FN:3,GET
FNF:1
FNH:0
FNDA:0,GET
DA:1,0
DA:3,0
DA:5,0
LF:3
LH:0
BRF:0
BRH:0
end_of_record
TN:
SF:app\api\activity\route.ts
FN:3,GET
FNF:1
FNH:0
FNDA:0,GET
DA:1,0
DA:3,0
DA:4,0
DA:5,0
DA:9,0
DA:22,0
LF:6
LH:0
BRDA:6,0,0,0
BRDA:6,0,1,0
BRDA:6,1,0,0
BRDA:6,1,1,0
BRF:4
BRH:0
end_of_record
TN:
SF:app\api\activity\recent\route.ts
FN:3,GET
FNF:1
FNH:0
FNDA:0,GET
DA:1,0
DA:3,0
DA:4,0
DA:16,0
LF:4
LH:0
BRF:0
BRH:0
end_of_record
TN:
SF:app\api\auth\login\route.ts
FN:12,loginHandler
FNF:1
FNH:0
FNDA:0,loginHandler
DA:7,0
DA:8,0
DA:9,0
DA:10,0
DA:13,0
DA:16,0
DA:17,0
DA:18,0
DA:19,0
DA:23,0
DA:30,0
DA:31,0
DA:33,0
DA:36,0
DA:42,0
LF:15
LH:0
BRDA:17,0,0,0
BRF:1
BRH:0
end_of_record
TN:
SF:app\api\auth\profile\route.ts
FN:12,getAuthToken
FN:20,profileGetHandler
FN:47,profileUpdateHandler
FNF:3
FNH:0
FNDA:0,getAuthToken
FNDA:0,profileGetHandler
FNDA:0,profileUpdateHandler
DA:7,0
DA:8,0
DA:9,0
DA:10,0
DA:13,0
DA:14,0
DA:15,0
DA:17,0
DA:21,0
DA:22,0
DA:23,0
DA:24,0
DA:27,0
DA:30,0
DA:42,0
DA:44,0
DA:48,0
DA:49,0
DA:50,0
DA:51,0
DA:55,0
DA:56,0
DA:57,0
DA:58,0
DA:61,0
DA:64,0
DA:76,0
DA:78,0
DA:81,0
DA:88,0
DA:95,0
LF:31
LH:0
BRDA:14,0,0,0
BRDA:14,1,0,0
BRDA:14,1,1,0
BRDA:22,2,0,0
BRDA:49,3,0,0
BRDA:56,4,0,0
BRF:6
BRH:0
end_of_record
TN:
SF:app\api\auth\register\route.ts
FN:12,registerHandler
FNF:1
FNH:0
FNDA:0,registerHandler
DA:7,0
DA:8,0
DA:9,0
DA:10,0
DA:13,0
DA:16,0
DA:17,0
DA:18,0
DA:19,0
DA:23,0
DA:30,0
DA:31,0
DA:33,0
DA:36,0
DA:42,0
LF:15
LH:0
BRDA:17,0,0,0
BRF:1
BRH:0
end_of_record
TN:
SF:app\api\batches\[batchId]\route.ts
FN:16,batchStatusHandler
FN:95,GET
FNF:2
FNH:0
FNDA:0,batchStatusHandler
FNDA:0,GET
DA:7,0
DA:12,0
DA:13,0
DA:14,0
DA:22,0
DA:23,0
DA:25,0
DA:29,0
DA:30,0
DA:31,0
DA:34,0
DA:37,0
DA:38,0
DA:42,0
DA:48,0
DA:50,0
DA:60,0
DA:61,0
DA:69,0
DA:70,0
DA:71,0
DA:76,0
DA:79,0
DA:80,0
DA:86,0
DA:95,0
DA:99,0
DA:104,0
DA:108,0
LF:29
LH:0
BRDA:31,0,0,0
BRDA:31,0,1,0
BRDA:34,1,0,0
BRDA:34,1,1,0
BRDA:37,2,0,0
BRDA:37,3,0,0
BRDA:37,3,1,0
BRDA:37,3,2,0
BRDA:60,4,0,0
BRDA:79,5,0,0
BRDA:79,5,1,0
BRF:11
BRH:0
end_of_record
TN:
SF:app\api\batches\[batchId]\audit\route.ts
FN:12,auditHandler
FN:132,GET
FNF:2
FNH:0
FNDA:0,auditHandler
FNDA:0,GET
DA:7,0
DA:8,0
DA:9,0
DA:10,0
DA:18,0
DA:19,0
DA:21,0
DA:25,0
DA:26,0
DA:27,0
DA:30,0
DA:32,0
DA:33,0
DA:34,0
DA:35,0
DA:36,0
DA:39,0
DA:40,0
DA:44,0
DA:45,0
DA:47,0
DA:48,0
DA:53,0
DA:54,0
DA:60,0
DA:69,0
DA:71,0
DA:76,0
DA:77,0
DA:79,0
DA:80,0
DA:84,0
DA:97,0
DA:98,0
DA:106,0
DA:107,0
DA:108,0
DA:113,0
DA:116,0
DA:117,0
DA:123,0
DA:132,0
DA:136,0
DA:141,0
DA:145,0
LF:45
LH:0
BRDA:27,0,0,0
BRDA:27,0,1,0
BRDA:30,1,0,0
BRDA:30,1,1,0
BRDA:33,2,0,0
BRDA:33,2,1,0
BRDA:34,3,0,0
BRDA:34,3,1,0
BRDA:39,4,0,0
BRDA:39,5,0,0
BRDA:39,5,1,0
BRDA:39,5,2,0
BRDA:47,6,0,0
BRDA:47,7,0,0
BRDA:47,7,1,0
BRDA:47,7,2,0
BRDA:53,8,0,0
BRDA:53,9,0,0
BRDA:53,9,1,0
BRDA:64,10,0,0
BRDA:64,10,1,0
BRDA:76,11,0,0
BRDA:79,12,0,0
BRDA:97,13,0,0
BRDA:116,14,0,0
BRDA:116,14,1,0
BRF:26
BRH:0
end_of_record
TN:
SF:app\api\batches\[batchId]\audit\export\route.ts
FN:12,auditExportHandler
FN:165,GET
FNF:2
FNH:0
FNDA:0,auditExportHandler
FNDA:0,GET
DA:7,0
DA:8,0
DA:9,0
DA:10,0
DA:18,0
DA:19,0
DA:21,0
DA:25,0
DA:26,0
DA:27,0
DA:30,0
DA:32,0
DA:33,0
DA:34,0
DA:35,0
DA:36,0
DA:39,0
DA:40,0
DA:44,0
DA:45,0
DA:46,0
DA:54,0
DA:55,0
DA:60,0
DA:61,0
DA:67,0
DA:76,0
DA:78,0
DA:80,0
DA:81,0
DA:83,0
DA:84,0
DA:86,0
DA:87,0
DA:91,0
DA:104,0
DA:105,0
DA:114,0
DA:115,0
DA:117,0
DA:118,0
DA:121,0
DA:122,0
DA:125,0
DA:126,0
DA:129,0
DA:130,0
DA:131,0
DA:138,0
DA:139,0
DA:140,0
DA:145,0
DA:148,0
DA:149,0
DA:156,0
DA:165,0
DA:169,0
DA:174,0
DA:178,0
LF:59
LH:0
BRDA:27,0,0,0
BRDA:27,0,1,0
BRDA:30,1,0,0
BRDA:30,1,1,0
BRDA:33,2,0,0
BRDA:33,2,1,0
BRDA:39,3,0,0
BRDA:39,4,0,0
BRDA:39,4,1,0
BRDA:39,4,2,0
BRDA:45,5,0,0
BRDA:54,6,0,0
BRDA:54,7,0,0
BRDA:54,7,1,0
BRDA:60,8,0,0
BRDA:60,9,0,0
BRDA:60,9,1,0
BRDA:70,10,0,0
BRDA:70,10,1,0
BRDA:80,11,0,0
BRDA:83,12,0,0
BRDA:86,13,0,0
BRDA:104,14,0,0
BRDA:117,15,0,0
BRDA:117,15,1,0
BRDA:121,16,0,0
BRDA:121,16,1,0
BRDA:125,17,0,0
BRDA:125,17,1,0
BRDA:148,18,0,0
BRDA:148,18,1,0
BRF:31
BRH:0
end_of_record
TN:
SF:app\api\batches\[batchId]\consent\route.ts
FN:13,consentHandler
FN:178,GET
FN:189,POST
FN:200,DELETE
FNF:4
FNH:0
FNDA:0,consentHandler
FNDA:0,GET
FNDA:0,POST
FNDA:0,DELETE
DA:6,0
DA:7,0
DA:8,0
DA:9,0
DA:10,0
DA:11,0
DA:19,0
DA:20,0
DA:22,0
DA:26,0
DA:27,0
DA:28,0
DA:31,0
DA:32,0
DA:35,0
DA:36,0
DA:39,0
DA:40,0
DA:42,0
DA:45,0
DA:49,0
DA:53,0
DA:58,0
DA:59,0
DA:65,0
DA:67,0
DA:72,0
DA:76,0
DA:81,0
DA:82,0
DA:87,0
DA:89,0
DA:94,0
DA:97,0
DA:104,0
DA:105,0
DA:114,0
DA:116,0
DA:131,0
DA:134,0
DA:138,0
DA:139,0
DA:148,0
DA:149,0
DA:153,0
DA:158,0
DA:161,0
DA:162,0
DA:169,0
DA:178,0
DA:182,0
DA:189,0
DA:193,0
DA:200,0
DA:204,0
DA:212,0
LF:56
LH:0
BRDA:28,0,0,0
BRDA:28,0,1,0
BRDA:31,1,0,0
BRDA:31,1,1,0
BRDA:35,2,0,0
BRDA:35,3,0,0
BRDA:35,3,1,0
BRDA:35,3,2,0
BRDA:42,4,0,0
BRDA:42,4,1,0
BRDA:42,4,2,0
BRDA:42,4,3,0
BRDA:58,5,0,0
BRDA:81,6,0,0
BRDA:114,7,0,0
BRDA:114,8,0,0
BRDA:114,8,1,0
BRDA:138,9,0,0
BRDA:138,10,0,0
BRDA:138,10,1,0
BRDA:161,11,0,0
BRDA:161,11,1,0
BRF:22
BRH:0
end_of_record
TN:
SF:app\api\batches\[batchId]\export\route.ts
FN:18,batchExportHandler
FN:127,GET
FNF:2
FNH:0
FNDA:0,batchExportHandler
FNDA:0,GET
DA:7,0
DA:12,0
DA:13,0
DA:14,0
DA:16,0
DA:24,0
DA:25,0
DA:27,0
DA:31,0
DA:32,0
DA:33,0
DA:36,0
DA:38,0
DA:39,0
DA:42,0
DA:43,0
DA:47,0
DA:48,0
DA:56,0
DA:63,0
DA:65,0
DA:66,0
DA:79,0
DA:80,0
DA:89,0
DA:90,0
DA:92,0
DA:93,0
DA:95,0
DA:96,0
DA:100,0
DA:101,0
DA:102,0
DA:107,0
DA:110,0
DA:111,0
DA:118,0
DA:127,0
DA:131,0
DA:136,0
DA:140,0
LF:41
LH:0
BRDA:33,0,0,0
BRDA:33,0,1,0
BRDA:36,1,0,0
BRDA:36,1,1,0
BRDA:42,2,0,0
BRDA:42,3,0,0
BRDA:42,3,1,0
BRDA:42,3,2,0
BRDA:47,4,0,0
BRDA:47,5,0,0
BRDA:47,5,1,0
BRDA:79,6,0,0
BRDA:92,7,0,0
BRDA:95,8,0,0
BRDA:110,9,0,0
BRDA:110,9,1,0
BRF:16
BRH:0
end_of_record
TN:
SF:app\api\batches\[batchId]\sharing\route.ts
FN:13,sharingHandler
FN:142,GET
FN:154,POST
FN:166,DELETE
FNF:4
FNH:0
FNDA:0,sharingHandler
FNDA:0,GET
FNDA:0,POST
FNDA:0,DELETE
DA:7,0
DA:8,0
DA:9,0
DA:10,0
DA:11,0
DA:19,0
DA:20,0
DA:22,0
DA:26,0
DA:27,0
DA:28,0
DA:31,0
DA:34,0
DA:35,0
DA:38,0
DA:40,0
DA:41,0
DA:44,0
DA:47,0
DA:51,0
DA:55,0
DA:60,0
DA:61,0
DA:67,0
DA:72,0
DA:76,0
DA:77,0
DA:79,0
DA:84,0
DA:87,0
DA:93,0
DA:102,0
DA:103,0
DA:112,0
DA:113,0
DA:117,0
DA:122,0
DA:125,0
DA:126,0
DA:133,0
DA:142,0
DA:146,0
DA:151,0
DA:154,0
DA:158,0
DA:163,0
DA:166,0
DA:170,0
DA:175,0
DA:179,0
LF:50
LH:0
BRDA:28,0,0,0
BRDA:28,0,1,0
BRDA:31,1,0,0
BRDA:31,1,1,0
BRDA:34,2,0,0
BRDA:34,3,0,0
BRDA:34,3,1,0
BRDA:34,3,2,0
BRDA:44,4,0,0
BRDA:44,4,1,0
BRDA:44,4,2,0
BRDA:44,4,3,0
BRDA:60,5,0,0
BRDA:102,6,0,0
BRDA:102,7,0,0
BRDA:102,7,1,0
BRDA:125,8,0,0
BRDA:125,8,1,0
BRF:18
BRH:0
end_of_record
TN:
SF:app\api\billing\credits\route.ts
FN:3,GET
FNF:1
FNH:0
FNDA:0,GET
DA:1,0
DA:3,0
DA:4,0
LF:3
LH:0
BRF:0
BRH:0
end_of_record
TN:
SF:app\api\cfi\students\route.ts
FN:3,GET
FNF:1
FNH:0
FNDA:0,GET
DA:1,0
DA:3,0
DA:5,0
LF:3
LH:0
BRF:0
BRH:0
end_of_record
TN:
SF:app\api\dashboard\today\route.ts
FN:3,GET
FNF:1
FNH:0
FNDA:0,GET
DA:1,0
DA:3,0
DA:6,0
DA:10,0
LF:4
LH:0
BRF:0
BRH:0
end_of_record
TN:
SF:app\api\extractor\extract\route.ts
FN:18,extractHandler
FNF:1
FNH:0
FNDA:0,extractHandler
DA:7,2
DA:8,2
DA:13,2
DA:14,2
DA:15,2
DA:16,2
DA:19,0
DA:20,0
DA:29,0
DA:30,0
DA:31,0
DA:39,0
DA:46,0
DA:47,0
DA:48,0
DA:55,0
DA:59,0
DA:62,0
DA:63,0
DA:64,0
DA:68,0
DA:71,0
DA:75,0
DA:79,0
DA:82,0
DA:86,0
DA:92,0
DA:94,0
DA:108,0
DA:109,0
DA:117,0
DA:118,0
DA:122,0
DA:128,0
DA:129,0
DA:130,0
DA:135,0
DA:138,0
DA:139,0
DA:145,0
DA:154,2
DA:161,2
LF:42
LH:8
BRDA:29,0,0,0
BRDA:46,1,0,0
BRDA:55,2,0,0
BRDA:55,2,1,0
BRDA:56,3,0,0
BRDA:56,3,1,0
BRDA:62,4,0,0
BRDA:62,4,1,0
BRDA:64,5,0,0
BRDA:64,5,1,0
BRDA:65,6,0,0
BRDA:65,6,1,0
BRDA:71,7,0,0
BRDA:71,7,1,0
BRDA:72,8,0,0
BRDA:72,8,1,0
BRDA:87,9,0,0
BRDA:87,9,1,0
BRDA:108,10,0,0
BRDA:110,11,0,0
BRDA:110,11,1,0
BRDA:138,12,0,0
BRDA:138,12,1,0
BRDA:140,13,0,0
BRDA:140,13,1,0
BRF:25
BRH:0
end_of_record
TN:
SF:app\api\extractor\results\[id]\route.ts
FN:16,getResultsHandler
FN:106,GET
FNF:2
FNH:0
FNDA:0,getResultsHandler
FNDA:0,GET
DA:7,2
DA:12,2
DA:13,2
DA:14,2
DA:22,0
DA:23,0
DA:25,0
DA:29,0
DA:30,0
DA:31,0
DA:34,0
DA:37,0
DA:38,0
DA:44,0
DA:50,0
DA:52,0
DA:68,0
DA:71,0
DA:72,0
DA:73,0
DA:79,0
DA:81,0
DA:84,0
DA:90,0
DA:91,0
DA:92,0
DA:94,0
DA:97,0
DA:106,0
DA:110,0
DA:115,0
DA:119,2
LF:32
LH:5
BRDA:31,0,0,0
BRDA:31,0,1,0
BRDA:34,1,0,0
BRDA:34,1,1,0
BRDA:37,2,0,0
BRDA:37,3,0,0
BRDA:37,3,1,0
BRDA:37,3,2,0
BRDA:87,4,0,0
BRDA:87,4,1,0
BRDA:90,5,0,0
BRDA:91,6,0,0
BRF:12
BRH:0
end_of_record
TN:
SF:app\api\extractor\results\[id]\claim\route.ts
FN:17,claimResultsHandler
FN:146,POST
FNF:2
FNH:0
FNDA:0,claimResultsHandler
FNDA:0,POST
DA:7,0
DA:12,0
DA:13,0
DA:14,0
DA:15,0
DA:23,0
DA:24,0
DA:26,0
DA:30,0
DA:31,0
DA:32,0
DA:35,0
DA:38,0
DA:39,0
DA:45,0
DA:47,0
DA:48,0
DA:53,0
DA:55,0
DA:57,0
DA:58,0
DA:64,0
DA:71,0
DA:92,0
DA:93,0
DA:101,0
DA:102,0
DA:103,0
DA:108,0
DA:111,0
DA:118,0
DA:119,0
DA:120,0
DA:122,0
DA:123,0
DA:127,0
DA:128,0
DA:134,0
DA:137,0
DA:146,0
DA:150,0
DA:155,0
DA:159,0
LF:43
LH:0
BRDA:32,0,0,0
BRDA:32,0,1,0
BRDA:35,1,0,0
BRDA:35,1,1,0
BRDA:38,2,0,0
BRDA:38,3,0,0
BRDA:38,3,1,0
BRDA:38,3,2,0
BRDA:47,4,0,0
BRDA:57,5,0,0
BRDA:92,6,0,0
BRDA:92,7,0,0
BRDA:92,7,1,0
BRDA:115,8,0,0
BRDA:115,8,1,0
BRDA:118,9,0,0
BRDA:119,10,0,0
BRDA:122,11,0,0
BRDA:127,12,0,0
BRF:19
BRH:0
end_of_record
TN:
SF:app\api\extractor\results\[id]\email\route.ts
FN:24,emailCaptureHandler
FN:144,POST
FNF:2
FNH:0
FNDA:0,emailCaptureHandler
FNDA:0,POST
DA:7,0
DA:12,0
DA:13,0
DA:14,0
DA:15,0
DA:18,0
DA:30,0
DA:31,0
DA:33,0
DA:37,0
DA:38,0
DA:39,0
DA:42,0
DA:45,0
DA:46,0
DA:51,0
DA:53,0
DA:54,0
DA:56,0
DA:57,0
DA:62,0
DA:65,0
DA:74,0
DA:96,0
DA:97,0
DA:105,0
DA:106,0
DA:107,0
DA:112,0
DA:115,0
DA:121,0
DA:122,0
DA:123,0
DA:125,0
DA:126,0
DA:132,0
DA:135,0
DA:144,0
DA:148,0
DA:153,0
DA:157,0
LF:41
LH:0
BRDA:39,0,0,0
BRDA:39,0,1,0
BRDA:42,1,0,0
BRDA:42,1,1,0
BRDA:45,2,0,0
BRDA:45,3,0,0
BRDA:45,3,1,0
BRDA:45,3,2,0
BRDA:56,4,0,0
BRDA:96,5,0,0
BRDA:96,6,0,0
BRDA:96,6,1,0
BRDA:118,7,0,0
BRDA:118,7,1,0
BRDA:121,8,0,0
BRDA:122,9,0,0
BRDA:125,10,0,0
BRF:17
BRH:0
end_of_record
TN:
SF:app\api\flashcards\dueCount\route.ts
FN:3,GET
FNF:1
FNH:0
FNDA:0,GET
DA:1,0
DA:3,0
DA:4,0
LF:3
LH:0
BRF:0
BRH:0
end_of_record
TN:
SF:app\api\me\route.ts
FN:3,GET
FNF:1
FNH:0
FNDA:0,GET
DA:1,0
DA:3,0
DA:5,0
LF:3
LH:0
BRF:0
BRH:0
end_of_record
TN:
SF:app\api\og\acs-code\route.tsx
FN:5,GET
FN:162,(anonymous_2)
FN:170,(anonymous_3)
FN:178,(anonymous_4)
FNF:4
FNH:0
FNDA:0,GET
FNDA:0,(anonymous_2)
FNDA:0,(anonymous_3)
FNDA:0,(anonymous_4)
DA:1,0
DA:5,0
DA:6,0
DA:7,0
DA:8,0
DA:9,0
DA:10,0
DA:11,0
DA:13,0
DA:14,0
DA:18,0
DA:162,0
DA:170,0
DA:178,0
DA:188,0
LF:15
LH:0
BRDA:13,0,0,0
BRDA:13,1,0,0
BRDA:13,1,1,0
BRDA:87,2,0,0
BRDA:87,2,1,0
BRDA:97,3,0,0
BRDA:108,4,0,0
BRF:7
BRH:0
end_of_record
TN:
SF:app\api\reports\route.ts
FN:3,GET
FNF:1
FNH:0
FNDA:0,GET
DA:1,0
DA:3,0
DA:4,0
DA:5,0
DA:9,0
DA:24,0
LF:6
LH:0
BRDA:6,0,0,0
BRDA:6,0,1,0
BRDA:6,1,0,0
BRDA:6,1,1,0
BRF:4
BRH:0
end_of_record
TN:
SF:app\api\results\[id]\route.ts
FN:12,resultsHandler
FN:90,GET
FNF:2
FNH:0
FNDA:0,resultsHandler
FNDA:0,GET
DA:6,0
DA:7,0
DA:8,0
DA:9,0
DA:10,0
DA:20,0
DA:24,0
DA:25,0
DA:26,0
DA:29,0
DA:31,0
DA:33,0
DA:34,0
DA:35,0
DA:36,0
DA:40,0
DA:41,0
DA:47,0
DA:48,0
DA:49,0
DA:50,0
DA:52,0
DA:53,0
DA:55,0
DA:58,0
DA:59,0
DA:61,0
DA:62,0
DA:63,0
DA:69,0
DA:70,0
DA:74,0
DA:78,0
DA:84,0
DA:90,0
DA:94,0
DA:99,0
DA:102,0
LF:38
LH:0
BRDA:26,0,0,0
BRDA:26,0,1,0
BRDA:29,1,0,0
BRDA:29,1,1,0
BRDA:34,2,0,0
BRDA:49,3,0,0
BRDA:49,3,1,0
BRDA:58,4,0,0
BRDA:61,5,0,0
BRDA:69,6,0,0
BRDA:74,7,0,0
BRDA:75,8,0,0
BRDA:75,8,1,0
BRF:13
BRH:0
end_of_record
TN:
SF:app\api\results\[id]\summary\route.ts
FN:12,summaryHandler
FN:52,GET
FNF:2
FNH:0
FNDA:0,summaryHandler
FNDA:0,GET
DA:7,0
DA:8,0
DA:9,0
DA:10,0
DA:19,0
DA:23,0
DA:24,0
DA:25,0
DA:28,0
DA:29,0
DA:32,0
DA:33,0
DA:34,0
DA:35,0
DA:39,0
DA:46,0
DA:47,0
DA:49,0
DA:52,0
DA:56,0
DA:61,0
DA:64,0
LF:22
LH:0
BRDA:25,0,0,0
BRDA:25,0,1,0
BRDA:28,1,0,0
BRDA:28,1,1,0
BRDA:33,2,0,0
BRF:5
BRH:0
end_of_record
TN:
SF:app\api\results\latest\route.ts
FN:3,GET
FNF:1
FNH:0
FNDA:0,GET
DA:1,0
DA:3,0
DA:5,0
DA:13,0
LF:4
LH:0
BRF:0
BRH:0
end_of_record
TN:
SF:app\api\students\route.ts
FN:3,GET
FNF:1
FNH:0
FNDA:0,GET
DA:1,0
DA:3,0
DA:4,0
DA:5,0
DA:9,0
DA:13,0
LF:6
LH:0
BRDA:6,0,0,0
BRDA:6,0,1,0
BRDA:6,1,0,0
BRDA:6,1,1,0
BRF:4
BRH:0
end_of_record
TN:
SF:app\api\study-plans\[id]\route.ts
FN:3,PATCH
FNF:1
FNH:0
FNDA:0,PATCH
DA:1,0
DA:3,0
DA:7,0
DA:8,0
DA:9,0
DA:10,0
DA:11,0
DA:22,0
DA:32,0
LF:9
LH:0
BRDA:10,0,0,0
BRF:1
BRH:0
end_of_record
TN:
SF:app\api\study-plans\current\route.ts
FN:3,GET
FN:4,(anonymous_2)
FNF:2
FNH:0
FNDA:0,GET
FNDA:0,(anonymous_2)
DA:1,0
DA:3,0
DA:4,0
DA:16,0
LF:4
LH:0
BRDA:7,0,0,0
BRDA:7,0,1,0
BRDA:9,1,0,0
BRDA:9,1,1,0
BRF:4
BRH:0
end_of_record
TN:
SF:app\api\study\plan\route.ts
FN:3,GET
FNF:1
FNH:0
FNDA:0,GET
DA:1,0
DA:3,0
DA:4,0
DA:27,0
LF:4
LH:0
BRF:0
BRH:0
end_of_record
TN:
SF:app\api\study\plan\[id]\route.ts
FN:3,PATCH
FNF:1
FNH:0
FNDA:0,PATCH
DA:1,0
DA:3,0
DA:7,0
DA:8,0
DA:9,0
DA:10,0
DA:11,0
DA:22,0
DA:33,0
LF:9
LH:0
BRDA:10,0,0,0
BRF:1
BRH:0
end_of_record
TN:
SF:app\api\upload\route.ts
FN:20,uploadHandler
FN:85,(anonymous_4)
FNF:2
FNH:0
FNDA:0,uploadHandler
FNDA:0,(anonymous_4)
DA:7,0
DA:8,0
DA:13,0
DA:14,0
DA:18,0
DA:22,0
DA:23,0
DA:32,0
DA:33,0
DA:34,0
DA:42,0
DA:43,0
DA:45,0
DA:48,0
DA:49,0
DA:50,0
DA:51,0
DA:52,0
DA:56,0
DA:57,0
DA:63,0
DA:67,0
DA:70,0
DA:74,0
DA:84,0
DA:85,0
DA:86,0
DA:90,0
DA:91,0
DA:95,0
DA:100,0
DA:104,0
DA:111,0
LF:33
LH:0
BRDA:32,0,0,0
BRDA:43,1,0,0
BRDA:48,2,0,0
BRDA:48,2,1,0
BRDA:50,3,0,0
BRDA:50,3,1,0
BRDA:52,4,0,0
BRDA:52,4,1,0
BRDA:53,5,0,0
BRDA:53,5,1,0
BRDA:57,6,0,0
BRDA:57,6,1,0
BRDA:58,7,0,0
BRDA:58,7,1,0
BRDA:58,7,2,0
BRF:15
BRH:0
end_of_record
TN:
SF:app\api\upload\[id]\status\route.ts
FN:12,statusHandler
FN:56,GET
FNF:2
FNH:0
FNDA:0,statusHandler
FNDA:0,GET
DA:7,0
DA:8,0
DA:9,0
DA:10,0
DA:19,0
DA:23,0
DA:24,0
DA:25,0
DA:28,0
DA:29,0
DA:32,0
DA:33,0
DA:34,0
DA:35,0
DA:39,0
DA:46,0
DA:47,0
DA:49,0
DA:52,0
DA:56,0
DA:60,0
DA:65,0
DA:68,0
LF:23
LH:0
BRDA:25,0,0,0
BRDA:25,0,1,0
BRDA:28,1,0,0
BRDA:28,1,1,0
BRDA:33,2,0,0
BRDA:47,3,0,0
BRF:6
BRH:0
end_of_record
TN:
SF:app\batches\[batchId]\page.tsx
FN:91,BatchStatusPage
FN:101,(anonymous_5)
FN:102,(anonymous_6)
FN:122,(anonymous_7)
FN:131,(anonymous_8)
FN:134,(anonymous_9)
FN:165,(anonymous_10)
FN:197,(anonymous_11)
FN:208,(anonymous_12)
FN:221,(anonymous_13)
FN:364,(anonymous_14)
FN:379,(anonymous_15)
FN:396,(anonymous_16)
FN:419,(anonymous_17)
FN:423,(anonymous_18)
FNF:15
FNH:0
FNDA:0,BatchStatusPage
FNDA:0,(anonymous_5)
FNDA:0,(anonymous_6)
FNDA:0,(anonymous_7)
FNDA:0,(anonymous_8)
FNDA:0,(anonymous_9)
FNDA:0,(anonymous_10)
FNDA:0,(anonymous_11)
FNDA:0,(anonymous_12)
FNDA:0,(anonymous_13)
FNDA:0,(anonymous_14)
FNDA:0,(anonymous_15)
FNDA:0,(anonymous_16)
FNDA:0,(anonymous_17)
FNDA:0,(anonymous_18)
DA:3,0
DA:4,0
DA:5,0
DA:6,0
DA:7,0
DA:16,0
DA:70,0
DA:91,0
DA:92,0
DA:93,0
DA:94,0
DA:96,0
DA:97,0
DA:98,0
DA:99,0
DA:101,0
DA:102,0
DA:103,0
DA:104,0
DA:105,0
DA:106,0
DA:108,0
DA:109,0
DA:111,0
DA:115,0
DA:119,0
DA:122,0
DA:123,0
DA:127,0
DA:131,0
DA:134,0
DA:135,0
DA:136,0
DA:139,0
DA:140,0
DA:141,0
DA:144,0
DA:145,0
DA:149,0
DA:150,0
DA:151,0
DA:152,0
DA:153,0
DA:154,0
DA:155,0
DA:156,0
DA:157,0
DA:159,0
DA:161,0
DA:165,0
DA:167,0
DA:171,0
DA:186,0
DA:197,0
DA:208,0
DA:209,0
DA:221,0
DA:222,0
DA:224,0
DA:226,0
DA:228,0
DA:230,0
DA:365,0
DA:380,0
DA:397,0
DA:420,0
DA:423,0
LF:67
LH:0
BRDA:105,0,0,0
BRDA:112,1,0,0
BRDA:112,1,1,0
BRDA:123,2,0,0
BRDA:124,3,0,0
BRDA:124,3,1,0
BRDA:135,4,0,0
BRDA:135,5,0,0
BRDA:135,5,1,0
BRDA:144,6,0,0
BRDA:159,7,0,0
BRDA:159,7,1,0
BRDA:171,8,0,0
BRDA:186,9,0,0
BRDA:186,10,0,0
BRDA:186,10,1,0
BRDA:195,11,0,0
BRDA:195,11,1,0
BRDA:222,12,0,0
BRDA:222,12,1,0
BRDA:222,12,2,0
BRDA:222,12,3,0
BRDA:242,13,0,0
BRDA:242,13,1,0
BRDA:254,14,0,0
BRDA:268,15,0,0
BRDA:268,15,1,0
BRDA:290,16,0,0
BRDA:323,17,0,0
BRDA:323,17,1,0
BRDA:330,18,0,0
BRDA:360,19,0,0
BRDA:360,19,1,0
BRDA:375,20,0,0
BRDA:375,20,1,0
BRDA:390,21,0,0
BRDA:390,21,1,0
BRDA:401,22,0,0
BRDA:413,23,0,0
BRDA:440,24,0,0
BRF:40
BRH:0
end_of_record
TN:
SF:app\health\page.tsx
FN:11,HealthTestPage
FN:16,(anonymous_2)
FN:34,(anonymous_3)
FN:39,(anonymous_4)
FN:52,(anonymous_5)
FN:65,(anonymous_6)
FN:66,(anonymous_7)
FN:67,(anonymous_8)
FN:164,(anonymous_9)
FNF:9
FNH:0
FNDA:0,HealthTestPage
FNDA:0,(anonymous_2)
FNDA:0,(anonymous_3)
FNDA:0,(anonymous_4)
FNDA:0,(anonymous_5)
FNDA:0,(anonymous_6)
FNDA:0,(anonymous_7)
FNDA:0,(anonymous_8)
FNDA:0,(anonymous_9)
DA:3,0
DA:8,0
DA:9,0
DA:11,0
DA:12,0
DA:13,0
DA:14,0
DA:16,0
DA:17,0
DA:18,0
DA:20,0
DA:21,0
DA:22,0
DA:23,0
DA:26,0
DA:28,0
DA:30,0
DA:34,0
DA:36,0
DA:39,0
DA:40,0
DA:42,0
DA:44,0
DA:46,0
DA:48,0
DA:52,0
DA:53,0
DA:55,0
DA:57,0
DA:59,0
DA:61,0
DA:65,0
DA:66,0
DA:67,0
DA:165,0
LF:35
LH:0
BRDA:40,0,0,0
BRDA:40,0,1,0
BRDA:40,0,2,0
BRDA:40,0,3,0
BRDA:53,1,0,0
BRDA:53,1,1,0
BRDA:53,1,2,0
BRDA:53,1,3,0
BRDA:87,2,0,0
BRDA:87,2,1,0
BRDA:91,3,0,0
BRDA:98,4,0,0
BRDA:131,5,0,0
BRDA:131,5,1,0
BRDA:138,6,0,0
BRDA:138,6,1,0
BRDA:142,7,0,0
BRDA:142,7,1,0
BRDA:144,8,0,0
BRDA:144,8,1,0
BRDA:149,9,0,0
BRDA:149,9,1,0
BRDA:151,10,0,0
BRDA:151,10,1,0
BRDA:178,11,0,0
BRDA:178,11,1,0
BRDA:180,12,0,0
BRDA:180,12,1,0
BRDA:189,13,0,0
BRF:29
BRH:0
end_of_record
TN:
SF:app\results\[reportId]\page.tsx
FN:11,generateMetadata
FN:20,ResultsPage
FNF:2
FNH:0
FNDA:0,generateMetadata
FNDA:0,ResultsPage
DA:2,0
DA:3,0
DA:11,0
DA:12,0
DA:20,0
DA:21,0
DA:24,0
DA:25,0
LF:8
LH:0
BRDA:24,0,0,0
BRDA:24,1,0,0
BRDA:24,1,1,0
BRF:3
BRH:0
end_of_record
TN:
SF:app\robots.txt\route.ts
FN:5,GET
FNF:1
FNH:0
FNDA:0,GET
DA:1,0
DA:3,0
DA:5,0
DA:6,0
DA:78,0
LF:5
LH:0
BRDA:3,0,0,0
BRDA:3,0,1,0
BRF:2
BRH:0
end_of_record
TN:
SF:app\sitemap.xml\route.ts
FN:4,GET
FN:27,(anonymous_2)
FN:51,(anonymous_3)
FN:79,(anonymous_4)
FNF:4
FNH:0
FNDA:0,GET
FNDA:0,(anonymous_2)
FNDA:0,(anonymous_3)
FNDA:0,(anonymous_4)
DA:1,0
DA:2,0
DA:4,0
DA:5,0
DA:8,0
DA:23,0
DA:26,0
DA:27,0
DA:28,0
DA:37,0
DA:38,0
DA:39,0
DA:40,0
DA:42,0
DA:43,0
DA:44,0
DA:51,0
DA:52,0
DA:60,0
DA:61,0
DA:64,0
DA:65,0
DA:69,0
DA:77,0
DA:79,0
DA:87,0
LF:26
LH:0
BRDA:5,0,0,0
BRDA:5,0,1,0
BRDA:64,1,0,0
BRF:3
BRH:0
end_of_record
TN:
SF:app\tools\aktr-to-acs\page.tsx
FN:11,AktrToAcsPage
FNF:1
FNH:0
FNDA:0,AktrToAcsPage
DA:2,0
DA:4,0
DA:11,0
LF:3
LH:0
BRF:0
BRH:0
end_of_record
TN:
SF:components\ErrorBoundary.tsx
FN:25,(anonymous_4)
FN:46,(anonymous_5)
FN:30,(anonymous_6)
FN:34,(anonymous_7)
FN:50,(anonymous_8)
FN:126,UploadErrorBoundary
FN:134,(anonymous_10)
FN:144,UploadErrorFallback
FNF:8
FNH:0
FNDA:0,(anonymous_4)
FNDA:0,(anonymous_5)
FNDA:0,(anonymous_6)
FNDA:0,(anonymous_7)
FNDA:0,(anonymous_8)
FNDA:0,UploadErrorBoundary
FNDA:0,(anonymous_10)
FNDA:0,UploadErrorFallback
DA:3,0
DA:4,0
DA:21,0
DA:26,0
DA:27,0
DA:31,0
DA:35,0
DA:37,0
DA:40,0
DA:47,0
DA:51,0
DA:53,0
DA:54,0
DA:121,0
DA:126,0
DA:135,0
LF:16
LH:0
BRDA:51,0,0,0
BRDA:53,1,0,0
BRDA:105,2,0,0
BRDA:105,2,1,0
BRF:4
BRH:0
end_of_record
TN:
SF:components\PerformanceMonitor.tsx
FN:22,PerformanceMonitor
FN:33,(anonymous_7)
FN:42,(anonymous_8)
FN:53,(anonymous_9)
FN:69,(anonymous_10)
FN:95,(anonymous_11)
FN:114,(anonymous_12)
FN:132,(anonymous_13)
FN:160,(anonymous_14)
FN:190,(anonymous_15)
FN:221,PerformanceDebugPanel
FN:227,(anonymous_17)
FN:232,(anonymous_18)
FN:236,(anonymous_19)
FN:246,(anonymous_20)
FNF:15
FNH:0
FNDA:0,PerformanceMonitor
FNDA:0,(anonymous_7)
FNDA:0,(anonymous_8)
FNDA:0,(anonymous_9)
FNDA:0,(anonymous_10)
FNDA:0,(anonymous_11)
FNDA:0,(anonymous_12)
FNDA:0,(anonymous_13)
FNDA:0,(anonymous_14)
FNDA:0,(anonymous_15)
FNDA:0,PerformanceDebugPanel
FNDA:0,(anonymous_17)
FNDA:0,(anonymous_18)
FNDA:0,(anonymous_19)
FNDA:0,(anonymous_20)
DA:8,0
DA:14,0
DA:22,0
DA:27,0
DA:28,0
DA:29,0
DA:33,0
DA:34,0
DA:35,0
DA:39,0
DA:42,0
DA:43,0
DA:44,0
DA:45,0
DA:48,0
DA:49,0
DA:53,0
DA:54,0
DA:58,0
DA:59,0
DA:62,0
DA:69,0
DA:70,0
DA:77,0
DA:78,0
DA:79,0
DA:82,0
DA:83,0
DA:85,0
DA:86,0
DA:88,0
DA:95,0
DA:115,0
DA:116,0
DA:117,0
DA:133,0
DA:161,0
DA:191,0
DA:221,0
DA:222,0
DA:223,0
DA:227,0
DA:228,0
DA:229,0
DA:232,0
DA:233,0
DA:236,0
DA:239,0
DA:240,0
DA:246,0
LF:50
LH:0
BRDA:23,0,0,0
BRDA:24,1,0,0
BRDA:25,2,0,0
BRDA:34,3,0,0
BRDA:34,4,0,0
BRDA:34,4,1,0
BRDA:48,5,0,0
BRDA:58,6,0,0
BRDA:78,7,0,0
BRDA:82,8,0,0
BRDA:85,9,0,0
BRDA:103,10,0,0
BRDA:107,11,0,0
BRDA:107,11,1,0
BRDA:108,12,0,0
BRDA:108,12,1,0
BRDA:126,13,0,0
BRDA:126,13,1,0
BRDA:141,14,0,0
BRDA:141,14,1,0
BRDA:152,15,0,0
BRDA:152,15,1,0
BRDA:167,16,0,0
BRDA:167,16,1,0
BRDA:168,17,0,0
BRDA:168,17,1,0
BRDA:170,18,0,0
BRDA:170,18,1,0
BRDA:181,19,0,0
BRDA:197,20,0,0
BRDA:197,20,1,0
BRDA:209,21,0,0
BRDA:228,22,0,0
BRDA:239,23,0,0
BRDA:249,24,0,0
BRDA:249,24,1,0
BRDA:252,25,0,0
BRDA:256,26,0,0
BRDA:256,26,1,0
BRDA:266,27,0,0
BRDA:266,27,1,0
BRDA:276,28,0,0
BRF:42
BRH:0
end_of_record
TN:
SF:components\SimplePerformanceMonitor.tsx
FN:20,SimplePerformanceMonitor
FN:26,(anonymous_5)
FN:31,(anonymous_6)
FN:34,(anonymous_7)
FN:35,(anonymous_8)
FN:37,(anonymous_9)
FN:57,(anonymous_10)
FNF:7
FNH:0
FNDA:0,SimplePerformanceMonitor
FNDA:0,(anonymous_5)
FNDA:0,(anonymous_6)
FNDA:0,(anonymous_7)
FNDA:0,(anonymous_8)
FNDA:0,(anonymous_9)
FNDA:0,(anonymous_10)
DA:8,0
DA:13,0
DA:20,0
DA:24,0
DA:26,0
DA:27,0
DA:28,0
DA:31,0
DA:32,0
DA:33,0
DA:34,0
DA:35,0
DA:36,0
DA:37,0
DA:39,0
DA:46,0
DA:51,0
DA:58,0
LF:18
LH:0
BRDA:21,0,0,0
BRDA:22,1,0,0
BRDA:27,2,0,0
BRDA:33,3,0,0
BRDA:36,4,0,0
BRDA:37,5,0,0
BRDA:37,5,1,0
BRDA:46,6,0,0
BRDA:47,7,0,0
BRDA:47,7,1,0
BRDA:47,7,2,0
BRDA:65,8,0,0
BRDA:65,8,1,0
BRDA:67,9,0,0
BRDA:67,9,1,0
BRDA:73,10,0,0
BRDA:73,10,1,0
BRF:17
BRH:0
end_of_record
TN:
SF:components\acs\AcsDetail.tsx
FN:12,AcsDetail
FN:170,(anonymous_2)
FN:183,(anonymous_3)
FN:205,getTypeColorClasses
FN:218,formatCodeType
FNF:5
FNH:0
FNDA:0,AcsDetail
FNDA:0,(anonymous_2)
FNDA:0,(anonymous_3)
FNDA:0,getTypeColorClasses
FNDA:0,formatCodeType
DA:3,0
DA:4,0
DA:12,0
DA:171,0
DA:184,0
DA:206,0
DA:208,0
DA:210,0
DA:212,0
DA:214,0
DA:219,0
DA:221,0
DA:223,0
DA:225,0
DA:227,0
LF:15
LH:0
BRDA:26,0,0,0
BRDA:37,1,0,0
BRDA:57,2,0,0
BRDA:71,3,0,0
BRDA:78,4,0,0
BRDA:87,5,0,0
BRDA:113,6,0,0
BRDA:120,7,0,0
BRDA:127,8,0,0
BRDA:134,9,0,0
BRDA:143,10,0,0
BRDA:143,10,1,0
BRDA:164,11,0,0
BRDA:164,11,1,0
BRDA:164,11,2,0
BRDA:164,11,3,0
BRDA:166,12,0,0
BRDA:166,12,1,0
BRDA:179,13,0,0
BRDA:179,13,1,0
BRDA:206,14,0,0
BRDA:206,14,1,0
BRDA:206,14,2,0
BRDA:206,14,3,0
BRDA:219,15,0,0
BRDA:219,15,1,0
BRDA:219,15,2,0
BRDA:219,15,3,0
BRF:28
BRH:0
end_of_record
TN:
SF:components\acs\AcsFilters.tsx
FN:48,AcsFilters
FN:63,(anonymous_2)
FN:75,(anonymous_3)
FN:79,(anonymous_4)
FN:90,(anonymous_5)
FN:124,(anonymous_6)
FN:128,(anonymous_7)
FN:143,(anonymous_8)
FN:160,(anonymous_9)
FN:164,(anonymous_10)
FN:179,(anonymous_11)
FN:183,(anonymous_12)
FN:201,(anonymous_13)
FN:214,(anonymous_14)
FN:225,(anonymous_15)
FN:236,(anonymous_16)
FN:247,(anonymous_17)
FN:258,(anonymous_18)
FNF:18
FNH:0
FNDA:0,AcsFilters
FNDA:0,(anonymous_2)
FNDA:0,(anonymous_3)
FNDA:0,(anonymous_4)
FNDA:0,(anonymous_5)
FNDA:0,(anonymous_6)
FNDA:0,(anonymous_7)
FNDA:0,(anonymous_8)
FNDA:0,(anonymous_9)
FNDA:0,(anonymous_10)
FNDA:0,(anonymous_11)
FNDA:0,(anonymous_12)
FNDA:0,(anonymous_13)
FNDA:0,(anonymous_14)
FNDA:0,(anonymous_15)
FNDA:0,(anonymous_16)
FNDA:0,(anonymous_17)
FNDA:0,(anonymous_18)
DA:3,0
DA:4,0
DA:5,0
DA:20,0
DA:48,0
DA:53,0
DA:55,0
DA:63,0
DA:64,0
DA:65,0
DA:67,0
DA:70,0
DA:72,0
DA:75,0
DA:76,0
DA:79,0
DA:80,0
DA:90,0
DA:124,0
DA:129,0
DA:143,0
DA:160,0
DA:165,0
DA:179,0
DA:184,0
DA:201,0
DA:214,0
DA:225,0
DA:236,0
DA:247,0
DA:258,0
LF:31
LH:0
BRDA:51,0,0,0
BRDA:56,1,0,0
BRDA:56,1,1,0
BRDA:57,2,0,0
BRDA:57,2,1,0
BRDA:58,3,0,0
BRDA:58,3,1,0
BRDA:59,4,0,0
BRDA:59,4,1,0
BRDA:60,5,0,0
BRDA:60,5,1,0
BRDA:65,6,0,0
BRDA:65,6,1,0
BRDA:65,7,0,0
BRDA:65,7,1,0
BRDA:80,8,0,0
BRDA:80,8,1,0
BRDA:80,8,2,0
BRDA:80,8,3,0
BRDA:94,9,0,0
BRDA:94,9,1,0
BRDA:95,10,0,0
BRDA:100,11,0,0
BRDA:114,12,0,0
BRDA:123,13,0,0
BRDA:123,13,1,0
BRDA:142,14,0,0
BRDA:142,14,1,0
BRDA:159,15,0,0
BRDA:159,15,1,0
BRDA:178,16,0,0
BRDA:178,16,1,0
BRDA:200,17,0,0
BRDA:200,17,1,0
BRDA:207,18,0,0
BRDA:210,19,0,0
BRDA:221,20,0,0
BRDA:232,21,0,0
BRDA:243,22,0,0
BRDA:254,23,0,0
BRF:40
BRH:0
end_of_record
TN:
SF:components\acs\AcsList.tsx
FN:14,AcsList
FN:39,(anonymous_3)
FN:50,AcsCodeCard
FN:87,AcsListSkeleton
FN:90,(anonymous_6)
FN:114,getTypeColorClasses
FN:127,formatCodeType
FNF:7
FNH:0
FNDA:0,AcsList
FNDA:0,(anonymous_3)
FNDA:0,AcsCodeCard
FNDA:0,AcsListSkeleton
FNDA:0,(anonymous_6)
FNDA:0,getTypeColorClasses
FNDA:0,formatCodeType
DA:3,0
DA:4,0
DA:5,0
DA:14,0
DA:19,0
DA:20,0
DA:23,0
DA:40,0
DA:91,0
DA:115,0
DA:117,0
DA:119,0
DA:121,0
DA:123,0
DA:128,0
DA:130,0
DA:132,0
DA:134,0
DA:136,0
LF:19
LH:0
BRDA:16,0,0,0
BRDA:17,1,0,0
BRDA:19,2,0,0
BRDA:23,3,0,0
BRDA:66,4,0,0
BRDA:115,5,0,0
BRDA:115,5,1,0
BRDA:115,5,2,0
BRDA:115,5,3,0
BRDA:128,6,0,0
BRDA:128,6,1,0
BRDA:128,6,2,0
BRDA:128,6,3,0
BRF:13
BRH:0
end_of_record
TN:
SF:components\acs\AcsRelated.tsx
FN:13,AcsRelated
FN:22,(anonymous_3)
FN:23,loadRelatedCodes
FN:51,(anonymous_5)
FN:77,(anonymous_6)
FN:89,(anonymous_7)
FNF:6
FNH:0
FNDA:0,AcsRelated
FNDA:0,(anonymous_3)
FNDA:0,loadRelatedCodes
FNDA:0,(anonymous_5)
FNDA:0,(anonymous_6)
FNDA:0,(anonymous_7)
DA:3,0
DA:4,0
DA:5,0
DA:13,0
DA:18,0
DA:19,0
DA:20,0
DA:22,0
DA:24,0
DA:25,0
DA:26,0
DA:28,0
DA:29,0
DA:32,0
DA:34,0
DA:36,0
DA:40,0
DA:41,0
DA:46,0
DA:52,0
DA:63,0
DA:75,0
DA:77,0
DA:90,0
LF:24
LH:0
BRDA:15,0,0,0
BRDA:16,1,0,0
BRDA:32,2,0,0
BRDA:32,2,1,0
BRDA:40,3,0,0
BRDA:46,4,0,0
BRDA:63,5,0,0
BRDA:63,6,0,0
BRDA:63,6,1,0
BRDA:63,6,2,0
BRDA:68,7,0,0
BRDA:68,7,1,0
BRDA:75,8,0,0
BRDA:75,8,1,0
BRDA:99,9,0,0
BRDA:99,9,1,0
BRDA:105,10,0,0
BRF:17
BRH:0
end_of_record
TN:
SF:components\acs\AcsSearch.tsx
FN:14,AcsSearch
FN:22,(anonymous_2)
FN:27,(anonymous_3)
FN:29,(anonymous_4)
FN:32,(anonymous_5)
FN:46,(anonymous_6)
FNF:6
FNH:0
FNDA:0,AcsSearch
FNDA:0,(anonymous_2)
FNDA:0,(anonymous_3)
FNDA:0,(anonymous_4)
FNDA:0,(anonymous_5)
FNDA:0,(anonymous_6)
DA:3,0
DA:4,0
DA:5,0
DA:14,0
DA:20,0
DA:22,0
DA:23,0
DA:27,0
DA:28,0
DA:29,0
DA:32,0
DA:33,0
DA:34,0
DA:46,0
LF:14
LH:0
BRDA:15,0,0,0
BRDA:17,1,0,0
BRDA:18,2,0,0
BRDA:33,3,0,0
BRF:4
BRH:0
end_of_record
TN:
SF:components\common\ErrorBoundary.tsx
FN:26,(anonymous_5)
FN:54,(anonymous_6)
FN:31,(anonymous_7)
FN:40,(anonymous_8)
FN:58,(anonymous_9)
FN:109,useErrorHandler
FN:110,(anonymous_11)
FNF:7
FNH:0
FNDA:0,(anonymous_5)
FNDA:0,(anonymous_6)
FNDA:0,(anonymous_7)
FNDA:0,(anonymous_8)
FNDA:0,(anonymous_9)
FNDA:0,useErrorHandler
FNDA:0,(anonymous_11)
DA:3,0
DA:4,0
DA:5,0
DA:27,0
DA:28,0
DA:33,0
DA:42,0
DA:45,0
DA:47,0
DA:55,0
DA:59,0
DA:61,0
DA:62,0
DA:104,0
DA:109,0
DA:110,0
DA:111,0
DA:117,0
DA:139,0
LF:19
LH:0
BRDA:59,0,0,0
BRDA:61,1,0,0
BRDA:89,2,0,0
BRDA:89,2,1,0
BRF:4
BRH:0
end_of_record
TN:
SF:components\dashboard\ActivityFeed.tsx
FN:9,ActivityFeed
FN:17,(anonymous_2)
FNF:2
FNH:0
FNDA:0,ActivityFeed
FNDA:0,(anonymous_2)
DA:1,0
DA:9,0
DA:18,0
LF:3
LH:0
BRDA:14,0,0,0
BRDA:13,1,0,0
BRDA:13,1,1,0
BRF:3
BRH:0
end_of_record
TN:
SF:components\dashboard\CFIStudentsPanel.tsx
FN:7,CFIStudentsPanel
FN:13,(anonymous_3)
FN:20,(anonymous_4)
FNF:3
FNH:0
FNDA:0,CFIStudentsPanel
FNDA:0,(anonymous_3)
FNDA:0,(anonymous_4)
DA:1,0
DA:2,0
DA:3,0
DA:7,0
DA:8,0
DA:14,0
DA:20,0
LF:7
LH:0
BRDA:8,0,0,0
BRDA:8,1,0,0
BRDA:8,1,1,0
BRF:3
BRH:0
end_of_record
TN:
SF:components\dashboard\ErrorAlert.tsx
FN:15,ErrorAlert
FN:28,(anonymous_2)
FN:33,(anonymous_3)
FNF:3
FNH:0
FNDA:0,ErrorAlert
FNDA:0,(anonymous_2)
FNDA:0,(anonymous_3)
DA:3,0
DA:4,0
DA:5,0
DA:15,0
DA:24,0
DA:25,0
DA:26,0
DA:28,0
DA:29,0
DA:30,0
DA:31,0
DA:32,0
DA:33,0
LF:13
LH:0
BRDA:25,0,0,0
BRDA:25,0,1,0
BRDA:26,1,0,0
BRDA:26,1,1,0
BRDA:29,2,0,0
BRDA:40,3,0,0
BRDA:46,4,0,0
BRDA:46,4,1,0
BRF:8
BRH:0
end_of_record
TN:
SF:components\dashboard\ErrorRetry.tsx
FN:12,ErrorRetry
FN:15,(anonymous_2)
FNF:2
FNH:0
FNDA:0,ErrorRetry
FNDA:0,(anonymous_2)
DA:3,0
DA:4,0
DA:5,0
DA:12,0
DA:13,0
DA:15,0
DA:16,0
LF:7
LH:0
BRDA:23,0,0,0
BRDA:28,1,0,0
BRF:2
BRH:0
end_of_record
TN:
SF:components\dashboard\LatestResults.tsx
FN:12,LatestResults
FN:33,(anonymous_3)
FN:45,(anonymous_4)
FN:58,(anonymous_5)
FNF:4
FNH:0
FNDA:0,LatestResults
FNDA:0,(anonymous_3)
FNDA:0,(anonymous_4)
FNDA:0,(anonymous_5)
DA:1,0
DA:2,0
DA:3,0
DA:12,0
DA:13,0
DA:34,0
DA:46,0
DA:58,0
LF:8
LH:0
BRDA:13,0,0,0
BRDA:13,1,0,0
BRDA:13,1,1,0
BRDA:40,2,0,0
BRDA:45,3,0,0
BRDA:45,3,1,0
BRF:6
BRH:0
end_of_record
TN:
SF:components\dashboard\OnboardingActions.tsx
FN:7,OnboardingActions
FNF:1
FNH:0
FNDA:0,OnboardingActions
DA:3,0
DA:4,0
DA:5,0
DA:7,0
LF:4
LH:0
BRF:0
BRH:0
end_of_record
TN:
SF:components\dashboard\PlanCreditsStrip.tsx
FN:9,PlanCreditsStrip
FN:30,(anonymous_2)
FN:36,(anonymous_3)
FNF:3
FNH:0
FNDA:0,PlanCreditsStrip
FNDA:0,(anonymous_2)
FNDA:0,(anonymous_3)
DA:1,0
DA:2,0
DA:9,0
DA:10,0
DA:30,0
DA:36,0
LF:6
LH:0
BRDA:14,0,0,0
BRDA:19,1,0,0
BRDA:26,2,0,0
BRDA:35,3,0,0
BRF:4
BRH:0
end_of_record
TN:
SF:components\dashboard\QuickTools.tsx
FN:22,QuickTools
FN:27,(anonymous_3)
FN:33,(anonymous_4)
FNF:3
FNH:0
FNDA:0,QuickTools
FNDA:0,(anonymous_3)
FNDA:0,(anonymous_4)
DA:1,0
DA:2,0
DA:3,0
DA:11,0
DA:13,0
DA:22,0
DA:28,0
DA:33,0
LF:8
LH:0
BRF:0
BRH:0
end_of_record
TN:
SF:components\dashboard\Skeletons.tsx
FN:3,PanelSkeleton
FNF:1
FNH:0
FNDA:0,PanelSkeleton
DA:1,0
DA:3,0
LF:2
LH:0
BRDA:3,0,0,0
BRF:1
BRH:0
end_of_record
TN:
SF:components\dashboard\StudyPlanCard.tsx
FN:14,StudyPlanCard
FN:18,(anonymous_2)
FN:20,(anonymous_3)
FN:21,(anonymous_4)
FN:23,(anonymous_5)
FN:32,(anonymous_6)
FN:33,(anonymous_7)
FN:44,(anonymous_8)
FN:48,(anonymous_9)
FN:66,(anonymous_10)
FNF:10
FNH:0
FNDA:0,StudyPlanCard
FNDA:0,(anonymous_2)
FNDA:0,(anonymous_3)
FNDA:0,(anonymous_4)
FNDA:0,(anonymous_5)
FNDA:0,(anonymous_6)
FNDA:0,(anonymous_7)
FNDA:0,(anonymous_8)
FNDA:0,(anonymous_9)
FNDA:0,(anonymous_10)
DA:3,0
DA:4,0
DA:14,0
DA:15,0
DA:16,0
DA:18,0
DA:20,0
DA:21,0
DA:23,0
DA:24,0
DA:25,0
DA:32,0
DA:33,0
DA:44,0
DA:49,0
DA:66,0
LF:16
LH:0
BRDA:15,0,0,0
BRDA:15,0,1,0
BRDA:21,1,0,0
BRDA:21,1,1,0
BRDA:33,2,0,0
BRDA:33,2,1,0
BRDA:56,3,0,0
BRDA:56,3,1,0
BRDA:57,4,0,0
BRDA:57,4,1,0
BRDA:64,5,0,0
BRDA:64,5,1,0
BRDA:69,6,0,0
BRDA:69,6,1,0
BRF:14
BRH:0
end_of_record
TN:
SF:components\dashboard\TodayCard.tsx
FN:11,TodayCard
FN:36,(anonymous_2)
FN:58,(anonymous_3)
FNF:3
FNH:0
FNDA:0,TodayCard
FNDA:0,(anonymous_2)
FNDA:0,(anonymous_3)
DA:3,0
DA:4,0
DA:11,0
DA:22,0
DA:37,0
DA:38,0
DA:59,0
DA:60,0
LF:8
LH:0
BRDA:22,0,0,0
BRDA:22,0,1,0
BRDA:22,1,0,0
BRDA:22,1,1,0
BRDA:29,2,0,0
BRDA:46,3,0,0
BRF:6
BRH:0
end_of_record
TN:
SF:components\forms\AktrToAcsUploader.tsx
FN:22,AktrToAcsUploader
FN:31,(anonymous_5)
FN:32,(anonymous_6)
FN:40,(anonymous_7)
FN:43,(anonymous_8)
FN:48,(anonymous_9)
FN:54,(anonymous_10)
FN:60,(anonymous_11)
FN:61,(anonymous_12)
FN:62,(anonymous_13)
FN:86,(anonymous_14)
FN:96,(anonymous_15)
FN:98,(anonymous_16)
FN:116,(anonymous_17)
FN:118,(anonymous_18)
FN:134,(anonymous_19)
FN:139,(anonymous_20)
FN:153,(anonymous_21)
FN:164,(anonymous_22)
FN:165,(anonymous_23)
FNF:20
FNH:14
FNDA:21,AktrToAcsUploader
FNDA:7,(anonymous_5)
FNDA:7,(anonymous_6)
FNDA:4,(anonymous_7)
FNDA:5,(anonymous_8)
FNDA:5,(anonymous_9)
FNDA:4,(anonymous_10)
FNDA:0,(anonymous_11)
FNDA:0,(anonymous_12)
FNDA:0,(anonymous_13)
FNDA:0,(anonymous_14)
FNDA:1,(anonymous_15)
FNDA:1,(anonymous_16)
FNDA:1,(anonymous_17)
FNDA:1,(anonymous_18)
FNDA:4,(anonymous_19)
FNDA:4,(anonymous_20)
FNDA:1,(anonymous_21)
FNDA:0,(anonymous_22)
FNDA:0,(anonymous_23)
DA:3,1
DA:4,1
DA:5,1
DA:6,1
DA:8,1
DA:13,1
DA:22,8
DA:23,21
DA:24,21
DA:31,21
DA:32,7
DA:39,21
DA:42,4
DA:43,4
DA:44,5
DA:48,5
DA:54,4
DA:60,4
DA:61,0
DA:62,0
DA:63,0
DA:64,0
DA:65,0
DA:70,0
DA:72,0
DA:76,4
DA:77,4
DA:78,4
DA:83,2
DA:85,2
DA:86,0
DA:87,0
DA:93,2
DA:96,2
DA:98,1
DA:106,2
DA:109,2
DA:111,1
DA:115,1
DA:116,1
DA:118,1
DA:126,1
DA:128,1
DA:134,21
DA:135,4
DA:136,0
DA:139,4
DA:145,4
DA:147,4
DA:148,4
DA:151,2
DA:153,1
DA:164,21
DA:165,0
DA:170,0
DA:173,21
LF:56
LH:44
BRDA:63,0,0,0
BRDA:63,1,0,0
BRDA:63,1,1,0
BRDA:85,2,0,0
BRDA:88,3,0,0
BRDA:88,3,1,0
BRDA:115,4,0,1
BRDA:115,4,1,0
BRDA:135,5,0,0
BRDA:157,6,0,1
BRDA:157,6,1,0
BRDA:173,7,0,21
BRDA:173,7,1,13
BRDA:192,8,0,21
BRDA:221,9,0,13
BRDA:221,9,1,8
BRDA:223,10,0,3
BRDA:223,10,1,10
BRDA:225,11,0,13
BRDA:225,11,1,5
BRDA:231,12,0,21
BRDA:231,12,1,13
BRDA:246,13,0,5
BRF:23
BRH:14
end_of_record
TN:
SF:components\forms\BatchSharing.tsx
FN:30,BatchSharing
FN:35,(anonymous_5)
FN:55,(anonymous_6)
FN:159,(anonymous_7)
FNF:4
FNH:0
FNDA:0,BatchSharing
FNDA:0,(anonymous_5)
FNDA:0,(anonymous_6)
FNDA:0,(anonymous_7)
DA:3,0
DA:4,0
DA:5,0
DA:30,0
DA:31,0
DA:32,0
DA:33,0
DA:35,0
DA:36,0
DA:37,0
DA:38,0
DA:40,0
DA:41,0
DA:42,0
DA:45,0
DA:46,0
DA:48,0
DA:49,0
DA:51,0
DA:55,0
DA:56,0
DA:57,0
DA:61,0
DA:74,0
DA:93,0
DA:101,0
DA:160,0
LF:27
LH:0
BRDA:30,0,0,0
BRDA:41,1,0,0
BRDA:56,2,0,0
BRDA:61,3,0,0
BRDA:74,4,0,0
BRDA:93,5,0,0
BRDA:169,6,0,0
BRDA:179,7,0,0
BRF:8
BRH:0
end_of_record
TN:
SF:components\forms\ConsentManager.tsx
FN:35,ConsentManager
FN:42,(anonymous_5)
FN:87,(anonymous_6)
FN:91,(anonymous_7)
FN:111,(anonymous_8)
FN:134,(anonymous_9)
FN:138,(anonymous_10)
FN:196,(anonymous_11)
FN:203,(anonymous_12)
FN:225,(anonymous_13)
FN:265,(anonymous_14)
FN:288,(anonymous_15)
FN:320,(anonymous_16)
FNF:13
FNH:0
FNDA:0,ConsentManager
FNDA:0,(anonymous_5)
FNDA:0,(anonymous_6)
FNDA:0,(anonymous_7)
FNDA:0,(anonymous_8)
FNDA:0,(anonymous_9)
FNDA:0,(anonymous_10)
FNDA:0,(anonymous_11)
FNDA:0,(anonymous_12)
FNDA:0,(anonymous_13)
FNDA:0,(anonymous_14)
FNDA:0,(anonymous_15)
FNDA:0,(anonymous_16)
DA:3,0
DA:4,0
DA:5,0
DA:35,0
DA:36,0
DA:37,0
DA:38,0
DA:39,0
DA:40,0
DA:42,0
DA:43,0
DA:44,0
DA:45,0
DA:48,0
DA:49,0
DA:51,0
DA:52,0
DA:54,0
DA:59,0
DA:60,0
DA:64,0
DA:65,0
DA:67,0
DA:68,0
DA:70,0
DA:73,0
DA:74,0
DA:77,0
DA:83,0
DA:87,0
DA:88,0
DA:91,0
DA:92,0
DA:93,0
DA:101,0
DA:102,0
DA:105,0
DA:107,0
DA:111,0
DA:112,0
DA:113,0
DA:114,0
DA:115,0
DA:118,0
DA:119,0
DA:120,0
DA:121,0
DA:122,0
DA:123,0
DA:124,0
DA:125,0
DA:126,0
DA:128,0
DA:134,0
DA:135,0
DA:138,0
DA:139,0
DA:145,0
DA:148,0
DA:164,0
DA:196,0
DA:203,0
DA:226,0
DA:265,0
DA:289,0
DA:321,0
LF:66
LH:0
BRDA:49,0,0,0
BRDA:49,0,1,0
BRDA:51,1,0,0
BRDA:51,1,1,0
BRDA:60,2,0,0
BRDA:60,2,1,0
BRDA:65,3,0,0
BRDA:65,3,1,0
BRDA:67,4,0,0
BRDA:67,4,1,0
BRDA:74,5,0,0
BRDA:74,5,1,0
BRDA:78,6,0,0
BRDA:78,6,1,0
BRDA:101,7,0,0
BRDA:107,8,0,0
BRDA:107,8,1,0
BRDA:114,9,0,0
BRDA:129,10,0,0
BRDA:129,10,1,0
BRDA:145,11,0,0
BRDA:145,11,1,0
BRDA:148,12,0,0
BRDA:164,13,0,0
BRDA:194,14,0,0
BRDA:194,14,1,0
BRDA:201,15,0,0
BRDA:201,15,1,0
BRDA:207,16,0,0
BRDA:221,17,0,0
BRDA:224,18,0,0
BRDA:229,19,0,0
BRDA:229,19,1,0
BRDA:239,20,0,0
BRDA:239,20,1,0
BRDA:254,21,0,0
BRDA:261,22,0,0
BRDA:284,23,0,0
BRDA:287,24,0,0
BRDA:295,25,0,0
BRDA:297,26,0,0
BRDA:311,27,0,0
BRDA:316,28,0,0
BRDA:316,28,1,0
BRF:44
BRH:0
end_of_record
TN:
SF:components\forms\ContactForm.tsx
FN:21,ContactForm
FN:39,(anonymous_5)
FN:49,(anonymous_6)
FN:85,(anonymous_7)
FNF:4
FNH:0
FNDA:0,ContactForm
FNDA:0,(anonymous_5)
FNDA:0,(anonymous_6)
FNDA:0,(anonymous_7)
DA:6,0
DA:7,0
DA:8,0
DA:9,0
DA:10,0
DA:11,0
DA:12,0
DA:13,0
DA:21,0
DA:26,0
DA:27,0
DA:28,0
DA:30,0
DA:40,0
DA:41,0
DA:42,0
DA:44,0
DA:45,0
DA:46,0
DA:49,0
DA:52,0
DA:53,0
DA:55,0
DA:61,0
DA:66,0
DA:68,0
DA:86,0
DA:87,0
LF:28
LH:0
BRDA:24,0,0,0
BRDA:45,1,0,0
BRDA:45,1,1,0
BRDA:56,2,0,0
BRDA:56,2,1,0
BRDA:66,3,0,0
BRDA:66,3,1,0
BRDA:68,4,0,0
BRDA:116,5,0,0
BRDA:116,5,1,0
BRDA:136,6,0,0
BRDA:136,6,1,0
BRDA:155,7,0,0
BRDA:155,7,1,0
BRDA:180,8,0,0
BRDA:180,8,1,0
BRDA:203,9,0,0
BRDA:203,9,1,0
BRDA:209,10,0,0
BRDA:209,10,1,0
BRDA:214,11,0,0
BRDA:219,12,0,0
BRDA:219,12,1,0
BRDA:222,13,0,0
BRDA:222,13,1,0
BRF:25
BRH:0
end_of_record
TN:
SF:components\forms\FileUploader.tsx
FN:42,FileUploader
FN:58,(anonymous_5)
FN:74,(anonymous_6)
FN:80,(anonymous_7)
FN:89,(anonymous_8)
FN:93,(anonymous_9)
FN:99,(anonymous_10)
FN:101,(anonymous_11)
FN:101,(anonymous_12)
FN:105,(anonymous_13)
FN:112,(anonymous_14)
FN:118,(anonymous_15)
FN:124,(anonymous_16)
FN:141,(anonymous_17)
FN:142,(anonymous_18)
FN:149,(anonymous_19)
FN:150,(anonymous_20)
FN:153,(anonymous_21)
FN:160,(anonymous_22)
FN:275,(anonymous_23)
FN:351,(anonymous_24)
FNF:21
FNH:9
FNDA:52,FileUploader
FNDA:7,(anonymous_5)
FNDA:7,(anonymous_6)
FNDA:9,(anonymous_7)
FNDA:0,(anonymous_8)
FNDA:0,(anonymous_9)
FNDA:0,(anonymous_10)
FNDA:0,(anonymous_11)
FNDA:0,(anonymous_12)
FNDA:0,(anonymous_13)
FNDA:0,(anonymous_14)
FNDA:0,(anonymous_15)
FNDA:0,(anonymous_16)
FNDA:0,(anonymous_17)
FNDA:0,(anonymous_18)
FNDA:24,(anonymous_19)
FNDA:8,(anonymous_20)
FNDA:52,(anonymous_21)
FNDA:156,(anonymous_22)
FNDA:24,(anonymous_23)
FNDA:0,(anonymous_24)
DA:3,1
DA:4,1
DA:5,1
DA:6,1
DA:7,1
DA:13,1
DA:21,1
DA:42,21
DA:53,52
DA:54,52
DA:55,52
DA:56,52
DA:58,52
DA:59,7
DA:60,7
DA:61,7
DA:62,7
DA:64,0
DA:66,0
DA:67,0
DA:68,0
DA:69,0
DA:73,52
DA:75,7
DA:76,7
DA:77,7
DA:80,7
DA:81,9
DA:84,7
DA:89,52
DA:90,0
DA:93,52
DA:94,0
DA:97,52
DA:101,0
DA:102,0
DA:103,0
DA:104,0
DA:105,0
DA:106,0
DA:108,0
DA:110,0
DA:111,0
DA:112,0
DA:113,0
DA:115,0
DA:116,0
DA:117,0
DA:118,0
DA:119,0
DA:122,0
DA:123,0
DA:124,0
DA:140,52
DA:142,0
DA:143,0
DA:144,0
DA:149,52
DA:150,24
DA:153,52
DA:154,52
DA:159,52
DA:161,156
DA:162,156
DA:163,156
DA:165,0
DA:166,0
DA:276,24
DA:277,24
DA:278,24
DA:280,24
DA:351,0
LF:72
LH:40
BRDA:44,0,0,0
BRDA:45,1,0,0
BRDA:46,2,0,0
BRDA:47,3,0,52
BRDA:48,4,0,52
BRDA:49,5,0,52
BRDA:51,6,0,0
BRDA:66,7,0,0
BRDA:66,7,1,0
BRDA:75,8,0,7
BRDA:102,9,0,0
BRDA:108,10,0,0
BRDA:115,11,0,0
BRDA:136,12,0,52
BRDA:136,12,1,47
BRDA:162,13,0,156
BRDA:165,14,0,0
BRDA:165,14,1,0
BRDA:182,15,0,52
BRDA:182,15,1,52
BRDA:183,16,0,52
BRDA:183,16,1,47
BRDA:185,17,0,52
BRDA:185,17,1,52
BRDA:185,17,2,47
BRDA:192,18,0,0
BRDA:192,18,1,52
BRDA:200,19,0,52
BRDA:200,19,1,47
BRDA:205,20,0,5
BRDA:213,21,0,0
BRDA:213,21,1,47
BRDA:221,22,0,5
BRDA:221,22,1,47
BRDA:223,23,0,0
BRDA:223,23,1,47
BRDA:228,24,0,5
BRDA:228,24,1,47
BRDA:233,25,0,52
BRDA:257,26,0,52
BRDA:269,27,0,52
BRDA:288,28,0,1
BRDA:293,29,0,1
BRDA:314,30,0,24
BRDA:314,30,1,7
BRDA:337,31,0,24
BRDA:337,31,1,1
BRDA:346,32,0,24
BRDA:367,33,0,52
BRDA:367,33,1,0
BRDA:368,34,0,52
BRDA:368,34,1,0
BRDA:369,35,0,52
BRDA:369,35,1,5
BRF:54
BRH:38
end_of_record
TN:
SF:components\forms\LoginForm.tsx
FN:26,LoginForm
FN:44,(anonymous_6)
FN:53,(anonymous_7)
FN:145,(anonymous_8)
FNF:4
FNH:0
FNDA:0,LoginForm
FNDA:0,(anonymous_6)
FNDA:0,(anonymous_7)
FNDA:0,(anonymous_8)
DA:6,0
DA:7,0
DA:8,0
DA:9,0
DA:10,0
DA:11,0
DA:12,0
DA:13,0
DA:14,0
DA:15,0
DA:16,0
DA:26,0
DA:33,0
DA:34,0
DA:35,0
DA:37,0
DA:45,0
DA:46,0
DA:48,0
DA:49,0
DA:50,0
DA:53,0
DA:54,0
DA:57,0
DA:63,0
DA:68,0
DA:145,0
LF:27
LH:0
BRDA:31,0,0,0
BRDA:49,1,0,0
BRDA:49,1,1,0
BRDA:58,2,0,0
BRDA:58,2,1,0
BRDA:68,3,0,0
BRDA:68,3,1,0
BRDA:82,4,0,0
BRDA:115,5,0,0
BRDA:115,5,1,0
BRDA:132,6,0,0
BRDA:132,6,1,0
BRDA:138,7,0,0
BRDA:138,7,1,0
BRDA:150,8,0,0
BRDA:178,9,0,0
BRDA:197,10,0,0
BRDA:202,11,0,0
BRDA:202,11,1,0
BRDA:205,12,0,0
BRDA:205,12,1,0
BRF:21
BRH:0
end_of_record
TN:
SF:components\forms\ResultsView.tsx
FN:55,ResultsView
FN:69,(anonymous_5)
FN:70,(anonymous_6)
FN:101,(anonymous_7)
FN:107,(anonymous_8)
FN:123,(anonymous_9)
FN:134,(anonymous_10)
FN:140,(anonymous_11)
FN:171,(anonymous_12)
FN:223,(anonymous_13)
FN:230,(anonymous_14)
FN:231,(anonymous_15)
FN:336,(anonymous_16)
FN:372,(anonymous_17)
FN:403,(anonymous_18)
FN:433,(anonymous_19)
FN:434,(anonymous_20)
FNF:17
FNH:0
FNDA:0,ResultsView
FNDA:0,(anonymous_5)
FNDA:0,(anonymous_6)
FNDA:0,(anonymous_7)
FNDA:0,(anonymous_8)
FNDA:0,(anonymous_9)
FNDA:0,(anonymous_10)
FNDA:0,(anonymous_11)
FNDA:0,(anonymous_12)
FNDA:0,(anonymous_13)
FNDA:0,(anonymous_14)
FNDA:0,(anonymous_15)
FNDA:0,(anonymous_16)
FNDA:0,(anonymous_17)
FNDA:0,(anonymous_18)
FNDA:0,(anonymous_19)
FNDA:0,(anonymous_20)
DA:3,0
DA:4,0
DA:5,0
DA:6,0
DA:15,0
DA:16,0
DA:55,0
DA:56,0
DA:57,0
DA:58,0
DA:59,0
DA:60,0
DA:65,0
DA:66,0
DA:69,0
DA:70,0
DA:71,0
DA:72,0
DA:74,0
DA:75,0
DA:76,0
DA:78,0
DA:81,0
DA:82,0
DA:85,0
DA:91,0
DA:93,0
DA:97,0
DA:101,0
DA:102,0
DA:103,0
DA:104,0
DA:107,0
DA:109,0
DA:110,0
DA:119,0
DA:120,0
DA:123,0
DA:129,0
DA:134,0
DA:135,0
DA:140,0
DA:141,0
DA:142,0
DA:145,0
DA:147,0
DA:148,0
DA:153,0
DA:154,0
DA:157,0
DA:159,0
DA:164,0
DA:166,0
DA:171,0
DA:172,0
DA:174,0
DA:177,0
DA:178,0
DA:179,0
DA:185,0
DA:188,0
DA:192,0
DA:197,0
DA:203,0
DA:214,0
DA:223,0
DA:230,0
DA:231,0
DA:337,0
DA:373,0
DA:404,0
DA:434,0
LF:72
LH:0
BRDA:74,0,0,0
BRDA:75,1,0,0
BRDA:82,2,0,0
BRDA:82,2,1,0
BRDA:91,3,0,0
BRDA:91,3,1,0
BRDA:103,4,0,0
BRDA:103,5,0,0
BRDA:103,5,1,0
BRDA:119,6,0,0
BRDA:141,7,0,0
BRDA:153,8,0,0
BRDA:177,9,0,0
BRDA:177,9,1,0
BRDA:199,10,0,0
BRDA:199,10,1,0
BRDA:203,11,0,0
BRDA:214,12,0,0
BRDA:214,13,0,0
BRDA:214,13,1,0
BRDA:230,14,0,0
BRDA:230,14,1,0
BRDA:239,15,0,0
BRDA:249,16,0,0
BRDA:249,16,1,0
BRDA:264,17,0,0
BRDA:264,17,1,0
BRDA:264,18,0,0
BRDA:264,18,1,0
BRDA:273,19,0,0
BRDA:273,19,1,0
BRDA:314,20,0,0
BRDA:314,20,1,0
BRDA:320,21,0,0
BRDA:320,21,1,0
BRDA:328,22,0,0
BRDA:349,23,0,0
BRDA:363,24,0,0
BRDA:363,24,1,0
BRDA:386,25,0,0
BRDA:417,26,0,0
BRDA:417,26,1,0
BRDA:456,27,0,0
BRF:43
BRH:0
end_of_record
TN:
SF:components\forms\index.ts
FNF:0
FNH:0
DA:2,0
DA:3,0
DA:4,0
DA:5,0
DA:6,0
LF:5
LH:0
BRF:0
BRH:0
end_of_record
TN:
SF:components\layout\AuthNavigation.tsx
FN:7,AuthNavigation
FNF:1
FNH:0
FNDA:0,AuthNavigation
DA:3,0
DA:4,0
DA:5,0
DA:7,0
DA:8,0
LF:5
LH:0
BRDA:35,0,0,0
BRDA:34,1,0,0
BRDA:34,1,1,0
BRF:3
BRH:0
end_of_record
TN:
SF:components\layout\FeatureScreenshotDisplay.tsx
FN:20,(anonymous_4)
FN:29,(anonymous_5)
FN:34,(anonymous_6)
FN:38,(anonymous_7)
FN:39,(anonymous_8)
FN:169,(anonymous_9)
FNF:6
FNH:0
FNDA:0,(anonymous_4)
FNDA:0,(anonymous_5)
FNDA:0,(anonymous_6)
FNDA:0,(anonymous_7)
FNDA:0,(anonymous_8)
FNDA:0,(anonymous_9)
DA:3,0
DA:4,0
DA:5,0
DA:7,0
DA:8,0
DA:18,0
DA:20,0
DA:21,0
DA:22,0
DA:23,0
DA:24,0
DA:26,0
DA:27,0
DA:29,0
DA:30,0
DA:31,0
DA:34,0
DA:35,0
DA:37,0
DA:38,0
DA:39,0
DA:41,0
DA:44,0
DA:45,0
DA:46,0
DA:51,0
DA:52,0
DA:55,0
DA:65,0
DA:169,0
LF:30
LH:0
BRDA:35,0,0,0
BRDA:35,0,1,0
BRDA:44,1,0,0
BRDA:45,2,0,0
BRDA:45,2,1,0
BRDA:68,3,0,0
BRDA:68,3,1,0
BRDA:69,4,0,0
BRDA:69,4,1,0
BRDA:70,5,0,0
BRDA:70,5,1,0
BRDA:76,6,0,0
BRDA:76,6,1,0
BRDA:77,7,0,0
BRDA:77,7,1,0
BRDA:79,8,0,0
BRDA:79,8,1,0
BRDA:80,9,0,0
BRDA:80,9,1,0
BRDA:87,10,0,0
BRDA:87,10,1,0
BRDA:108,11,0,0
BRDA:140,12,0,0
BRDA:140,12,1,0
BRDA:150,13,0,0
BRDA:150,13,1,0
BRDA:153,14,0,0
BRDA:153,14,1,0
BRDA:156,15,0,0
BRDA:156,15,1,0
BRDA:159,16,0,0
BRDA:159,16,1,0
BRDA:162,17,0,0
BRDA:162,17,1,0
BRDA:163,18,0,0
BRDA:163,18,1,0
BRDA:172,19,0,0
BRDA:172,19,1,0
BRDA:173,20,0,0
BRDA:173,20,1,0
BRDA:192,21,0,0
BRDA:192,21,1,0
BRDA:200,22,0,0
BRDA:200,22,1,0
BRF:44
BRH:0
end_of_record
TN:
SF:components\layout\FeatureSpotlightMenu.tsx
FN:94,useOverflow
FN:97,(anonymous_9)
FN:110,(anonymous_10)
FN:117,(anonymous_11)
FN:120,(anonymous_12)
FN:129,(anonymous_13)
FN:141,(anonymous_14)
FN:155,(anonymous_15)
FN:172,(anonymous_16)
FN:177,(anonymous_17)
FN:185,(anonymous_18)
FN:195,(anonymous_19)
FN:244,(anonymous_20)
FN:246,(anonymous_21)
FN:250,(anonymous_22)
FN:251,(anonymous_23)
FN:252,(anonymous_24)
FN:256,(anonymous_25)
FN:315,(anonymous_26)
FN:338,(anonymous_27)
FN:366,(anonymous_28)
FN:378,(anonymous_29)
FN:379,(anonymous_30)
FNF:23
FNH:0
FNDA:0,useOverflow
FNDA:0,(anonymous_9)
FNDA:0,(anonymous_10)
FNDA:0,(anonymous_11)
FNDA:0,(anonymous_12)
FNDA:0,(anonymous_13)
FNDA:0,(anonymous_14)
FNDA:0,(anonymous_15)
FNDA:0,(anonymous_16)
FNDA:0,(anonymous_17)
FNDA:0,(anonymous_18)
FNDA:0,(anonymous_19)
FNDA:0,(anonymous_20)
FNDA:0,(anonymous_21)
FNDA:0,(anonymous_22)
FNDA:0,(anonymous_23)
FNDA:0,(anonymous_24)
FNDA:0,(anonymous_25)
FNDA:0,(anonymous_26)
FNDA:0,(anonymous_27)
FNDA:0,(anonymous_28)
FNDA:0,(anonymous_29)
FNDA:0,(anonymous_30)
DA:3,0
DA:15,0
DA:16,0
DA:32,0
DA:45,0
DA:94,0
DA:95,0
DA:97,0
DA:98,0
DA:99,0
DA:100,0
DA:102,0
DA:103,0
DA:104,0
DA:110,0
DA:111,0
DA:112,0
DA:113,0
DA:114,0
DA:117,0
DA:118,0
DA:120,0
DA:121,0
DA:124,0
DA:125,0
DA:126,0
DA:129,0
DA:130,0
DA:131,0
DA:132,0
DA:133,0
DA:138,0
DA:141,0
DA:146,0
DA:147,0
DA:148,0
DA:151,0
DA:152,0
DA:155,0
DA:156,0
DA:157,0
DA:158,0
DA:160,0
DA:161,0
DA:162,0
DA:164,0
DA:165,0
DA:166,0
DA:167,0
DA:168,0
DA:171,0
DA:173,0
DA:174,0
DA:175,0
DA:177,0
DA:178,0
DA:179,0
DA:185,0
DA:186,0
DA:187,0
DA:188,0
DA:190,0
DA:191,0
DA:194,0
DA:196,0
DA:197,0
DA:199,0
DA:200,0
DA:201,0
DA:202,0
DA:205,0
DA:208,0
DA:209,0
DA:210,0
DA:211,0
DA:212,0
DA:215,0
DA:218,0
DA:219,0
DA:220,0
DA:221,0
DA:222,0
DA:225,0
DA:226,0
DA:227,0
DA:228,0
DA:229,0
DA:232,0
DA:233,0
DA:234,0
DA:235,0
DA:244,0
DA:246,0
DA:250,0
DA:251,0
DA:252,0
DA:256,0
DA:257,0
DA:261,0
DA:315,0
DA:338,0
DA:367,0
DA:368,0
DA:378,0
DA:379,0
LF:105
LH:0
BRDA:99,0,0,0
BRDA:113,1,0,0
BRDA:124,2,0,0
BRDA:132,3,0,0
BRDA:142,4,0,0
BRDA:149,5,0,0
BRDA:149,5,1,0
BRDA:155,6,0,0
BRDA:157,7,0,0
BRDA:161,8,0,0
BRDA:168,9,0,0
BRDA:168,9,1,0
BRDA:174,10,0,0
BRDA:178,11,0,0
BRDA:187,12,0,0
BRDA:196,13,0,0
BRDA:199,14,0,0
BRDA:199,14,1,0
BRDA:209,15,0,0
BRDA:209,15,1,0
BRDA:219,16,0,0
BRDA:219,16,1,0
BRDA:226,17,0,0
BRDA:226,17,1,0
BRDA:233,18,0,0
BRDA:233,19,0,0
BRDA:233,19,1,0
BRDA:261,20,0,0
BRDA:292,21,0,0
BRDA:312,22,0,0
BRDA:335,23,0,0
BRDA:377,24,0,0
BRDA:377,24,1,0
BRDA:382,25,0,0
BRDA:382,25,1,0
BRDA:404,26,0,0
BRDA:404,26,1,0
BRF:37
BRH:0
end_of_record
TN:
SF:components\layout\Footer.tsx
FN:18,Footer
FN:22,(anonymous_3)
FN:55,(anonymous_4)
FN:66,(anonymous_5)
FN:77,(anonymous_6)
FNF:5
FNH:0
FNDA:0,Footer
FNDA:0,(anonymous_3)
FNDA:0,(anonymous_4)
FNDA:0,(anonymous_5)
FNDA:0,(anonymous_6)
DA:3,0
DA:4,0
DA:14,0
DA:15,0
DA:16,0
DA:18,0
DA:19,0
DA:20,0
DA:22,0
DA:23,0
DA:26,0
DA:27,0
DA:55,0
DA:66,0
DA:77,0
LF:15
LH:0
BRDA:26,0,0,0
BRDA:57,1,0,0
BRDA:57,1,1,0
BRDA:68,2,0,0
BRDA:68,2,1,0
BRDA:79,3,0,0
BRDA:79,3,1,0
BRF:7
BRH:0
end_of_record
TN:
SF:components\layout\HeaderNavigation.tsx
FN:13,HeaderNavigation
FN:22,(anonymous_6)
FNF:2
FNH:0
FNDA:0,HeaderNavigation
FNDA:0,(anonymous_6)
DA:3,0
DA:4,0
DA:5,0
DA:6,0
DA:7,0
DA:8,0
DA:9,0
DA:10,0
DA:11,0
DA:13,0
DA:14,0
DA:15,0
DA:18,0
DA:21,0
DA:22,0
LF:15
LH:0
BRDA:46,0,0,0
BRDA:46,0,1,0
BRDA:73,1,0,0
BRDA:78,2,0,0
BRF:4
BRH:0
end_of_record
TN:
SF:components\layout\HeroVersionC.tsx
FN:15,HeroVersionC
FN:100,(anonymous_3)
FNF:2
FNH:0
FNDA:0,HeroVersionC
FNDA:0,(anonymous_3)
DA:3,0
DA:4,0
DA:5,0
DA:6,0
DA:7,0
DA:8,0
DA:15,0
DA:100,0
LF:8
LH:0
BRF:0
BRH:0
end_of_record
TN:
SF:components\layout\Navigation.tsx
FN:9,Navigation
FN:68,(anonymous_3)
FN:87,(anonymous_4)
FN:94,(anonymous_5)
FN:101,(anonymous_6)
FN:109,(anonymous_7)
FNF:6
FNH:0
FNDA:0,Navigation
FNDA:0,(anonymous_3)
FNDA:0,(anonymous_4)
FNDA:0,(anonymous_5)
FNDA:0,(anonymous_6)
FNDA:0,(anonymous_7)
DA:3,0
DA:4,0
DA:5,0
DA:6,0
DA:7,0
DA:9,0
DA:10,0
DA:68,0
DA:87,0
DA:94,0
DA:101,0
DA:109,0
LF:12
LH:0
BRDA:73,0,0,0
BRDA:82,1,0,0
BRDA:82,1,1,0
BRF:3
BRH:0
end_of_record
TN:
SF:components\layout\NavigationErrorBoundary.tsx
FN:20,(anonymous_2)
FN:25,(anonymous_3)
FN:29,(anonymous_4)
FN:33,(anonymous_5)
FNF:4
FNH:0
FNDA:0,(anonymous_2)
FNDA:0,(anonymous_3)
FNDA:0,(anonymous_4)
FNDA:0,(anonymous_5)
DA:3,0
DA:4,0
DA:5,0
DA:16,0
DA:21,0
DA:22,0
DA:26,0
DA:30,0
DA:34,0
DA:54,0
LF:10
LH:0
BRDA:34,0,0,0
BRF:1
BRH:0
end_of_record
TN:
SF:components\layout\ScreenshotPreview.tsx
FN:19,(anonymous_5)
FN:34,(anonymous_6)
FN:35,(anonymous_7)
FN:44,(anonymous_8)
FN:50,(anonymous_9)
FN:57,(anonymous_10)
FN:58,(anonymous_11)
FN:92,(anonymous_12)
FN:97,(anonymous_13)
FN:103,(anonymous_14)
FN:108,(anonymous_15)
FN:151,(anonymous_16)
FN:215,(anonymous_17)
FNF:13
FNH:0
FNDA:0,(anonymous_5)
FNDA:0,(anonymous_6)
FNDA:0,(anonymous_7)
FNDA:0,(anonymous_8)
FNDA:0,(anonymous_9)
FNDA:0,(anonymous_10)
FNDA:0,(anonymous_11)
FNDA:0,(anonymous_12)
FNDA:0,(anonymous_13)
FNDA:0,(anonymous_14)
FNDA:0,(anonymous_15)
FNDA:0,(anonymous_16)
FNDA:0,(anonymous_17)
DA:3,0
DA:4,0
DA:5,0
DA:6,0
DA:7,0
DA:19,0
DA:28,0
DA:29,0
DA:30,0
DA:31,0
DA:34,0
DA:35,0
DA:36,0
DA:37,0
DA:41,0
DA:42,0
DA:44,0
DA:45,0
DA:50,0
DA:51,0
DA:52,0
DA:57,0
DA:58,0
DA:59,0
DA:60,0
DA:63,0
DA:64,0
DA:65,0
DA:68,0
DA:71,0
DA:72,0
DA:76,0
DA:77,0
DA:78,0
DA:79,0
DA:82,0
DA:83,0
DA:84,0
DA:89,0
DA:90,0
DA:92,0
DA:93,0
DA:97,0
DA:98,0
DA:99,0
DA:103,0
DA:104,0
DA:105,0
DA:108,0
DA:109,0
DA:110,0
DA:113,0
DA:114,0
DA:151,0
DA:215,0
LF:55
LH:0
BRDA:36,0,0,0
BRDA:36,1,0,0
BRDA:36,1,1,0
BRDA:41,2,0,0
BRDA:51,3,0,0
BRDA:51,4,0,0
BRDA:51,4,1,0
BRDA:59,5,0,0
BRDA:64,6,0,0
BRDA:76,7,0,0
BRDA:76,7,1,0
BRDA:77,8,0,0
BRDA:82,9,0,0
BRDA:89,10,0,0
BRDA:98,11,0,0
BRDA:113,12,0,0
BRDA:164,13,0,0
BRDA:164,13,1,0
BRDA:177,14,0,0
BRDA:203,15,0,0
BRDA:203,15,1,0
BRDA:212,16,0,0
BRF:22
BRH:0
end_of_record
TN:
SF:components\layout\Sidebar.tsx
FN:22,Sidebar
FN:29,(anonymous_3)
FNF:2
FNH:0
FNDA:0,Sidebar
FNDA:0,(anonymous_3)
DA:1,0
DA:2,0
DA:10,0
DA:11,0
DA:13,0
DA:22,0
DA:23,0
DA:31,0
DA:33,0
LF:9
LH:0
BRDA:31,0,0,0
BRDA:31,0,1,0
BRDA:39,1,0,0
BRDA:39,1,1,0
BRF:4
BRH:0
end_of_record
TN:
SF:components\layout\VideoModal.tsx
FN:11,(anonymous_4)
FN:41,(anonymous_5)
FN:57,(anonymous_6)
FN:58,(anonymous_7)
FN:108,(anonymous_8)
FN:117,(anonymous_9)
FN:121,(anonymous_10)
FN:138,(anonymous_11)
FN:139,(anonymous_12)
FN:149,(anonymous_13)
FN:158,(anonymous_14)
FN:165,(anonymous_15)
FN:170,(anonymous_16)
FN:202,(anonymous_17)
FN:205,(anonymous_18)
FN:260,(anonymous_19)
FN:293,(anonymous_20)
FN:296,(anonymous_21)
FNF:18
FNH:0
FNDA:0,(anonymous_4)
FNDA:0,(anonymous_5)
FNDA:0,(anonymous_6)
FNDA:0,(anonymous_7)
FNDA:0,(anonymous_8)
FNDA:0,(anonymous_9)
FNDA:0,(anonymous_10)
FNDA:0,(anonymous_11)
FNDA:0,(anonymous_12)
FNDA:0,(anonymous_13)
FNDA:0,(anonymous_14)
FNDA:0,(anonymous_15)
FNDA:0,(anonymous_16)
FNDA:0,(anonymous_17)
FNDA:0,(anonymous_18)
FNDA:0,(anonymous_19)
FNDA:0,(anonymous_20)
FNDA:0,(anonymous_21)
DA:3,0
DA:4,0
DA:5,0
DA:6,0
DA:7,0
DA:8,0
DA:11,0
DA:12,0
DA:13,0
DA:15,0
DA:16,0
DA:17,0
DA:19,0
DA:23,0
DA:24,0
DA:25,0
DA:28,0
DA:31,0
DA:41,0
DA:48,0
DA:49,0
DA:50,0
DA:51,0
DA:52,0
DA:53,0
DA:54,0
DA:57,0
DA:58,0
DA:60,0
DA:61,0
DA:69,0
DA:71,0
DA:72,0
DA:76,0
DA:77,0
DA:78,0
DA:82,0
DA:83,0
DA:87,0
DA:91,0
DA:95,0
DA:96,0
DA:101,0
DA:102,0
DA:105,0
DA:108,0
DA:109,0
DA:110,0
DA:113,0
DA:114,0
DA:115,0
DA:117,0
DA:118,0
DA:121,0
DA:122,0
DA:123,0
DA:129,0
DA:132,0
DA:133,0
DA:138,0
DA:139,0
DA:140,0
DA:141,0
DA:145,0
DA:146,0
DA:148,0
DA:149,0
DA:150,0
DA:151,0
DA:154,0
DA:158,0
DA:159,0
DA:160,0
DA:165,0
DA:166,0
DA:167,0
DA:170,0
DA:171,0
DA:172,0
DA:175,0
DA:176,0
DA:177,0
DA:180,0
DA:183,0
DA:184,0
DA:188,0
DA:189,0
DA:190,0
DA:191,0
DA:194,0
DA:195,0
DA:196,0
DA:201,0
DA:202,0
DA:205,0
DA:206,0
DA:207,0
DA:211,0
DA:212,0
DA:260,0
DA:294,0
DA:297,0
DA:298,0
DA:299,0
LF:104
LH:0
BRDA:15,0,0,0
BRDA:16,1,0,0
BRDA:23,2,0,0
BRDA:60,3,0,0
BRDA:60,4,0,0
BRDA:60,4,1,0
BRDA:71,5,0,0
BRDA:77,6,0,0
BRDA:77,7,0,0
BRDA:77,7,1,0
BRDA:82,8,0,0
BRDA:87,9,0,0
BRDA:88,10,0,0
BRDA:88,10,1,0
BRDA:95,11,0,0
BRDA:95,12,0,0
BRDA:95,12,1,0
BRDA:101,13,0,0
BRDA:109,14,0,0
BRDA:132,15,0,0
BRDA:132,16,0,0
BRDA:132,16,1,0
BRDA:140,17,0,0
BRDA:140,18,0,0
BRDA:140,18,1,0
BRDA:145,19,0,0
BRDA:159,20,0,0
BRDA:159,21,0,0
BRDA:159,21,1,0
BRDA:166,22,0,0
BRDA:171,23,0,0
BRDA:176,24,0,0
BRDA:188,25,0,0
BRDA:188,25,1,0
BRDA:189,26,0,0
BRDA:194,27,0,0
BRDA:206,28,0,0
BRDA:211,29,0,0
BRDA:229,30,0,0
BRDA:229,30,1,0
BRDA:247,31,0,0
BRDA:247,31,1,0
BRDA:250,32,0,0
BRDA:250,32,1,0
BRDA:253,33,0,0
BRDA:253,33,1,0
BRDA:256,34,0,0
BRDA:256,34,1,0
BRDA:257,35,0,0
BRDA:257,35,1,0
BRDA:276,36,0,0
BRDA:312,37,0,0
BRF:52
BRH:0
end_of_record
TN:
SF:components\layout\index.ts
FNF:0
FNH:0
DA:2,0
DA:3,0
DA:4,0
DA:5,0
DA:6,0
DA:7,0
LF:6
LH:0
BRF:0
BRH:0
end_of_record
TN:
SF:components\layout\Navigation\DesktopNavigation.tsx
FN:16,DesktopNavigation
FN:34,(anonymous_6)
FN:36,(anonymous_7)
FNF:3
FNH:0
FNDA:0,DesktopNavigation
FNDA:0,(anonymous_6)
FNDA:0,(anonymous_7)
DA:3,0
DA:4,0
DA:5,0
DA:13,0
DA:14,0
DA:16,0
DA:35,0
DA:37,0
DA:42,0
LF:9
LH:0
BRDA:37,0,0,0
BRDA:37,0,1,0
BRDA:48,1,0,0
BRDA:57,2,0,0
BRF:4
BRH:0
end_of_record
TN:
SF:components\layout\Navigation\InstructorDropdown.tsx
FN:9,InstructorDropdown
FN:14,(anonymous_6)
FN:21,(anonymous_7)
FN:26,(anonymous_8)
FN:27,(anonymous_9)
FN:32,(anonymous_10)
FN:37,(anonymous_11)
FN:50,(anonymous_12)
FN:51,(anonymous_13)
FN:63,(anonymous_14)
FN:71,(anonymous_15)
FN:72,(anonymous_16)
FN:122,(anonymous_17)
FN:133,(anonymous_18)
FNF:14
FNH:0
FNDA:0,InstructorDropdown
FNDA:0,(anonymous_6)
FNDA:0,(anonymous_7)
FNDA:0,(anonymous_8)
FNDA:0,(anonymous_9)
FNDA:0,(anonymous_10)
FNDA:0,(anonymous_11)
FNDA:0,(anonymous_12)
FNDA:0,(anonymous_13)
FNDA:0,(anonymous_14)
FNDA:0,(anonymous_15)
FNDA:0,(anonymous_16)
FNDA:0,(anonymous_17)
FNDA:0,(anonymous_18)
DA:3,0
DA:4,0
DA:5,0
DA:6,0
DA:7,0
DA:9,0
DA:10,0
DA:11,0
DA:12,0
DA:14,0
DA:15,0
DA:16,0
DA:17,0
DA:21,0
DA:22,0
DA:23,0
DA:26,0
DA:27,0
DA:28,0
DA:32,0
DA:33,0
DA:36,0
DA:38,0
DA:39,0
DA:40,0
DA:42,0
DA:43,0
DA:50,0
DA:51,0
DA:52,0
DA:56,0
DA:60,0
DA:61,0
DA:63,0
DA:64,0
DA:65,0
DA:71,0
DA:72,0
DA:73,0
DA:74,0
DA:123,0
DA:128,0
DA:133,0
LF:43
LH:0
BRDA:15,0,0,0
BRDA:38,1,0,0
BRDA:38,2,0,0
BRDA:38,2,1,0
BRDA:42,3,0,0
BRDA:52,4,0,0
BRDA:53,5,0,0
BRDA:53,5,1,0
BRDA:60,6,0,0
BRDA:64,7,0,0
BRDA:73,8,0,0
BRDA:103,9,0,0
BRDA:103,9,1,0
BRDA:118,10,0,0
BRDA:123,11,0,0
BRDA:123,11,1,0
BRDA:135,12,0,0
BRDA:144,13,0,0
BRF:18
BRH:0
end_of_record
TN:
SF:components\layout\Navigation\MobileNavigation.tsx
FN:17,MobileNavigation
FN:28,(anonymous_6)
FN:33,(anonymous_7)
FN:34,(anonymous_8)
FN:37,(anonymous_9)
FN:43,(anonymous_10)
FN:65,(anonymous_11)
FN:87,(anonymous_12)
FN:95,(anonymous_13)
FN:107,(anonymous_14)
FN:108,(anonymous_15)
FN:116,(anonymous_16)
FN:126,(anonymous_17)
FN:153,(anonymous_18)
FN:167,(anonymous_19)
FN:168,(anonymous_20)
FN:199,(anonymous_21)
FN:212,(anonymous_22)
FNF:18
FNH:0
FNDA:0,MobileNavigation
FNDA:0,(anonymous_6)
FNDA:0,(anonymous_7)
FNDA:0,(anonymous_8)
FNDA:0,(anonymous_9)
FNDA:0,(anonymous_10)
FNDA:0,(anonymous_11)
FNDA:0,(anonymous_12)
FNDA:0,(anonymous_13)
FNDA:0,(anonymous_14)
FNDA:0,(anonymous_15)
FNDA:0,(anonymous_16)
FNDA:0,(anonymous_17)
FNDA:0,(anonymous_18)
FNDA:0,(anonymous_19)
FNDA:0,(anonymous_20)
FNDA:0,(anonymous_21)
FNDA:0,(anonymous_22)
DA:3,0
DA:4,0
DA:5,0
DA:6,0
DA:7,0
DA:17,0
DA:24,0
DA:25,0
DA:26,0
DA:28,0
DA:29,0
DA:30,0
DA:33,0
DA:34,0
DA:37,0
DA:38,0
DA:39,0
DA:43,0
DA:45,0
DA:48,0
DA:49,0
DA:50,0
DA:52,0
DA:53,0
DA:56,0
DA:57,0
DA:62,0
DA:65,0
DA:66,0
DA:67,0
DA:68,0
DA:69,0
DA:70,0
DA:71,0
DA:72,0
DA:76,0
DA:77,0
DA:78,0
DA:81,0
DA:84,0
DA:87,0
DA:88,0
DA:89,0
DA:92,0
DA:95,0
DA:96,0
DA:97,0
DA:99,0
DA:100,0
DA:102,0
DA:107,0
DA:108,0
DA:109,0
DA:111,0
DA:115,0
DA:116,0
DA:126,0
DA:153,0
DA:167,0
DA:169,0
DA:199,0
DA:213,0
LF:62
LH:0
BRDA:34,0,0,0
BRDA:34,0,1,0
BRDA:45,1,0,0
BRDA:45,1,1,0
BRDA:52,2,0,0
BRDA:52,3,0,0
BRDA:52,3,1,0
BRDA:66,4,0,0
BRDA:67,5,0,0
BRDA:67,5,1,0
BRDA:67,6,0,0
BRDA:67,6,1,0
BRDA:70,7,0,0
BRDA:70,8,0,0
BRDA:70,8,1,0
BRDA:76,9,0,0
BRDA:88,10,0,0
BRDA:88,11,0,0
BRDA:88,11,1,0
BRDA:96,12,0,0
BRDA:99,13,0,0
BRDA:109,14,0,0
BRDA:129,15,0,0
BRDA:129,15,1,0
BRDA:132,16,0,0
BRDA:140,17,0,0
BRDA:160,18,0,0
BRDA:160,18,1,0
BRDA:164,19,0,0
BRDA:206,20,0,0
BRDA:206,20,1,0
BRDA:210,21,0,0
BRDA:241,22,0,0
BRDA:246,23,0,0
BRF:34
BRH:0
end_of_record
TN:
SF:components\layout\Navigation\index.ts
FNF:0
FNH:0
DA:1,0
DA:2,0
DA:3,0
LF:3
LH:0
BRF:0
BRH:0
end_of_record
TN:
SF:components\providers\AnalyticsErrorBoundary.tsx
FN:21,(anonymous_3)
FN:26,(anonymous_4)
FN:33,(anonymous_5)
FN:47,(anonymous_6)
FN:90,withAnalyticsErrorBoundary
FN:94,AnalyticsErrorBoundaryWrapper
FNF:6
FNH:0
FNDA:0,(anonymous_3)
FNDA:0,(anonymous_4)
FNDA:0,(anonymous_5)
FNDA:0,(anonymous_6)
FNDA:0,withAnalyticsErrorBoundary
FNDA:0,AnalyticsErrorBoundaryWrapper
DA:3,0
DA:4,0
DA:20,0
DA:22,0
DA:23,0
DA:27,0
DA:35,0
DA:42,0
DA:48,0
DA:50,0
DA:51,0
DA:55,0
DA:56,0
DA:83,0
DA:90,0
DA:94,0
LF:16
LH:0
BRDA:42,0,0,0
BRDA:48,1,0,0
BRDA:50,2,0,0
BRDA:55,3,0,0
BRF:4
BRH:0
end_of_record
TN:
SF:components\providers\PostHogProvider.tsx
FN:13,PostHogProvider
FN:16,(anonymous_2)
FN:17,(anonymous_3)
FN:44,(anonymous_4)
FNF:4
FNH:0
FNDA:0,PostHogProvider
FNDA:0,(anonymous_2)
FNDA:0,(anonymous_3)
FNDA:0,(anonymous_4)
DA:3,0
DA:4,0
DA:5,0
DA:6,0
DA:7,0
DA:13,0
DA:14,0
DA:16,0
DA:17,0
DA:18,0
DA:20,0
DA:21,0
DA:25,0
DA:26,0
DA:27,0
DA:28,0
DA:33,0
DA:37,0
DA:42,0
DA:44,0
DA:45,0
DA:46,0
DA:47,0
DA:48,0
DA:50,0
DA:55,0
DA:62,0
DA:63,0
DA:68,0
DA:72,0
DA:73,0
LF:31
LH:0
BRDA:20,0,0,0
BRDA:26,1,0,0
BRDA:26,2,0,0
BRDA:26,2,1,0
BRDA:27,3,0,0
BRDA:42,4,0,0
BRDA:47,5,0,0
BRDA:47,5,1,0
BRDA:72,6,0,0
BRDA:72,7,0,0
BRDA:72,7,1,0
BRF:11
BRH:0
end_of_record
TN:
SF:components\providers\ThemeProvider.tsx
FN:6,ThemeProvider
FNF:1
FNH:0
FNDA:0,ThemeProvider
DA:3,0
DA:6,0
LF:2
LH:0
BRF:0
BRH:0
end_of_record
TN:
SF:components\sections\BenefitErrorBoundary.tsx
FN:84,(anonymous_6)
FN:91,(anonymous_7)
FN:116,(anonymous_8)
FN:122,(anonymous_9)
FNF:4
FNH:0
FNDA:0,(anonymous_6)
FNDA:0,(anonymous_7)
FNDA:0,(anonymous_8)
FNDA:0,(anonymous_9)
DA:3,0
DA:4,0
DA:5,0
DA:6,0
DA:7,0
DA:84,0
DA:92,0
DA:94,0
DA:95,0
DA:96,0
DA:116,0
DA:123,0
DA:125,0
DA:126,0
DA:127,0
LF:15
LH:0
BRDA:33,0,0,0
BRDA:66,1,0,0
BRDA:86,2,0,0
BRDA:94,3,0,0
BRDA:94,4,0,0
BRDA:94,4,1,0
BRDA:125,5,0,0
BRDA:125,6,0,0
BRDA:125,6,1,0
BRF:9
BRH:0
end_of_record
TN:
SF:components\sections\BenefitZipperList.tsx
FN:254,(anonymous_7)
FN:260,(anonymous_8)
FN:294,(anonymous_9)
FN:304,(anonymous_10)
FN:317,(anonymous_11)
FN:324,(anonymous_12)
FN:363,(anonymous_13)
FN:397,(anonymous_14)
FN:415,(anonymous_15)
FN:459,(anonymous_16)
FN:467,(anonymous_17)
FNF:11
FNH:0
FNDA:0,(anonymous_7)
FNDA:0,(anonymous_8)
FNDA:0,(anonymous_9)
FNDA:0,(anonymous_10)
FNDA:0,(anonymous_11)
FNDA:0,(anonymous_12)
FNDA:0,(anonymous_13)
FNDA:0,(anonymous_14)
FNDA:0,(anonymous_15)
FNDA:0,(anonymous_16)
FNDA:0,(anonymous_17)
DA:3,0
DA:4,0
DA:13,0
DA:15,0
DA:16,0
DA:17,0
DA:21,0
DA:26,0
DA:169,0
DA:247,0
DA:255,0
DA:256,0
DA:260,0
DA:261,0
DA:293,0
DA:302,0
DA:303,0
DA:304,0
DA:309,0
DA:316,0
DA:318,0
DA:323,0
DA:325,0
DA:364,0
DA:366,0
DA:388,0
DA:407,0
DA:415,0
DA:416,0
DA:417,0
DA:421,0
DA:422,0
DA:460,0
DA:468,0
DA:513,0
DA:514,0
DA:515,0
DA:516,0
DA:517,0
DA:518,0
LF:40
LH:0
BRDA:36,0,0,0
BRDA:36,1,0,0
BRDA:79,2,0,0
BRDA:79,3,0,0
BRDA:115,4,0,0
BRDA:115,5,0,0
BRDA:256,6,0,0
BRDA:256,6,1,0
BRDA:266,7,0,0
BRDA:266,7,1,0
BRDA:268,8,0,0
BRDA:268,8,1,0
BRDA:268,9,0,0
BRDA:268,9,1,0
BRDA:271,10,0,0
BRDA:271,10,1,0
BRDA:278,11,0,0
BRDA:278,11,1,0
BRDA:279,12,0,0
BRDA:279,12,1,0
BRDA:295,13,0,0
BRDA:296,14,0,0
BRDA:297,15,0,0
BRDA:300,16,0,0
BRDA:302,17,0,0
BRDA:302,17,1,0
BRDA:338,18,0,0
BRDA:338,18,1,0
BRDA:343,19,0,0
BRDA:343,19,1,0
BRDA:344,20,0,0
BRDA:344,20,1,0
BRDA:416,21,0,0
BRDA:422,22,0,0
BRDA:422,22,1,0
BRDA:429,23,0,0
BRDA:429,23,1,0
BRDA:431,24,0,0
BRDA:431,24,1,0
BRDA:431,25,0,0
BRDA:431,25,1,0
BRDA:434,26,0,0
BRDA:434,26,1,0
BRDA:440,27,0,0
BRDA:440,27,1,0
BRDA:443,28,0,0
BRDA:443,28,1,0
BRDA:448,29,0,0
BRDA:448,29,1,0
BRDA:477,30,0,0
BRDA:477,30,1,0
BRDA:479,31,0,0
BRDA:479,31,1,0
BRDA:484,32,0,0
BRDA:484,32,1,0
BRDA:488,33,0,0
BRDA:488,33,1,0
BRDA:489,34,0,0
BRDA:489,34,1,0
BRDA:499,35,0,0
BRDA:499,35,1,0
BRF:61
BRH:0
end_of_record
TN:
SF:components\sections\FeaturesSection.tsx
FN:64,FeaturesSection
FN:80,(anonymous_3)
FNF:2
FNH:0
FNDA:0,FeaturesSection
FNDA:0,(anonymous_3)
DA:1,0
DA:10,0
DA:11,0
DA:13,0
DA:64,0
DA:81,0
LF:6
LH:0
BRF:0
BRH:0
end_of_record
TN:
SF:components\sections\HeroSection.tsx
FN:5,HeroSection
FNF:1
FNH:0
FNDA:0,HeroSection
DA:1,0
DA:2,0
DA:3,0
DA:5,0
LF:4
LH:0
BRF:0
BRH:0
end_of_record
TN:
SF:components\sections\PremiumCTA.tsx
FN:9,PremiumCTA
FNF:1
FNH:0
FNDA:0,PremiumCTA
DA:3,0
DA:4,0
DA:5,0
DA:6,0
DA:7,0
DA:9,0
LF:6
LH:0
BRF:0
BRH:0
end_of_record
TN:
SF:components\sections\PricingSection.tsx
FN:44,(anonymous_5)
FN:52,PricingSection
FN:58,(anonymous_7)
FN:67,(anonymous_8)
FN:79,(anonymous_9)
FN:93,(anonymous_10)
FN:108,(anonymous_11)
FN:110,(anonymous_12)
FN:147,(anonymous_13)
FN:155,(anonymous_14)
FN:171,(anonymous_15)
FN:241,(anonymous_16)
FN:259,(anonymous_17)
FN:289,(anonymous_18)
FN:354,(anonymous_19)
FN:395,(anonymous_20)
FN:426,FeatureComparisonTable
FN:429,(anonymous_22)
FN:457,(anonymous_23)
FN:472,(anonymous_24)
FN:482,(anonymous_25)
FNF:21
FNH:0
FNDA:0,(anonymous_5)
FNDA:0,PricingSection
FNDA:0,(anonymous_7)
FNDA:0,(anonymous_8)
FNDA:0,(anonymous_9)
FNDA:0,(anonymous_10)
FNDA:0,(anonymous_11)
FNDA:0,(anonymous_12)
FNDA:0,(anonymous_13)
FNDA:0,(anonymous_14)
FNDA:0,(anonymous_15)
FNDA:0,(anonymous_16)
FNDA:0,(anonymous_17)
FNDA:0,(anonymous_18)
FNDA:0,(anonymous_19)
FNDA:0,(anonymous_20)
FNDA:0,FeatureComparisonTable
FNDA:0,(anonymous_22)
FNDA:0,(anonymous_23)
FNDA:0,(anonymous_24)
FNDA:0,(anonymous_25)
DA:3,0
DA:4,0
DA:15,0
DA:16,0
DA:17,0
DA:18,0
DA:19,0
DA:22,0
DA:30,0
DA:31,0
DA:36,0
DA:44,0
DA:45,0
DA:46,0
DA:48,0
DA:49,0
DA:52,0
DA:53,0
DA:56,0
DA:58,0
DA:59,0
DA:66,0
DA:68,0
DA:69,0
DA:70,0
DA:79,0
DA:80,0
DA:81,0
DA:85,0
DA:93,0
DA:94,0
DA:99,0
DA:100,0
DA:101,0
DA:102,0
DA:104,0
DA:108,0
DA:109,0
DA:111,0
DA:112,0
DA:147,0
DA:155,0
DA:172,0
DA:173,0
DA:242,0
DA:259,0
DA:290,0
DA:355,0
DA:395,0
DA:427,0
DA:429,0
DA:430,0
DA:458,0
DA:473,0
DA:483,0
LF:55
LH:0
BRDA:44,0,0,0
BRDA:45,1,0,0
BRDA:49,2,0,0
BRDA:49,2,1,0
BRDA:68,3,0,0
BRDA:80,4,0,0
BRDA:80,5,0,0
BRDA:80,5,1,0
BRDA:81,6,0,0
BRDA:81,6,1,0
BRDA:85,7,0,0
BRDA:85,7,1,0
BRDA:85,8,0,0
BRDA:85,8,1,0
BRDA:87,9,0,0
BRDA:87,9,1,0
BRDA:94,10,0,0
BRDA:95,11,0,0
BRDA:95,11,1,0
BRDA:95,11,2,0
BRDA:145,12,0,0
BRDA:145,12,1,0
BRDA:153,13,0,0
BRDA:153,13,1,0
BRDA:159,14,0,0
BRDA:182,15,0,0
BRDA:182,15,1,0
BRDA:186,16,0,0
BRDA:198,17,0,0
BRDA:198,17,1,0
BRDA:209,18,0,0
BRDA:220,19,0,0
BRDA:222,20,0,0
BRDA:222,20,1,0
BRDA:228,21,0,0
BRDA:228,21,1,0
BRDA:247,22,0,0
BRDA:255,23,0,0
BRDA:255,23,1,0
BRDA:257,24,0,0
BRDA:257,24,1,0
BRDA:298,25,0,0
BRDA:298,25,1,0
BRDA:301,26,0,0
BRDA:307,27,0,0
BRDA:318,28,0,0
BRDA:323,29,0,0
BRDA:366,30,0,0
BRDA:366,30,1,0
BRDA:371,31,0,0
BRDA:371,31,1,0
BRDA:399,32,0,0
BRDA:399,32,1,0
BRDA:405,33,0,0
BRDA:430,34,0,0
BRDA:432,35,0,0
BRDA:461,36,0,0
BRF:57
BRH:0
end_of_record
TN:
SF:components\ui\BackgroundShapes.tsx
FN:11,BackgroundShapes
FNF:1
FNH:0
FNDA:0,BackgroundShapes
DA:3,0
DA:4,0
DA:11,0
DA:15,0
DA:17,0
DA:94,0
DA:194,0
DA:208,0
LF:8
LH:0
BRDA:12,0,0,0
BRDA:13,1,0,0
BRDA:17,2,0,0
BRDA:94,3,0,0
BRDA:194,4,0,0
BRF:5
BRH:0
end_of_record
TN:
SF:components\ui\Button.tsx
FN:14,(anonymous_4)
FNF:1
FNH:1
FNDA:92,(anonymous_4)
DA:1,1
DA:2,1
DA:3,1
DA:13,1
DA:27,92
DA:29,92
DA:42,92
DA:62,1
DA:64,92
LF:9
LH:9
BRDA:17,0,0,21
BRDA:18,1,0,21
BRDA:19,2,0,71
BRDA:52,3,0,92
BRDA:52,3,1,74
BRDA:55,4,0,92
BRF:6
BRH:6
end_of_record
TN:
SF:components\ui\Card.tsx
FN:11,(anonymous_9)
FNF:1
FNH:0
FNDA:0,(anonymous_9)
DA:1,0
DA:2,0
DA:10,0
DA:12,0
DA:19,0
DA:43,0
DA:56,0
DA:71,0
DA:80,0
DA:93,0
DA:95,0
LF:11
LH:0
BRDA:11,0,0,0
BRDA:11,1,0,0
BRF:2
BRH:0
end_of_record
TN:
SF:components\ui\ErrorMessage.tsx
FN:22,ErrorMessage
FN:132,FormError
FN:151,PageError
FN:193,InlineError
FNF:4
FNH:0
FNDA:0,ErrorMessage
FNDA:0,FormError
FNDA:0,PageError
FNDA:0,InlineError
DA:6,0
DA:7,0
DA:8,0
DA:9,0
DA:22,0
DA:32,0
DA:33,0
DA:36,0
DA:38,0
DA:44,0
DA:50,0
DA:132,0
DA:151,0
DA:164,0
DA:172,0
DA:173,0
DA:193,0
DA:194,0
DA:195,0
LF:19
LH:0
BRDA:25,0,0,0
BRDA:26,1,0,0
BRDA:30,2,0,0
BRDA:32,3,0,0
BRDA:67,4,0,0
BRDA:75,5,0,0
BRDA:78,6,0,0
BRDA:78,6,1,0
BRDA:80,7,0,0
BRDA:90,8,0,0
BRDA:104,9,0,0
BRDA:110,10,0,0
BRDA:110,10,1,0
BRDA:111,11,0,0
BRDA:111,11,1,0
BRDA:112,12,0,0
BRDA:112,12,1,0
BRDA:153,13,0,0
BRDA:165,14,0,0
BRDA:165,14,1,0
BRDA:172,15,0,0
BRDA:194,16,0,0
BRF:22
BRH:0
end_of_record
TN:
SF:components\ui\Input.tsx
FN:12,(anonymous_4)
FNF:1
FNH:0
FNDA:0,(anonymous_4)
DA:1,0
DA:2,0
DA:11,0
DA:16,0
DA:17,0
DA:56,0
DA:58,0
LF:7
LH:0
BRDA:13,0,0,0
BRDA:17,1,0,0
BRDA:17,1,1,0
BRDA:21,2,0,0
BRDA:35,3,0,0
BRDA:35,3,1,0
BRDA:43,4,0,0
BRDA:48,5,0,0
BRDA:48,5,1,0
BRF:9
BRH:0
end_of_record
TN:
SF:components\ui\LazyMotion.tsx
FN:15,LazyMotionWrapper
FNF:1
FNH:0
FNDA:0,LazyMotionWrapper
DA:3,0
DA:15,0
DA:30,0
DA:44,0
LF:4
LH:0
BRF:0
BRH:0
end_of_record
TN:
SF:components\ui\LoadingSpinner.tsx
FN:12,(anonymous_4)
FNF:1
FNH:0
FNDA:0,(anonymous_4)
DA:1,0
DA:2,0
DA:3,0
DA:11,0
DA:13,0
DA:32,0
DA:34,0
LF:7
LH:0
BRDA:12,0,0,0
BRDA:26,1,0,0
BRF:2
BRH:0
end_of_record
TN:
SF:components\ui\LoadingState.tsx
FN:21,LoadingState
FN:77,PageLoading
FN:103,InlineLoading
FN:130,ButtonLoading
FN:162,Skeleton
FN:188,SkeletonText
FN:191,(anonymous_16)
FN:207,SkeletonCard
FN:235,withLoading
FN:238,(anonymous_19)
FNF:10
FNH:0
FNDA:0,LoadingState
FNDA:0,PageLoading
FNDA:0,InlineLoading
FNDA:0,ButtonLoading
FNDA:0,Skeleton
FNDA:0,SkeletonText
FNDA:0,(anonymous_16)
FNDA:0,SkeletonCard
FNDA:0,withLoading
FNDA:0,(anonymous_19)
DA:6,0
DA:7,0
DA:8,0
DA:21,0
DA:31,0
DA:32,0
DA:33,0
DA:34,0
DA:39,0
DA:58,0
DA:77,0
DA:103,0
DA:109,0
DA:130,0
DA:162,0
DA:188,0
DA:192,0
DA:207,0
DA:235,0
DA:238,0
DA:246,0
DA:248,0
DA:249,0
DA:252,0
DA:253,0
DA:254,0
DA:255,0
DA:256,0
DA:280,0
DA:284,0
LF:30
LH:0
BRDA:25,0,0,0
BRDA:29,1,0,0
BRDA:31,2,0,0
BRDA:31,3,0,0
BRDA:31,3,1,0
BRDA:33,4,0,0
BRDA:39,5,0,0
BRDA:44,6,0,0
BRDA:58,7,0,0
BRDA:63,8,0,0
BRDA:78,9,0,0
BRDA:106,10,0,0
BRDA:109,11,0,0
BRDA:141,12,0,0
BRDA:141,12,1,0
BRDA:144,13,0,0
BRDA:144,13,1,0
BRDA:149,14,0,0
BRDA:150,15,0,0
BRDA:150,15,1,0
BRDA:150,16,0,0
BRDA:150,16,1,0
BRDA:166,17,0,0
BRDA:172,18,0,0
BRDA:172,18,1,0
BRDA:176,19,0,0
BRDA:176,19,1,0
BRDA:177,20,0,0
BRDA:177,20,1,0
BRDA:188,21,0,0
BRDA:195,22,0,0
BRDA:195,22,1,0
BRDA:208,23,0,0
BRDA:213,24,0,0
BRDA:243,25,0,0
BRDA:248,26,0,0
BRDA:248,27,0,0
BRDA:248,27,1,0
BRDA:252,28,0,0
BRDA:253,29,0,0
BRDA:255,30,0,0
BRDA:264,31,0,0
BRDA:281,32,0,0
BRDA:281,32,1,0
BRF:44
BRH:0
end_of_record
TN:
SF:components\ui\Modal.tsx
FN:15,(anonymous_4)
FN:25,(anonymous_5)
FN:27,(anonymous_6)
FN:30,(anonymous_7)
FN:31,(anonymous_8)
FN:42,(anonymous_9)
FNF:6
FNH:0
FNDA:0,(anonymous_4)
FNDA:0,(anonymous_5)
FNDA:0,(anonymous_6)
FNDA:0,(anonymous_7)
FNDA:0,(anonymous_8)
FNDA:0,(anonymous_9)
DA:1,0
DA:2,0
DA:3,0
DA:4,0
DA:15,0
DA:23,0
DA:25,0
DA:26,0
DA:27,0
DA:30,0
DA:31,0
DA:32,0
DA:33,0
DA:37,0
DA:38,0
DA:39,0
DA:42,0
DA:43,0
DA:44,0
DA:48,0
DA:49,0
DA:52,0
DA:107,0
DA:110,0
LF:24
LH:0
BRDA:20,0,0,0
BRDA:21,1,0,0
BRDA:32,2,0,0
BRDA:37,3,0,0
BRDA:48,4,0,0
BRDA:48,5,0,0
BRDA:48,5,1,0
BRDA:76,6,0,0
BRDA:76,6,1,0
BRDA:79,7,0,0
BRDA:79,7,1,0
BRDA:81,8,0,0
BRDA:89,9,0,0
BRF:13
BRH:0
end_of_record
TN:
SF:components\ui\PremiumButton.tsx
FN:24,(anonymous_2)
FNF:1
FNH:0
FNDA:0,(anonymous_2)
DA:3,0
DA:4,0
DA:5,0
DA:23,0
DA:40,0
DA:49,0
DA:57,0
DA:117,0
LF:8
LH:0
BRDA:26,0,0,0
BRDA:27,1,0,0
BRDA:28,2,0,0
BRDA:31,3,0,0
BRDA:32,4,0,0
BRDA:57,5,0,0
BRDA:57,5,1,0
BRDA:58,6,0,0
BRDA:58,6,1,0
BRDA:58,7,0,0
BRDA:58,7,1,0
BRDA:66,8,0,0
BRDA:66,8,1,0
BRDA:66,9,0,0
BRDA:66,9,1,0
BRDA:67,10,0,0
BRDA:67,10,1,0
BRDA:67,11,0,0
BRDA:67,11,1,0
BRDA:74,12,0,0
BRDA:74,12,1,0
BRDA:80,13,0,0
BRDA:80,13,1,0
BRDA:84,14,0,0
BRDA:91,15,0,0
BRDA:101,16,0,0
BRF:26
BRH:0
end_of_record
TN:
SF:components\ui\badge.tsx
FN:29,Badge
FNF:1
FNH:0
FNDA:0,Badge
DA:1,0
DA:2,0
DA:3,0
DA:5,0
DA:35,0
LF:5
LH:0
BRF:0
BRH:0
end_of_record
TN:
SF:components\ui\index.ts
FNF:0
FNH:0
DA:2,0
DA:3,0
DA:4,0
DA:5,0
DA:6,0
DA:8,0
DA:9,0
DA:10,0
DA:11,0
DA:12,0
DA:14,0
DA:15,0
DA:16,0
DA:17,0
DA:18,0
DA:19,0
DA:20,0
DA:21,0
DA:22,0
DA:24,0
DA:25,0
DA:26,0
DA:27,0
DA:28,0
DA:29,0
DA:30,0
DA:31,0
DA:32,0
DA:33,0
DA:34,0
LF:30
LH:0
BRF:0
BRH:0
end_of_record
TN:
SF:components\ui\navigation-menu.tsx
FNF:0
FNH:0
DA:1,0
DA:2,0
DA:3,0
DA:5,0
DA:23,0
DA:38,0
DA:40,0
DA:42,0
DA:76,0
DA:91,0
DA:93,0
DA:110,0
DA:128,0
DA:132,0
DA:133,0
DA:134,0
DA:135,0
DA:136,0
DA:137,0
DA:138,0
DA:139,0
DA:140,0
LF:22
LH:0
BRF:0
BRH:0
end_of_record
TN:
SF:coverage-extractor\lcov-report\block-navigation.js
FN:2,init
FN:24,toggleClass
FN:31,makeCurrent
FN:41,goToPrevious
FN:52,goToNext
FN:65,jump
FNF:6
[...]
LF:28
LH:0
BRDA:11,0,0,0
BRDA:14,1,0,0
BRDA:15,2,0,0
BRDA:16,3,0,0
BRDA:17,4,0,0
BRDA:26,5,0,0
BRDA:31,6,0,0
BRDA:39,7,0,0
BRDA:44,8,0,0
BRDA:44,8,1,0
BRDA:44,9,0,0
BRDA:44,9,1,0
BRDA:44,9,2,0
BRDA:46,10,0,0
BRDA:49,11,0,0
BRF:15
BRH:0
end_of_record
TN:
SF:lib\hooks\useMediaQuery.ts
FN:10,useMediaQuery
FN:13,(anonymous_4)
FN:25,(anonymous_5)
FN:38,(anonymous_6)
FN:53,useResponsive
FNF:5
FNH:0
FNDA:0,useMediaQuery
FNDA:0,(anonymous_4)
FNDA:0,(anonymous_5)
FNDA:0,(anonymous_6)
FNDA:0,useResponsive
DA:3,0
DA:10,0
DA:11,0
DA:13,0
DA:15,0
DA:16,0
DA:19,0
DA:22,0
DA:25,0
DA:26,0
DA:30,0
DA:31,0
DA:34,0
DA:38,0
DA:39,0
DA:40,0
DA:42,0
DA:47,0
DA:53,0
DA:54,0
DA:55,0
DA:56,0
DA:58,0
LF:23
LH:0
BRDA:15,0,0,0
BRDA:30,1,0,0
BRDA:30,1,1,0
BRDA:39,2,0,0
BRDA:39,2,1,0
BRDA:62,3,0,0
BRDA:62,3,1,0
BRF:7
BRH:0
end_of_record
TN:
SF:lib\security\fileUpload.ts
FN:9,(anonymous_3)
FN:12,(anonymous_4)
FN:61,(anonymous_5)
FN:111,(anonymous_6)
FN:117,(anonymous_7)
FN:133,(anonymous_8)
FN:190,(anonymous_9)
FN:217,(anonymous_10)
FN:269,(anonymous_11)
FN:291,(anonymous_12)
FN:304,(anonymous_13)
FN:308,(anonymous_14)
FN:322,(anonymous_15)
FN:336,(anonymous_16)
FN:350,(anonymous_17)
FN:359,(anonymous_18)
FN:373,(anonymous_19)
FN:381,(anonymous_20)
FN:401,(anonymous_21)
FN:423,(anonymous_22)
FN:441,(anonymous_23)
FNF:21
FNH:0
FNDA:0,(anonymous_3)
FNDA:0,(anonymous_4)
FNDA:0,(anonymous_5)
FNDA:0,(anonymous_6)
FNDA:0,(anonymous_7)
FNDA:0,(anonymous_8)
FNDA:0,(anonymous_9)
FNDA:0,(anonymous_10)
FNDA:0,(anonymous_11)
FNDA:0,(anonymous_12)
FNDA:0,(anonymous_13)
FNDA:0,(anonymous_14)
FNDA:0,(anonymous_15)
FNDA:0,(anonymous_16)
FNDA:0,(anonymous_17)
FNDA:0,(anonymous_18)
FNDA:0,(anonymous_19)
FNDA:0,(anonymous_20)
FNDA:0,(anonymous_21)
FNDA:0,(anonymous_22)
FNDA:0,(anonymous_23)
DA:1,2
DA:4,2
DA:9,0
DA:12,0
DA:27,0
DA:30,2
DA:45,2
DA:46,2
DA:49,2
DA:62,0
DA:67,0
DA:69,0
DA:70,0
DA:71,0
DA:75,0
DA:76,0
DA:77,0
DA:81,0
DA:82,0
DA:83,0
DA:87,0
DA:88,0
DA:89,0
DA:90,0
DA:93,0
DA:94,0
DA:98,0
DA:99,0
DA:101,0
DA:112,0
DA:113,0
DA:114,0
DA:116,0
DA:117,0
DA:118,0
DA:123,0
DA:134,0
DA:135,0
DA:136,0
DA:139,0
DA:141,0
DA:144,0
DA:145,0
DA:147,0
DA:151,0
DA:152,0
DA:154,0
DA:158,0
DA:159,0
DA:161,0
DA:164,0
DA:171,0
DA:173,0
DA:175,0
DA:180,0
DA:191,0
DA:193,0
DA:194,0
DA:195,0
DA:198,0
DA:199,0
DA:200,0
DA:207,0
DA:210,0
DA:218,0
DA:220,0
DA:221,0
DA:222,0
DA:224,0
DA:227,0
DA:228,0
DA:235,0
DA:236,0
DA:240,0
DA:241,0
DA:245,0
DA:246,0
DA:250,0
DA:251,0
DA:254,0
DA:259,0
DA:274,0
DA:275,0
DA:282,0
DA:283,0
DA:291,0
DA:292,0
DA:294,0
DA:295,0
DA:303,0
DA:304,0
DA:308,0
DA:310,0
DA:326,0
DA:327,0
DA:337,0
DA:338,0
DA:344,0
DA:351,0
DA:352,0
DA:365,0
DA:366,0
DA:367,0
DA:374,0
DA:385,0
DA:386,0
DA:389,0
DA:390,0
DA:391,0
DA:395,0
DA:403,0
DA:404,0
DA:408,0
DA:409,0
DA:413,0
DA:414,0
DA:417,0
DA:425,0
DA:431,0
DA:432,0
DA:435,0
DA:442,0
LF:122
LH:6
BRDA:70,0,0,0
BRDA:76,1,0,0
BRDA:82,2,0,0
BRDA:87,3,0,0
BRDA:89,4,0,0
BRDA:93,5,0,0
BRDA:94,6,0,0
BRDA:94,6,1,0
BRDA:103,7,0,0
BRDA:103,7,1,0
BRDA:116,8,0,0
BRDA:141,9,0,0
BRDA:141,9,1,0
BRDA:141,9,2,0
BRDA:141,9,3,0
BRDA:144,10,0,0
BRDA:144,11,0,0
BRDA:144,11,1,0
BRDA:144,11,2,0
BRDA:144,11,3,0
BRDA:151,12,0,0
BRDA:151,13,0,0
BRDA:151,13,1,0
BRDA:151,13,2,0
BRDA:158,14,0,0
BRDA:158,15,0,0
BRDA:158,15,1,0
BRDA:158,15,2,0
BRDA:158,15,3,0
BRDA:182,16,0,0
BRDA:182,16,1,0
BRDA:199,17,0,0
BRDA:227,18,0,0
BRDA:235,19,0,0
BRDA:240,20,0,0
BRDA:245,21,0,0
BRDA:250,22,0,0
BRDA:256,23,0,0
BRDA:256,23,1,0
BRDA:261,24,0,0
BRDA:261,24,1,0
BRDA:274,25,0,0
BRDA:282,26,0,0
BRDA:294,27,0,0
BRDA:313,28,0,0
BRDA:313,28,1,0
BRDA:344,29,0,0
BRDA:344,29,1,0
BRDA:352,30,0,0
BRDA:352,30,1,0
BRDA:385,31,0,0
BRDA:390,32,0,0
BRDA:403,33,0,0
BRDA:408,34,0,0
BRDA:413,35,0,0
BRDA:431,36,0,0
BRF:56
BRH:0
end_of_record
TN:
SF:lib\seo\jsonld.ts
FN:10,createAcsCodeJsonLd
FN:45,createAcsCodeBreadcrumbJsonLd
FN:113,createJsonLdScript
FN:122,createAcsCodeJsonLdScripts
FN:135,truncateDescription
FN:157,createAcsCodeOgImageUrl
FN:171,createAcsCodeTwitterImageUrl
FNF:7
FNH:0
FNDA:0,createAcsCodeJsonLd
FNDA:0,createAcsCodeBreadcrumbJsonLd
FNDA:0,createJsonLdScript
FNDA:0,createAcsCodeJsonLdScripts
FNDA:0,truncateDescription
FNDA:0,createAcsCodeOgImageUrl
FNDA:0,createAcsCodeTwitterImageUrl
DA:5,0
DA:10,0
DA:11,0
DA:45,0
DA:48,0
DA:63,0
DA:66,0
DA:67,0
DA:76,0
DA:77,0
DA:86,0
DA:87,0
DA:96,0
DA:103,0
DA:113,0
DA:116,0
DA:122,0
DA:126,0
DA:135,0
DA:139,0
DA:140,0
DA:144,0
DA:145,0
DA:147,0
DA:148,0
DA:151,0
DA:157,0
DA:158,0
DA:165,0
DA:171,0
DA:172,0
DA:180,0
LF:32
LH:0
BRDA:5,0,0,0
BRDA:5,0,1,0
BRDA:18,1,0,0
BRDA:18,1,1,0
BRDA:23,2,0,0
BRDA:23,2,1,0
BRDA:28,3,0,0
BRDA:28,3,1,0
BRDA:33,4,0,0
BRDA:33,4,1,0
BRDA:33,4,2,0
BRDA:36,5,0,0
BRDA:36,5,1,0
BRDA:36,5,2,0
BRDA:66,6,0,0
BRDA:76,7,0,0
BRDA:86,8,0,0
BRDA:137,9,0,0
BRDA:139,10,0,0
BRDA:147,11,0,0
BRDA:161,12,0,0
BRDA:161,12,1,0
BRDA:162,13,0,0
BRDA:162,13,1,0
BRDA:175,14,0,0
BRDA:175,14,1,0
BRDA:176,15,0,0
BRDA:176,15,1,0
BRF:28
BRH:0
end_of_record
TN:
SF:lib\services\analysisService.ts
FN:26,(anonymous_1)
FN:32,(anonymous_2)
FN:39,(anonymous_3)
FN:81,(anonymous_4)
FN:103,(anonymous_5)
FN:120,(anonymous_6)
FN:142,(anonymous_7)
FN:172,(anonymous_8)
FN:199,(anonymous_9)
FN:223,(anonymous_10)
FN:248,(anonymous_11)
FN:272,(anonymous_12)
FN:287,(anonymous_13)
FNF:13
FNH:0
FNDA:0,(anonymous_1)
FNDA:0,(anonymous_2)
FNDA:0,(anonymous_3)
FNDA:0,(anonymous_4)
FNDA:0,(anonymous_5)
FNDA:0,(anonymous_6)
FNDA:0,(anonymous_7)
FNDA:0,(anonymous_8)
FNDA:0,(anonymous_9)
FNDA:0,(anonymous_10)
FNDA:0,(anonymous_11)
FNDA:0,(anonymous_12)
FNDA:0,(anonymous_13)
DA:23,0
DA:24,0
DA:32,0
DA:33,0
DA:36,0
DA:42,0
DA:45,0
DA:59,0
DA:60,0
DA:63,0
DA:64,0
DA:67,0
DA:71,0
DA:74,0
DA:75,0
DA:78,0
DA:85,0
DA:86,0
DA:87,0
DA:89,0
DA:90,0
DA:91,0
DA:96,0
DA:102,0
DA:104,0
DA:107,0
DA:108,0
DA:109,0
DA:114,0
DA:119,0
DA:120,0
DA:122,0
DA:123,0
DA:130,0
DA:136,0
DA:141,0
DA:142,0
DA:144,0
DA:145,0
DA:146,0
DA:147,0
DA:154,0
DA:173,0
DA:200,0
DA:224,0
DA:251,0
DA:273,0
DA:275,0
DA:277,0
DA:279,0
DA:281,0
DA:283,0
DA:288,0
DA:290,0
DA:292,0
DA:294,0
DA:296,0
DA:298,0
LF:58
LH:0
BRDA:59,0,0,0
BRDA:63,1,0,0
BRDA:63,2,0,0
BRDA:63,2,1,0
BRDA:67,3,0,0
BRDA:68,4,0,0
BRDA:68,4,1,0
BRDA:74,5,0,0
BRDA:102,6,0,0
BRDA:102,6,1,0
BRDA:119,7,0,0
BRDA:119,7,1,0
BRDA:141,8,0,0
BRDA:273,9,0,0
BRDA:273,9,1,0
BRDA:273,9,2,0
BRDA:273,9,3,0
BRDA:273,9,4,0
BRDA:288,10,0,0
BRDA:288,10,1,0
BRDA:288,10,2,0
BRDA:288,10,3,0
BRDA:288,10,4,0
BRF:23
BRH:0
end_of_record
TN:
SF:lib\utils\errorSanitization.ts
FN:5,sanitizeErrorMessage
FN:34,sanitizeStackTrace
FN:41,(anonymous_6)
FN:49,createSafeErrorReport
FNF:4
FNH:0
FNDA:0,sanitizeErrorMessage
FNDA:0,sanitizeStackTrace
FNDA:0,(anonymous_6)
FNDA:0,createSafeErrorReport
DA:5,0
DA:6,0
DA:7,0
DA:10,0
DA:34,0
DA:35,0
DA:36,0
DA:39,0
DA:41,0
DA:49,0
DA:50,0
LF:11
LH:0
BRDA:6,0,0,0
BRDA:35,1,0,0
BRDA:56,2,0,0
BRDA:56,2,1,0
BRF:4
BRH:0
end_of_record
TN:
SF:lib\utils\fileValidation.ts
FN:25,validateFile
FN:56,validateFileSignature
FN:152,validateFileList
FN:167,(anonymous_12)
FN:187,formatFileSize
FN:199,getFileExtension
FN:203,getFileTypeLabel
FN:218,hasUnsafeFileName
FN:227,(anonymous_17)
FN:230,sanitizeFileName
FNF:10
FNH:0
FNDA:0,validateFile
FNDA:0,validateFileSignature
FNDA:0,validateFileList
FNDA:0,(anonymous_12)
FNDA:0,formatFileSize
FNDA:0,getFileExtension
FNDA:0,getFileTypeLabel
FNDA:0,hasUnsafeFileName
FNDA:0,(anonymous_17)
FNDA:0,sanitizeFileName
DA:12,0
DA:25,0
DA:30,0
DA:31,0
DA:38,0
DA:39,0
DA:46,0
DA:47,0
DA:53,0
DA:56,0
DA:59,0
DA:60,0
DA:61,0
DA:64,0
DA:67,0
DA:74,0
DA:76,0
DA:81,0
DA:82,0
DA:84,0
DA:88,0
DA:99,0
DA:101,0
DA:105,0
DA:116,0
DA:118,0
DA:125,0
DA:126,0
DA:127,0
DA:128,0
DA:130,0
DA:139,0
DA:142,0
DA:145,0
DA:152,0
DA:159,0
DA:160,0
DA:161,0
DA:164,0
DA:165,0
DA:167,0
DA:175,0
DA:176,0
DA:177,0
DA:178,0
DA:180,0
DA:184,0
DA:187,0
DA:188,0
DA:189,0
DA:190,0
DA:193,0
DA:194,0
DA:196,0
DA:199,0
DA:200,0
DA:203,0
DA:204,0
DA:215,0
DA:220,0
DA:227,0
DA:230,0
DA:231,0
LF:63
LH:0
BRDA:27,0,0,0
BRDA:30,1,0,0
BRDA:38,2,0,0
BRDA:46,3,0,0
BRDA:64,4,0,0
BRDA:64,4,1,0
BRDA:64,4,2,0
BRDA:64,4,3,0
BRDA:64,4,4,0
BRDA:64,4,5,0
BRDA:64,4,6,0
BRDA:67,5,0,0
BRDA:68,6,0,0
BRDA:68,6,1,0
BRDA:68,6,2,0
BRDA:68,6,3,0
BRDA:68,6,4,0
BRDA:81,7,0,0
BRDA:81,8,0,0
BRDA:81,8,1,0
BRDA:81,8,2,0
BRDA:88,9,0,0
BRDA:89,10,0,0
BRDA:89,10,1,0
BRDA:89,10,2,0
BRDA:89,10,3,0
BRDA:89,10,4,0
BRDA:89,10,5,0
BRDA:89,10,6,0
BRDA:89,10,7,0
BRDA:89,10,8,0
BRDA:105,11,0,0
BRDA:106,12,0,0
BRDA:106,12,1,0
BRDA:106,12,2,0
BRDA:106,12,3,0
BRDA:106,12,4,0
BRDA:106,12,5,0
BRDA:106,12,6,0
BRDA:106,12,7,0
BRDA:106,12,8,0
BRDA:147,13,0,0
BRDA:147,13,1,0
BRDA:154,14,0,0
BRDA:164,15,0,0
BRDA:177,16,0,0
BRDA:177,16,1,0
BRDA:189,17,0,0
BRDA:196,18,0,0
BRDA:196,18,1,0
BRDA:200,19,0,0
BRDA:200,19,1,0
BRDA:215,20,0,0
BRDA:215,20,1,0
BRF:54
BRH:0
end_of_record
TN:
SF:lib\utils\logger.ts
FN:6,logError
FN:12,logWarn
FN:18,logInfo
FNF:3
FNH:0
FNDA:0,logError
FNDA:0,logWarn
FNDA:0,logInfo
DA:4,2
DA:6,0
DA:7,0
DA:8,0
DA:12,0
DA:13,0
DA:14,0
DA:18,0
DA:19,0
DA:20,0
LF:10
LH:1
BRDA:7,0,0,0
BRDA:13,1,0,0
BRDA:19,2,0,0
BRF:3
BRH:0
end_of_record
TN:
SF:lib\utils\performance-optimizations.ts
FN:11,createLazyComponent
FN:23,createLazyNamedComponent
FN:30,(anonymous_11)
FN:31,(anonymous_12)
FN:43,preloadComponent
FN:48,(anonymous_14)
FN:54,debounce
FN:60,(anonymous_16)
FN:62,(anonymous_17)
FN:69,throttle
FN:75,(anonymous_19)
FN:79,(anonymous_20)
FN:87,createIntersectionObserver
FN:105,addResourceHints
FN:113,(anonymous_23)
FN:124,logBundleSize
FNF:16
FNH:0
FNDA:0,createLazyComponent
FNDA:0,createLazyNamedComponent
FNDA:0,(anonymous_11)
FNDA:0,(anonymous_12)
FNDA:0,preloadComponent
FNDA:0,(anonymous_14)
FNDA:0,debounce
FNDA:0,(anonymous_16)
FNDA:0,(anonymous_17)
FNDA:0,throttle
FNDA:0,(anonymous_19)
FNDA:0,(anonymous_20)
FNDA:0,createIntersectionObserver
FNDA:0,addResourceHints
FNDA:0,(anonymous_23)
FNDA:0,logBundleSize
DA:6,0
DA:11,0
DA:14,0
DA:15,0
DA:17,0
DA:23,0
DA:30,0
DA:31,0
DA:35,0
DA:37,0
DA:43,0
DA:45,0
DA:48,0
DA:54,0
DA:60,0
DA:61,0
DA:62,0
DA:69,0
DA:75,0
DA:76,0
DA:77,0
DA:78,0
DA:79,0
DA:87,0
DA:91,0
DA:92,0
DA:95,0
DA:105,0
DA:106,0
DA:107,0
DA:111,0
DA:113,0
DA:114,0
DA:115,0
DA:116,0
DA:117,0
DA:124,0
DA:125,0
DA:126,0
DA:129,0
DA:130,0
DA:131,0
DA:132,0
DA:134,0
LF:44
LH:0
BRDA:16,0,0,0
BRDA:16,0,1,0
BRDA:36,1,0,0
BRDA:36,1,1,0
BRDA:76,2,0,0
BRDA:91,3,0,0
BRDA:106,4,0,0
BRDA:125,5,0,0
BRDA:129,6,0,0
BRDA:129,7,0,0
BRDA:129,7,1,0
BRDA:131,8,0,0
BRF:12
BRH:0
end_of_record
TN:
SF:lib\utils\performance.ts
FN:22,(anonymous_11)
FN:26,(anonymous_12)
FN:33,(anonymous_13)
FN:40,(anonymous_14)
FN:63,(anonymous_15)
FN:80,(anonymous_16)
FN:104,(anonymous_17)
FN:116,(anonymous_18)
FN:120,(anonymous_19)
FN:121,(anonymous_20)
FN:124,(anonymous_21)
FN:128,(anonymous_22)
FN:129,(anonymous_23)
FN:135,measurePerformance
FN:142,(anonymous_25)
FN:157,(anonymous_26)
FN:171,measureWebVitals
FN:176,(anonymous_28)
FN:197,(anonymous_29)
FN:198,(anonymous_30)
FN:213,measureMemoryUsage
FN:232,reportBundleSize
FN:263,(anonymous_33)
FN:268,(anonymous_34)
FN:286,generatePerformanceReport
FN:299,(anonymous_36)
FN:318,(anonymous_37)
FN:335,initializePerformanceMonitoring
FN:341,(anonymous_39)
FN:342,(anonymous_40)
FN:354,cleanupPerformanceMonitoring
FN:360,withPerformanceMonitoring
FN:364,(anonymous_43)
FN:365,(anonymous_44)
FN:369,(anonymous_45)
FNF:35
FNH:0
FNDA:0,(anonymous_11)
FNDA:0,(anonymous_12)
FNDA:0,(anonymous_13)
FNDA:0,(anonymous_14)
FNDA:0,(anonymous_15)
FNDA:0,(anonymous_16)
FNDA:0,(anonymous_17)
FNDA:0,(anonymous_18)
FNDA:0,(anonymous_19)
FNDA:0,(anonymous_20)
FNDA:0,(anonymous_21)
FNDA:0,(anonymous_22)
FNDA:0,(anonymous_23)
FNDA:0,measurePerformance
FNDA:0,(anonymous_25)
FNDA:0,(anonymous_26)
FNDA:0,measureWebVitals
FNDA:0,(anonymous_28)
FNDA:0,(anonymous_29)
FNDA:0,(anonymous_30)
FNDA:0,measureMemoryUsage
FNDA:0,reportBundleSize
FNDA:0,(anonymous_33)
FNDA:0,(anonymous_34)
FNDA:0,generatePerformanceReport
FNDA:0,(anonymous_36)
FNDA:0,(anonymous_37)
FNDA:0,initializePerformanceMonitoring
FNDA:0,(anonymous_39)
FNDA:0,(anonymous_40)
FNDA:0,cleanupPerformanceMonitoring
FNDA:0,withPerformanceMonitoring
FNDA:0,(anonymous_43)
FNDA:0,(anonymous_44)
FNDA:0,(anonymous_45)
DA:6,0
DA:17,0
DA:19,0
DA:20,0
DA:23,0
DA:27,0
DA:28,0
DA:30,0
DA:34,0
DA:35,0
DA:38,0
DA:40,0
DA:41,0
DA:42,0
DA:43,0
DA:47,0
DA:48,0
DA:59,0
DA:60,0
DA:63,0
DA:64,0
DA:65,0
DA:66,0
DA:76,0
DA:77,0
DA:80,0
DA:81,0
DA:82,0
DA:83,0
DA:86,0
DA:96,0
DA:97,0
DA:100,0
DA:105,0
DA:108,0
DA:110,0
DA:117,0
DA:121,0
DA:125,0
DA:129,0
DA:130,0
DA:135,0
DA:139,0
DA:140,0
DA:142,0
DA:143,0
DA:144,0
DA:150,0
DA:153,0
DA:154,0
DA:156,0
DA:157,0
DA:158,0
DA:159,0
DA:163,0
DA:165,0
DA:166,0
DA:171,0
DA:172,0
DA:175,0
DA:176,0
DA:177,0
DA:178,0
DA:179,0
DA:189,0
DA:190,0
DA:193,0
DA:197,0
DA:198,0
DA:200,0
DA:201,0
DA:213,0
DA:214,0
DA:215,0
DA:218,0
DA:220,0
DA:232,0
DA:233,0
DA:234,0
DA:237,0
DA:240,0
DA:241,0
DA:250,0
DA:259,0
DA:262,0
DA:264,0
DA:267,0
DA:268,0
DA:269,0
DA:270,0
DA:274,0
DA:275,0
DA:286,0
DA:291,0
DA:292,0
DA:294,0
DA:295,0
DA:297,0
DA:299,0
DA:300,0
DA:301,0
DA:303,0
DA:308,0
DA:311,0
DA:318,0
DA:319,0
DA:320,0
DA:321,0
DA:322,0
DA:323,0
DA:324,0
DA:325,0
DA:327,0
DA:331,0
DA:335,0
DA:336,0
DA:338,0
DA:341,0
DA:342,0
DA:343,0
DA:344,0
DA:349,0
DA:354,0
DA:355,0
DA:356,0
DA:360,0
DA:364,0
DA:365,0
DA:366,0
DA:367,0
DA:369,0
DA:370,0
DA:371,0
DA:380,0
DA:383,0
DA:384,0
LF:136
LH:0
BRDA:27,0,0,0
BRDA:34,1,0,0
BRDA:34,2,0,0
BRDA:34,2,1,0
BRDA:42,3,0,0
BRDA:47,4,0,0
BRDA:65,5,0,0
BRDA:82,6,0,0
BRDA:108,7,0,0
BRDA:156,8,0,0
BRDA:175,9,0,0
BRDA:178,10,0,0
BRDA:214,11,0,0
BRDA:214,12,0,0
BRDA:214,12,1,0
BRDA:222,13,0,0
BRDA:222,13,1,0
BRDA:233,14,0,0
BRDA:240,15,0,0
BRDA:264,16,0,0
BRDA:264,16,1,0
BRDA:269,17,0,0
BRDA:274,18,0,0
BRDA:300,19,0,0
BRDA:300,19,1,0
BRDA:320,20,0,0
BRDA:322,21,0,0
BRDA:322,21,1,0
BRDA:324,22,0,0
BRDA:336,23,0,0
BRF:30
BRH:0
end_of_record
TN:
SF:lib\utils\webVitals.ts
FN:23,getRating
FN:34,trackWebVitals
FN:41,(anonymous_8)
FN:41,(anonymous_9)
FN:42,(anonymous_10)
FN:50,(anonymous_11)
FN:58,(anonymous_12)
FN:66,(anonymous_13)
FN:74,(anonymous_14)
FN:90,logWebVital
FNF:10
FNH:0
FNDA:0,getRating
FNDA:0,trackWebVitals
FNDA:0,(anonymous_8)
FNDA:0,(anonymous_9)
FNDA:0,(anonymous_10)
FNDA:0,(anonymous_11)
FNDA:0,(anonymous_12)
FNDA:0,(anonymous_13)
FNDA:0,(anonymous_14)
FNDA:0,logWebVital
DA:15,0
DA:24,0
DA:25,0
DA:26,0
DA:28,0
DA:29,0
DA:31,0
DA:34,0
DA:35,0
DA:36,0
DA:40,0
DA:41,0
DA:42,0
DA:43,0
DA:50,0
DA:51,0
DA:58,0
DA:59,0
DA:66,0
DA:67,0
DA:74,0
DA:75,0
DA:85,0
DA:90,0
DA:92,0
DA:97,0
LF:26
LH:0
BRDA:25,0,0,0
BRDA:28,1,0,0
BRDA:35,2,0,0
BRDA:92,3,0,0
BRDA:92,3,1,0
BRF:5
BRH:0
end_of_record
TN:
SF:lib\validation\schemas.ts
FN:9,(anonymous_16)
FN:36,(anonymous_17)
FN:40,(anonymous_18)
FN:55,(anonymous_19)
FN:81,(anonymous_20)
FN:92,(anonymous_21)
FN:92,(anonymous_22)
FN:96,(anonymous_23)
FN:97,(anonymous_24)
FN:119,(anonymous_25)
FN:119,(anonymous_26)
FN:123,(anonymous_27)
FN:124,(anonymous_28)
FN:143,(anonymous_29)
FN:235,validateForm
FN:249,(anonymous_31)
FNF:16
FNH:5
FNDA:9,(anonymous_16)
FNDA:0,(anonymous_17)
FNDA:0,(anonymous_18)
FNDA:0,(anonymous_19)
FNDA:0,(anonymous_20)
FNDA:0,(anonymous_21)
FNDA:0,(anonymous_22)
FNDA:0,(anonymous_23)
FNDA:0,(anonymous_24)
FNDA:7,(anonymous_25)
FNDA:9,(anonymous_26)
FNDA:7,(anonymous_27)
FNDA:9,(anonymous_28)
FNDA:0,(anonymous_29)
FNDA:0,validateForm
FNDA:0,(anonymous_31)
DA:6,1
DA:9,1
DA:10,9
DA:12,1
DA:14,1
DA:23,1
DA:29,1
DA:36,0
DA:40,0
DA:45,1
DA:49,1
DA:55,0
DA:61,1
DA:75,1
DA:81,0
DA:87,1
DA:92,0
DA:97,0
DA:98,0
DA:114,7
DA:119,9
DA:124,7
DA:125,9
DA:134,1
DA:143,0
DA:148,1
DA:167,1
DA:179,1
DA:188,1
DA:200,1
DA:235,0
DA:243,0
DA:244,0
DA:245,0
DA:247,0
DA:248,0
DA:249,0
DA:250,0
DA:251,0
DA:253,0
DA:255,0
LF:41
LH:22
BRDA:10,0,0,9
BRDA:10,0,1,0
BRDA:247,1,0,0
BRF:3
BRH:1
end_of_record
TN:
SF:scripts\create-placeholder-images.js
FN:99,(anonymous_1)
FNF:1
FNH:0
FNDA:0,(anonymous_1)
DA:1,0
DA:2,0
DA:3,0
DA:5,0
DA:6,0
DA:9,0
DA:79,0
DA:91,0
DA:94,0
DA:95,0
DA:99,0
DA:100,0
DA:102,0
DA:119,0
DA:120,0
DA:123,0
LF:16
LH:0
BRDA:94,0,0,0
BRF:1
BRH:0
end_of_record
TN:
SF:scripts\demo-api-flow.js
FN:35,delay
FN:36,(anonymous_1)
FN:39,demoStep
FN:56,runDemoFlow
FN:63,(anonymous_4)
FN:107,(anonymous_5)
FN:133,(anonymous_6)
FN:152,(anonymous_7)
FN:170,(anonymous_8)
FNF:9
FNH:0
FNDA:0,delay
FNDA:0,(anonymous_1)
FNDA:0,demoStep
FNDA:0,runDemoFlow
FNDA:0,(anonymous_4)
FNDA:0,(anonymous_5)
FNDA:0,(anonymous_6)
FNDA:0,(anonymous_7)
FNDA:0,(anonymous_8)
DA:8,0
DA:10,0
DA:12,0
DA:13,0
DA:14,0
DA:17,0
DA:18,0
DA:19,0
DA:22,0
DA:29,0
DA:36,0
DA:40,0
DA:41,0
DA:43,0
DA:44,0
DA:45,0
DA:46,0
DA:47,0
DA:49,0
DA:50,0
DA:53,0
DA:57,0
DA:60,0
DA:64,0
DA:65,0
DA:66,0
DA:68,0
DA:69,0
DA:89,0
DA:90,0
DA:91,0
DA:92,0
DA:93,0
DA:94,0
DA:95,0
DA:96,0
DA:97,0
DA:101,0
DA:104,0
DA:108,0
DA:109,0
DA:111,0
DA:119,0
DA:120,0
DA:121,0
DA:122,0
DA:125,0
DA:130,0
DA:134,0
DA:136,0
DA:137,0
DA:140,0
DA:141,0
DA:144,0
DA:149,0
DA:153,0
DA:154,0
DA:155,0
DA:156,0
DA:157,0
DA:158,0
DA:159,0
DA:160,0
DA:162,0
DA:167,0
DA:171,0
DA:172,0
DA:173,0
DA:174,0
DA:175,0
DA:176,0
DA:177,0
DA:179,0
DA:180,0
DA:184,0
DA:188,0
DA:189,0
DA:190,0
DA:191,0
DA:192,0
DA:193,0
DA:194,0
DA:195,0
DA:196,0
DA:197,0
DA:198,0
DA:200,0
DA:201,0
DA:205,0
DA:206,0
DA:207,0
DA:208,0
DA:211,0
LF:93
LH:0
BRDA:10,0,0,0
BRDA:10,0,1,0
BRDA:12,1,0,0
BRDA:43,2,0,0
BRDA:101,3,0,0
BRDA:205,4,0,0
BRF:6
BRH:0
end_of_record
TN:
SF:scripts\test-api-connection.js
FN:26,testEndpoint
FN:72,testFileUpload
FN:111,runTests
FN:132,(anonymous_3)
FN:133,(anonymous_4)
FNF:5
FNH:0
FNDA:0,testEndpoint
FNDA:0,testFileUpload
FNDA:0,runTests
FNDA:0,(anonymous_3)
FNDA:0,(anonymous_4)
DA:8,0
DA:9,0
DA:12,0
DA:13,0
DA:15,0
DA:17,0
DA:18,0
DA:21,0
DA:24,0
DA:27,0
DA:28,0
DA:30,0
DA:31,0
DA:39,0
DA:40,0
DA:43,0
DA:44,0
DA:46,0
DA:47,0
DA:49,0
DA:50,0
DA:51,0
DA:52,0
DA:54,0
DA:58,0
DA:64,0
DA:65,0
DA:73,0
DA:76,0
DA:78,0
DA:79,0
DA:80,0
DA:82,0
DA:83,0
DA:91,0
DA:92,0
DA:94,0
DA:95,0
DA:96,0
DA:97,0
DA:98,0
DA:100,0
DA:104,0
DA:106,0
DA:107,0
DA:112,0
DA:114,0
DA:117,0
DA:118,0
DA:121,0
DA:124,0
DA:125,0
DA:129,0
DA:132,0
DA:133,0
DA:135,0
DA:136,0
DA:137,0
DA:138,0
DA:140,0
DA:141,0
DA:142,0
DA:143,0
DA:144,0
DA:147,0
DA:148,0
DA:149,0
DA:150,0
DA:151,0
DA:152,0
DA:157,0
DA:158,0
DA:159,0
DA:160,0
DA:163,0
LF:75
LH:0
BRDA:15,0,0,0
BRDA:15,0,1,0
BRDA:17,1,0,0
BRDA:26,2,0,0
BRDA:26,3,0,0
BRDA:39,4,0,0
BRDA:39,5,0,0
BRDA:39,5,1,0
BRDA:49,6,0,0
BRDA:94,7,0,0
BRDA:98,8,0,0
BRDA:98,8,1,0
BRDA:124,9,0,0
BRDA:132,10,0,0
BRDA:132,10,1,0
BRDA:140,11,0,0
BRDA:140,11,1,0
BRDA:143,12,0,0
BRDA:157,13,0,0
BRF:19
BRH:0
end_of_record
TN:
SF:scripts\verify-api.ts
FN:24,(anonymous_1)
FN:40,(anonymous_2)
FN:67,(anonymous_3)
FN:103,(anonymous_4)
FN:123,(anonymous_5)
FN:154,(anonymous_6)
FN:158,(anonymous_7)
FN:159,(anonymous_8)
FN:160,(anonymous_9)
FN:162,(anonymous_10)
FNF:10
FNH:0
FNDA:0,(anonymous_1)
FNDA:0,(anonymous_2)
FNDA:0,(anonymous_3)
FNDA:0,(anonymous_4)
FNDA:0,(anonymous_5)
FNDA:0,(anonymous_6)
FNDA:0,(anonymous_7)
FNDA:0,(anonymous_8)
FNDA:0,(anonymous_9)
FNDA:0,(anonymous_10)
DA:8,0
DA:9,0
DA:10,0
DA:11,0
DA:13,0
DA:22,0
DA:25,0
DA:28,0
DA:31,0
DA:34,0
DA:37,0
DA:41,0
DA:48,0
DA:49,0
DA:51,0
DA:52,0
DA:58,0
DA:68,0
DA:78,0
DA:79,0
DA:81,0
DA:83,0
DA:84,0
DA:86,0
DA:94,0
DA:106,0
DA:111,0
DA:115,0
DA:120,0
DA:124,0
DA:126,0
DA:128,0
DA:132,0
DA:133,0
DA:139,0
DA:146,0
DA:155,0
DA:156,0
DA:158,0
DA:159,0
DA:160,0
DA:162,0
DA:164,0
DA:169,0
DA:170,0
DA:173,0
DA:174,0
DA:175,0
DA:176,0
DA:178,0
DA:179,0
DA:181,0
DA:182,0
DA:183,0
DA:187,0
DA:195,0
DA:196,0
LF:57
LH:0
BRDA:51,0,0,0
BRDA:51,0,1,0
BRDA:81,1,0,0
BRDA:81,1,1,0
BRDA:88,2,0,0
BRDA:88,2,1,0
BRDA:89,3,0,0
BRDA:89,3,1,0
BRDA:106,4,0,0
BRDA:106,4,1,0
BRDA:106,4,2,0
BRDA:111,5,0,0
BRDA:111,5,1,0
BRDA:115,6,0,0
BRDA:115,6,1,0
BRDA:115,6,2,0
BRDA:115,6,3,0
BRDA:120,7,0,0
BRDA:120,7,1,0
BRDA:120,7,2,0
BRDA:132,8,0,0
BRDA:132,8,1,0
BRDA:132,9,0,0
BRDA:132,9,1,0
BRDA:164,10,0,0
BRDA:164,10,1,0
BRDA:166,11,0,0
BRDA:166,11,1,0
BRDA:178,12,0,0
BRDA:178,12,1,0
BRDA:181,13,0,0
BRDA:181,13,1,0
BRF:32
BRH:0
end_of_record
