{"C:\\Users\\Marcus Gollahon\\OneDrive\\Documents\\Code\\CFIpros\\frontend\\middleware.ts": {"path":"C:\\Users\\Marcus Gollahon\\OneDrive\\Documents\\Code\\CFIpros\\frontend\\middleware.ts","statementMap":{"0":{"start":{"line":74,"column":13},"end":{"line":74,"column":22}},"1":{"start":{"line":16,"column":16},"end":{"line":16,"column":27}},"2":{"start":{"line":1,"column":29},"end":{"line":1,"column":null}},"3":{"start":{"line":5,"column":24},"end":{"line":11,"column":null}},"4":{"start":{"line":14,"column":19},"end":{"line":14,"column":null}},"5":{"start":{"line":17,"column":23},"end":{"line":17,"column":38}},"6":{"start":{"line":18,"column":14},"end":{"line":18,"column":null}},"7":{"start":{"line":21,"column":20},"end":{"line":21,"column":null}},"8":{"start":{"line":22,"column":26},"end":{"line":22,"column":null}},"9":{"start":{"line":25,"column":27},"end":{"line":26,"column":null}},"10":{"start":{"line":26,"column":4},"end":{"line":26,"column":null}},"11":{"start":{"line":30,"column":22},"end":{"line":30,"column":null}},"12":{"start":{"line":30,"column":49},"end":{"line":30,"column":null}},"13":{"start":{"line":33,"column":2},"end":{"line":37,"column":null}},"14":{"start":{"line":34,"column":4},"end":{"line":34,"column":null}},"15":{"start":{"line":35,"column":4},"end":{"line":35,"column":null}},"16":{"start":{"line":36,"column":4},"end":{"line":36,"column":null}},"17":{"start":{"line":40,"column":2},"end":{"line":43,"column":null}},"18":{"start":{"line":41,"column":4},"end":{"line":41,"column":null}},"19":{"start":{"line":42,"column":4},"end":{"line":42,"column":null}},"20":{"start":{"line":46,"column":19},"end":{"line":46,"column":null}},"21":{"start":{"line":48,"column":2},"end":{"line":48,"column":null}},"22":{"start":{"line":49,"column":2},"end":{"line":49,"column":null}},"23":{"start":{"line":50,"column":2},"end":{"line":50,"column":null}},"24":{"start":{"line":51,"column":2},"end":{"line":51,"column":null}},"25":{"start":{"line":52,"column":2},"end":{"line":54,"column":null}},"26":{"start":{"line":58,"column":2},"end":{"line":68,"column":null}},"27":{"start":{"line":71,"column":2},"end":{"line":71,"column":null}},"28":{"start":{"line":74,"column":22},"end":{"line":87,"column":null}}},"fnMap":{"0":{"name":"middleware","decl":{"start":{"line":16,"column":16},"end":{"line":16,"column":27}},"loc":{"start":{"line":16,"column":47},"end":{"line":72,"column":null}}},"1":{"name":"(anonymous_4)","decl":{"start":{"line":25,"column":48},"end":{"line":25,"column":49}},"loc":{"start":{"line":26,"column":4},"end":{"line":26,"column":null}}},"2":{"name":"(anonymous_5)","decl":{"start":{"line":30,"column":38},"end":{"line":30,"column":39}},"loc":{"start":{"line":30,"column":49},"end":{"line":30,"column":null}}}},"branchMap":{"0":{"loc":{"start":{"line":33,"column":2},"end":{"line":37,"column":null}},"type":"if","locations":[{"start":{"line":33,"column":2},"end":{"line":37,"column":null}}]},"1":{"loc":{"start":{"line":33,"column":6},"end":{"line":33,"column":44}},"type":"binary-expr","locations":[{"start":{"line":33,"column":6},"end":{"line":33,"column":26}},{"start":{"line":33,"column":26},"end":{"line":33,"column":44}}]},"2":{"loc":{"start":{"line":40,"column":2},"end":{"line":43,"column":null}},"type":"if","locations":[{"start":{"line":40,"column":2},"end":{"line":43,"column":null}}]},"3":{"loc":{"start":{"line":40,"column":6},"end":{"line":40,"column":38}},"type":"binary-expr","locations":[{"start":{"line":40,"column":6},"end":{"line":40,"column":21}},{"start":{"line":40,"column":21},"end":{"line":40,"column":38}}]}},"s":{"0":0,"1":0,"2":0,"3":0,"4":0,"5":0,"6":0,"7":0,"8":0,"9":0,"10":0,"11":0,"12":0,"13":0,"14":0,"15":0,"16":0,"17":0,"18":0,"19":0,"20":0,"21":0,"22":0,"23":0,"24":0,"25":0,"26":0,"27":0,"28":0},"f":{"0":0,"1":0,"2":0},"b":{"0":[0],"1":[0,0],"2":[0],"3":[0,0]}}
,"C:\\Users\\Marcus Gollahon\\OneDrive\\Documents\\Code\\CFIpros\\frontend\\app\\error.tsx": {"path":"C:\\Users\\Marcus Gollahon\\OneDrive\\Documents\\Code\\CFIpros\\frontend\\app\\error.tsx","statementMap":{"0":{"start":{"line":13,"column":24},"end":{"line":13,"column":30}},"1":{"start":{"line":3,"column":26},"end":{"line":3,"column":null}},"2":{"start":{"line":4,"column":45},"end":{"line":4,"column":null}},"3":{"start":{"line":5,"column":23},"end":{"line":5,"column":null}},"4":{"start":{"line":6,"column":25},"end":{"line":6,"column":null}},"5":{"start":{"line":14,"column":2},"end":{"line":17,"column":null}},"6":{"start":{"line":16,"column":4},"end":{"line":16,"column":null}},"7":{"start":{"line":63,"column":30},"end":{"line":63,"column":null}}},"fnMap":{"0":{"name":"Error","decl":{"start":{"line":13,"column":24},"end":{"line":13,"column":30}},"loc":{"start":{"line":13,"column":58},"end":{"line":85,"column":null}}},"1":{"name":"(anonymous_2)","decl":{"start":{"line":14,"column":12},"end":{"line":14,"column":null}},"loc":{"start":{"line":14,"column":12},"end":{"line":17,"column":5}}},"2":{"name":"(anonymous_3)","decl":{"start":{"line":63,"column":23},"end":{"line":63,"column":30}},"loc":{"start":{"line":63,"column":30},"end":{"line":63,"column":null}}}},"branchMap":{"0":{"loc":{"start":{"line":36,"column":11},"end":{"line":36,"column":null}},"type":"binary-expr","locations":[{"start":{"line":36,"column":11},"end":{"line":36,"column":null}}]},"1":{"loc":{"start":{"line":44,"column":15},"end":{"line":44,"column":27}},"type":"binary-expr","locations":[{"start":{"line":44,"column":15},"end":{"line":44,"column":27}}]}},"s":{"0":0,"1":0,"2":0,"3":0,"4":0,"5":0,"6":0,"7":0},"f":{"0":0,"1":0,"2":0},"b":{"0":[0],"1":[0]}}
,"C:\\Users\\Marcus Gollahon\\OneDrive\\Documents\\Code\\CFIpros\\frontend\\app\\layout.tsx": {"path":"C:\\Users\\Marcus Gollahon\\OneDrive\\Documents\\Code\\CFIpros\\frontend\\app\\layout.tsx","statementMap":{"0":{"start":{"line":91,"column":24},"end":{"line":91,"column":35}},"1":{"start":{"line":21,"column":13},"end":{"line":21,"column":34}},"2":{"start":{"line":2,"column":38},"end":{"line":2,"column":null}},"3":{"start":{"line":3,"column":7},"end":{"line":3,"column":null}},"4":{"start":{"line":4,"column":30},"end":{"line":4,"column":null}},"5":{"start":{"line":5,"column":41},"end":{"line":5,"column":null}},"6":{"start":{"line":6,"column":32},"end":{"line":6,"column":null}},"7":{"start":{"line":7,"column":30},"end":{"line":7,"column":null}},"8":{"start":{"line":9,"column":14},"end":{"line":13,"column":null}},"9":{"start":{"line":15,"column":22},"end":{"line":19,"column":null}},"10":{"start":{"line":21,"column":34},"end":{"line":89,"column":null}}},"fnMap":{"0":{"name":"RootLayout","decl":{"start":{"line":91,"column":24},"end":{"line":91,"column":35}},"loc":{"start":{"line":95,"column":2},"end":{"line":129,"column":null}}}},"branchMap":{},"s":{"0":0,"1":0,"2":0,"3":0,"4":0,"5":0,"6":0,"7":0,"8":0,"9":0,"10":0},"f":{"0":0},"b":{}}
,"C:\\Users\\Marcus Gollahon\\OneDrive\\Documents\\Code\\CFIpros\\frontend\\app\\loading.tsx": {"path":"C:\\Users\\Marcus Gollahon\\OneDrive\\Documents\\Code\\CFIpros\\frontend\\app\\loading.tsx","statementMap":{"0":{"start":{"line":3,"column":24},"end":{"line":3,"column":null}},"1":{"start":{"line":1,"column":24},"end":{"line":1,"column":null}}},"fnMap":{"0":{"name":"Loading","decl":{"start":{"line":3,"column":24},"end":{"line":3,"column":null}},"loc":{"start":{"line":3,"column":24},"end":{"line":15,"column":null}}}},"branchMap":{},"s":{"0":0,"1":0},"f":{"0":0},"b":{}}
,"C:\\Users\\Marcus Gollahon\\OneDrive\\Documents\\Code\\CFIpros\\frontend\\app\\not-found.tsx": {"path":"C:\\Users\\Marcus Gollahon\\OneDrive\\Documents\\Code\\CFIpros\\frontend\\app\\not-found.tsx","statementMap":{"0":{"start":{"line":7,"column":24},"end":{"line":7,"column":null}},"1":{"start":{"line":3,"column":17},"end":{"line":3,"column":null}},"2":{"start":{"line":4,"column":40},"end":{"line":4,"column":null}},"3":{"start":{"line":5,"column":23},"end":{"line":5,"column":null}},"4":{"start":{"line":40,"column":27},"end":{"line":40,"column":null}}},"fnMap":{"0":{"name":"NotFound","decl":{"start":{"line":7,"column":24},"end":{"line":7,"column":null}},"loc":{"start":{"line":7,"column":24},"end":{"line":91,"column":null}}},"1":{"name":"(anonymous_3)","decl":{"start":{"line":40,"column":21},"end":{"line":40,"column":27}},"loc":{"start":{"line":40,"column":27},"end":{"line":40,"column":null}}}},"branchMap":{},"s":{"0":0,"1":0,"2":0,"3":0,"4":0},"f":{"0":0,"1":0},"b":{}}
,"C:\\Users\\Marcus Gollahon\\OneDrive\\Documents\\Code\\CFIpros\\frontend\\app\\opengraph-image.tsx": {"path":"C:\\Users\\Marcus Gollahon\\OneDrive\\Documents\\Code\\CFIpros\\frontend\\app\\opengraph-image.tsx","statementMap":{"0":{"start":{"line":4,"column":13},"end":{"line":4,"column":19}},"1":{"start":{"line":6,"column":13},"end":{"line":6,"column":27}},"2":{"start":{"line":8,"column":30},"end":{"line":8,"column":null}},"3":{"start":{"line":3,"column":13},"end":{"line":3,"column":23}},"4":{"start":{"line":5,"column":13},"end":{"line":5,"column":20}},"5":{"start":{"line":1,"column":30},"end":{"line":1,"column":null}},"6":{"start":{"line":3,"column":23},"end":{"line":3,"column":null}},"7":{"start":{"line":4,"column":19},"end":{"line":4,"column":null}},"8":{"start":{"line":5,"column":20},"end":{"line":5,"column":null}},"9":{"start":{"line":6,"column":27},"end":{"line":6,"column":null}},"10":{"start":{"line":9,"column":2},"end":{"line":161,"column":null}}},"fnMap":{"0":{"name":"Image","decl":{"start":{"line":8,"column":30},"end":{"line":8,"column":null}},"loc":{"start":{"line":8,"column":30},"end":{"line":163,"column":null}}}},"branchMap":{},"s":{"0":0,"1":0,"2":0,"3":0,"4":0,"5":0,"6":0,"7":0,"8":0,"9":0,"10":0},"f":{"0":0},"b":{}}
,"C:\\Users\\Marcus Gollahon\\OneDrive\\Documents\\Code\\CFIpros\\frontend\\app\\robots.ts": {"path":"C:\\Users\\Marcus Gollahon\\OneDrive\\Documents\\Code\\CFIpros\\frontend\\app\\robots.ts","statementMap":{"0":{"start":{"line":3,"column":24},"end":{"line":3,"column":null}},"1":{"start":{"line":4,"column":18},"end":{"line":4,"column":null}},"2":{"start":{"line":6,"column":2},"end":{"line":40,"column":null}}},"fnMap":{"0":{"name":"robots","decl":{"start":{"line":3,"column":24},"end":{"line":3,"column":null}},"loc":{"start":{"line":3,"column":24},"end":{"line":41,"column":null}}}},"branchMap":{"0":{"loc":{"start":{"line":4,"column":18},"end":{"line":4,"column":null}},"type":"binary-expr","locations":[{"start":{"line":4,"column":18},"end":{"line":4,"column":52}},{"start":{"line":4,"column":56},"end":{"line":4,"column":null}}]}},"s":{"0":0,"1":0,"2":0},"f":{"0":0},"b":{"0":[0,0]}}
,"C:\\Users\\Marcus Gollahon\\OneDrive\\Documents\\Code\\CFIpros\\frontend\\app\\sitemap.ts": {"path":"C:\\Users\\Marcus Gollahon\\OneDrive\\Documents\\Code\\CFIpros\\frontend\\app\\sitemap.ts","statementMap":{"0":{"start":{"line":13,"column":24},"end":{"line":13,"column":null}},"1":{"start":{"line":67,"column":22},"end":{"line":67,"column":null}},"2":{"start":{"line":4,"column":21},"end":{"line":11,"column":null}},"3":{"start":{"line":14,"column":18},"end":{"line":14,"column":null}},"4":{"start":{"line":16,"column":46},"end":{"line":53,"column":null}},"5":{"start":{"line":56,"column":43},"end":{"line":61,"column":null}},"6":{"start":{"line":56,"column":71},"end":{"line":61,"column":null}},"7":{"start":{"line":63,"column":2},"end":{"line":63,"column":null}},"8":{"start":{"line":70,"column":2},"end":{"line":70,"column":null}}},"fnMap":{"0":{"name":"sitemap","decl":{"start":{"line":13,"column":24},"end":{"line":13,"column":null}},"loc":{"start":{"line":13,"column":24},"end":{"line":64,"column":null}}},"1":{"name":"(anonymous_4)","decl":{"start":{"line":56,"column":60},"end":{"line":56,"column":61}},"loc":{"start":{"line":56,"column":71},"end":{"line":61,"column":null}}},"2":{"name":"generateSitemaps","decl":{"start":{"line":67,"column":22},"end":{"line":67,"column":null}},"loc":{"start":{"line":67,"column":22},"end":{"line":71,"column":null}}}},"branchMap":{"0":{"loc":{"start":{"line":14,"column":18},"end":{"line":14,"column":null}},"type":"binary-expr","locations":[{"start":{"line":14,"column":18},"end":{"line":14,"column":52}},{"start":{"line":14,"column":56},"end":{"line":14,"column":null}}]}},"s":{"0":0,"1":0,"2":0,"3":0,"4":0,"5":0,"6":0,"7":0,"8":0},"f":{"0":0,"1":0,"2":0},"b":{"0":[0,0]}}
,"C:\\Users\\Marcus Gollahon\\OneDrive\\Documents\\Code\\CFIpros\\frontend\\app\\(auth)\\layout.tsx": {"path":"C:\\Users\\Marcus Gollahon\\OneDrive\\Documents\\Code\\CFIpros\\frontend\\app\\(auth)\\layout.tsx","statementMap":{"0":{"start":{"line":11,"column":24},"end":{"line":11,"column":35}},"1":{"start":{"line":5,"column":13},"end":{"line":5,"column":34}},"2":{"start":{"line":2,"column":17},"end":{"line":2,"column":null}},"3":{"start":{"line":3,"column":18},"end":{"line":3,"column":null}},"4":{"start":{"line":5,"column":34},"end":{"line":9,"column":null}}},"fnMap":{"0":{"name":"AuthLayout","decl":{"start":{"line":11,"column":24},"end":{"line":11,"column":35}},"loc":{"start":{"line":15,"column":1},"end":{"line":52,"column":null}}}},"branchMap":{},"s":{"0":0,"1":0,"2":0,"3":0,"4":0},"f":{"0":0},"b":{}}
,"C:\\Users\\Marcus Gollahon\\OneDrive\\Documents\\Code\\CFIpros\\frontend\\app\\(auth)\\login\\page.tsx": {"path":"C:\\Users\\Marcus Gollahon\\OneDrive\\Documents\\Code\\CFIpros\\frontend\\app\\(auth)\\login\\page.tsx","statementMap":{"0":{"start":{"line":6,"column":24},"end":{"line":6,"column":null}},"1":{"start":{"line":3,"column":23},"end":{"line":3,"column":null}},"2":{"start":{"line":4,"column":32},"end":{"line":4,"column":null}},"3":{"start":{"line":7,"column":17},"end":{"line":7,"column":null}},"4":{"start":{"line":8,"column":19},"end":{"line":8,"column":null}}},"fnMap":{"0":{"name":"LoginPage","decl":{"start":{"line":6,"column":24},"end":{"line":6,"column":null}},"loc":{"start":{"line":6,"column":24},"end":{"line":17,"column":null}}}},"branchMap":{"0":{"loc":{"start":{"line":8,"column":19},"end":{"line":8,"column":null}},"type":"binary-expr","locations":[{"start":{"line":8,"column":19},"end":{"line":8,"column":45}},{"start":{"line":8,"column":45},"end":{"line":8,"column":null}}]}},"s":{"0":0,"1":0,"2":0,"3":0,"4":0},"f":{"0":0},"b":{"0":[0,0]}}
,"C:\\Users\\Marcus Gollahon\\OneDrive\\Documents\\Code\\CFIpros\\frontend\\app\\(auth)\\sign-in\\page.tsx": {"path":"C:\\Users\\Marcus Gollahon\\OneDrive\\Documents\\Code\\CFIpros\\frontend\\app\\(auth)\\sign-in\\page.tsx","statementMap":{"0":{"start":{"line":3,"column":24},"end":{"line":3,"column":null}},"1":{"start":{"line":1,"column":23},"end":{"line":1,"column":null}}},"fnMap":{"0":{"name":"SignInPage","decl":{"start":{"line":3,"column":24},"end":{"line":3,"column":null}},"loc":{"start":{"line":3,"column":24},"end":{"line":28,"column":null}}}},"branchMap":{},"s":{"0":0,"1":0},"f":{"0":0},"b":{}}
,"C:\\Users\\Marcus Gollahon\\OneDrive\\Documents\\Code\\CFIpros\\frontend\\app\\(auth)\\sign-up\\page.tsx": {"path":"C:\\Users\\Marcus Gollahon\\OneDrive\\Documents\\Code\\CFIpros\\frontend\\app\\(auth)\\sign-up\\page.tsx","statementMap":{"0":{"start":{"line":3,"column":24},"end":{"line":3,"column":null}},"1":{"start":{"line":1,"column":23},"end":{"line":1,"column":null}}},"fnMap":{"0":{"name":"SignUpPage","decl":{"start":{"line":3,"column":24},"end":{"line":3,"column":null}},"loc":{"start":{"line":3,"column":24},"end":{"line":28,"column":null}}}},"branchMap":{},"s":{"0":0,"1":0},"f":{"0":0},"b":{}}
,"C:\\Users\\Marcus Gollahon\\OneDrive\\Documents\\Code\\CFIpros\\frontend\\app\\(authed)\\layout.tsx": {"path":"C:\\Users\\Marcus Gollahon\\OneDrive\\Documents\\Code\\CFIpros\\frontend\\app\\(authed)\\layout.tsx","statementMap":{"0":{"start":{"line":13,"column":30},"end":{"line":13,"column":50}},"1":{"start":{"line":7,"column":13},"end":{"line":7,"column":34}},"2":{"start":{"line":2,"column":21},"end":{"line":2,"column":null}},"3":{"start":{"line":3,"column":25},"end":{"line":3,"column":null}},"4":{"start":{"line":4,"column":31},"end":{"line":4,"column":null}},"5":{"start":{"line":5,"column":24},"end":{"line":5,"column":null}},"6":{"start":{"line":7,"column":34},"end":{"line":11,"column":null}},"7":{"start":{"line":18,"column":21},"end":{"line":18,"column":null}},"8":{"start":{"line":21,"column":2},"end":{"line":23,"column":null}},"9":{"start":{"line":22,"column":4},"end":{"line":22,"column":null}}},"fnMap":{"0":{"name":"AuthenticatedLayout","decl":{"start":{"line":13,"column":30},"end":{"line":13,"column":50}},"loc":{"start":{"line":17,"column":1},"end":{"line":34,"column":null}}}},"branchMap":{"0":{"loc":{"start":{"line":21,"column":2},"end":{"line":23,"column":null}},"type":"if","locations":[{"start":{"line":21,"column":2},"end":{"line":23,"column":null}}]}},"s":{"0":0,"1":0,"2":0,"3":0,"4":0,"5":0,"6":0,"7":0,"8":0,"9":0},"f":{"0":0},"b":{"0":[0]}}
,"C:\\Users\\Marcus Gollahon\\OneDrive\\Documents\\Code\\CFIpros\\frontend\\app\\(authed)\\dashboard\\DashboardAnalyticsClient.tsx": {"path":"C:\\Users\\Marcus Gollahon\\OneDrive\\Documents\\Code\\CFIpros\\frontend\\app\\(authed)\\dashboard\\DashboardAnalyticsClient.tsx","statementMap":{"0":{"start":{"line":6,"column":16},"end":{"line":6,"column":null}},"1":{"start":{"line":3,"column":26},"end":{"line":3,"column":null}},"2":{"start":{"line":4,"column":27},"end":{"line":4,"column":null}},"3":{"start":{"line":7,"column":2},"end":{"line":9,"column":null}},"4":{"start":{"line":8,"column":4},"end":{"line":8,"column":null}},"5":{"start":{"line":10,"column":2},"end":{"line":10,"column":null}}},"fnMap":{"0":{"name":"DashboardAnalyticsClient","decl":{"start":{"line":6,"column":16},"end":{"line":6,"column":null}},"loc":{"start":{"line":6,"column":16},"end":{"line":11,"column":null}}},"1":{"name":"(anonymous_2)","decl":{"start":{"line":7,"column":12},"end":{"line":7,"column":null}},"loc":{"start":{"line":7,"column":12},"end":{"line":9,"column":5}}}},"branchMap":{},"s":{"0":0,"1":0,"2":0,"3":0,"4":0,"5":0},"f":{"0":0,"1":0},"b":{}}
,"C:\\Users\\Marcus Gollahon\\OneDrive\\Documents\\Code\\CFIpros\\frontend\\app\\(authed)\\dashboard\\page.tsx": {"path":"C:\\Users\\Marcus Gollahon\\OneDrive\\Documents\\Code\\CFIpros\\frontend\\app\\(authed)\\dashboard\\page.tsx","statementMap":{"0":{"start":{"line":15,"column":30},"end":{"line":15,"column":null}},"1":{"start":{"line":1,"column":28},"end":{"line":1,"column":null}},"2":{"start":{"line":2,"column":25},"end":{"line":2,"column":null}},"3":{"start":{"line":3,"column":25},"end":{"line":3,"column":null}},"4":{"start":{"line":4,"column":34},"end":{"line":4,"column":null}},"5":{"start":{"line":5,"column":27},"end":{"line":5,"column":null}},"6":{"start":{"line":6,"column":30},"end":{"line":6,"column":null}},"7":{"start":{"line":7,"column":23},"end":{"line":7,"column":null}},"8":{"start":{"line":8,"column":25},"end":{"line":8,"column":null}},"9":{"start":{"line":9,"column":22},"end":{"line":9,"column":null}},"10":{"start":{"line":10,"column":26},"end":{"line":10,"column":null}},"11":{"start":{"line":11,"column":27},"end":{"line":11,"column":null}},"12":{"start":{"line":12,"column":26},"end":{"line":12,"column":null}},"13":{"start":{"line":13,"column":41},"end":{"line":13,"column":null}},"14":{"start":{"line":16,"column":15},"end":{"line":16,"column":null}},"15":{"start":{"line":18,"column":2},"end":{"line":20,"column":null}},"16":{"start":{"line":19,"column":4},"end":{"line":19,"column":null}}},"fnMap":{"0":{"name":"DashboardPage","decl":{"start":{"line":15,"column":30},"end":{"line":15,"column":null}},"loc":{"start":{"line":15,"column":30},"end":{"line":59,"column":null}}}},"branchMap":{"0":{"loc":{"start":{"line":18,"column":2},"end":{"line":20,"column":null}},"type":"if","locations":[{"start":{"line":18,"column":2},"end":{"line":20,"column":null}}]}},"s":{"0":0,"1":0,"2":0,"3":0,"4":0,"5":0,"6":0,"7":0,"8":0,"9":0,"10":0,"11":0,"12":0,"13":0,"14":0,"15":0,"16":0},"f":{"0":0},"b":{"0":[0]}}
,"C:\\Users\\Marcus Gollahon\\OneDrive\\Documents\\Code\\CFIpros\\frontend\\app\\(authed)\\dashboard\\panels\\ActivityPanel.tsx": {"path":"C:\\Users\\Marcus Gollahon\\OneDrive\\Documents\\Code\\CFIpros\\frontend\\app\\(authed)\\dashboard\\panels\\ActivityPanel.tsx","statementMap":{"0":{"start":{"line":4,"column":30},"end":{"line":4,"column":null}},"1":{"start":{"line":1,"column":29},"end":{"line":1,"column":null}},"2":{"start":{"line":2,"column":27},"end":{"line":2,"column":null}},"3":{"start":{"line":5,"column":14},"end":{"line":7,"column":null}},"4":{"start":{"line":9,"column":2},"end":{"line":18,"column":null}},"5":{"start":{"line":10,"column":20},"end":{"line":15,"column":null}},"6":{"start":{"line":12,"column":20},"end":{"line":15,"column":null}},"7":{"start":{"line":16,"column":18},"end":{"line":16,"column":null}},"8":{"start":{"line":19,"column":15},"end":{"line":19,"column":null}}},"fnMap":{"0":{"name":"ActivityPanel","decl":{"start":{"line":4,"column":30},"end":{"line":4,"column":null}},"loc":{"start":{"line":4,"column":30},"end":{"line":21,"column":null}}},"1":{"name":"(anonymous_2)","decl":{"start":{"line":12,"column":13},"end":{"line":12,"column":20}},"loc":{"start":{"line":12,"column":20},"end":{"line":15,"column":null}}}},"branchMap":{"0":{"loc":{"start":{"line":6,"column":7},"end":{"line":6,"column":49}},"type":"binary-expr","locations":[{"start":{"line":6,"column":7},"end":{"line":6,"column":42}},{"start":{"line":6,"column":46},"end":{"line":6,"column":49}}]},"1":{"loc":{"start":{"line":9,"column":2},"end":{"line":18,"column":null}},"type":"if","locations":[{"start":{"line":9,"column":2},"end":{"line":18,"column":null}}]},"2":{"loc":{"start":{"line":17,"column":52},"end":{"line":17,"column":null}},"type":"binary-expr","locations":[{"start":{"line":17,"column":52},"end":{"line":17,"column":61}},{"start":{"line":17,"column":61},"end":{"line":17,"column":null}}]},"3":{"loc":{"start":{"line":20,"column":30},"end":{"line":20,"column":73}},"type":"cond-expr","locations":[{"start":{"line":20,"column":58},"end":{"line":20,"column":68}},{"start":{"line":20,"column":71},"end":{"line":20,"column":73}}]}},"s":{"0":0,"1":0,"2":0,"3":0,"4":0,"5":0,"6":0,"7":0,"8":0},"f":{"0":0,"1":0},"b":{"0":[0,0],"1":[0],"2":[0,0],"3":[0,0]}}
,"C:\\Users\\Marcus Gollahon\\OneDrive\\Documents\\Code\\CFIpros\\frontend\\app\\(authed)\\dashboard\\panels\\PlanPanel.tsx": {"path":"C:\\Users\\Marcus Gollahon\\OneDrive\\Documents\\Code\\CFIpros\\frontend\\app\\(authed)\\dashboard\\panels\\PlanPanel.tsx","statementMap":{"0":{"start":{"line":4,"column":30},"end":{"line":4,"column":null}},"1":{"start":{"line":1,"column":30},"end":{"line":1,"column":null}},"2":{"start":{"line":2,"column":27},"end":{"line":2,"column":null}},"3":{"start":{"line":5,"column":14},"end":{"line":7,"column":null}},"4":{"start":{"line":9,"column":2},"end":{"line":18,"column":null}},"5":{"start":{"line":10,"column":20},"end":{"line":15,"column":null}},"6":{"start":{"line":12,"column":20},"end":{"line":15,"column":null}},"7":{"start":{"line":16,"column":18},"end":{"line":16,"column":null}},"8":{"start":{"line":19,"column":15},"end":{"line":19,"column":null}}},"fnMap":{"0":{"name":"PlanPanel","decl":{"start":{"line":4,"column":30},"end":{"line":4,"column":null}},"loc":{"start":{"line":4,"column":30},"end":{"line":21,"column":null}}},"1":{"name":"(anonymous_2)","decl":{"start":{"line":12,"column":13},"end":{"line":12,"column":20}},"loc":{"start":{"line":12,"column":20},"end":{"line":15,"column":null}}}},"branchMap":{"0":{"loc":{"start":{"line":6,"column":7},"end":{"line":6,"column":49}},"type":"binary-expr","locations":[{"start":{"line":6,"column":7},"end":{"line":6,"column":42}},{"start":{"line":6,"column":46},"end":{"line":6,"column":49}}]},"1":{"loc":{"start":{"line":9,"column":2},"end":{"line":18,"column":null}},"type":"if","locations":[{"start":{"line":9,"column":2},"end":{"line":18,"column":null}}]},"2":{"loc":{"start":{"line":17,"column":52},"end":{"line":17,"column":null}},"type":"binary-expr","locations":[{"start":{"line":17,"column":52},"end":{"line":17,"column":61}},{"start":{"line":17,"column":61},"end":{"line":17,"column":null}}]},"3":{"loc":{"start":{"line":20,"column":31},"end":{"line":20,"column":74}},"type":"cond-expr","locations":[{"start":{"line":20,"column":59},"end":{"line":20,"column":69}},{"start":{"line":20,"column":72},"end":{"line":20,"column":74}}]}},"s":{"0":0,"1":0,"2":0,"3":0,"4":0,"5":0,"6":0,"7":0,"8":0},"f":{"0":0,"1":0},"b":{"0":[0,0],"1":[0],"2":[0,0],"3":[0,0]}}
,"C:\\Users\\Marcus Gollahon\\OneDrive\\Documents\\Code\\CFIpros\\frontend\\app\\(authed)\\dashboard\\panels\\PlanStripPanel.tsx": {"path":"C:\\Users\\Marcus Gollahon\\OneDrive\\Documents\\Code\\CFIpros\\frontend\\app\\(authed)\\dashboard\\panels\\PlanStripPanel.tsx","statementMap":{"0":{"start":{"line":4,"column":30},"end":{"line":4,"column":null}},"1":{"start":{"line":1,"column":33},"end":{"line":1,"column":null}},"2":{"start":{"line":2,"column":27},"end":{"line":2,"column":null}},"3":{"start":{"line":5,"column":30},"end":{"line":12,"column":null}},"4":{"start":{"line":13,"column":2},"end":{"line":22,"column":null}},"5":{"start":{"line":14,"column":20},"end":{"line":19,"column":null}},"6":{"start":{"line":16,"column":20},"end":{"line":19,"column":null}},"7":{"start":{"line":20,"column":18},"end":{"line":20,"column":null}},"8":{"start":{"line":23,"column":2},"end":{"line":32,"column":null}},"9":{"start":{"line":24,"column":20},"end":{"line":29,"column":null}},"10":{"start":{"line":26,"column":20},"end":{"line":29,"column":null}},"11":{"start":{"line":30,"column":18},"end":{"line":30,"column":null}},"12":{"start":{"line":33,"column":24},"end":{"line":33,"column":null}}},"fnMap":{"0":{"name":"PlanStripPanel","decl":{"start":{"line":4,"column":30},"end":{"line":4,"column":null}},"loc":{"start":{"line":4,"column":30},"end":{"line":39,"column":null}}},"1":{"name":"(anonymous_2)","decl":{"start":{"line":16,"column":13},"end":{"line":16,"column":20}},"loc":{"start":{"line":16,"column":20},"end":{"line":19,"column":null}}},"2":{"name":"(anonymous_3)","decl":{"start":{"line":26,"column":13},"end":{"line":26,"column":20}},"loc":{"start":{"line":26,"column":20},"end":{"line":29,"column":null}}}},"branchMap":{"0":{"loc":{"start":{"line":6,"column":13},"end":{"line":6,"column":55}},"type":"binary-expr","locations":[{"start":{"line":6,"column":13},"end":{"line":6,"column":48}},{"start":{"line":6,"column":52},"end":{"line":6,"column":55}}]},"1":{"loc":{"start":{"line":9,"column":13},"end":{"line":9,"column":55}},"type":"binary-expr","locations":[{"start":{"line":9,"column":13},"end":{"line":9,"column":48}},{"start":{"line":9,"column":52},"end":{"line":9,"column":55}}]},"2":{"loc":{"start":{"line":13,"column":2},"end":{"line":22,"column":null}},"type":"if","locations":[{"start":{"line":13,"column":2},"end":{"line":22,"column":null}}]},"3":{"loc":{"start":{"line":21,"column":52},"end":{"line":21,"column":null}},"type":"binary-expr","locations":[{"start":{"line":21,"column":52},"end":{"line":21,"column":61}},{"start":{"line":21,"column":61},"end":{"line":21,"column":null}}]},"4":{"loc":{"start":{"line":23,"column":2},"end":{"line":32,"column":null}},"type":"if","locations":[{"start":{"line":23,"column":2},"end":{"line":32,"column":null}}]},"5":{"loc":{"start":{"line":31,"column":52},"end":{"line":31,"column":null}},"type":"binary-expr","locations":[{"start":{"line":31,"column":52},"end":{"line":31,"column":61}},{"start":{"line":31,"column":61},"end":{"line":31,"column":null}}]},"6":{"loc":{"start":{"line":36,"column":20},"end":{"line":36,"column":39}},"type":"binary-expr","locations":[{"start":{"line":36,"column":20},"end":{"line":36,"column":27}},{"start":{"line":36,"column":31},"end":{"line":36,"column":39}}]}},"s":{"0":0,"1":0,"2":0,"3":0,"4":0,"5":0,"6":0,"7":0,"8":0,"9":0,"10":0,"11":0,"12":0},"f":{"0":0,"1":0,"2":0},"b":{"0":[0,0],"1":[0,0],"2":[0],"3":[0,0],"4":[0],"5":[0,0],"6":[0,0]}}
,"C:\\Users\\Marcus Gollahon\\OneDrive\\Documents\\Code\\CFIpros\\frontend\\app\\(authed)\\dashboard\\panels\\ResultsPanel.tsx": {"path":"C:\\Users\\Marcus Gollahon\\OneDrive\\Documents\\Code\\CFIpros\\frontend\\app\\(authed)\\dashboard\\panels\\ResultsPanel.tsx","statementMap":{"0":{"start":{"line":4,"column":30},"end":{"line":4,"column":null}},"1":{"start":{"line":1,"column":30},"end":{"line":1,"column":null}},"2":{"start":{"line":2,"column":27},"end":{"line":2,"column":null}},"3":{"start":{"line":5,"column":14},"end":{"line":7,"column":null}},"4":{"start":{"line":9,"column":2},"end":{"line":18,"column":null}},"5":{"start":{"line":10,"column":20},"end":{"line":15,"column":null}},"6":{"start":{"line":12,"column":20},"end":{"line":15,"column":null}},"7":{"start":{"line":16,"column":18},"end":{"line":16,"column":null}},"8":{"start":{"line":19,"column":15},"end":{"line":19,"column":null}}},"fnMap":{"0":{"name":"ResultsPanel","decl":{"start":{"line":4,"column":30},"end":{"line":4,"column":null}},"loc":{"start":{"line":4,"column":30},"end":{"line":21,"column":null}}},"1":{"name":"(anonymous_2)","decl":{"start":{"line":12,"column":13},"end":{"line":12,"column":20}},"loc":{"start":{"line":12,"column":20},"end":{"line":15,"column":null}}}},"branchMap":{"0":{"loc":{"start":{"line":6,"column":7},"end":{"line":6,"column":49}},"type":"binary-expr","locations":[{"start":{"line":6,"column":7},"end":{"line":6,"column":42}},{"start":{"line":6,"column":46},"end":{"line":6,"column":49}}]},"1":{"loc":{"start":{"line":9,"column":2},"end":{"line":18,"column":null}},"type":"if","locations":[{"start":{"line":9,"column":2},"end":{"line":18,"column":null}}]},"2":{"loc":{"start":{"line":17,"column":52},"end":{"line":17,"column":null}},"type":"binary-expr","locations":[{"start":{"line":17,"column":52},"end":{"line":17,"column":61}},{"start":{"line":17,"column":61},"end":{"line":17,"column":null}}]},"3":{"loc":{"start":{"line":20,"column":33},"end":{"line":20,"column":64}},"type":"cond-expr","locations":[{"start":{"line":20,"column":55},"end":{"line":20,"column":62}},{"start":{"line":20,"column":62},"end":{"line":20,"column":64}}]}},"s":{"0":0,"1":0,"2":0,"3":0,"4":0,"5":0,"6":0,"7":0,"8":0},"f":{"0":0,"1":0},"b":{"0":[0,0],"1":[0],"2":[0,0],"3":[0,0]}}
,"C:\\Users\\Marcus Gollahon\\OneDrive\\Documents\\Code\\CFIpros\\frontend\\app\\(authed)\\dashboard\\panels\\StudentsPanel.tsx": {"path":"C:\\Users\\Marcus Gollahon\\OneDrive\\Documents\\Code\\CFIpros\\frontend\\app\\(authed)\\dashboard\\panels\\StudentsPanel.tsx","statementMap":{"0":{"start":{"line":4,"column":30},"end":{"line":4,"column":null}},"1":{"start":{"line":1,"column":33},"end":{"line":1,"column":null}},"2":{"start":{"line":2,"column":27},"end":{"line":2,"column":null}},"3":{"start":{"line":5,"column":16},"end":{"line":7,"column":null}},"4":{"start":{"line":9,"column":2},"end":{"line":18,"column":null}},"5":{"start":{"line":10,"column":20},"end":{"line":15,"column":null}},"6":{"start":{"line":12,"column":20},"end":{"line":15,"column":null}},"7":{"start":{"line":16,"column":18},"end":{"line":16,"column":null}},"8":{"start":{"line":19,"column":13},"end":{"line":19,"column":null}},"9":{"start":{"line":20,"column":2},"end":{"line":20,"column":null}},"10":{"start":{"line":20,"column":25},"end":{"line":20,"column":null}},"11":{"start":{"line":21,"column":14},"end":{"line":23,"column":null}},"12":{"start":{"line":25,"column":2},"end":{"line":34,"column":null}},"13":{"start":{"line":26,"column":20},"end":{"line":31,"column":null}},"14":{"start":{"line":28,"column":20},"end":{"line":31,"column":null}},"15":{"start":{"line":32,"column":18},"end":{"line":32,"column":null}},"16":{"start":{"line":35,"column":15},"end":{"line":35,"column":null}}},"fnMap":{"0":{"name":"StudentsPanel","decl":{"start":{"line":4,"column":30},"end":{"line":4,"column":null}},"loc":{"start":{"line":4,"column":30},"end":{"line":37,"column":null}}},"1":{"name":"(anonymous_2)","decl":{"start":{"line":12,"column":13},"end":{"line":12,"column":20}},"loc":{"start":{"line":12,"column":20},"end":{"line":15,"column":null}}},"2":{"name":"(anonymous_3)","decl":{"start":{"line":28,"column":13},"end":{"line":28,"column":20}},"loc":{"start":{"line":28,"column":20},"end":{"line":31,"column":null}}}},"branchMap":{"0":{"loc":{"start":{"line":6,"column":7},"end":{"line":6,"column":49}},"type":"binary-expr","locations":[{"start":{"line":6,"column":7},"end":{"line":6,"column":42}},{"start":{"line":6,"column":46},"end":{"line":6,"column":49}}]},"1":{"loc":{"start":{"line":9,"column":2},"end":{"line":18,"column":null}},"type":"if","locations":[{"start":{"line":9,"column":2},"end":{"line":18,"column":null}}]},"2":{"loc":{"start":{"line":17,"column":52},"end":{"line":17,"column":null}},"type":"binary-expr","locations":[{"start":{"line":17,"column":52},"end":{"line":17,"column":61}},{"start":{"line":17,"column":61},"end":{"line":17,"column":null}}]},"3":{"loc":{"start":{"line":20,"column":2},"end":{"line":20,"column":null}},"type":"if","locations":[{"start":{"line":20,"column":2},"end":{"line":20,"column":null}}]},"4":{"loc":{"start":{"line":22,"column":7},"end":{"line":22,"column":49}},"type":"binary-expr","locations":[{"start":{"line":22,"column":7},"end":{"line":22,"column":42}},{"start":{"line":22,"column":46},"end":{"line":22,"column":49}}]},"5":{"loc":{"start":{"line":25,"column":2},"end":{"line":34,"column":null}},"type":"if","locations":[{"start":{"line":25,"column":2},"end":{"line":34,"column":null}}]},"6":{"loc":{"start":{"line":33,"column":52},"end":{"line":33,"column":null}},"type":"binary-expr","locations":[{"start":{"line":33,"column":52},"end":{"line":33,"column":61}},{"start":{"line":33,"column":61},"end":{"line":33,"column":null}}]},"7":{"loc":{"start":{"line":36,"column":36},"end":{"line":36,"column":54}},"type":"binary-expr","locations":[{"start":{"line":36,"column":36},"end":{"line":36,"column":48}},{"start":{"line":36,"column":52},"end":{"line":36,"column":54}}]}},"s":{"0":0,"1":0,"2":0,"3":0,"4":0,"5":0,"6":0,"7":0,"8":0,"9":0,"10":0,"11":0,"12":0,"13":0,"14":0,"15":0,"16":0},"f":{"0":0,"1":0,"2":0},"b":{"0":[0,0],"1":[0],"2":[0,0],"3":[0],"4":[0,0],"5":[0],"6":[0,0],"7":[0,0]}}
,"C:\\Users\\Marcus Gollahon\\OneDrive\\Documents\\Code\\CFIpros\\frontend\\app\\(authed)\\dashboard\\panels\\TodayPanel.tsx": {"path":"C:\\Users\\Marcus Gollahon\\OneDrive\\Documents\\Code\\CFIpros\\frontend\\app\\(authed)\\dashboard\\panels\\TodayPanel.tsx","statementMap":{"0":{"start":{"line":3,"column":30},"end":{"line":3,"column":null}},"1":{"start":{"line":1,"column":26},"end":{"line":1,"column":null}},"2":{"start":{"line":4,"column":28},"end":{"line":11,"column":null}},"3":{"start":{"line":12,"column":38},"end":{"line":15,"column":null}}},"fnMap":{"0":{"name":"TodayPanel","decl":{"start":{"line":3,"column":30},"end":{"line":3,"column":null}},"loc":{"start":{"line":3,"column":30},"end":{"line":17,"column":null}}}},"branchMap":{"0":{"loc":{"start":{"line":5,"column":13},"end":{"line":5,"column":55}},"type":"binary-expr","locations":[{"start":{"line":5,"column":13},"end":{"line":5,"column":48}},{"start":{"line":5,"column":52},"end":{"line":5,"column":55}}]},"1":{"loc":{"start":{"line":8,"column":13},"end":{"line":8,"column":55}},"type":"binary-expr","locations":[{"start":{"line":8,"column":13},"end":{"line":8,"column":48}},{"start":{"line":8,"column":52},"end":{"line":8,"column":55}}]},"2":{"loc":{"start":{"line":16,"column":49},"end":{"line":16,"column":null}},"type":"binary-expr","locations":[{"start":{"line":16,"column":49},"end":{"line":16,"column":63}},{"start":{"line":16,"column":63},"end":{"line":16,"column":null}}]}},"s":{"0":0,"1":0,"2":0,"3":0},"f":{"0":0},"b":{"0":[0,0],"1":[0,0],"2":[0,0]}}
,"C:\\Users\\Marcus Gollahon\\OneDrive\\Documents\\Code\\CFIpros\\frontend\\app\\(public)\\layout.tsx": {"path":"C:\\Users\\Marcus Gollahon\\OneDrive\\Documents\\Code\\CFIpros\\frontend\\app\\(public)\\layout.tsx","statementMap":{"0":{"start":{"line":5,"column":24},"end":{"line":5,"column":37}},"1":{"start":{"line":1,"column":33},"end":{"line":1,"column":null}},"2":{"start":{"line":2,"column":40},"end":{"line":2,"column":null}},"3":{"start":{"line":3,"column":23},"end":{"line":3,"column":null}}},"fnMap":{"0":{"name":"PublicLayout","decl":{"start":{"line":5,"column":24},"end":{"line":5,"column":37}},"loc":{"start":{"line":9,"column":1},"end":{"line":19,"column":null}}}},"branchMap":{},"s":{"0":0,"1":0,"2":0,"3":0},"f":{"0":0},"b":{}}
,"C:\\Users\\Marcus Gollahon\\OneDrive\\Documents\\Code\\CFIpros\\frontend\\app\\(public)\\page.tsx": {"path":"C:\\Users\\Marcus Gollahon\\OneDrive\\Documents\\Code\\CFIpros\\frontend\\app\\(public)\\page.tsx","statementMap":{"0":{"start":{"line":19,"column":24},"end":{"line":19,"column":null}},"1":{"start":{"line":3,"column":43},"end":{"line":3,"column":null}},"2":{"start":{"line":4,"column":48},"end":{"line":4,"column":null}},"3":{"start":{"line":5,"column":29},"end":{"line":5,"column":null}},"4":{"start":{"line":10,"column":7},"end":{"line":10,"column":null}},"5":{"start":{"line":11,"column":41},"end":{"line":11,"column":null}},"6":{"start":{"line":12,"column":27},"end":{"line":12,"column":null}},"7":{"start":{"line":13,"column":34},"end":{"line":13,"column":null}},"8":{"start":{"line":14,"column":31},"end":{"line":14,"column":null}},"9":{"start":{"line":15,"column":27},"end":{"line":15,"column":null}},"10":{"start":{"line":16,"column":27},"end":{"line":16,"column":null}},"11":{"start":{"line":17,"column":37},"end":{"line":17,"column":null}},"12":{"start":{"line":20,"column":36},"end":{"line":20,"column":null}},"13":{"start":{"line":21,"column":30},"end":{"line":21,"column":null}},"14":{"start":{"line":22,"column":18},"end":{"line":22,"column":null}},"15":{"start":{"line":23,"column":16},"end":{"line":23,"column":null}},"16":{"start":{"line":26,"column":2},"end":{"line":28,"column":null}},"17":{"start":{"line":27,"column":4},"end":{"line":27,"column":null}},"18":{"start":{"line":31,"column":48},"end":{"line":31,"column":null}},"19":{"start":{"line":32,"column":46},"end":{"line":32,"column":null}},"20":{"start":{"line":33,"column":44},"end":{"line":33,"column":null}},"21":{"start":{"line":36,"column":2},"end":{"line":43,"column":null}},"22":{"start":{"line":37,"column":4},"end":{"line":41,"column":null}},"23":{"start":{"line":38,"column":27},"end":{"line":38,"column":null}},"24":{"start":{"line":39,"column":29},"end":{"line":39,"column":null}},"25":{"start":{"line":40,"column":6},"end":{"line":40,"column":null}},"26":{"start":{"line":42,"column":4},"end":{"line":42,"column":null}},"27":{"start":{"line":46,"column":25},"end":{"line":62,"column":null}},"28":{"start":{"line":47,"column":44},"end":{"line":57,"column":null}},"29":{"start":{"line":58,"column":4},"end":{"line":60,"column":null}},"30":{"start":{"line":65,"column":2},"end":{"line":73,"column":null}},"31":{"start":{"line":66,"column":4},"end":{"line":72,"column":null}},"32":{"start":{"line":67,"column":6},"end":{"line":71,"column":null}},"33":{"start":{"line":76,"column":2},"end":{"line":87,"column":null}},"34":{"start":{"line":110,"column":18},"end":{"line":113,"column":null}},"35":{"start":{"line":114,"column":18},"end":{"line":114,"column":null}},"36":{"start":{"line":133,"column":16},"end":{"line":136,"column":null}},"37":{"start":{"line":137,"column":16},"end":{"line":137,"column":null}},"38":{"start":{"line":145,"column":12},"end":{"line":148,"column":null}},"39":{"start":{"line":151,"column":12},"end":{"line":155,"column":null}},"40":{"start":{"line":168,"column":23},"end":{"line":168,"column":null}}},"fnMap":{"0":{"name":"CFIProsHomePage","decl":{"start":{"line":19,"column":24},"end":{"line":19,"column":null}},"loc":{"start":{"line":19,"column":24},"end":{"line":172,"column":null}}},"1":{"name":"(anonymous_5)","decl":{"start":{"line":26,"column":12},"end":{"line":26,"column":null}},"loc":{"start":{"line":26,"column":12},"end":{"line":28,"column":5}}},"2":{"name":"(anonymous_6)","decl":{"start":{"line":36,"column":12},"end":{"line":36,"column":null}},"loc":{"start":{"line":36,"column":12},"end":{"line":43,"column":5}}},"3":{"name":"(anonymous_7)","decl":{"start":{"line":46,"column":25},"end":{"line":46,"column":26}},"loc":{"start":{"line":46,"column":26},"end":{"line":62,"column":null}}},"4":{"name":"(anonymous_8)","decl":{"start":{"line":65,"column":12},"end":{"line":65,"column":null}},"loc":{"start":{"line":65,"column":12},"end":{"line":73,"column":5}}},"5":{"name":"(anonymous_9)","decl":{"start":{"line":109,"column":26},"end":{"line":109,"column":27}},"loc":{"start":{"line":109,"column":27},"end":{"line":115,"column":null}}},"6":{"name":"(anonymous_10)","decl":{"start":{"line":132,"column":27},"end":{"line":132,"column":28}},"loc":{"start":{"line":132,"column":28},"end":{"line":138,"column":null}}},"7":{"name":"(anonymous_11)","decl":{"start":{"line":144,"column":25},"end":{"line":144,"column":26}},"loc":{"start":{"line":144,"column":26},"end":{"line":149,"column":null}}},"8":{"name":"(anonymous_12)","decl":{"start":{"line":150,"column":32},"end":{"line":150,"column":33}},"loc":{"start":{"line":150,"column":44},"end":{"line":156,"column":null}}},"9":{"name":"(anonymous_13)","decl":{"start":{"line":168,"column":17},"end":{"line":168,"column":23}},"loc":{"start":{"line":168,"column":23},"end":{"line":168,"column":null}}}},"branchMap":{"0":{"loc":{"start":{"line":37,"column":4},"end":{"line":41,"column":null}},"type":"if","locations":[{"start":{"line":37,"column":4},"end":{"line":41,"column":null}}]},"1":{"loc":{"start":{"line":37,"column":8},"end":{"line":37,"column":57}},"type":"binary-expr","locations":[{"start":{"line":37,"column":8},"end":{"line":37,"column":24}},{"start":{"line":37,"column":28},"end":{"line":37,"column":57}}]},"2":{"loc":{"start":{"line":39,"column":29},"end":{"line":39,"column":null}},"type":"binary-expr","locations":[{"start":{"line":39,"column":29},"end":{"line":39,"column":67}},{"start":{"line":39,"column":67},"end":{"line":39,"column":null}}]},"3":{"loc":{"start":{"line":59,"column":6},"end":{"line":60,"column":null}},"type":"binary-expr","locations":[{"start":{"line":59,"column":6},"end":{"line":59,"column":24}},{"start":{"line":60,"column":6},"end":{"line":60,"column":null}}]},"4":{"loc":{"start":{"line":66,"column":4},"end":{"line":72,"column":null}},"type":"if","locations":[{"start":{"line":66,"column":4},"end":{"line":72,"column":null}}]},"5":{"loc":{"start":{"line":76,"column":2},"end":{"line":87,"column":null}},"type":"if","locations":[{"start":{"line":76,"column":2},"end":{"line":87,"column":null}}]},"6":{"loc":{"start":{"line":93,"column":19},"end":{"line":93,"column":null}},"type":"cond-expr","locations":[{"start":{"line":93,"column":31},"end":{"line":93,"column":41}},{"start":{"line":93,"column":41},"end":{"line":93,"column":null}}]},"7":{"loc":{"start":{"line":94,"column":17},"end":{"line":94,"column":null}},"type":"cond-expr","locations":[{"start":{"line":94,"column":29},"end":{"line":94,"column":37}},{"start":{"line":94,"column":37},"end":{"line":94,"column":null}}]},"8":{"loc":{"start":{"line":101,"column":23},"end":{"line":101,"column":null}},"type":"cond-expr","locations":[{"start":{"line":101,"column":39},"end":{"line":101,"column":56}},{"start":{"line":101,"column":56},"end":{"line":101,"column":null}}]},"9":{"loc":{"start":{"line":103,"column":16},"end":{"line":103,"column":null}},"type":"cond-expr","locations":[{"start":{"line":103,"column":32},"end":{"line":103,"column":49}},{"start":{"line":103,"column":49},"end":{"line":103,"column":null}}]},"10":{"loc":{"start":{"line":106,"column":35},"end":{"line":106,"column":59}},"type":"cond-expr","locations":[{"start":{"line":106,"column":51},"end":{"line":106,"column":55}},{"start":{"line":106,"column":55},"end":{"line":106,"column":59}}]},"11":{"loc":{"start":{"line":128,"column":16},"end":{"line":130,"column":null}},"type":"binary-expr","locations":[{"start":{"line":128,"column":16},"end":{"line":128,"column":52}},{"start":{"line":129,"column":16},"end":{"line":129,"column":45}},{"start":{"line":130,"column":16},"end":{"line":130,"column":null}}]}},"s":{"0":0,"1":0,"2":0,"3":0,"4":0,"5":0,"6":0,"7":0,"8":0,"9":0,"10":0,"11":0,"12":0,"13":0,"14":0,"15":0,"16":0,"17":0,"18":0,"19":0,"20":0,"21":0,"22":0,"23":0,"24":0,"25":0,"26":0,"27":0,"28":0,"29":0,"30":0,"31":0,"32":0,"33":0,"34":0,"35":0,"36":0,"37":0,"38":0,"39":0,"40":0},"f":{"0":0,"1":0,"2":0,"3":0,"4":0,"5":0,"6":0,"7":0,"8":0,"9":0},"b":{"0":[0],"1":[0,0],"2":[0,0],"3":[0,0],"4":[0],"5":[0],"6":[0,0],"7":[0,0],"8":[0,0],"9":[0,0],"10":[0,0],"11":[0,0,0]}}
,"C:\\Users\\Marcus Gollahon\\OneDrive\\Documents\\Code\\CFIpros\\frontend\\app\\(public)\\acs\\client.tsx": {"path":"C:\\Users\\Marcus Gollahon\\OneDrive\\Documents\\Code\\CFIpros\\frontend\\app\\(public)\\acs\\client.tsx","statementMap":{"0":{"start":{"line":80,"column":24},"end":{"line":80,"column":null}},"1":{"start":{"line":3,"column":36},"end":{"line":3,"column":null}},"2":{"start":{"line":4,"column":54},"end":{"line":4,"column":null}},"3":{"start":{"line":5,"column":17},"end":{"line":5,"column":null}},"4":{"start":{"line":12,"column":7},"end":{"line":12,"column":null}},"5":{"start":{"line":13,"column":28},"end":{"line":13,"column":null}},"6":{"start":{"line":17,"column":32},"end":{"line":63,"column":null}},"7":{"start":{"line":65,"column":14},"end":{"line":71,"column":null}},"8":{"start":{"line":72,"column":14},"end":{"line":78,"column":null}},"9":{"start":{"line":81,"column":40},"end":{"line":81,"column":null}},"10":{"start":{"line":82,"column":42},"end":{"line":82,"column":null}},"11":{"start":{"line":83,"column":42},"end":{"line":83,"column":null}},"12":{"start":{"line":84,"column":36},"end":{"line":84,"column":null}},"13":{"start":{"line":85,"column":44},"end":{"line":85,"column":null}},"14":{"start":{"line":86,"column":40},"end":{"line":86,"column":null}},"15":{"start":{"line":88,"column":26},"end":{"line":88,"column":null}},"16":{"start":{"line":90,"column":2},"end":{"line":110,"column":null}},"17":{"start":{"line":92,"column":4},"end":{"line":92,"column":null}},"18":{"start":{"line":94,"column":21},"end":{"line":106,"column":null}},"19":{"start":{"line":96,"column":8},"end":{"line":98,"column":null}},"20":{"start":{"line":101,"column":8},"end":{"line":101,"column":null}},"21":{"start":{"line":103,"column":8},"end":{"line":103,"column":null}},"22":{"start":{"line":105,"column":6},"end":{"line":105,"column":null}},"23":{"start":{"line":108,"column":4},"end":{"line":108,"column":null}},"24":{"start":{"line":109,"column":4},"end":{"line":109,"column":null}},"25":{"start":{"line":135,"column":33},"end":{"line":135,"column":null}},"26":{"start":{"line":146,"column":29},"end":{"line":146,"column":null}},"27":{"start":{"line":163,"column":35},"end":{"line":163,"column":null}},"28":{"start":{"line":167,"column":20},"end":{"line":167,"column":39}},"29":{"start":{"line":179,"column":35},"end":{"line":179,"column":null}},"30":{"start":{"line":183,"column":20},"end":{"line":183,"column":39}},"31":{"start":{"line":231,"column":14},"end":{"line":231,"column":36}}},"fnMap":{"0":{"name":"ACSIndexClient","decl":{"start":{"line":80,"column":24},"end":{"line":80,"column":null}},"loc":{"start":{"line":80,"column":24},"end":{"line":288,"column":null}}},"1":{"name":"(anonymous_3)","decl":{"start":{"line":90,"column":12},"end":{"line":90,"column":null}},"loc":{"start":{"line":90,"column":12},"end":{"line":110,"column":5}}},"2":{"name":"(anonymous_4)","decl":{"start":{"line":94,"column":41},"end":{"line":94,"column":42}},"loc":{"start":{"line":94,"column":42},"end":{"line":106,"column":null}}},"3":{"name":"(anonymous_5)","decl":{"start":{"line":135,"column":26},"end":{"line":135,"column":27}},"loc":{"start":{"line":135,"column":33},"end":{"line":135,"column":null}}},"4":{"name":"(anonymous_6)","decl":{"start":{"line":146,"column":23},"end":{"line":146,"column":29}},"loc":{"start":{"line":146,"column":29},"end":{"line":146,"column":null}}},"5":{"name":"(anonymous_7)","decl":{"start":{"line":163,"column":28},"end":{"line":163,"column":29}},"loc":{"start":{"line":163,"column":35},"end":{"line":163,"column":null}}},"6":{"name":"(anonymous_8)","decl":{"start":{"line":166,"column":29},"end":{"line":166,"column":30}},"loc":{"start":{"line":167,"column":20},"end":{"line":167,"column":39}}},"7":{"name":"(anonymous_9)","decl":{"start":{"line":179,"column":28},"end":{"line":179,"column":29}},"loc":{"start":{"line":179,"column":35},"end":{"line":179,"column":null}}},"8":{"name":"(anonymous_10)","decl":{"start":{"line":182,"column":29},"end":{"line":182,"column":30}},"loc":{"start":{"line":183,"column":20},"end":{"line":183,"column":39}}},"9":{"name":"(anonymous_11)","decl":{"start":{"line":230,"column":31},"end":{"line":230,"column":32}},"loc":{"start":{"line":231,"column":14},"end":{"line":231,"column":36}}}},"branchMap":{"0":{"loc":{"start":{"line":96,"column":8},"end":{"line":98,"column":null}},"type":"binary-expr","locations":[{"start":{"line":96,"column":8},"end":{"line":96,"column":null}},{"start":{"line":97,"column":8},"end":{"line":97,"column":null}},{"start":{"line":98,"column":8},"end":{"line":98,"column":null}}]},"1":{"loc":{"start":{"line":101,"column":8},"end":{"line":101,"column":null}},"type":"binary-expr","locations":[{"start":{"line":101,"column":8},"end":{"line":101,"column":40}},{"start":{"line":101,"column":40},"end":{"line":101,"column":null}}]},"2":{"loc":{"start":{"line":103,"column":8},"end":{"line":103,"column":null}},"type":"binary-expr","locations":[{"start":{"line":103,"column":8},"end":{"line":103,"column":40}},{"start":{"line":103,"column":40},"end":{"line":103,"column":null}}]},"3":{"loc":{"start":{"line":105,"column":13},"end":{"line":105,"column":null}},"type":"binary-expr","locations":[{"start":{"line":105,"column":13},"end":{"line":105,"column":30}},{"start":{"line":105,"column":30},"end":{"line":105,"column":45}},{"start":{"line":105,"column":45},"end":{"line":105,"column":null}}]},"4":{"loc":{"start":{"line":150,"column":15},"end":{"line":150,"column":null}},"type":"cond-expr","locations":[{"start":{"line":150,"column":29},"end":{"line":150,"column":46}},{"start":{"line":150,"column":46},"end":{"line":150,"column":null}}]},"5":{"loc":{"start":{"line":155,"column":11},"end":{"line":155,"column":null}},"type":"binary-expr","locations":[{"start":{"line":155,"column":11},"end":{"line":155,"column":null}}]},"6":{"loc":{"start":{"line":199,"column":13},"end":{"line":205,"column":55}},"type":"cond-expr","locations":[{"start":{"line":200,"column":14},"end":{"line":205,"column":15}},{"start":{"line":205,"column":14},"end":{"line":205,"column":55}}]},"7":{"loc":{"start":{"line":212,"column":10},"end":{"line":215,"column":26}},"type":"cond-expr","locations":[{"start":{"line":212,"column":10},"end":{"line":215,"column":26}}]},"8":{"loc":{"start":{"line":216,"column":10},"end":{"line":229,"column":11}},"type":"cond-expr","locations":[{"start":{"line":216,"column":10},"end":{"line":229,"column":11}}]},"9":{"loc":{"start":{"line":250,"column":23},"end":{"line":250,"column":32}},"type":"binary-expr","locations":[{"start":{"line":250,"column":23},"end":{"line":250,"column":32}}]},"10":{"loc":{"start":{"line":264,"column":9},"end":{"line":264,"column":null}},"type":"binary-expr","locations":[{"start":{"line":264,"column":9},"end":{"line":264,"column":null}}]}},"s":{"0":0,"1":0,"2":0,"3":0,"4":0,"5":0,"6":0,"7":0,"8":0,"9":0,"10":0,"11":0,"12":0,"13":0,"14":0,"15":0,"16":0,"17":0,"18":0,"19":0,"20":0,"21":0,"22":0,"23":0,"24":0,"25":0,"26":0,"27":0,"28":0,"29":0,"30":0,"31":0},"f":{"0":0,"1":0,"2":0,"3":0,"4":0,"5":0,"6":0,"7":0,"8":0,"9":0},"b":{"0":[0,0,0],"1":[0,0],"2":[0,0],"3":[0,0,0],"4":[0,0],"5":[0],"6":[0,0],"7":[0],"8":[0],"9":[0],"10":[0]}}
,"C:\\Users\\Marcus Gollahon\\OneDrive\\Documents\\Code\\CFIpros\\frontend\\app\\(public)\\acs\\page.tsx": {"path":"C:\\Users\\Marcus Gollahon\\OneDrive\\Documents\\Code\\CFIpros\\frontend\\app\\(public)\\acs\\page.tsx","statementMap":{"0":{"start":{"line":626,"column":24},"end":{"line":626,"column":null}},"1":{"start":{"line":8,"column":13},"end":{"line":8,"column":34}},"2":{"start":{"line":2,"column":17},"end":{"line":2,"column":null}},"3":{"start":{"line":3,"column":29},"end":{"line":3,"column":null}},"4":{"start":{"line":4,"column":34},"end":{"line":4,"column":null}},"5":{"start":{"line":5,"column":28},"end":{"line":5,"column":null}},"6":{"start":{"line":8,"column":34},"end":{"line":59,"column":null}},"7":{"start":{"line":62,"column":32},"end":{"line":624,"column":null}},"8":{"start":{"line":658,"column":12},"end":{"line":658,"column":34}}},"fnMap":{"0":{"name":"ACSIndexPage","decl":{"start":{"line":626,"column":24},"end":{"line":626,"column":null}},"loc":{"start":{"line":626,"column":24},"end":{"line":712,"column":null}}},"1":{"name":"(anonymous_5)","decl":{"start":{"line":657,"column":28},"end":{"line":657,"column":29}},"loc":{"start":{"line":658,"column":12},"end":{"line":658,"column":34}}}},"branchMap":{"0":{"loc":{"start":{"line":677,"column":21},"end":{"line":677,"column":30}},"type":"binary-expr","locations":[{"start":{"line":677,"column":21},"end":{"line":677,"column":30}}]}},"s":{"0":0,"1":0,"2":0,"3":0,"4":0,"5":0,"6":0,"7":0,"8":0},"f":{"0":0,"1":0},"b":{"0":[0]}}
,"C:\\Users\\Marcus Gollahon\\OneDrive\\Documents\\Code\\CFIpros\\frontend\\app\\(public)\\acs\\search-client.tsx": {"path":"C:\\Users\\Marcus Gollahon\\OneDrive\\Documents\\Code\\CFIpros\\frontend\\app\\(public)\\acs\\search-client.tsx","statementMap":{"0":{"start":{"line":32,"column":24},"end":{"line":32,"column":40}},"1":{"start":{"line":3,"column":49},"end":{"line":3,"column":null}},"2":{"start":{"line":4,"column":31},"end":{"line":4,"column":null}},"3":{"start":{"line":5,"column":30},"end":{"line":5,"column":null}},"4":{"start":{"line":7,"column":14},"end":{"line":13,"column":null}},"5":{"start":{"line":14,"column":14},"end":{"line":20,"column":null}},"6":{"start":{"line":33,"column":40},"end":{"line":33,"column":null}},"7":{"start":{"line":34,"column":42},"end":{"line":34,"column":null}},"8":{"start":{"line":35,"column":42},"end":{"line":35,"column":null}},"9":{"start":{"line":36,"column":40},"end":{"line":36,"column":null}},"10":{"start":{"line":38,"column":23},"end":{"line":56,"column":null}},"11":{"start":{"line":39,"column":35},"end":{"line":43,"column":null}},"12":{"start":{"line":46,"column":4},"end":{"line":48,"column":null}},"13":{"start":{"line":47,"column":6},"end":{"line":47,"column":null}},"14":{"start":{"line":51,"column":4},"end":{"line":54,"column":null}},"15":{"start":{"line":59,"column":2},"end":{"line":62,"column":null}},"16":{"start":{"line":60,"column":22},"end":{"line":60,"column":53}},"17":{"start":{"line":61,"column":4},"end":{"line":61,"column":null}},"18":{"start":{"line":61,"column":17},"end":{"line":61,"column":null}},"19":{"start":{"line":75,"column":31},"end":{"line":75,"column":null}},"20":{"start":{"line":76,"column":32},"end":{"line":76,"column":null}},"21":{"start":{"line":91,"column":25},"end":{"line":91,"column":null}},"22":{"start":{"line":108,"column":31},"end":{"line":108,"column":null}},"23":{"start":{"line":112,"column":16},"end":{"line":112,"column":35}},"24":{"start":{"line":124,"column":31},"end":{"line":124,"column":null}},"25":{"start":{"line":128,"column":16},"end":{"line":128,"column":35}}},"fnMap":{"0":{"name":"ACSSearchClient","decl":{"start":{"line":32,"column":24},"end":{"line":32,"column":40}},"loc":{"start":{"line":32,"column":74},"end":{"line":138,"column":null}}},"1":{"name":"(anonymous_2)","decl":{"start":{"line":38,"column":35},"end":{"line":38,"column":null}},"loc":{"start":{"line":38,"column":35},"end":{"line":56,"column":5}}},"2":{"name":"(anonymous_3)","decl":{"start":{"line":59,"column":12},"end":{"line":59,"column":null}},"loc":{"start":{"line":59,"column":12},"end":{"line":62,"column":5}}},"3":{"name":"(anonymous_4)","decl":{"start":{"line":61,"column":11},"end":{"line":61,"column":17}},"loc":{"start":{"line":61,"column":17},"end":{"line":61,"column":null}}},"4":{"name":"(anonymous_5)","decl":{"start":{"line":75,"column":24},"end":{"line":75,"column":25}},"loc":{"start":{"line":75,"column":31},"end":{"line":75,"column":null}}},"5":{"name":"(anonymous_6)","decl":{"start":{"line":76,"column":25},"end":{"line":76,"column":26}},"loc":{"start":{"line":76,"column":32},"end":{"line":76,"column":null}}},"6":{"name":"(anonymous_7)","decl":{"start":{"line":91,"column":19},"end":{"line":91,"column":25}},"loc":{"start":{"line":91,"column":25},"end":{"line":91,"column":null}}},"7":{"name":"(anonymous_8)","decl":{"start":{"line":108,"column":24},"end":{"line":108,"column":25}},"loc":{"start":{"line":108,"column":31},"end":{"line":108,"column":null}}},"8":{"name":"(anonymous_9)","decl":{"start":{"line":111,"column":25},"end":{"line":111,"column":26}},"loc":{"start":{"line":112,"column":16},"end":{"line":112,"column":35}}},"9":{"name":"(anonymous_10)","decl":{"start":{"line":124,"column":24},"end":{"line":124,"column":25}},"loc":{"start":{"line":124,"column":31},"end":{"line":124,"column":null}}},"10":{"name":"(anonymous_11)","decl":{"start":{"line":127,"column":25},"end":{"line":127,"column":26}},"loc":{"start":{"line":128,"column":16},"end":{"line":128,"column":35}}}},"branchMap":{"0":{"loc":{"start":{"line":46,"column":4},"end":{"line":48,"column":null}},"type":"if","locations":[{"start":{"line":46,"column":4},"end":{"line":48,"column":null}}]},"1":{"loc":{"start":{"line":76,"column":32},"end":{"line":76,"column":null}},"type":"binary-expr","locations":[{"start":{"line":76,"column":32},"end":{"line":76,"column":53}},{"start":{"line":76,"column":53},"end":{"line":76,"column":null}}]},"2":{"loc":{"start":{"line":95,"column":11},"end":{"line":95,"column":null}},"type":"cond-expr","locations":[{"start":{"line":95,"column":25},"end":{"line":95,"column":42}},{"start":{"line":95,"column":42},"end":{"line":95,"column":null}}]},"3":{"loc":{"start":{"line":100,"column":7},"end":{"line":100,"column":null}},"type":"binary-expr","locations":[{"start":{"line":100,"column":7},"end":{"line":100,"column":null}}]}},"s":{"0":0,"1":0,"2":0,"3":0,"4":0,"5":0,"6":0,"7":0,"8":0,"9":0,"10":0,"11":0,"12":0,"13":0,"14":0,"15":0,"16":0,"17":0,"18":0,"19":0,"20":0,"21":0,"22":0,"23":0,"24":0,"25":0},"f":{"0":0,"1":0,"2":0,"3":0,"4":0,"5":0,"6":0,"7":0,"8":0,"9":0,"10":0},"b":{"0":[0],"1":[0,0],"2":[0,0],"3":[0]}}
,"C:\\Users\\Marcus Gollahon\\OneDrive\\Documents\\Code\\CFIpros\\frontend\\app\\(public)\\acs\\[code]\\page.tsx": {"path":"C:\\Users\\Marcus Gollahon\\OneDrive\\Documents\\Code\\CFIpros\\frontend\\app\\(public)\\acs\\[code]\\page.tsx","statementMap":{"0":{"start":{"line":116,"column":30},"end":{"line":116,"column":44}},"1":{"start":{"line":45,"column":22},"end":{"line":45,"column":39}},"2":{"start":{"line":108,"column":22},"end":{"line":108,"column":null}},"3":{"start":{"line":2,"column":17},"end":{"line":2,"column":null}},"4":{"start":{"line":3,"column":57},"end":{"line":3,"column":null}},"5":{"start":{"line":10,"column":7},"end":{"line":10,"column":null}},"6":{"start":{"line":11,"column":25},"end":{"line":11,"column":null}},"7":{"start":{"line":14,"column":20},"end":{"line":39,"column":null}},"8":{"start":{"line":46,"column":19},"end":{"line":46,"column":null}},"9":{"start":{"line":47,"column":18},"end":{"line":47,"column":63}},"10":{"start":{"line":49,"column":2},"end":{"line":53,"column":null}},"11":{"start":{"line":50,"column":4},"end":{"line":52,"column":null}},"12":{"start":{"line":55,"column":16},"end":{"line":55,"column":55}},"13":{"start":{"line":57,"column":4},"end":{"line":58,"column":112}},"14":{"start":{"line":60,"column":2},"end":{"line":104,"column":null}},"15":{"start":{"line":110,"column":2},"end":{"line":113,"column":null}},"16":{"start":{"line":117,"column":19},"end":{"line":117,"column":null}},"17":{"start":{"line":118,"column":18},"end":{"line":118,"column":63}},"18":{"start":{"line":120,"column":2},"end":{"line":122,"column":null}},"19":{"start":{"line":121,"column":4},"end":{"line":121,"column":null}},"20":{"start":{"line":125,"column":17},"end":{"line":149,"column":null}},"21":{"start":{"line":258,"column":22},"end":{"line":258,"column":38}},"22":{"start":{"line":278,"column":22},"end":{"line":278,"column":38}},"23":{"start":{"line":315,"column":24},"end":{"line":316,"column":null}}},"fnMap":{"0":{"name":"generateMetadata","decl":{"start":{"line":45,"column":22},"end":{"line":45,"column":39}},"loc":{"start":{"line":45,"column":56},"end":{"line":105,"column":null}}},"1":{"name":"generateStaticParams","decl":{"start":{"line":108,"column":22},"end":{"line":108,"column":null}},"loc":{"start":{"line":108,"column":22},"end":{"line":114,"column":null}}},"2":{"name":"ACSDetailPage","decl":{"start":{"line":116,"column":30},"end":{"line":116,"column":44}},"loc":{"start":{"line":116,"column":61},"end":{"line":335,"column":null}}},"3":{"name":"(anonymous_8)","decl":{"start":{"line":257,"column":48},"end":{"line":257,"column":49}},"loc":{"start":{"line":258,"column":22},"end":{"line":258,"column":38}}},"4":{"name":"(anonymous_9)","decl":{"start":{"line":277,"column":48},"end":{"line":277,"column":49}},"loc":{"start":{"line":278,"column":22},"end":{"line":278,"column":38}}},"5":{"name":"(anonymous_10)","decl":{"start":{"line":314,"column":48},"end":{"line":314,"column":49}},"loc":{"start":{"line":315,"column":24},"end":{"line":316,"column":null}}}},"branchMap":{"0":{"loc":{"start":{"line":49,"column":2},"end":{"line":53,"column":null}},"type":"if","locations":[{"start":{"line":49,"column":2},"end":{"line":53,"column":null}}]},"1":{"loc":{"start":{"line":57,"column":4},"end":{"line":58,"column":112}},"type":"binary-expr","locations":[{"start":{"line":57,"column":4},"end":{"line":57,"column":19}},{"start":{"line":58,"column":4},"end":{"line":58,"column":112}}]},"2":{"loc":{"start":{"line":120,"column":2},"end":{"line":122,"column":null}},"type":"if","locations":[{"start":{"line":120,"column":2},"end":{"line":122,"column":null}}]},"3":{"loc":{"start":{"line":208,"column":19},"end":{"line":208,"column":34}},"type":"binary-expr","locations":[{"start":{"line":208,"column":19},"end":{"line":208,"column":34}}]},"4":{"loc":{"start":{"line":232,"column":15},"end":{"line":232,"column":35}},"type":"binary-expr","locations":[{"start":{"line":232,"column":15},"end":{"line":232,"column":35}}]},"5":{"loc":{"start":{"line":307,"column":15},"end":{"line":307,"column":35}},"type":"binary-expr","locations":[{"start":{"line":307,"column":15},"end":{"line":307,"column":35}},{"start":{"line":307,"column":39},"end":{"line":307,"column":null}}]}},"s":{"0":0,"1":0,"2":0,"3":0,"4":0,"5":0,"6":0,"7":0,"8":0,"9":0,"10":0,"11":0,"12":0,"13":0,"14":0,"15":0,"16":0,"17":0,"18":0,"19":0,"20":0,"21":0,"22":0,"23":0},"f":{"0":0,"1":0,"2":0,"3":0,"4":0,"5":0},"b":{"0":[0],"1":[0,0],"2":[0],"3":[0],"4":[0],"5":[0,0]}}
,"C:\\Users\\Marcus Gollahon\\OneDrive\\Documents\\Code\\CFIpros\\frontend\\app\\(public)\\upload\\client.tsx": {"path":"C:\\Users\\Marcus Gollahon\\OneDrive\\Documents\\Code\\CFIpros\\frontend\\app\\(public)\\upload\\client.tsx","statementMap":{"0":{"start":{"line":9,"column":16},"end":{"line":9,"column":null}},"1":{"start":{"line":3,"column":45},"end":{"line":3,"column":null}},"2":{"start":{"line":4,"column":23},"end":{"line":4,"column":null}},"3":{"start":{"line":5,"column":49},"end":{"line":5,"column":null}},"4":{"start":{"line":6,"column":49},"end":{"line":6,"column":null}},"5":{"start":{"line":7,"column":32},"end":{"line":7,"column":null}},"6":{"start":{"line":10,"column":38},"end":{"line":10,"column":null}},"7":{"start":{"line":11,"column":42},"end":{"line":11,"column":null}},"8":{"start":{"line":23,"column":6},"end":{"line":27,"column":null}},"9":{"start":{"line":25,"column":6},"end":{"line":25,"column":null}},"10":{"start":{"line":25,"column":32},"end":{"line":25,"column":null}},"11":{"start":{"line":30,"column":29},"end":{"line":32,"column":null}},"12":{"start":{"line":31,"column":20},"end":{"line":31,"column":null}},"13":{"start":{"line":34,"column":30},"end":{"line":36,"column":null}},"14":{"start":{"line":35,"column":20},"end":{"line":35,"column":null}},"15":{"start":{"line":39,"column":37},"end":{"line":50,"column":null}},"16":{"start":{"line":41,"column":6},"end":{"line":48,"column":null}},"17":{"start":{"line":42,"column":8},"end":{"line":46,"column":null}},"18":{"start":{"line":43,"column":10},"end":{"line":46,"column":null}},"19":{"start":{"line":45,"column":53},"end":{"line":45,"column":77}},"20":{"start":{"line":53,"column":32},"end":{"line":62,"column":null}},"21":{"start":{"line":55,"column":6},"end":{"line":55,"column":null}},"22":{"start":{"line":56,"column":4},"end":{"line":59,"column":null}},"23":{"start":{"line":57,"column":6},"end":{"line":59,"column":null}},"24":{"start":{"line":64,"column":22},"end":{"line":66,"column":null}},"25":{"start":{"line":65,"column":4},"end":{"line":65,"column":null}},"26":{"start":{"line":68,"column":25},"end":{"line":71,"column":null}},"27":{"start":{"line":69,"column":4},"end":{"line":69,"column":null}},"28":{"start":{"line":70,"column":4},"end":{"line":70,"column":null}},"29":{"start":{"line":73,"column":26},"end":{"line":76,"column":null}},"30":{"start":{"line":74,"column":4},"end":{"line":74,"column":null}},"31":{"start":{"line":75,"column":4},"end":{"line":75,"column":null}},"32":{"start":{"line":78,"column":21},"end":{"line":90,"column":null}},"33":{"start":{"line":80,"column":6},"end":{"line":80,"column":null}},"34":{"start":{"line":81,"column":6},"end":{"line":81,"column":null}},"35":{"start":{"line":83,"column":6},"end":{"line":88,"column":null}},"36":{"start":{"line":84,"column":33},"end":{"line":84,"column":null}},"37":{"start":{"line":85,"column":8},"end":{"line":85,"column":null}},"38":{"start":{"line":87,"column":8},"end":{"line":87,"column":null}},"39":{"start":{"line":93,"column":27},"end":{"line":107,"column":null}},"40":{"start":{"line":95,"column":6},"end":{"line":105,"column":null}},"41":{"start":{"line":96,"column":8},"end":{"line":101,"column":null}},"42":{"start":{"line":97,"column":35},"end":{"line":97,"column":null}},"43":{"start":{"line":98,"column":10},"end":{"line":98,"column":null}},"44":{"start":{"line":100,"column":10},"end":{"line":100,"column":null}},"45":{"start":{"line":104,"column":8},"end":{"line":104,"column":null}},"46":{"start":{"line":136,"column":20},"end":{"line":136,"column":36}},"47":{"start":{"line":286,"column":14},"end":{"line":287,"column":null}},"48":{"start":{"line":306,"column":17},"end":{"line":573,"column":null}},"49":{"start":{"line":312,"column":4},"end":{"line":312,"column":null}},"50":{"start":{"line":346,"column":29},"end":{"line":346,"column":null}},"51":{"start":{"line":354,"column":27},"end":{"line":354,"column":null}},"52":{"start":{"line":454,"column":20},"end":{"line":455,"column":null}},"53":{"start":{"line":472,"column":18},"end":{"line":473,"column":null}},"54":{"start":{"line":502,"column":22},"end":{"line":502,"column":38}},"55":{"start":{"line":519,"column":18},"end":{"line":520,"column":null}},"56":{"start":{"line":576,"column":2},"end":{"line":577,"column":null}},"57":{"start":{"line":582,"column":18},"end":{"line":591,"column":null}},"58":{"start":{"line":593,"column":17},"end":{"line":593,"column":32}}},"fnMap":{"0":{"name":"UploadForm","decl":{"start":{"line":9,"column":16},"end":{"line":9,"column":null}},"loc":{"start":{"line":9,"column":16},"end":{"line":298,"column":null}}},"1":{"name":"(anonymous_5)","decl":{"start":{"line":24,"column":19},"end":{"line":24,"column":20}},"loc":{"start":{"line":24,"column":26},"end":{"line":26,"column":null}}},"2":{"name":"(anonymous_6)","decl":{"start":{"line":25,"column":22},"end":{"line":25,"column":23}},"loc":{"start":{"line":25,"column":32},"end":{"line":25,"column":null}}},"3":{"name":"(anonymous_7)","decl":{"start":{"line":31,"column":4},"end":{"line":31,"column":5}},"loc":{"start":{"line":31,"column":20},"end":{"line":31,"column":null}}},"4":{"name":"(anonymous_8)","decl":{"start":{"line":35,"column":4},"end":{"line":35,"column":5}},"loc":{"start":{"line":35,"column":20},"end":{"line":35,"column":null}}},"5":{"name":"(anonymous_9)","decl":{"start":{"line":40,"column":4},"end":{"line":40,"column":5}},"loc":{"start":{"line":40,"column":5},"end":{"line":49,"column":null}}},"6":{"name":"(anonymous_10)","decl":{"start":{"line":42,"column":24},"end":{"line":42,"column":25}},"loc":{"start":{"line":43,"column":10},"end":{"line":46,"column":null}}},"7":{"name":"(anonymous_11)","decl":{"start":{"line":45,"column":32},"end":{"line":45,"column":33}},"loc":{"start":{"line":45,"column":53},"end":{"line":45,"column":77}}},"8":{"name":"(anonymous_12)","decl":{"start":{"line":53,"column":44},"end":{"line":53,"column":45}},"loc":{"start":{"line":53,"column":45},"end":{"line":62,"column":5}}},"9":{"name":"(anonymous_13)","decl":{"start":{"line":56,"column":20},"end":{"line":56,"column":21}},"loc":{"start":{"line":57,"column":6},"end":{"line":59,"column":null}}},"10":{"name":"(anonymous_14)","decl":{"start":{"line":64,"column":34},"end":{"line":64,"column":null}},"loc":{"start":{"line":64,"column":34},"end":{"line":66,"column":5}}},"11":{"name":"(anonymous_15)","decl":{"start":{"line":68,"column":37},"end":{"line":68,"column":38}},"loc":{"start":{"line":68,"column":38},"end":{"line":71,"column":5}}},"12":{"name":"(anonymous_16)","decl":{"start":{"line":73,"column":38},"end":{"line":73,"column":39}},"loc":{"start":{"line":73,"column":39},"end":{"line":76,"column":5}}},"13":{"name":"(anonymous_17)","decl":{"start":{"line":79,"column":4},"end":{"line":79,"column":11}},"loc":{"start":{"line":79,"column":11},"end":{"line":89,"column":null}}},"14":{"name":"(anonymous_18)","decl":{"start":{"line":94,"column":4},"end":{"line":94,"column":11}},"loc":{"start":{"line":94,"column":11},"end":{"line":106,"column":null}}},"15":{"name":"(anonymous_19)","decl":{"start":{"line":135,"column":36},"end":{"line":135,"column":37}},"loc":{"start":{"line":136,"column":20},"end":{"line":136,"column":36}}},"16":{"name":"(anonymous_20)","decl":{"start":{"line":285,"column":23},"end":{"line":285,"column":24}},"loc":{"start":{"line":286,"column":14},"end":{"line":287,"column":null}}},"17":{"name":"FileItem","decl":{"start":{"line":306,"column":37},"end":{"line":306,"column":46}},"loc":{"start":{"line":310,"column":16},"end":{"line":573,"column":null}}},"18":{"name":"(anonymous_22)","decl":{"start":{"line":346,"column":23},"end":{"line":346,"column":29}},"loc":{"start":{"line":346,"column":29},"end":{"line":346,"column":null}}},"19":{"name":"(anonymous_23)","decl":{"start":{"line":354,"column":21},"end":{"line":354,"column":27}},"loc":{"start":{"line":354,"column":27},"end":{"line":354,"column":null}}},"20":{"name":"(anonymous_24)","decl":{"start":{"line":453,"column":47},"end":{"line":453,"column":48}},"loc":{"start":{"line":454,"column":20},"end":{"line":455,"column":null}}},"21":{"name":"(anonymous_25)","decl":{"start":{"line":471,"column":46},"end":{"line":471,"column":47}},"loc":{"start":{"line":472,"column":18},"end":{"line":473,"column":null}}},"22":{"name":"(anonymous_26)","decl":{"start":{"line":501,"column":58},"end":{"line":501,"column":59}},"loc":{"start":{"line":502,"column":22},"end":{"line":502,"column":38}}},"23":{"name":"(anonymous_27)","decl":{"start":{"line":518,"column":47},"end":{"line":518,"column":48}},"loc":{"start":{"line":519,"column":18},"end":{"line":520,"column":null}}},"24":{"name":"getComplianceColor","decl":{"start":{"line":575,"column":9},"end":{"line":575,"column":28}},"loc":{"start":{"line":575,"column":41},"end":{"line":579,"column":null}}},"25":{"name":"StatusBadge","decl":{"start":{"line":581,"column":9},"end":{"line":581,"column":21}},"loc":{"start":{"line":581,"column":67},"end":{"line":602,"column":null}}}},"branchMap":{"0":{"loc":{"start":{"line":41,"column":6},"end":{"line":48,"column":null}},"type":"if","locations":[{"start":{"line":41,"column":6},"end":{"line":48,"column":null}}]},"1":{"loc":{"start":{"line":55,"column":6},"end":{"line":55,"column":null}},"type":"cond-expr","locations":[{"start":{"line":55,"column":31},"end":{"line":55,"column":44}},{"start":{"line":55,"column":47},"end":{"line":55,"column":null}}]},"2":{"loc":{"start":{"line":95,"column":6},"end":{"line":105,"column":null}},"type":"if","locations":[{"start":{"line":95,"column":6},"end":{"line":105,"column":null}}]},"3":{"loc":{"start":{"line":113,"column":7},"end":{"line":113,"column":null}},"type":"binary-expr","locations":[{"start":{"line":113,"column":7},"end":{"line":113,"column":null}}]},"4":{"loc":{"start":{"line":164,"column":7},"end":{"line":164,"column":null}},"type":"binary-expr","locations":[{"start":{"line":164,"column":7},"end":{"line":164,"column":null}}]},"5":{"loc":{"start":{"line":172,"column":15},"end":{"line":172,"column":null}},"type":"binary-expr","locations":[{"start":{"line":172,"column":15},"end":{"line":172,"column":null}}]},"6":{"loc":{"start":{"line":180,"column":15},"end":{"line":180,"column":null}},"type":"binary-expr","locations":[{"start":{"line":180,"column":15},"end":{"line":180,"column":null}}]},"7":{"loc":{"start":{"line":204,"column":10},"end":{"line":208,"column":null}},"type":"cond-expr","locations":[{"start":{"line":205,"column":14},"end":{"line":205,"column":null}},{"start":{"line":206,"column":14},"end":{"line":208,"column":null}}]},"8":{"loc":{"start":{"line":206,"column":14},"end":{"line":208,"column":null}},"type":"cond-expr","locations":[{"start":{"line":207,"column":16},"end":{"line":207,"column":null}},{"start":{"line":208,"column":16},"end":{"line":208,"column":null}}]},"9":{"loc":{"start":{"line":228,"column":11},"end":{"line":230,"column":null}},"type":"cond-expr","locations":[{"start":{"line":229,"column":14},"end":{"line":229,"column":56}},{"start":{"line":230,"column":14},"end":{"line":230,"column":null}}]},"10":{"loc":{"start":{"line":233,"column":11},"end":{"line":235,"column":null}},"type":"cond-expr","locations":[{"start":{"line":234,"column":14},"end":{"line":234,"column":null}},{"start":{"line":235,"column":14},"end":{"line":235,"column":null}}]},"11":{"loc":{"start":{"line":264,"column":7},"end":{"line":264,"column":null}},"type":"binary-expr","locations":[{"start":{"line":264,"column":7},"end":{"line":264,"column":null}}]},"12":{"loc":{"start":{"line":271,"column":15},"end":{"line":271,"column":null}},"type":"binary-expr","locations":[{"start":{"line":271,"column":15},"end":{"line":271,"column":null}}]},"13":{"loc":{"start":{"line":312,"column":4},"end":{"line":312,"column":null}},"type":"binary-expr","locations":[{"start":{"line":312,"column":4},"end":{"line":312,"column":35}},{"start":{"line":312,"column":35},"end":{"line":312,"column":null}}]},"14":{"loc":{"start":{"line":328,"column":13},"end":{"line":328,"column":null}},"type":"binary-expr","locations":[{"start":{"line":328,"column":13},"end":{"line":328,"column":null}}]},"15":{"loc":{"start":{"line":331,"column":13},"end":{"line":331,"column":null}},"type":"binary-expr","locations":[{"start":{"line":331,"column":13},"end":{"line":331,"column":null}}]},"16":{"loc":{"start":{"line":336,"column":13},"end":{"line":336,"column":null}},"type":"binary-expr","locations":[{"start":{"line":336,"column":13},"end":{"line":336,"column":null}}]},"17":{"loc":{"start":{"line":344,"column":11},"end":{"line":344,"column":null}},"type":"binary-expr","locations":[{"start":{"line":344,"column":11},"end":{"line":344,"column":null}}]},"18":{"loc":{"start":{"line":376,"column":7},"end":{"line":376,"column":null}},"type":"binary-expr","locations":[{"start":{"line":376,"column":7},"end":{"line":376,"column":null}}]},"19":{"loc":{"start":{"line":381,"column":16},"end":{"line":381,"column":null}},"type":"cond-expr","locations":[{"start":{"line":381,"column":46},"end":{"line":381,"column":62}},{"start":{"line":381,"column":62},"end":{"line":381,"column":null}}]},"20":{"loc":{"start":{"line":385,"column":18},"end":{"line":385,"column":77}},"type":"cond-expr","locations":[{"start":{"line":385,"column":49},"end":{"line":385,"column":58}},{"start":{"line":385,"column":58},"end":{"line":385,"column":77}}]},"21":{"loc":{"start":{"line":390,"column":13},"end":{"line":390,"column":44}},"type":"binary-expr","locations":[{"start":{"line":390,"column":13},"end":{"line":390,"column":44}}]},"22":{"loc":{"start":{"line":391,"column":13},"end":{"line":391,"column":null}},"type":"binary-expr","locations":[{"start":{"line":391,"column":13},"end":{"line":391,"column":null}}]},"23":{"loc":{"start":{"line":414,"column":7},"end":{"line":414,"column":38}},"type":"binary-expr","locations":[{"start":{"line":414,"column":7},"end":{"line":414,"column":38}},{"start":{"line":414,"column":38},"end":{"line":414,"column":51}}]},"24":{"loc":{"start":{"line":434,"column":15},"end":{"line":434,"column":39}},"type":"binary-expr","locations":[{"start":{"line":434,"column":15},"end":{"line":434,"column":39}}]},"25":{"loc":{"start":{"line":447,"column":13},"end":{"line":447,"column":36}},"type":"binary-expr","locations":[{"start":{"line":447,"column":13},"end":{"line":447,"column":36}},{"start":{"line":447,"column":40},"end":{"line":447,"column":null}}]},"26":{"loc":{"start":{"line":484,"column":13},"end":{"line":484,"column":37}},"type":"binary-expr","locations":[{"start":{"line":484,"column":13},"end":{"line":484,"column":37}}]},"27":{"loc":{"start":{"line":544,"column":7},"end":{"line":544,"column":null}},"type":"binary-expr","locations":[{"start":{"line":544,"column":7},"end":{"line":544,"column":null}}]},"28":{"loc":{"start":{"line":565,"column":17},"end":{"line":565,"column":null}},"type":"binary-expr","locations":[{"start":{"line":565,"column":17},"end":{"line":565,"column":27}},{"start":{"line":565,"column":31},"end":{"line":565,"column":null}}]}},"s":{"0":0,"1":0,"2":0,"3":0,"4":0,"5":0,"6":0,"7":0,"8":0,"9":0,"10":0,"11":0,"12":0,"13":0,"14":0,"15":0,"16":0,"17":0,"18":0,"19":0,"20":0,"21":0,"22":0,"23":0,"24":0,"25":0,"26":0,"27":0,"28":0,"29":0,"30":0,"31":0,"32":0,"33":0,"34":0,"35":0,"36":0,"37":0,"38":0,"39":0,"40":0,"41":0,"42":0,"43":0,"44":0,"45":0,"46":0,"47":0,"48":0,"49":0,"50":0,"51":0,"52":0,"53":0,"54":0,"55":0,"56":0,"57":0,"58":0},"f":{"0":0,"1":0,"2":0,"3":0,"4":0,"5":0,"6":0,"7":0,"8":0,"9":0,"10":0,"11":0,"12":0,"13":0,"14":0,"15":0,"16":0,"17":0,"18":0,"19":0,"20":0,"21":0,"22":0,"23":0,"24":0,"25":0},"b":{"0":[0],"1":[0,0],"2":[0],"3":[0],"4":[0],"5":[0],"6":[0],"7":[0,0],"8":[0,0],"9":[0,0],"10":[0,0],"11":[0],"12":[0],"13":[0,0],"14":[0],"15":[0],"16":[0],"17":[0],"18":[0],"19":[0,0],"20":[0,0],"21":[0],"22":[0],"23":[0,0],"24":[0],"25":[0,0],"26":[0],"27":[0],"28":[0,0]}}
,"C:\\Users\\Marcus Gollahon\\OneDrive\\Documents\\Code\\CFIpros\\frontend\\app\\(public)\\upload\\page.tsx": {"path":"C:\\Users\\Marcus Gollahon\\OneDrive\\Documents\\Code\\CFIpros\\frontend\\app\\(public)\\upload\\page.tsx","statementMap":{"0":{"start":{"line":29,"column":24},"end":{"line":29,"column":null}},"1":{"start":{"line":5,"column":13},"end":{"line":5,"column":34}},"2":{"start":{"line":2,"column":27},"end":{"line":2,"column":null}},"3":{"start":{"line":3,"column":36},"end":{"line":3,"column":null}},"4":{"start":{"line":5,"column":34},"end":{"line":27,"column":null}}},"fnMap":{"0":{"name":"UploadPage","decl":{"start":{"line":29,"column":24},"end":{"line":29,"column":null}},"loc":{"start":{"line":29,"column":24},"end":{"line":157,"column":null}}}},"branchMap":{},"s":{"0":0,"1":0,"2":0,"3":0,"4":0},"f":{"0":0},"b":{}}
,"C:\\Users\\Marcus Gollahon\\OneDrive\\Documents\\Code\\CFIpros\\frontend\\app\\api\\account\\plan\\route.ts": {"path":"C:\\Users\\Marcus Gollahon\\OneDrive\\Documents\\Code\\CFIpros\\frontend\\app\\api\\account\\plan\\route.ts","statementMap":{"0":{"start":{"line":3,"column":22},"end":{"line":3,"column":null}},"1":{"start":{"line":1,"column":29},"end":{"line":1,"column":null}},"2":{"start":{"line":5,"column":2},"end":{"line":5,"column":null}}},"fnMap":{"0":{"name":"GET","decl":{"start":{"line":3,"column":22},"end":{"line":3,"column":null}},"loc":{"start":{"line":3,"column":22},"end":{"line":6,"column":null}}}},"branchMap":{},"s":{"0":0,"1":0,"2":0},"f":{"0":0},"b":{}}
[...]
"line":22,"column":null}},"6":{"start":{"line":18,"column":2},"end":{"line":19,"column":null}},"7":{"start":{"line":21,"column":2},"end":{"line":21,"column":null}},"8":{"start":{"line":24,"column":0},"end":{"line":24,"column":null}},"9":{"start":{"line":27,"column":14},"end":{"line":27,"column":42}},"10":{"start":{"line":28,"column":2},"end":{"line":28,"column":null}},"11":{"start":{"line":30,"column":2},"end":{"line":69,"column":null}},"12":{"start":{"line":31,"column":20},"end":{"line":37,"column":null}},"13":{"start":{"line":39,"column":4},"end":{"line":41,"column":null}},"14":{"start":{"line":40,"column":6},"end":{"line":40,"column":null}},"15":{"start":{"line":43,"column":21},"end":{"line":43,"column":null}},"16":{"start":{"line":44,"column":17},"end":{"line":44,"column":null}},"17":{"start":{"line":46,"column":4},"end":{"line":46,"column":null}},"18":{"start":{"line":47,"column":4},"end":{"line":47,"column":null}},"19":{"start":{"line":49,"column":4},"end":{"line":56,"column":null}},"20":{"start":{"line":50,"column":6},"end":{"line":55,"column":null}},"21":{"start":{"line":51,"column":21},"end":{"line":51,"column":null}},"22":{"start":{"line":52,"column":8},"end":{"line":52,"column":null}},"23":{"start":{"line":54,"column":8},"end":{"line":54,"column":null}},"24":{"start":{"line":58,"column":4},"end":{"line":62,"column":null}},"25":{"start":{"line":64,"column":4},"end":{"line":64,"column":null}},"26":{"start":{"line":65,"column":4},"end":{"line":68,"column":null}},"27":{"start":{"line":73,"column":2},"end":{"line":73,"column":null}},"28":{"start":{"line":76,"column":22},"end":{"line":76,"column":null}},"29":{"start":{"line":78,"column":19},"end":{"line":78,"column":null}},"30":{"start":{"line":79,"column":15},"end":{"line":79,"column":null}},"31":{"start":{"line":80,"column":2},"end":{"line":80,"column":null}},"32":{"start":{"line":82,"column":2},"end":{"line":108,"column":null}},"33":{"start":{"line":83,"column":21},"end":{"line":89,"column":null}},"34":{"start":{"line":91,"column":17},"end":{"line":91,"column":null}},"35":{"start":{"line":92,"column":4},"end":{"line":92,"column":null}},"36":{"start":{"line":94,"column":4},"end":{"line":102,"column":null}},"37":{"start":{"line":95,"column":6},"end":{"line":101,"column":null}},"38":{"start":{"line":96,"column":21},"end":{"line":96,"column":null}},"39":{"start":{"line":97,"column":8},"end":{"line":97,"column":null}},"40":{"start":{"line":98,"column":8},"end":{"line":98,"column":null}},"41":{"start":{"line":100,"column":8},"end":{"line":100,"column":null}},"42":{"start":{"line":104,"column":4},"end":{"line":104,"column":null}},"43":{"start":{"line":106,"column":4},"end":{"line":106,"column":null}},"44":{"start":{"line":107,"column":4},"end":{"line":107,"column":null}},"45":{"start":{"line":112,"column":2},"end":{"line":112,"column":null}},"46":{"start":{"line":114,"column":18},"end":{"line":114,"column":20}},"47":{"start":{"line":117,"column":2},"end":{"line":117,"column":null}},"48":{"start":{"line":118,"column":2},"end":{"line":118,"column":null}},"49":{"start":{"line":121,"column":18},"end":{"line":121,"column":null}},"50":{"start":{"line":124,"column":2},"end":{"line":126,"column":null}},"51":{"start":{"line":125,"column":4},"end":{"line":125,"column":null}},"52":{"start":{"line":129,"column":2},"end":{"line":129,"column":null}},"53":{"start":{"line":132,"column":21},"end":{"line":132,"column":65}},"54":{"start":{"line":132,"column":43},"end":{"line":132,"column":57}},"55":{"start":{"line":133,"column":16},"end":{"line":133,"column":47}},"56":{"start":{"line":133,"column":38},"end":{"line":133,"column":41}},"57":{"start":{"line":135,"column":2},"end":{"line":135,"column":null}},"58":{"start":{"line":136,"column":2},"end":{"line":136,"column":null}},"59":{"start":{"line":137,"column":2},"end":{"line":137,"column":null}},"60":{"start":{"line":138,"column":2},"end":{"line":138,"column":null}},"61":{"start":{"line":140,"column":2},"end":{"line":153,"column":null}},"62":{"start":{"line":141,"column":4},"end":{"line":141,"column":null}},"63":{"start":{"line":142,"column":4},"end":{"line":142,"column":null}},"64":{"start":{"line":143,"column":4},"end":{"line":145,"column":null}},"65":{"start":{"line":144,"column":6},"end":{"line":144,"column":null}},"66":{"start":{"line":147,"column":4},"end":{"line":147,"column":null}},"67":{"start":{"line":148,"column":4},"end":{"line":148,"column":null}},"68":{"start":{"line":149,"column":4},"end":{"line":149,"column":null}},"69":{"start":{"line":150,"column":4},"end":{"line":150,"column":null}},"70":{"start":{"line":151,"column":4},"end":{"line":151,"column":null}},"71":{"start":{"line":152,"column":4},"end":{"line":152,"column":null}},"72":{"start":{"line":157,"column":0},"end":{"line":161,"column":null}},"73":{"start":{"line":158,"column":2},"end":{"line":158,"column":null}},"74":{"start":{"line":159,"column":2},"end":{"line":159,"column":null}},"75":{"start":{"line":160,"column":2},"end":{"line":160,"column":null}},"76":{"start":{"line":163,"column":0},"end":{"line":163,"column":null}}},"fnMap":{"0":{"name":"testEndpoint","decl":{"start":{"line":26,"column":15},"end":{"line":26,"column":28}},"loc":{"start":{"line":26,"column":65},"end":{"line":70,"column":null}}},"1":{"name":"testFileUpload","decl":{"start":{"line":72,"column":15},"end":{"line":72,"column":null}},"loc":{"start":{"line":72,"column":15},"end":{"line":109,"column":null}}},"2":{"name":"runTests","decl":{"start":{"line":111,"column":15},"end":{"line":111,"column":null}},"loc":{"start":{"line":111,"column":15},"end":{"line":154,"column":null}}},"3":{"name":"(anonymous_3)","decl":{"start":{"line":132,"column":36},"end":{"line":132,"column":37}},"loc":{"start":{"line":132,"column":43},"end":{"line":132,"column":57}}},"4":{"name":"(anonymous_4)","decl":{"start":{"line":133,"column":31},"end":{"line":133,"column":32}},"loc":{"start":{"line":133,"column":38},"end":{"line":133,"column":41}}}},"branchMap":{"0":{"loc":{"start":{"line":15,"column":21},"end":{"line":15,"column":76}},"type":"binary-expr","locations":[{"start":{"line":15,"column":21},"end":{"line":15,"column":48}},{"start":{"line":15,"column":52},"end":{"line":15,"column":76}}]},"1":{"loc":{"start":{"line":17,"column":0},"end":{"line":22,"column":null}},"type":"if","locations":[{"start":{"line":17,"column":0},"end":{"line":22,"column":null}}]},"2":{"loc":{"start":{"line":26,"column":38},"end":{"line":26,"column":52}},"type":"default-arg","locations":[{"start":{"line":26,"column":47},"end":{"line":26,"column":52}}]},"3":{"loc":{"start":{"line":26,"column":54},"end":{"line":26,"column":65}},"type":"default-arg","locations":[{"start":{"line":26,"column":61},"end":{"line":26,"column":65}}]},"4":{"loc":{"start":{"line":39,"column":4},"end":{"line":41,"column":null}},"type":"if","locations":[{"start":{"line":39,"column":4},"end":{"line":41,"column":null}}]},"5":{"loc":{"start":{"line":39,"column":8},"end":{"line":39,"column":34}},"type":"binary-expr","locations":[{"start":{"line":39,"column":8},"end":{"line":39,"column":16}},{"start":{"line":39,"column":16},"end":{"line":39,"column":34}}]},"6":{"loc":{"start":{"line":49,"column":4},"end":{"line":56,"column":null}},"type":"if","locations":[{"start":{"line":49,"column":4},"end":{"line":56,"column":null}}]},"7":{"loc":{"start":{"line":94,"column":4},"end":{"line":102,"column":null}},"type":"if","locations":[{"start":{"line":94,"column":4},"end":{"line":102,"column":null}}]},"8":{"loc":{"start":{"line":98,"column":15},"end":{"line":98,"column":null}},"type":"binary-expr","locations":[{"start":{"line":98,"column":15},"end":{"line":98,"column":27}},{"start":{"line":98,"column":31},"end":{"line":98,"column":null}}]},"9":{"loc":{"start":{"line":124,"column":2},"end":{"line":126,"column":null}},"type":"if","locations":[{"start":{"line":124,"column":2},"end":{"line":126,"column":null}}]},"10":{"loc":{"start":{"line":132,"column":43},"end":{"line":132,"column":57}},"type":"binary-expr","locations":[{"start":{"line":132,"column":43},"end":{"line":132,"column":48}},{"start":{"line":132,"column":48},"end":{"line":132,"column":57}}]},"11":{"loc":{"start":{"line":140,"column":2},"end":{"line":153,"column":null}},"type":"if","locations":[{"start":{"line":140,"column":2},"end":{"line":153,"column":null}},{"start":{"line":146,"column":9},"end":{"line":153,"column":null}}]},"12":{"loc":{"start":{"line":143,"column":4},"end":{"line":145,"column":null}},"type":"if","locations":[{"start":{"line":143,"column":4},"end":{"line":145,"column":null}}]},"13":{"loc":{"start":{"line":157,"column":0},"end":{"line":161,"column":null}},"type":"if","locations":[{"start":{"line":157,"column":0},"end":{"line":161,"column":null}}]}},"s":{"0":0,"1":0,"2":0,"3":0,"4":0,"5":0,"6":0,"7":0,"8":0,"9":0,"10":0,"11":0,"12":0,"13":0,"14":0,"15":0,"16":0,"17":0,"18":0,"19":0,"20":0,"21":0,"22":0,"23":0,"24":0,"25":0,"26":0,"27":0,"28":0,"29":0,"30":0,"31":0,"32":0,"33":0,"34":0,"35":0,"36":0,"37":0,"38":0,"39":0,"40":0,"41":0,"42":0,"43":0,"44":0,"45":0,"46":0,"47":0,"48":0,"49":0,"50":0,"51":0,"52":0,"53":0,"54":0,"55":0,"56":0,"57":0,"58":0,"59":0,"60":0,"61":0,"62":0,"63":0,"64":0,"65":0,"66":0,"67":0,"68":0,"69":0,"70":0,"71":0,"72":0,"73":0,"74":0,"75":0,"76":0},"f":{"0":0,"1":0,"2":0,"3":0,"4":0},"b":{"0":[0,0],"1":[0],"2":[0],"3":[0],"4":[0],"5":[0,0],"6":[0],"7":[0],"8":[0,0],"9":[0],"10":[0,0],"11":[0,0],"12":[0],"13":[0]}}
,"C:\\Users\\Marcus Gollahon\\OneDrive\\Documents\\Code\\CFIpros\\frontend\\scripts\\verify-api.ts": {"path":"C:\\Users\\Marcus Gollahon\\OneDrive\\Documents\\Code\\CFIpros\\frontend\\scripts\\verify-api.ts","statementMap":{"0":{"start":{"line":8,"column":21},"end":{"line":8,"column":null}},"1":{"start":{"line":9,"column":26},"end":{"line":9,"column":null}},"2":{"start":{"line":10,"column":15},"end":{"line":10,"column":null}},"3":{"start":{"line":11,"column":17},"end":{"line":11,"column":null}},"4":{"start":{"line":13,"column":18},"end":{"line":13,"column":null}},"5":{"start":{"line":25,"column":4},"end":{"line":25,"column":null}},"6":{"start":{"line":28,"column":4},"end":{"line":28,"column":null}},"7":{"start":{"line":31,"column":4},"end":{"line":31,"column":null}},"8":{"start":{"line":34,"column":4},"end":{"line":34,"column":null}},"9":{"start":{"line":37,"column":4},"end":{"line":37,"column":null}},"10":{"start":{"line":41,"column":26},"end":{"line":46,"column":null}},"11":{"start":{"line":48,"column":4},"end":{"line":64,"column":null}},"12":{"start":{"line":49,"column":23},"end":{"line":49,"column":null}},"13":{"start":{"line":51,"column":6},"end":{"line":63,"column":null}},"14":{"start":{"line":52,"column":8},"end":{"line":56,"column":null}},"15":{"start":{"line":58,"column":8},"end":{"line":62,"column":null}},"16":{"start":{"line":68,"column":22},"end":{"line":76,"column":null}},"17":{"start":{"line":78,"column":4},"end":{"line":100,"column":null}},"18":{"start":{"line":79,"column":23},"end":{"line":79,"column":null}},"19":{"start":{"line":81,"column":6},"end":{"line":99,"column":null}},"20":{"start":{"line":83,"column":24},"end":{"line":83,"column":null}},"21":{"start":{"line":84,"column":35},"end":{"line":84,"column":null}},"22":{"start":{"line":86,"column":8},"end":{"line":92,"column":null}},"23":{"start":{"line":94,"column":8},"end":{"line":98,"column":null}},"24":{"start":{"line":106,"column":6},"end":{"line":108,"column":null}},"25":{"start":{"line":111,"column":23},"end":{"line":111,"column":null}},"26":{"start":{"line":115,"column":6},"end":{"line":118,"column":null}},"27":{"start":{"line":120,"column":4},"end":{"line":120,"column":null}},"28":{"start":{"line":124,"column":4},"end":{"line":151,"column":null}},"29":{"start":{"line":126,"column":6},"end":{"line":126,"column":null}},"30":{"start":{"line":128,"column":42},"end":{"line":129,"column":null}},"31":{"start":{"line":132,"column":6},"end":{"line":144,"column":null}},"32":{"start":{"line":133,"column":8},"end":{"line":137,"column":null}},"33":{"start":{"line":139,"column":8},"end":{"line":143,"column":null}},"34":{"start":{"line":146,"column":6},"end":{"line":150,"column":null}},"35":{"start":{"line":155,"column":4},"end":{"line":155,"column":null}},"36":{"start":{"line":156,"column":4},"end":{"line":156,"column":null}},"37":{"start":{"line":158,"column":19},"end":{"line":158,"column":73}},"38":{"start":{"line":158,"column":46},"end":{"line":158,"column":67}},"39":{"start":{"line":159,"column":19},"end":{"line":159,"column":73}},"40":{"start":{"line":159,"column":46},"end":{"line":159,"column":67}},"41":{"start":{"line":160,"column":20},"end":{"line":160,"column":74}},"42":{"start":{"line":160,"column":47},"end":{"line":160,"column":68}},"43":{"start":{"line":162,"column":4},"end":{"line":171,"column":null}},"44":{"start":{"line":164,"column":8},"end":{"line":168,"column":null}},"45":{"start":{"line":169,"column":6},"end":{"line":169,"column":null}},"46":{"start":{"line":170,"column":6},"end":{"line":170,"column":null}},"47":{"start":{"line":173,"column":4},"end":{"line":173,"column":null}},"48":{"start":{"line":174,"column":4},"end":{"line":174,"column":null}},"49":{"start":{"line":175,"column":4},"end":{"line":175,"column":null}},"50":{"start":{"line":176,"column":4},"end":{"line":176,"column":null}},"51":{"start":{"line":178,"column":26},"end":{"line":178,"column":null}},"52":{"start":{"line":179,"column":4},"end":{"line":179,"column":null}},"53":{"start":{"line":181,"column":4},"end":{"line":190,"column":null}},"54":{"start":{"line":182,"column":6},"end":{"line":182,"column":null}},"55":{"start":{"line":183,"column":6},"end":{"line":184,"column":null}},"56":{"start":{"line":187,"column":6},"end":{"line":188,"column":null}},"57":{"start":{"line":22,"column":10},"end":{"line":22,"column":null}},"58":{"start":{"line":195,"column":17},"end":{"line":195,"column":null}},"59":{"start":{"line":196,"column":0},"end":{"line":196,"column":null}}},"fnMap":{"0":{"name":"(anonymous_1)","decl":{"start":{"line":24,"column":2},"end":{"line":24,"column":8}},"loc":{"start":{"line":24,"column":41},"end":{"line":38,"column":null}}},"1":{"name":"(anonymous_2)","decl":{"start":{"line":40,"column":2},"end":{"line":40,"column":16}},"loc":{"start":{"line":40,"column":52},"end":{"line":65,"column":null}}},"2":{"name":"(anonymous_3)","decl":{"start":{"line":67,"column":2},"end":{"line":67,"column":16}},"loc":{"start":{"line":67,"column":48},"end":{"line":101,"column":null}}},"3":{"name":"(anonymous_4)","decl":{"start":{"line":103,"column":10},"end":{"line":103,"column":28}},"loc":{"start":{"line":103,"column":74},"end":{"line":121,"column":null}}},"4":{"name":"(anonymous_5)","decl":{"start":{"line":123,"column":2},"end":{"line":123,"column":16}},"loc":{"start":{"line":123,"column":51},"end":{"line":152,"column":null}}},"5":{"name":"(anonymous_6)","decl":{"start":{"line":154,"column":10},"end":{"line":154,"column":31}},"loc":{"start":{"line":154,"column":31},"end":{"line":191,"column":null}}},"6":{"name":"(anonymous_7)","decl":{"start":{"line":158,"column":39},"end":{"line":158,"column":40}},"loc":{"start":{"line":158,"column":46},"end":{"line":158,"column":67}}},"7":{"name":"(anonymous_8)","decl":{"start":{"line":159,"column":39},"end":{"line":159,"column":40}},"loc":{"start":{"line":159,"column":46},"end":{"line":159,"column":67}}},"8":{"name":"(anonymous_9)","decl":{"start":{"line":160,"column":40},"end":{"line":160,"column":41}},"loc":{"start":{"line":160,"column":47},"end":{"line":160,"column":68}}},"9":{"name":"(anonymous_10)","decl":{"start":{"line":162,"column":25},"end":{"line":162,"column":26}},"loc":{"start":{"line":162,"column":26},"end":{"line":171,"column":null}}}},"branchMap":{"0":{"loc":{"start":{"line":51,"column":6},"end":{"line":63,"column":null}},"type":"if","locations":[{"start":{"line":51,"column":6},"end":{"line":63,"column":null}},{"start":{"line":57,"column":13},"end":{"line":63,"column":null}}]},"1":{"loc":{"start":{"line":81,"column":6},"end":{"line":99,"column":null}},"type":"if","locations":[{"start":{"line":81,"column":6},"end":{"line":99,"column":null}},{"start":{"line":93,"column":13},"end":{"line":99,"column":null}}]},"2":{"loc":{"start":{"line":88,"column":18},"end":{"line":88,"column":null}},"type":"cond-expr","locations":[{"start":{"line":88,"column":39},"end":{"line":88,"column":48}},{"start":{"line":88,"column":48},"end":{"line":88,"column":null}}]},"3":{"loc":{"start":{"line":89,"column":19},"end":{"line":91,"column":null}},"type":"cond-expr","locations":[{"start":{"line":90,"column":14},"end":{"line":90,"column":null}},{"start":{"line":91,"column":14},"end":{"line":91,"column":null}}]},"4":{"loc":{"start":{"line":106,"column":6},"end":{"line":108,"column":null}},"type":"binary-expr","locations":[{"start":{"line":106,"column":6},"end":{"line":106,"column":null}},{"start":{"line":107,"column":6},"end":{"line":107,"column":null}},{"start":{"line":108,"column":6},"end":{"line":108,"column":null}}]},"5":{"loc":{"start":{"line":111,"column":23},"end":{"line":111,"column":null}},"type":"binary-expr","locations":[{"start":{"line":111,"column":23},"end":{"line":111,"column":53}},{"start":{"line":111,"column":53},"end":{"line":111,"column":null}}]},"6":{"loc":{"start":{"line":115,"column":6},"end":{"line":118,"column":null}},"type":"binary-expr","locations":[{"start":{"line":115,"column":6},"end":{"line":115,"column":null}},{"start":{"line":116,"column":6},"end":{"line":116,"column":null}},{"start":{"line":117,"column":6},"end":{"line":117,"column":null}},{"start":{"line":118,"column":6},"end":{"line":118,"column":null}}]},"7":{"loc":{"start":{"line":120,"column":11},"end":{"line":120,"column":null}},"type":"binary-expr","locations":[{"start":{"line":120,"column":11},"end":{"line":120,"column":25}},{"start":{"line":120,"column":25},"end":{"line":120,"column":39}},{"start":{"line":120,"column":39},"end":{"line":120,"column":null}}]},"8":{"loc":{"start":{"line":132,"column":6},"end":{"line":144,"column":null}},"type":"if","locations":[{"start":{"line":132,"column":6},"end":{"line":144,"column":null}},{"start":{"line":138,"column":13},"end":{"line":144,"column":null}}]},"9":{"loc":{"start":{"line":132,"column":10},"end":{"line":132,"column":49}},"type":"binary-expr","locations":[{"start":{"line":132,"column":10},"end":{"line":132,"column":20}},{"start":{"line":132,"column":20},"end":{"line":132,"column":49}}]},"10":{"loc":{"start":{"line":164,"column":8},"end":{"line":168,"column":null}},"type":"cond-expr","locations":[{"start":{"line":165,"column":12},"end":{"line":165,"column":null}},{"start":{"line":166,"column":12},"end":{"line":168,"column":null}}]},"11":{"loc":{"start":{"line":166,"column":12},"end":{"line":168,"column":null}},"type":"cond-expr","locations":[{"start":{"line":167,"column":14},"end":{"line":167,"column":null}},{"start":{"line":168,"column":14},"end":{"line":168,"column":null}}]},"12":{"loc":{"start":{"line":178,"column":26},"end":{"line":178,"column":null}},"type":"cond-expr","locations":[{"start":{"line":178,"column":41},"end":{"line":178,"column":50}},{"start":{"line":178,"column":50},"end":{"line":178,"column":null}}]},"13":{"loc":{"start":{"line":181,"column":4},"end":{"line":190,"column":null}},"type":"if","locations":[{"start":{"line":181,"column":4},"end":{"line":190,"column":null}},{"start":{"line":186,"column":11},"end":{"line":190,"column":null}}]}},"s":{"0":0,"1":0,"2":0,"3":0,"4":0,"5":0,"6":0,"7":0,"8":0,"9":0,"10":0,"11":0,"12":0,"13":0,"14":0,"15":0,"16":0,"17":0,"18":0,"19":0,"20":0,"21":0,"22":0,"23":0,"24":0,"25":0,"26":0,"27":0,"28":0,"29":0,"30":0,"31":0,"32":0,"33":0,"34":0,"35":0,"36":0,"37":0,"38":0,"39":0,"40":0,"41":0,"42":0,"43":0,"44":0,"45":0,"46":0,"47":0,"48":0,"49":0,"50":0,"51":0,"52":0,"53":0,"54":0,"55":0,"56":0,"57":0,"58":0,"59":0},"f":{"0":0,"1":0,"2":0,"3":0,"4":0,"5":0,"6":0,"7":0,"8":0,"9":0},"b":{"0":[0,0],"1":[0,0],"2":[0,0],"3":[0,0],"4":[0,0,0],"5":[0,0],"6":[0,0,0,0],"7":[0,0,0],"8":[0,0],"9":[0,0],"10":[0,0],"11":[0,0],"12":[0,0],"13":[0,0]}}
}
