TN:
SF:middleware.ts
FN:16,middleware
FN:25,(anonymous_4)
FN:30,(anonymous_5)
FNF:3
FNH:0
FNDA:0,middleware
FNDA:0,(anonymous_4)
FNDA:0,(anonymous_5)
DA:1,0
DA:5,0
DA:14,0
DA:16,0
DA:17,0
DA:18,0
DA:21,0
DA:22,0
DA:25,0
DA:26,0
DA:30,0
DA:33,0
DA:34,0
DA:35,0
DA:36,0
DA:40,0
DA:41,0
DA:42,0
DA:46,0
DA:48,0
DA:49,0
DA:50,0
DA:51,0
DA:52,0
DA:58,0
DA:71,0
DA:74,0
LF:27
LH:0
BRDA:33,0,0,0
BRDA:33,1,0,0
BRDA:33,1,1,0
BRDA:40,2,0,0
BRDA:40,3,0,0
BRDA:40,3,1,0
BRF:6
BRH:0
end_of_record
TN:
SF:app\error.tsx
FN:13,Error
FN:14,(anonymous_2)
FN:63,(anonymous_3)
FNF:3
FNH:0
FNDA:0,Error
FNDA:0,(anonymous_2)
FNDA:0,(anonymous_3)
DA:3,0
DA:4,0
DA:5,0
DA:6,0
DA:13,0
DA:14,0
DA:16,0
DA:63,0
LF:8
LH:0
BRDA:36,0,0,0
BRDA:44,1,0,0
BRF:2
BRH:0
end_of_record
TN:
SF:app\layout.tsx
FN:91,RootLayout
FNF:1
FNH:0
FNDA:0,RootLayout
DA:2,0
DA:3,0
DA:4,0
DA:5,0
DA:6,0
DA:7,0
DA:9,0
DA:15,0
DA:21,0
DA:91,0
LF:10
LH:0
BRF:0
BRH:0
end_of_record
TN:
SF:app\loading.tsx
FN:3,Loading
FNF:1
FNH:0
FNDA:0,Loading
DA:1,0
DA:3,0
LF:2
LH:0
BRF:0
BRH:0
end_of_record
TN:
SF:app\not-found.tsx
FN:7,NotFound
FN:40,(anonymous_3)
FNF:2
FNH:0
FNDA:0,NotFound
FNDA:0,(anonymous_3)
DA:3,0
DA:4,0
DA:5,0
DA:7,0
DA:40,0
LF:5
LH:0
BRF:0
BRH:0
end_of_record
TN:
SF:app\opengraph-image.tsx
FN:8,Image
FNF:1
FNH:0
FNDA:0,Image
DA:1,0
DA:3,0
DA:4,0
DA:5,0
DA:6,0
DA:8,0
DA:9,0
LF:7
LH:0
BRF:0
BRH:0
end_of_record
TN:
SF:app\robots.ts
FN:3,robots
FNF:1
FNH:0
FNDA:0,robots
DA:3,0
DA:4,0
DA:6,0
LF:3
LH:0
BRDA:4,0,0,0
BRDA:4,0,1,0
BRF:2
BRH:0
end_of_record
TN:
SF:app\sitemap.ts
FN:13,sitemap
FN:56,(anonymous_4)
FN:67,generateSitemaps
FNF:3
FNH:0
FNDA:0,sitemap
FNDA:0,(anonymous_4)
FNDA:0,generateSitemaps
DA:4,0
DA:13,0
DA:14,0
DA:16,0
DA:56,0
DA:63,0
DA:67,0
DA:70,0
LF:8
LH:0
BRDA:14,0,0,0
BRDA:14,0,1,0
BRF:2
BRH:0
end_of_record
TN:
SF:app\(auth)\layout.tsx
FN:11,AuthLayout
FNF:1
FNH:0
FNDA:0,AuthLayout
DA:2,0
DA:3,0
DA:5,0
DA:11,0
LF:4
LH:0
BRF:0
BRH:0
end_of_record
TN:
SF:app\(auth)\login\page.tsx
FN:6,LoginPage
FNF:1
FNH:0
FNDA:0,LoginPage
DA:3,0
DA:4,0
DA:6,0
DA:7,0
DA:8,0
LF:5
LH:0
BRDA:8,0,0,0
BRDA:8,0,1,0
BRF:2
BRH:0
end_of_record
TN:
SF:app\(auth)\sign-in\page.tsx
FN:3,SignInPage
FNF:1
FNH:0
FNDA:0,SignInPage
DA:1,0
DA:3,0
LF:2
LH:0
BRF:0
BRH:0
end_of_record
TN:
SF:app\(auth)\sign-up\page.tsx
FN:3,SignUpPage
FNF:1
FNH:0
FNDA:0,SignUpPage
DA:1,0
DA:3,0
LF:2
LH:0
BRF:0
BRH:0
end_of_record
TN:
SF:app\(authed)\layout.tsx
FN:13,AuthenticatedLayout
FNF:1
FNH:0
FNDA:0,AuthenticatedLayout
DA:2,0
DA:3,0
DA:4,0
DA:5,0
DA:7,0
DA:13,0
DA:18,0
DA:21,0
DA:22,0
LF:9
LH:0
BRDA:21,0,0,0
BRF:1
BRH:0
end_of_record
TN:
SF:app\(authed)\dashboard\DashboardAnalyticsClient.tsx
FN:6,DashboardAnalyticsClient
FN:7,(anonymous_2)
FNF:2
FNH:0
FNDA:0,DashboardAnalyticsClient
FNDA:0,(anonymous_2)
DA:3,0
DA:4,0
DA:6,0
DA:7,0
DA:8,0
DA:10,0
LF:6
LH:0
BRF:0
BRH:0
end_of_record
TN:
SF:app\(authed)\dashboard\page.tsx
FN:15,DashboardPage
FNF:1
FNH:0
FNDA:0,DashboardPage
DA:1,0
DA:2,0
DA:3,0
DA:4,0
DA:5,0
DA:6,0
DA:7,0
DA:8,0
DA:9,0
DA:10,0
DA:11,0
DA:12,0
DA:13,0
DA:15,0
DA:16,0
DA:18,0
DA:19,0
LF:17
LH:0
BRDA:18,0,0,0
BRF:1
BRH:0
end_of_record
TN:
SF:app\(authed)\dashboard\panels\ActivityPanel.tsx
FN:4,ActivityPanel
FN:12,(anonymous_2)
FNF:2
FNH:0
FNDA:0,ActivityPanel
FNDA:0,(anonymous_2)
DA:1,0
DA:2,0
DA:4,0
DA:5,0
DA:9,0
DA:10,0
DA:12,0
DA:16,0
DA:19,0
LF:9
LH:0
BRDA:6,0,0,0
BRDA:6,0,1,0
BRDA:9,1,0,0
BRDA:17,2,0,0
BRDA:17,2,1,0
BRDA:20,3,0,0
BRDA:20,3,1,0
BRF:7
BRH:0
end_of_record
TN:
SF:app\(authed)\dashboard\panels\PlanPanel.tsx
FN:4,PlanPanel
FN:12,(anonymous_2)
FNF:2
FNH:0
FNDA:0,PlanPanel
FNDA:0,(anonymous_2)
DA:1,0
DA:2,0
DA:4,0
DA:5,0
DA:9,0
DA:10,0
DA:12,0
DA:16,0
DA:19,0
LF:9
LH:0
BRDA:6,0,0,0
BRDA:6,0,1,0
BRDA:9,1,0,0
BRDA:17,2,0,0
BRDA:17,2,1,0
BRDA:20,3,0,0
BRDA:20,3,1,0
BRF:7
BRH:0
end_of_record
TN:
SF:app\(authed)\dashboard\panels\PlanStripPanel.tsx
FN:4,PlanStripPanel
FN:16,(anonymous_2)
FN:26,(anonymous_3)
FNF:3
FNH:0
FNDA:0,PlanStripPanel
FNDA:0,(anonymous_2)
FNDA:0,(anonymous_3)
DA:1,0
DA:2,0
DA:4,0
DA:5,0
DA:13,0
DA:14,0
DA:16,0
DA:20,0
DA:23,0
DA:24,0
DA:26,0
DA:30,0
DA:33,0
LF:13
LH:0
BRDA:6,0,0,0
BRDA:6,0,1,0
BRDA:9,1,0,0
BRDA:9,1,1,0
BRDA:13,2,0,0
BRDA:21,3,0,0
BRDA:21,3,1,0
BRDA:23,4,0,0
BRDA:31,5,0,0
BRDA:31,5,1,0
BRDA:36,6,0,0
BRDA:36,6,1,0
BRF:12
BRH:0
end_of_record
TN:
SF:app\(authed)\dashboard\panels\ResultsPanel.tsx
FN:4,ResultsPanel
FN:12,(anonymous_2)
FNF:2
FNH:0
FNDA:0,ResultsPanel
FNDA:0,(anonymous_2)
DA:1,0
DA:2,0
DA:4,0
DA:5,0
DA:9,0
DA:10,0
DA:12,0
DA:16,0
DA:19,0
LF:9
LH:0
BRDA:6,0,0,0
BRDA:6,0,1,0
BRDA:9,1,0,0
BRDA:17,2,0,0
BRDA:17,2,1,0
BRDA:20,3,0,0
BRDA:20,3,1,0
BRF:7
BRH:0
end_of_record
TN:
SF:app\(authed)\dashboard\panels\StudentsPanel.tsx
FN:4,StudentsPanel
FN:12,(anonymous_2)
FN:28,(anonymous_3)
FNF:3
FNH:0
FNDA:0,StudentsPanel
FNDA:0,(anonymous_2)
FNDA:0,(anonymous_3)
DA:1,0
DA:2,0
DA:4,0
DA:5,0
DA:9,0
DA:10,0
DA:12,0
DA:16,0
DA:19,0
DA:20,0
DA:21,0
DA:25,0
DA:26,0
DA:28,0
DA:32,0
DA:35,0
LF:16
LH:0
BRDA:6,0,0,0
BRDA:6,0,1,0
BRDA:9,1,0,0
BRDA:17,2,0,0
BRDA:17,2,1,0
BRDA:20,3,0,0
BRDA:22,4,0,0
BRDA:22,4,1,0
BRDA:25,5,0,0
BRDA:33,6,0,0
BRDA:33,6,1,0
BRDA:36,7,0,0
BRDA:36,7,1,0
BRF:13
BRH:0
end_of_record
TN:
SF:app\(authed)\dashboard\panels\TodayPanel.tsx
FN:3,TodayPanel
FNF:1
FNH:0
FNDA:0,TodayPanel
DA:1,0
DA:3,0
DA:4,0
DA:12,0
LF:4
LH:0
BRDA:5,0,0,0
BRDA:5,0,1,0
BRDA:8,1,0,0
BRDA:8,1,1,0
BRDA:16,2,0,0
BRDA:16,2,1,0
BRF:6
BRH:0
end_of_record
TN:
SF:app\(public)\layout.tsx
FN:5,PublicLayout
FNF:1
FNH:0
FNDA:0,PublicLayout
DA:1,0
DA:2,0
DA:3,0
DA:5,0
LF:4
LH:0
BRF:0
BRH:0
end_of_record
TN:
SF:app\(public)\page.tsx
FN:19,CFIProsHomePage
FN:26,(anonymous_5)
FN:36,(anonymous_6)
FN:46,(anonymous_7)
FN:65,(anonymous_8)
FN:109,(anonymous_9)
FN:132,(anonymous_10)
FN:144,(anonymous_11)
FN:150,(anonymous_12)
FN:168,(anonymous_13)
FNF:10
FNH:0
FNDA:0,CFIProsHomePage
FNDA:0,(anonymous_5)
FNDA:0,(anonymous_6)
FNDA:0,(anonymous_7)
FNDA:0,(anonymous_8)
FNDA:0,(anonymous_9)
FNDA:0,(anonymous_10)
FNDA:0,(anonymous_11)
FNDA:0,(anonymous_12)
FNDA:0,(anonymous_13)
DA:3,0
DA:4,0
DA:5,0
DA:10,0
DA:11,0
DA:12,0
DA:13,0
DA:14,0
DA:15,0
DA:16,0
DA:17,0
DA:19,0
DA:20,0
DA:21,0
DA:22,0
DA:23,0
DA:26,0
DA:27,0
DA:31,0
DA:32,0
DA:33,0
DA:36,0
DA:37,0
DA:38,0
DA:39,0
DA:40,0
DA:42,0
DA:46,0
DA:47,0
DA:58,0
DA:65,0
DA:66,0
DA:67,0
DA:76,0
DA:110,0
DA:114,0
DA:133,0
DA:137,0
DA:145,0
DA:151,0
DA:168,0
LF:41
LH:0
BRDA:37,0,0,0
BRDA:37,1,0,0
BRDA:37,1,1,0
BRDA:39,2,0,0
BRDA:39,2,1,0
BRDA:59,3,0,0
BRDA:59,3,1,0
BRDA:66,4,0,0
BRDA:76,5,0,0
BRDA:93,6,0,0
BRDA:93,6,1,0
BRDA:94,7,0,0
BRDA:94,7,1,0
BRDA:101,8,0,0
BRDA:101,8,1,0
BRDA:103,9,0,0
BRDA:103,9,1,0
BRDA:106,10,0,0
BRDA:106,10,1,0
BRDA:128,11,0,0
BRDA:128,11,1,0
BRDA:128,11,2,0
BRF:22
BRH:0
end_of_record
TN:
SF:app\(public)\acs\client.tsx
FN:80,ACSIndexClient
FN:90,(anonymous_3)
FN:94,(anonymous_4)
FN:135,(anonymous_5)
FN:146,(anonymous_6)
FN:163,(anonymous_7)
FN:166,(anonymous_8)
FN:179,(anonymous_9)
FN:182,(anonymous_10)
FN:230,(anonymous_11)
FNF:10
FNH:0
FNDA:0,ACSIndexClient
FNDA:0,(anonymous_3)
FNDA:0,(anonymous_4)
FNDA:0,(anonymous_5)
FNDA:0,(anonymous_6)
FNDA:0,(anonymous_7)
FNDA:0,(anonymous_8)
FNDA:0,(anonymous_9)
FNDA:0,(anonymous_10)
FNDA:0,(anonymous_11)
DA:3,0
DA:4,0
DA:5,0
DA:12,0
DA:13,0
DA:17,0
DA:65,0
DA:72,0
DA:80,0
DA:81,0
DA:82,0
DA:83,0
DA:84,0
DA:85,0
DA:86,0
DA:88,0
DA:90,0
DA:92,0
DA:94,0
DA:96,0
DA:101,0
DA:103,0
DA:105,0
DA:108,0
DA:109,0
DA:135,0
DA:146,0
DA:163,0
DA:167,0
DA:179,0
DA:183,0
DA:231,0
LF:32
LH:0
BRDA:96,0,0,0
BRDA:96,0,1,0
BRDA:96,0,2,0
BRDA:101,1,0,0
BRDA:101,1,1,0
BRDA:103,2,0,0
BRDA:103,2,1,0
BRDA:105,3,0,0
BRDA:105,3,1,0
BRDA:105,3,2,0
BRDA:150,4,0,0
BRDA:150,4,1,0
BRDA:155,5,0,0
BRDA:199,6,0,0
BRDA:199,6,1,0
BRDA:212,7,0,0
BRDA:216,8,0,0
BRDA:250,9,0,0
BRDA:264,10,0,0
BRF:19
BRH:0
end_of_record
TN:
SF:app\(public)\acs\page.tsx
FN:626,ACSIndexPage
FN:657,(anonymous_5)
FNF:2
FNH:0
FNDA:0,ACSIndexPage
FNDA:0,(anonymous_5)
DA:2,0
DA:3,0
DA:4,0
DA:5,0
DA:8,0
DA:62,0
DA:626,0
DA:658,0
LF:8
LH:0
BRDA:677,0,0,0
BRF:1
BRH:0
end_of_record
TN:
SF:app\(public)\acs\search-client.tsx
FN:32,ACSSearchClient
FN:38,(anonymous_2)
FN:59,(anonymous_3)
FN:61,(anonymous_4)
FN:75,(anonymous_5)
FN:76,(anonymous_6)
FN:91,(anonymous_7)
FN:108,(anonymous_8)
FN:111,(anonymous_9)
FN:124,(anonymous_10)
FN:127,(anonymous_11)
FNF:11
FNH:0
FNDA:0,ACSSearchClient
FNDA:0,(anonymous_2)
FNDA:0,(anonymous_3)
FNDA:0,(anonymous_4)
FNDA:0,(anonymous_5)
FNDA:0,(anonymous_6)
FNDA:0,(anonymous_7)
FNDA:0,(anonymous_8)
FNDA:0,(anonymous_9)
FNDA:0,(anonymous_10)
FNDA:0,(anonymous_11)
DA:3,0
DA:4,0
DA:5,0
DA:7,0
DA:14,0
DA:32,0
DA:33,0
DA:34,0
DA:35,0
DA:36,0
DA:38,0
DA:39,0
DA:46,0
DA:47,0
DA:51,0
DA:59,0
DA:60,0
DA:61,0
DA:75,0
DA:76,0
DA:91,0
DA:108,0
DA:112,0
DA:124,0
DA:128,0
LF:25
LH:0
BRDA:46,0,0,0
BRDA:76,1,0,0
BRDA:76,1,1,0
BRDA:95,2,0,0
BRDA:95,2,1,0
BRDA:100,3,0,0
BRF:6
BRH:0
end_of_record
TN:
SF:app\(public)\acs\[code]\page.tsx
FN:45,generateMetadata
FN:108,generateStaticParams
FN:116,ACSDetailPage
FN:257,(anonymous_8)
FN:277,(anonymous_9)
FN:314,(anonymous_10)
FNF:6
FNH:0
FNDA:0,generateMetadata
FNDA:0,generateStaticParams
FNDA:0,ACSDetailPage
FNDA:0,(anonymous_8)
FNDA:0,(anonymous_9)
FNDA:0,(anonymous_10)
DA:2,0
DA:3,0
DA:10,0
DA:11,0
DA:14,0
DA:45,0
DA:46,0
DA:47,0
DA:49,0
DA:50,0
DA:55,0
DA:57,0
DA:60,0
DA:108,0
DA:110,0
DA:116,0
DA:117,0
DA:118,0
DA:120,0
DA:121,0
DA:125,0
DA:258,0
DA:278,0
DA:315,0
LF:24
LH:0
BRDA:49,0,0,0
BRDA:57,1,0,0
BRDA:57,1,1,0
BRDA:120,2,0,0
BRDA:208,3,0,0
BRDA:232,4,0,0
BRDA:307,5,0,0
BRDA:307,5,1,0
BRF:8
BRH:0
end_of_record
TN:
SF:app\(public)\upload\client.tsx
FN:9,UploadForm
FN:24,(anonymous_5)
FN:25,(anonymous_6)
FN:31,(anonymous_7)
FN:35,(anonymous_8)
FN:40,(anonymous_9)
FN:42,(anonymous_10)
FN:45,(anonymous_11)
FN:53,(anonymous_12)
FN:56,(anonymous_13)
FN:64,(anonymous_14)
FN:68,(anonymous_15)
FN:73,(anonymous_16)
FN:79,(anonymous_17)
FN:94,(anonymous_18)
FN:135,(anonymous_19)
FN:285,(anonymous_20)
FN:306,FileItem
FN:346,(anonymous_22)
FN:354,(anonymous_23)
FN:453,(anonymous_24)
FN:471,(anonymous_25)
FN:501,(anonymous_26)
FN:518,(anonymous_27)
FN:575,getComplianceColor
FN:581,StatusBadge
FNF:26
FNH:0
FNDA:0,UploadForm
FNDA:0,(anonymous_5)
FNDA:0,(anonymous_6)
FNDA:0,(anonymous_7)
FNDA:0,(anonymous_8)
FNDA:0,(anonymous_9)
FNDA:0,(anonymous_10)
FNDA:0,(anonymous_11)
FNDA:0,(anonymous_12)
FNDA:0,(anonymous_13)
FNDA:0,(anonymous_14)
FNDA:0,(anonymous_15)
FNDA:0,(anonymous_16)
FNDA:0,(anonymous_17)
FNDA:0,(anonymous_18)
FNDA:0,(anonymous_19)
FNDA:0,(anonymous_20)
FNDA:0,FileItem
FNDA:0,(anonymous_22)
FNDA:0,(anonymous_23)
FNDA:0,(anonymous_24)
FNDA:0,(anonymous_25)
FNDA:0,(anonymous_26)
FNDA:0,(anonymous_27)
FNDA:0,getComplianceColor
FNDA:0,StatusBadge
DA:3,0
DA:4,0
DA:5,0
DA:6,0
DA:7,0
DA:9,0
DA:10,0
DA:11,0
DA:23,0
DA:25,0
DA:30,0
DA:31,0
DA:34,0
DA:35,0
DA:39,0
DA:41,0
DA:42,0
DA:43,0
DA:45,0
DA:53,0
DA:55,0
DA:56,0
DA:57,0
DA:64,0
DA:65,0
DA:68,0
DA:69,0
DA:70,0
DA:73,0
DA:74,0
DA:75,0
DA:78,0
DA:80,0
DA:81,0
DA:83,0
DA:84,0
DA:85,0
DA:87,0
DA:93,0
DA:95,0
DA:96,0
DA:97,0
DA:98,0
DA:100,0
DA:104,0
DA:136,0
DA:286,0
DA:306,0
DA:312,0
DA:346,0
DA:354,0
DA:454,0
DA:472,0
DA:502,0
DA:519,0
DA:576,0
DA:582,0
DA:593,0
LF:58
LH:0
BRDA:41,0,0,0
BRDA:55,1,0,0
BRDA:55,1,1,0
BRDA:95,2,0,0
BRDA:113,3,0,0
BRDA:164,4,0,0
BRDA:172,5,0,0
BRDA:180,6,0,0
BRDA:204,7,0,0
BRDA:204,7,1,0
BRDA:206,8,0,0
BRDA:206,8,1,0
BRDA:228,9,0,0
BRDA:228,9,1,0
BRDA:233,10,0,0
BRDA:233,10,1,0
BRDA:264,11,0,0
BRDA:271,12,0,0
BRDA:312,13,0,0
BRDA:312,13,1,0
BRDA:328,14,0,0
BRDA:331,15,0,0
BRDA:336,16,0,0
BRDA:344,17,0,0
BRDA:376,18,0,0
BRDA:381,19,0,0
BRDA:381,19,1,0
BRDA:385,20,0,0
BRDA:385,20,1,0
BRDA:390,21,0,0
BRDA:391,22,0,0
BRDA:414,23,0,0
BRDA:414,23,1,0
BRDA:434,24,0,0
BRDA:447,25,0,0
BRDA:447,25,1,0
BRDA:484,26,0,0
BRDA:544,27,0,0
BRDA:565,28,0,0
BRDA:565,28,1,0
BRF:40
BRH:0
end_of_record
TN:
SF:app\(public)\upload\page.tsx
FN:29,UploadPage
FNF:1
FNH:0
FNDA:0,UploadPage
DA:2,0
DA:3,0
DA:5,0
DA:29,0
LF:4
LH:0
BRF:0
BRH:0
end_of_record
TN:
SF:app\api\account\plan\route.ts
FN:3,GET
FNF:1
FNH:0
FNDA:0,GET
DA:1,0
DA:3,0
DA:5,0
LF:3
LH:0
BRF:0
BRH:0
end_of_record
TN:
SF:app\api\activity\route.ts
FN:3,GET
FNF:1
FNH:0
FNDA:0,GET
DA:1,0
DA:3,0
DA:4,0
DA:5,0
DA:9,0
DA:22,0
LF:6
LH:0
BRDA:6,0,0,0
BRDA:6,0,1,0
BRDA:6,1,0,0
BRDA:6,1,1,0
BRF:4
BRH:0
end_of_record
TN:
SF:app\api\activity\recent\route.ts
FN:3,GET
FNF:1
FNH:0
FNDA:0,GET
DA:1,0
DA:3,0
DA:4,0
DA:16,0
LF:4
LH:0
BRF:0
BRH:0
end_of_record
TN:
SF:app\api\auth\login\route.ts
FN:12,loginHandler
FNF:1
FNH:0
FNDA:0,loginHandler
DA:7,0
DA:8,0
DA:9,0
DA:10,0
DA:13,0
DA:16,0
DA:17,0
DA:18,0
DA:19,0
DA:23,0
DA:30,0
DA:31,0
DA:33,0
DA:36,0
DA:42,0
LF:15
LH:0
BRDA:17,0,0,0
BRF:1
BRH:0
end_of_record
TN:
SF:app\api\auth\profile\route.ts
FN:12,getAuthToken
FN:20,profileGetHandler
FN:47,profileUpdateHandler
FNF:3
FNH:0
FNDA:0,getAuthToken
FNDA:0,profileGetHandler
FNDA:0,profileUpdateHandler
DA:7,0
DA:8,0
DA:9,0
DA:10,0
DA:13,0
DA:14,0
DA:15,0
DA:17,0
DA:21,0
DA:22,0
DA:23,0
DA:24,0
DA:27,0
DA:30,0
DA:42,0
DA:44,0
DA:48,0
DA:49,0
DA:50,0
DA:51,0
DA:55,0
DA:56,0
DA:57,0
DA:58,0
DA:61,0
DA:64,0
DA:76,0
DA:78,0
DA:81,0
DA:88,0
DA:95,0
LF:31
LH:0
BRDA:14,0,0,0
BRDA:14,1,0,0
BRDA:14,1,1,0
BRDA:22,2,0,0
BRDA:49,3,0,0
BRDA:56,4,0,0
BRF:6
BRH:0
end_of_record
TN:
SF:app\api\auth\register\route.ts
FN:12,registerHandler
FNF:1
FNH:0
FNDA:0,registerHandler
DA:7,0
DA:8,0
DA:9,0
DA:10,0
DA:13,0
DA:16,0
DA:17,0
DA:18,0
DA:19,0
DA:23,0
DA:30,0
DA:31,0
DA:33,0
DA:36,0
DA:42,0
LF:15
LH:0
BRDA:17,0,0,0
BRF:1
BRH:0
end_of_record
TN:
SF:app\api\batches\[batchId]\route.ts
FN:16,batchStatusHandler
FNF:1
FNH:0
FNDA:0,batchStatusHandler
DA:7,0
DA:12,0
DA:13,0
DA:14,0
DA:20,0
DA:21,0
DA:22,0
DA:25,0
DA:26,0
DA:30,0
DA:36,0
DA:38,0
DA:48,0
DA:49,0
DA:57,0
DA:58,0
DA:59,0
DA:64,0
DA:67,0
DA:68,0
DA:74,0
DA:83,0
DA:90,0
LF:23
LH:0
BRDA:25,0,0,0
BRDA:25,1,0,0
BRDA:25,1,1,0
BRDA:25,1,2,0
BRDA:48,2,0,0
BRDA:67,3,0,0
BRDA:67,3,1,0
BRF:7
BRH:0
end_of_record
TN:
SF:app\api\batches\[batchId]\audit\route.ts
FN:12,auditHandler
FNF:1
FNH:0
FNDA:0,auditHandler
DA:7,0
DA:8,0
DA:9,0
DA:10,0
DA:16,0
DA:17,0
DA:18,0
DA:20,0
DA:21,0
DA:22,0
DA:23,0
DA:24,0
DA:27,0
DA:28,0
DA:32,0
DA:33,0
DA:35,0
DA:36,0
DA:41,0
DA:42,0
DA:48,0
DA:57,0
DA:59,0
DA:64,0
DA:65,0
DA:67,0
DA:68,0
DA:72,0
DA:85,0
DA:86,0
DA:94,0
DA:95,0
DA:96,0
DA:101,0
DA:104,0
DA:105,0
DA:111,0
DA:120,0
DA:127,0
LF:39
LH:0
BRDA:21,0,0,0
BRDA:21,0,1,0
BRDA:22,1,0,0
BRDA:22,1,1,0
BRDA:27,2,0,0
BRDA:27,3,0,0
BRDA:27,3,1,0
BRDA:27,3,2,0
BRDA:35,4,0,0
BRDA:35,5,0,0
BRDA:35,5,1,0
BRDA:35,5,2,0
BRDA:41,6,0,0
BRDA:41,7,0,0
BRDA:41,7,1,0
BRDA:52,8,0,0
BRDA:52,8,1,0
BRDA:64,9,0,0
BRDA:67,10,0,0
BRDA:85,11,0,0
BRDA:104,12,0,0
BRDA:104,12,1,0
BRF:22
BRH:0
end_of_record
TN:
SF:app\api\batches\[batchId]\audit\export\route.ts
FN:12,auditExportHandler
FNF:1
FNH:0
FNDA:0,auditExportHandler
DA:7,0
DA:8,0
DA:9,0
DA:10,0
DA:16,0
DA:17,0
DA:18,0
DA:20,0
DA:21,0
DA:22,0
DA:23,0
DA:24,0
DA:27,0
DA:28,0
DA:32,0
DA:33,0
DA:34,0
DA:42,0
DA:43,0
DA:48,0
DA:49,0
DA:55,0
DA:64,0
DA:66,0
DA:68,0
DA:69,0
DA:71,0
DA:72,0
DA:74,0
DA:75,0
DA:79,0
DA:92,0
DA:93,0
DA:102,0
DA:103,0
DA:105,0
DA:106,0
DA:109,0
DA:110,0
DA:113,0
DA:114,0
DA:117,0
DA:118,0
DA:119,0
DA:126,0
DA:127,0
DA:128,0
DA:133,0
DA:136,0
DA:137,0
DA:144,0
DA:153,0
DA:160,0
LF:53
LH:0
BRDA:21,0,0,0
BRDA:21,0,1,0
BRDA:27,1,0,0
BRDA:27,2,0,0
BRDA:27,2,1,0
BRDA:27,2,2,0
BRDA:33,3,0,0
BRDA:42,4,0,0
BRDA:42,5,0,0
BRDA:42,5,1,0
BRDA:48,6,0,0
BRDA:48,7,0,0
BRDA:48,7,1,0
BRDA:58,8,0,0
BRDA:58,8,1,0
BRDA:68,9,0,0
BRDA:71,10,0,0
BRDA:74,11,0,0
BRDA:92,12,0,0
BRDA:105,13,0,0
BRDA:105,13,1,0
BRDA:109,14,0,0
BRDA:109,14,1,0
BRDA:113,15,0,0
BRDA:113,15,1,0
BRDA:136,16,0,0
BRDA:136,16,1,0
BRF:27
BRH:0
end_of_record
TN:
SF:app\api\batches\[batchId]\consent\route.ts
FN:13,consentHandler
FNF:1
FNH:0
FNDA:0,consentHandler
DA:7,0
DA:8,0
DA:9,0
DA:10,0
DA:11,0
DA:17,0
DA:18,0
DA:19,0
DA:20,0
DA:23,0
DA:24,0
DA:27,0
DA:28,0
DA:30,0
DA:33,0
DA:37,0
DA:41,0
DA:46,0
DA:47,0
DA:53,0
DA:55,0
DA:60,0
DA:64,0
DA:69,0
DA:70,0
DA:75,0
DA:77,0
DA:82,0
DA:85,0
DA:91,0
DA:100,0
DA:101,0
DA:110,0
DA:111,0
DA:115,0
DA:120,0
DA:123,0
DA:124,0
DA:131,0
DA:140,0
DA:146,0
DA:152,0
DA:159,0
LF:43
LH:0
BRDA:23,0,0,0
BRDA:23,1,0,0
BRDA:23,1,1,0
BRDA:23,1,2,0
BRDA:30,2,0,0
BRDA:30,2,1,0
BRDA:30,2,2,0
BRDA:30,2,3,0
BRDA:46,3,0,0
BRDA:69,4,0,0
BRDA:100,5,0,0
BRDA:100,6,0,0
BRDA:100,6,1,0
BRDA:123,7,0,0
BRDA:123,7,1,0
BRF:15
BRH:0
end_of_record
TN:
SF:app\api\batches\[batchId]\export\route.ts
FN:18,batchExportHandler
FNF:1
FNH:0
FNDA:0,batchExportHandler
DA:7,0
DA:12,0
DA:13,0
DA:14,0
DA:16,0
DA:22,0
DA:23,0
DA:24,0
DA:26,0
DA:27,0
DA:30,0
DA:31,0
DA:35,0
DA:36,0
DA:44,0
DA:51,0
DA:53,0
DA:54,0
DA:67,0
DA:68,0
DA:77,0
DA:78,0
DA:80,0
DA:81,0
DA:83,0
DA:84,0
DA:88,0
DA:89,0
DA:90,0
DA:95,0
DA:98,0
DA:99,0
DA:106,0
DA:115,0
DA:122,0
LF:35
LH:0
BRDA:30,0,0,0
BRDA:30,1,0,0
BRDA:30,1,1,0
BRDA:30,1,2,0
BRDA:35,2,0,0
BRDA:35,3,0,0
BRDA:35,3,1,0
BRDA:67,4,0,0
BRDA:80,5,0,0
BRDA:83,6,0,0
BRDA:98,7,0,0
BRDA:98,7,1,0
BRF:12
BRH:0
end_of_record
TN:
SF:app\api\batches\[batchId]\sharing\route.ts
FN:13,sharingHandler
FNF:1
FNH:0
FNDA:0,sharingHandler
DA:7,0
DA:8,0
DA:9,0
DA:10,0
DA:11,0
DA:17,0
DA:18,0
DA:19,0
DA:22,0
DA:23,0
DA:26,0
DA:28,0
DA:29,0
DA:32,0
DA:35,0
DA:39,0
DA:43,0
DA:48,0
DA:49,0
DA:55,0
DA:60,0
DA:64,0
DA:65,0
DA:67,0
DA:72,0
DA:75,0
DA:81,0
DA:90,0
DA:91,0
DA:100,0
DA:101,0
DA:105,0
DA:110,0
DA:113,0
DA:114,0
DA:121,0
DA:130,0
DA:136,0
DA:142,0
DA:149,0
LF:40
LH:0
BRDA:22,0,0,0
BRDA:22,1,0,0
BRDA:22,1,1,0
BRDA:22,1,2,0
BRDA:32,2,0,0
BRDA:32,2,1,0
BRDA:32,2,2,0
BRDA:32,2,3,0
BRDA:48,3,0,0
BRDA:90,4,0,0
BRDA:90,5,0,0
BRDA:90,5,1,0
BRDA:113,6,0,0
BRDA:113,6,1,0
BRF:14
BRH:0
end_of_record
TN:
SF:app\api\billing\credits\route.ts
FN:3,GET
FNF:1
FNH:0
FNDA:0,GET
DA:1,0
DA:3,0
DA:4,0
LF:3
LH:0
BRF:0
BRH:0
end_of_record
TN:
SF:app\api\cfi\students\route.ts
FN:3,GET
FNF:1
FNH:0
FNDA:0,GET
DA:1,0
DA:3,0
DA:5,0
LF:3
LH:0
BRF:0
BRH:0
end_of_record
TN:
SF:app\api\dashboard\today\route.ts
FN:3,GET
FNF:1
FNH:0
FNDA:0,GET
DA:1,0
DA:3,0
DA:6,0
DA:10,0
LF:4
LH:0
BRF:0
BRH:0
end_of_record
TN:
SF:app\api\extractor\extract\route.ts
FN:18,extractHandler
FNF:1
FNH:1
FNDA:2,extractHandler
DA:7,3
DA:8,3
DA:13,3
DA:14,3
DA:15,3
DA:16,3
DA:19,2
DA:20,2
DA:29,2
DA:30,0
DA:31,0
DA:39,2
DA:46,2
DA:47,1
DA:48,1
DA:55,1
DA:59,1
DA:62,0
DA:63,0
DA:64,0
DA:68,0
DA:71,0
DA:75,0
DA:79,0
DA:82,1
DA:86,1
DA:92,1
DA:94,1
DA:108,1
DA:109,0
DA:117,1
DA:118,1
DA:122,1
DA:128,1
DA:129,1
DA:130,1
DA:135,1
DA:138,0
DA:139,0
DA:145,0
DA:154,3
DA:161,3
LF:42
LH:29
BRDA:29,0,0,0
BRDA:46,1,0,1
BRDA:55,2,0,1
BRDA:55,2,1,0
BRDA:56,3,0,1
BRDA:56,3,1,0
BRDA:62,4,0,0
BRDA:62,4,1,0
BRDA:64,5,0,0
BRDA:64,5,1,0
BRDA:65,6,0,0
BRDA:65,6,1,0
BRDA:71,7,0,0
BRDA:71,7,1,0
BRDA:72,8,0,0
BRDA:72,8,1,0
BRDA:87,9,0,1
BRDA:87,9,1,0
BRDA:108,10,0,0
BRDA:110,11,0,0
BRDA:110,11,1,0
BRDA:138,12,0,0
BRDA:138,12,1,0
BRDA:140,13,0,0
BRDA:140,13,1,0
BRF:25
BRH:4
end_of_record
TN:
SF:app\api\extractor\results\[id]\route.ts
FN:16,getResultsHandler
FN:106,GET
FNF:2
FNH:2
FNDA:6,getResultsHandler
FNDA:6,GET
DA:7,3
DA:12,3
DA:13,3
DA:14,3
DA:22,6
DA:23,6
DA:25,6
DA:29,6
DA:30,6
DA:31,6
DA:34,6
DA:37,6
DA:38,3
DA:44,3
DA:50,3
DA:52,3
DA:68,3
DA:71,3
DA:72,3
DA:73,3
DA:79,3
DA:81,3
DA:84,0
DA:90,0
DA:91,0
DA:92,0
DA:94,0
DA:97,0
DA:106,6
DA:110,6
DA:115,6
DA:119,3
LF:32
LH:26
BRDA:31,0,0,6
BRDA:31,0,1,0
BRDA:34,1,0,6
BRDA:34,1,1,1
BRDA:37,2,0,3
BRDA:37,3,0,6
BRDA:37,3,1,4
BRDA:37,3,2,4
BRDA:87,4,0,0
BRDA:87,4,1,0
BRDA:90,5,0,0
BRDA:91,6,0,0
BRF:12
BRH:7
end_of_record
TN:
SF:app\api\extractor\results\[id]\claim\route.ts
FN:17,claimResultsHandler
FN:146,POST
FNF:2
FNH:0
FNDA:0,claimResultsHandler
FNDA:0,POST
DA:7,0
DA:12,0
DA:13,0
DA:14,0
DA:15,0
DA:23,0
DA:24,0
DA:26,0
DA:30,0
DA:31,0
DA:32,0
DA:35,0
DA:38,0
DA:39,0
DA:45,0
DA:47,0
DA:48,0
DA:53,0
DA:55,0
DA:57,0
DA:58,0
DA:64,0
DA:71,0
DA:92,0
DA:93,0
DA:101,0
DA:102,0
DA:103,0
DA:108,0
DA:111,0
DA:118,0
DA:119,0
DA:120,0
DA:122,0
DA:123,0
DA:127,0
DA:128,0
DA:134,0
DA:137,0
DA:146,0
DA:150,0
DA:155,0
DA:159,0
LF:43
LH:0
BRDA:32,0,0,0
BRDA:32,0,1,0
BRDA:35,1,0,0
BRDA:35,1,1,0
BRDA:38,2,0,0
BRDA:38,3,0,0
BRDA:38,3,1,0
BRDA:38,3,2,0
BRDA:47,4,0,0
BRDA:57,5,0,0
BRDA:92,6,0,0
BRDA:92,7,0,0
BRDA:92,7,1,0
BRDA:115,8,0,0
BRDA:115,8,1,0
BRDA:118,9,0,0
BRDA:119,10,0,0
BRDA:122,11,0,0
BRDA:127,12,0,0
BRF:19
BRH:0
end_of_record
TN:
SF:app\api\extractor\results\[id]\email\route.ts
FN:24,emailCaptureHandler
FN:144,POST
FNF:2
FNH:0
FNDA:0,emailCaptureHandler
FNDA:0,POST
DA:7,0
DA:12,0
DA:13,0
DA:14,0
DA:15,0
DA:18,0
DA:30,0
DA:31,0
DA:33,0
DA:37,0
DA:38,0
DA:39,0
DA:42,0
DA:45,0
DA:46,0
DA:51,0
DA:53,0
DA:54,0
DA:56,0
DA:57,0
DA:62,0
DA:65,0
DA:74,0
DA:96,0
DA:97,0
DA:105,0
DA:106,0
DA:107,0
DA:112,0
DA:115,0
DA:121,0
DA:122,0
DA:123,0
DA:125,0
DA:126,0
DA:132,0
DA:135,0
DA:144,0
DA:148,0
DA:153,0
DA:157,0
LF:41
LH:0
BRDA:39,0,0,0
BRDA:39,0,1,0
BRDA:42,1,0,0
BRDA:42,1,1,0
BRDA:45,2,0,0
BRDA:45,3,0,0
BRDA:45,3,1,0
BRDA:45,3,2,0
BRDA:56,4,0,0
BRDA:96,5,0,0
BRDA:96,6,0,0
BRDA:96,6,1,0
BRDA:118,7,0,0
BRDA:118,7,1,0
BRDA:121,8,0,0
BRDA:122,9,0,0
BRDA:125,10,0,0
BRF:17
BRH:0
end_of_record
TN:
SF:app\api\flashcards\dueCount\route.ts
FN:3,GET
FNF:1
FNH:0
FNDA:0,GET
DA:1,0
DA:3,0
DA:4,0
LF:3
LH:0
BRF:0
BRH:0
end_of_record
TN:
SF:app\api\me\route.ts
FN:3,GET
FNF:1
FNH:0
FNDA:0,GET
DA:1,0
DA:3,0
DA:5,0
LF:3
LH:0
BRF:0
BRH:0
end_of_record
TN:
SF:app\api\reports\route.ts
FN:3,GET
FNF:1
FNH:0
FNDA:0,GET
DA:1,0
DA:3,0
DA:4,0
DA:5,0
DA:9,0
DA:24,0
LF:6
LH:0
BRDA:6,0,0,0
BRDA:6,0,1,0
BRDA:6,1,0,0
BRDA:6,1,1,0
BRF:4
BRH:0
end_of_record
TN:
SF:app\api\results\[id]\route.ts
FN:12,resultsHandler
FN:90,GET
FNF:2
FNH:0
FNDA:0,resultsHandler
FNDA:0,GET
DA:6,0
DA:7,0
DA:8,0
DA:9,0
DA:10,0
DA:20,0
DA:24,0
DA:25,0
DA:26,0
DA:29,0
DA:31,0
DA:33,0
DA:34,0
DA:35,0
DA:36,0
DA:40,0
DA:41,0
DA:47,0
DA:48,0
DA:49,0
DA:50,0
DA:52,0
DA:53,0
DA:55,0
DA:58,0
DA:59,0
DA:61,0
DA:62,0
DA:63,0
DA:69,0
DA:70,0
DA:74,0
DA:78,0
DA:84,0
DA:90,0
DA:94,0
DA:99,0
DA:102,0
LF:38
LH:0
BRDA:26,0,0,0
BRDA:26,0,1,0
BRDA:29,1,0,0
BRDA:29,1,1,0
BRDA:34,2,0,0
BRDA:49,3,0,0
BRDA:49,3,1,0
BRDA:58,4,0,0
BRDA:61,5,0,0
BRDA:69,6,0,0
BRDA:74,7,0,0
BRDA:75,8,0,0
BRDA:75,8,1,0
BRF:13
BRH:0
end_of_record
TN:
SF:app\api\results\[id]\summary\route.ts
FN:12,summaryHandler
FN:52,GET
FNF:2
FNH:0
FNDA:0,summaryHandler
FNDA:0,GET
DA:7,0
DA:8,0
DA:9,0
DA:10,0
DA:19,0
DA:23,0
DA:24,0
DA:25,0
DA:28,0
DA:29,0
DA:32,0
DA:33,0
DA:34,0
DA:35,0
DA:39,0
DA:46,0
DA:47,0
DA:49,0
DA:52,0
DA:56,0
DA:61,0
DA:64,0
LF:22
LH:0
BRDA:25,0,0,0
BRDA:25,0,1,0
BRDA:28,1,0,0
BRDA:28,1,1,0
BRDA:33,2,0,0
BRF:5
BRH:0
end_of_record
TN:
SF:app\api\results\latest\route.ts
FN:3,GET
FNF:1
FNH:0
FNDA:0,GET
DA:1,0
DA:3,0
DA:5,0
DA:13,0
LF:4
LH:0
BRF:0
BRH:0
end_of_record
TN:
SF:app\api\students\route.ts
FN:3,GET
FNF:1
FNH:0
FNDA:0,GET
DA:1,0
DA:3,0
DA:4,0
DA:5,0
DA:9,0
DA:13,0
LF:6
LH:0
BRDA:6,0,0,0
BRDA:6,0,1,0
BRDA:6,1,0,0
BRDA:6,1,1,0
BRF:4
BRH:0
end_of_record
TN:
SF:app\api\study-plans\[id]\route.ts
FN:3,PATCH
FNF:1
FNH:0
FNDA:0,PATCH
DA:1,0
DA:3,0
DA:7,0
DA:8,0
DA:9,0
DA:10,0
DA:11,0
DA:22,0
DA:32,0
LF:9
LH:0
BRDA:10,0,0,0
BRF:1
BRH:0
end_of_record
TN:
SF:app\api\study-plans\current\route.ts
FN:3,GET
FN:4,(anonymous_2)
FNF:2
FNH:0
FNDA:0,GET
FNDA:0,(anonymous_2)
DA:1,0
DA:3,0
DA:4,0
DA:16,0
LF:4
LH:0
BRDA:7,0,0,0
BRDA:7,0,1,0
BRDA:9,1,0,0
BRDA:9,1,1,0
BRF:4
BRH:0
end_of_record
TN:
SF:app\api\study\plan\route.ts
FN:3,GET
FNF:1
FNH:0
FNDA:0,GET
DA:1,0
DA:3,0
DA:4,0
DA:27,0
LF:4
LH:0
BRF:0
BRH:0
end_of_record
TN:
SF:app\api\study\plan\[id]\route.ts
FN:3,PATCH
FNF:1
FNH:0
FNDA:0,PATCH
DA:1,0
DA:3,0
DA:7,0
DA:8,0
DA:9,0
DA:10,0
DA:11,0
DA:22,0
DA:33,0
LF:9
LH:0
BRDA:10,0,0,0
BRF:1
BRH:0
end_of_record
TN:
SF:app\api\upload\route.ts
FN:20,uploadHandler
FN:85,(anonymous_4)
FNF:2
FNH:0
FNDA:0,uploadHandler
FNDA:0,(anonymous_4)
DA:7,0
DA:8,0
DA:13,0
DA:14,0
DA:18,0
DA:22,0
DA:23,0
DA:32,0
DA:33,0
DA:34,0
DA:42,0
DA:43,0
DA:45,0
DA:48,0
DA:49,0
DA:50,0
DA:51,0
DA:52,0
DA:56,0
DA:57,0
DA:63,0
DA:67,0
DA:70,0
DA:74,0
DA:84,0
DA:85,0
DA:86,0
DA:90,0
DA:91,0
DA:95,0
DA:100,0
DA:104,0
DA:111,0
LF:33
LH:0
BRDA:32,0,0,0
BRDA:43,1,0,0
BRDA:48,2,0,0
BRDA:48,2,1,0
BRDA:50,3,0,0
BRDA:50,3,1,0
BRDA:52,4,0,0
BRDA:52,4,1,0
BRDA:53,5,0,0
BRDA:53,5,1,0
BRDA:57,6,0,0
BRDA:57,6,1,0
BRDA:58,7,0,0
BRDA:58,7,1,0
BRDA:58,7,2,0
BRF:15
BRH:0
end_of_record
TN:
SF:app\api\upload\[id]\status\route.ts
FN:12,statusHandler
FN:56,GET
FNF:2
FNH:0
FNDA:0,statusHandler
FNDA:0,GET
DA:7,0
DA:8,0
DA:9,0
DA:10,0
DA:19,0
DA:23,0
DA:24,0
DA:25,0
DA:28,0
DA:29,0
DA:32,0
DA:33,0
DA:34,0
DA:35,0
DA:39,0
DA:46,0
DA:47,0
DA:49,0
DA:52,0
DA:56,0
DA:60,0
DA:65,0
DA:68,0
LF:23
LH:0
BRDA:25,0,0,0
BRDA:25,0,1,0
BRDA:28,1,0,0
BRDA:28,1,1,0
BRDA:33,2,0,0
BRDA:47,3,0,0
BRF:6
BRH:0
end_of_record
TN:
SF:app\batches\[batchId]\page.tsx
FN:62,BatchStatusPage
FN:72,(anonymous_5)
FN:73,(anonymous_6)
FN:93,(anonymous_7)
FN:102,(anonymous_8)
FN:105,(anonymous_9)
FN:136,(anonymous_10)
FN:168,(anonymous_11)
FN:179,(anonymous_12)
FN:192,(anonymous_13)
FN:300,(anonymous_14)
FN:304,(anonymous_15)
FNF:12
FNH:0
FNDA:0,BatchStatusPage
FNDA:0,(anonymous_5)
FNDA:0,(anonymous_6)
FNDA:0,(anonymous_7)
FNDA:0,(anonymous_8)
FNDA:0,(anonymous_9)
FNDA:0,(anonymous_10)
FNDA:0,(anonymous_11)
FNDA:0,(anonymous_12)
FNDA:0,(anonymous_13)
FNDA:0,(anonymous_14)
FNDA:0,(anonymous_15)
DA:3,0
DA:4,0
DA:5,0
DA:6,0
DA:7,0
DA:16,0
DA:41,0
DA:62,0
DA:63,0
DA:64,0
DA:65,0
DA:67,0
DA:68,0
DA:69,0
DA:70,0
DA:72,0
DA:73,0
DA:74,0
DA:75,0
DA:76,0
DA:77,0
DA:79,0
DA:80,0
DA:82,0
DA:86,0
DA:90,0
DA:93,0
DA:94,0
DA:98,0
DA:102,0
DA:105,0
DA:106,0
DA:107,0
DA:110,0
DA:111,0
DA:112,0
DA:115,0
DA:116,0
DA:120,0
DA:121,0
DA:122,0
DA:123,0
DA:124,0
DA:125,0
DA:126,0
DA:127,0
DA:128,0
DA:130,0
DA:132,0
DA:136,0
DA:138,0
DA:142,0
DA:157,0
DA:168,0
DA:179,0
DA:180,0
DA:192,0
DA:193,0
DA:195,0
DA:197,0
DA:199,0
DA:201,0
DA:301,0
DA:304,0
LF:64
LH:0
BRDA:76,0,0,0
BRDA:83,1,0,0
BRDA:83,1,1,0
BRDA:94,2,0,0
BRDA:95,3,0,0
BRDA:95,3,1,0
BRDA:106,4,0,0
BRDA:106,5,0,0
BRDA:106,5,1,0
BRDA:115,6,0,0
BRDA:130,7,0,0
BRDA:130,7,1,0
BRDA:142,8,0,0
BRDA:157,9,0,0
BRDA:157,10,0,0
BRDA:157,10,1,0
BRDA:166,11,0,0
BRDA:166,11,1,0
BRDA:193,12,0,0
BRDA:193,12,1,0
BRDA:193,12,2,0
BRDA:193,12,3,0
BRDA:225,13,0,0
BRDA:239,14,0,0
BRDA:239,14,1,0
BRDA:261,15,0,0
BRDA:261,15,1,0
BRDA:294,16,0,0
BRDA:321,17,0,0
BRF:29
BRH:0
end_of_record
TN:
SF:app\health\page.tsx
FN:11,HealthTestPage
FN:16,(anonymous_2)
FN:34,(anonymous_3)
FN:39,(anonymous_4)
FN:52,(anonymous_5)
FN:65,(anonymous_6)
FN:66,(anonymous_7)
FN:67,(anonymous_8)
FN:164,(anonymous_9)
FNF:9
FNH:0
FNDA:0,HealthTestPage
FNDA:0,(anonymous_2)
FNDA:0,(anonymous_3)
FNDA:0,(anonymous_4)
FNDA:0,(anonymous_5)
FNDA:0,(anonymous_6)
FNDA:0,(anonymous_7)
FNDA:0,(anonymous_8)
FNDA:0,(anonymous_9)
DA:3,0
DA:8,0
DA:9,0
DA:11,0
DA:12,0
DA:13,0
DA:14,0
DA:16,0
DA:17,0
DA:18,0
DA:20,0
DA:21,0
DA:22,0
DA:23,0
DA:26,0
DA:28,0
DA:30,0
DA:34,0
DA:36,0
DA:39,0
DA:40,0
DA:42,0
DA:44,0
DA:46,0
DA:48,0
DA:52,0
DA:53,0
DA:55,0
DA:57,0
DA:59,0
DA:61,0
DA:65,0
DA:66,0
DA:67,0
DA:165,0
LF:35
LH:0
BRDA:40,0,0,0
BRDA:40,0,1,0
BRDA:40,0,2,0
BRDA:40,0,3,0
BRDA:53,1,0,0
BRDA:53,1,1,0
BRDA:53,1,2,0
BRDA:53,1,3,0
BRDA:87,2,0,0
BRDA:87,2,1,0
BRDA:91,3,0,0
BRDA:98,4,0,0
BRDA:131,5,0,0
BRDA:131,5,1,0
BRDA:138,6,0,0
BRDA:138,6,1,0
BRDA:142,7,0,0
BRDA:142,7,1,0
BRDA:144,8,0,0
BRDA:144,8,1,0
BRDA:149,9,0,0
BRDA:149,9,1,0
BRDA:151,10,0,0
BRDA:151,10,1,0
BRDA:178,11,0,0
BRDA:178,11,1,0
BRDA:180,12,0,0
BRDA:180,12,1,0
BRDA:189,13,0,0
BRF:29
BRH:0
end_of_record
TN:
SF:app\results\[reportId]\page.tsx
FN:11,generateMetadata
FN:20,ResultsPage
FNF:2
FNH:0
FNDA:0,generateMetadata
FNDA:0,ResultsPage
DA:2,0
DA:3,0
DA:11,0
DA:12,0
DA:20,0
DA:21,0
DA:24,0
DA:25,0
LF:8
LH:0
BRDA:24,0,0,0
BRDA:24,1,0,0
BRDA:24,1,1,0
BRF:3
BRH:0
end_of_record
TN:
SF:app\tools\aktr-to-acs\page.tsx
FN:11,AktrToAcsPage
FNF:1
FNH:0
FNDA:0,AktrToAcsPage
DA:2,0
DA:4,0
DA:11,0
LF:3
LH:0
BRF:0
BRH:0
end_of_record
TN:
SF:components\ErrorBoundary.tsx
FN:25,(anonymous_4)
FN:46,(anonymous_5)
FN:30,(anonymous_6)
FN:34,(anonymous_7)
FN:50,(anonymous_8)
FN:126,UploadErrorBoundary
FN:134,(anonymous_10)
FN:144,UploadErrorFallback
FNF:8
FNH:0
FNDA:0,(anonymous_4)
FNDA:0,(anonymous_5)
FNDA:0,(anonymous_6)
FNDA:0,(anonymous_7)
FNDA:0,(anonymous_8)
FNDA:0,UploadErrorBoundary
FNDA:0,(anonymous_10)
FNDA:0,UploadErrorFallback
DA:3,0
DA:4,0
DA:21,0
DA:26,0
DA:27,0
DA:31,0
DA:35,0
DA:37,0
DA:40,0
DA:47,0
DA:51,0
DA:53,0
DA:54,0
DA:121,0
DA:126,0
DA:135,0
LF:16
LH:0
BRDA:51,0,0,0
BRDA:53,1,0,0
BRDA:105,2,0,0
BRDA:105,2,1,0
BRF:4
BRH:0
end_of_record
TN:
SF:components\PerformanceMonitor.tsx
FN:22,PerformanceMonitor
FN:33,(anonymous_7)
FN:42,(anonymous_8)
FN:53,(anonymous_9)
FN:69,(anonymous_10)
FN:95,(anonymous_11)
FN:114,(anonymous_12)
FN:132,(anonymous_13)
FN:160,(anonymous_14)
FN:190,(anonymous_15)
FN:221,PerformanceDebugPanel
FN:227,(anonymous_17)
FN:232,(anonymous_18)
FN:236,(anonymous_19)
FN:246,(anonymous_20)
FNF:15
FNH:0
FNDA:0,PerformanceMonitor
FNDA:0,(anonymous_7)
FNDA:0,(anonymous_8)
FNDA:0,(anonymous_9)
FNDA:0,(anonymous_10)
FNDA:0,(anonymous_11)
FNDA:0,(anonymous_12)
FNDA:0,(anonymous_13)
FNDA:0,(anonymous_14)
FNDA:0,(anonymous_15)
FNDA:0,PerformanceDebugPanel
FNDA:0,(anonymous_17)
FNDA:0,(anonymous_18)
FNDA:0,(anonymous_19)
FNDA:0,(anonymous_20)
DA:8,0
DA:14,0
DA:22,0
DA:27,0
DA:28,0
DA:29,0
DA:33,0
DA:34,0
DA:35,0
DA:39,0
DA:42,0
DA:43,0
DA:44,0
DA:45,0
DA:48,0
DA:49,0
DA:53,0
DA:54,0
DA:58,0
DA:59,0
DA:62,0
DA:69,0
DA:70,0
DA:77,0
DA:78,0
DA:79,0
DA:82,0
DA:83,0
DA:85,0
DA:86,0
DA:88,0
DA:95,0
DA:115,0
DA:116,0
DA:117,0
DA:133,0
DA:161,0
DA:191,0
DA:221,0
DA:222,0
DA:223,0
DA:227,0
DA:228,0
DA:229,0
DA:232,0
DA:233,0
DA:236,0
DA:239,0
DA:240,0
DA:246,0
LF:50
LH:0
BRDA:23,0,0,0
BRDA:24,1,0,0
BRDA:25,2,0,0
BRDA:34,3,0,0
BRDA:34,4,0,0
BRDA:34,4,1,0
BRDA:48,5,0,0
BRDA:58,6,0,0
BRDA:78,7,0,0
BRDA:82,8,0,0
BRDA:85,9,0,0
BRDA:103,10,0,0
BRDA:107,11,0,0
BRDA:107,11,1,0
BRDA:108,12,0,0
BRDA:108,12,1,0
BRDA:126,13,0,0
BRDA:126,13,1,0
BRDA:141,14,0,0
BRDA:141,14,1,0
BRDA:152,15,0,0
BRDA:152,15,1,0
BRDA:167,16,0,0
BRDA:167,16,1,0
BRDA:168,17,0,0
BRDA:168,17,1,0
BRDA:170,18,0,0
BRDA:170,18,1,0
BRDA:181,19,0,0
BRDA:197,20,0,0
BRDA:197,20,1,0
BRDA:209,21,0,0
BRDA:228,22,0,0
BRDA:239,23,0,0
BRDA:249,24,0,0
BRDA:249,24,1,0
BRDA:252,25,0,0
BRDA:256,26,0,0
BRDA:256,26,1,0
BRDA:266,27,0,0
BRDA:266,27,1,0
BRDA:276,28,0,0
BRF:42
BRH:0
end_of_record
TN:
SF:components\SimplePerformanceMonitor.tsx
FN:20,SimplePerformanceMonitor
FN:26,(anonymous_5)
FN:31,(anonymous_6)
FN:34,(anonymous_7)
FN:35,(anonymous_8)
FN:37,(anonymous_9)
FN:57,(anonymous_10)
FNF:7
FNH:0
FNDA:0,SimplePerformanceMonitor
FNDA:0,(anonymous_5)
FNDA:0,(anonymous_6)
FNDA:0,(anonymous_7)
FNDA:0,(anonymous_8)
FNDA:0,(anonymous_9)
FNDA:0,(anonymous_10)
DA:8,0
DA:13,0
DA:20,0
DA:24,0
DA:26,0
DA:27,0
DA:28,0
DA:31,0
DA:32,0
DA:33,0
DA:34,0
DA:35,0
DA:36,0
DA:37,0
DA:39,0
DA:46,0
DA:51,0
DA:58,0
LF:18
LH:0
BRDA:21,0,0,0
BRDA:22,1,0,0
BRDA:27,2,0,0
BRDA:33,3,0,0
BRDA:36,4,0,0
BRDA:37,5,0,0
BRDA:37,5,1,0
BRDA:46,6,0,0
BRDA:47,7,0,0
BRDA:47,7,1,0
BRDA:47,7,2,0
BRDA:65,8,0,0
BRDA:65,8,1,0
BRDA:67,9,0,0
BRDA:67,9,1,0
BRDA:73,10,0,0
BRDA:73,10,1,0
BRF:17
BRH:0
end_of_record
TN:
SF:components\common\ErrorBoundary.tsx
FN:26,(anonymous_5)
FN:54,(anonymous_6)
FN:31,(anonymous_7)
FN:40,(anonymous_8)
FN:58,(anonymous_9)
FN:109,useErrorHandler
FN:110,(anonymous_11)
FNF:7
FNH:0
FNDA:0,(anonymous_5)
FNDA:0,(anonymous_6)
FNDA:0,(anonymous_7)
FNDA:0,(anonymous_8)
FNDA:0,(anonymous_9)
FNDA:0,useErrorHandler
FNDA:0,(anonymous_11)
DA:3,0
DA:4,0
DA:5,0
DA:27,0
DA:28,0
DA:33,0
DA:42,0
DA:45,0
DA:47,0
DA:55,0
DA:59,0
DA:61,0
DA:62,0
DA:104,0
DA:109,0
DA:110,0
DA:111,0
DA:117,0
DA:139,0
LF:19
LH:0
BRDA:59,0,0,0
BRDA:61,1,0,0
BRDA:89,2,0,0
BRDA:89,2,1,0
BRF:4
BRH:0
end_of_record
TN:
SF:components\dashboard\ActivityFeed.tsx
FN:9,ActivityFeed
FN:17,(anonymous_2)
FNF:2
FNH:0
FNDA:0,ActivityFeed
FNDA:0,(anonymous_2)
DA:1,0
DA:9,0
DA:18,0
LF:3
LH:0
BRDA:14,0,0,0
BRDA:13,1,0,0
BRDA:13,1,1,0
BRF:3
BRH:0
end_of_record
TN:
SF:components\dashboard\CFIStudentsPanel.tsx
FN:7,CFIStudentsPanel
FN:13,(anonymous_3)
FN:20,(anonymous_4)
FNF:3
FNH:0
FNDA:0,CFIStudentsPanel
FNDA:0,(anonymous_3)
FNDA:0,(anonymous_4)
DA:1,0
DA:2,0
DA:3,0
DA:7,0
DA:8,0
DA:14,0
DA:20,0
LF:7
LH:0
BRDA:8,0,0,0
BRDA:8,1,0,0
BRDA:8,1,1,0
BRF:3
BRH:0
end_of_record
TN:
SF:components\dashboard\ErrorAlert.tsx
FN:15,ErrorAlert
FN:28,(anonymous_2)
FN:33,(anonymous_3)
FNF:3
FNH:0
FNDA:0,ErrorAlert
FNDA:0,(anonymous_2)
FNDA:0,(anonymous_3)
DA:3,0
DA:4,0
DA:5,0
DA:15,0
DA:24,0
DA:25,0
DA:26,0
DA:28,0
DA:29,0
DA:30,0
DA:31,0
DA:32,0
DA:33,0
LF:13
LH:0
BRDA:25,0,0,0
BRDA:25,0,1,0
BRDA:26,1,0,0
BRDA:26,1,1,0
BRDA:29,2,0,0
BRDA:40,3,0,0
BRDA:46,4,0,0
BRDA:46,4,1,0
BRF:8
BRH:0
end_of_record
TN:
SF:components\dashboard\ErrorRetry.tsx
FN:12,ErrorRetry
FN:15,(anonymous_2)
FNF:2
FNH:0
FNDA:0,ErrorRetry
FNDA:0,(anonymous_2)
DA:3,0
DA:4,0
DA:5,0
DA:12,0
DA:13,0
DA:15,0
DA:16,0
LF:7
LH:0
BRDA:23,0,0,0
BRDA:28,1,0,0
BRF:2
BRH:0
end_of_record
TN:
SF:components\dashboard\LatestResults.tsx
FN:12,LatestResults
FN:33,(anonymous_3)
FN:45,(anonymous_4)
FN:58,(anonymous_5)
FNF:4
FNH:0
FNDA:0,LatestResults
FNDA:0,(anonymous_3)
FNDA:0,(anonymous_4)
FNDA:0,(anonymous_5)
DA:1,0
DA:2,0
DA:3,0
DA:12,0
DA:13,0
DA:34,0
DA:46,0
DA:58,0
LF:8
LH:0
BRDA:13,0,0,0
BRDA:13,1,0,0
BRDA:13,1,1,0
BRDA:40,2,0,0
BRDA:45,3,0,0
BRDA:45,3,1,0
BRF:6
BRH:0
end_of_record
TN:
SF:components\dashboard\OnboardingActions.tsx
FN:7,OnboardingActions
FNF:1
FNH:0
FNDA:0,OnboardingActions
DA:3,0
DA:4,0
DA:5,0
DA:7,0
LF:4
LH:0
BRF:0
BRH:0
end_of_record
TN:
SF:components\dashboard\PlanCreditsStrip.tsx
FN:9,PlanCreditsStrip
FN:30,(anonymous_2)
FN:36,(anonymous_3)
FNF:3
FNH:0
FNDA:0,PlanCreditsStrip
FNDA:0,(anonymous_2)
FNDA:0,(anonymous_3)
DA:1,0
DA:2,0
DA:9,0
DA:10,0
DA:30,0
DA:36,0
LF:6
LH:0
BRDA:14,0,0,0
BRDA:19,1,0,0
BRDA:26,2,0,0
BRDA:35,3,0,0
BRF:4
BRH:0
end_of_record
TN:
SF:components\dashboard\QuickTools.tsx
FN:22,QuickTools
FN:27,(anonymous_3)
FN:33,(anonymous_4)
FNF:3
FNH:0
FNDA:0,QuickTools
FNDA:0,(anonymous_3)
FNDA:0,(anonymous_4)
DA:1,0
DA:2,0
DA:3,0
DA:11,0
DA:13,0
DA:22,0
DA:28,0
DA:33,0
LF:8
LH:0
BRF:0
BRH:0
end_of_record
TN:
SF:components\dashboard\Skeletons.tsx
FN:3,PanelSkeleton
FNF:1
FNH:0
FNDA:0,PanelSkeleton
DA:1,0
DA:3,0
LF:2
LH:0
BRDA:3,0,0,0
BRF:1
BRH:0
end_of_record
TN:
SF:components\dashboard\StudyPlanCard.tsx
FN:14,StudyPlanCard
FN:18,(anonymous_2)
FN:20,(anonymous_3)
FN:21,(anonymous_4)
FN:23,(anonymous_5)
FN:32,(anonymous_6)
FN:33,(anonymous_7)
FN:44,(anonymous_8)
FN:48,(anonymous_9)
FN:66,(anonymous_10)
FNF:10
FNH:0
FNDA:0,StudyPlanCard
FNDA:0,(anonymous_2)
FNDA:0,(anonymous_3)
FNDA:0,(anonymous_4)
FNDA:0,(anonymous_5)
FNDA:0,(anonymous_6)
FNDA:0,(anonymous_7)
FNDA:0,(anonymous_8)
FNDA:0,(anonymous_9)
FNDA:0,(anonymous_10)
DA:3,0
DA:4,0
DA:14,0
DA:15,0
DA:16,0
DA:18,0
DA:20,0
DA:21,0
DA:23,0
DA:24,0
DA:25,0
DA:32,0
DA:33,0
DA:44,0
DA:49,0
DA:66,0
LF:16
LH:0
BRDA:15,0,0,0
BRDA:15,0,1,0
BRDA:21,1,0,0
BRDA:21,1,1,0
BRDA:33,2,0,0
BRDA:33,2,1,0
BRDA:56,3,0,0
BRDA:56,3,1,0
BRDA:57,4,0,0
BRDA:57,4,1,0
BRDA:64,5,0,0
BRDA:64,5,1,0
BRDA:69,6,0,0
BRDA:69,6,1,0
BRF:14
BRH:0
end_of_record
TN:
SF:components\dashboard\TodayCard.tsx
FN:11,TodayCard
FN:36,(anonymous_2)
FN:58,(anonymous_3)
FNF:3
FNH:0
FNDA:0,TodayCard
FNDA:0,(anonymous_2)
FNDA:0,(anonymous_3)
DA:3,0
DA:4,0
DA:11,0
DA:22,0
DA:37,0
DA:38,0
DA:59,0
DA:60,0
LF:8
LH:0
BRDA:22,0,0,0
BRDA:22,0,1,0
BRDA:22,1,0,0
BRDA:22,1,1,0
BRDA:29,2,0,0
BRDA:46,3,0,0
BRF:6
BRH:0
end_of_record
TN:
SF:components\forms\AktrToAcsUploader.tsx
FN:22,AktrToAcsUploader
FN:31,(anonymous_5)
FN:32,(anonymous_6)
FN:40,(anonymous_7)
FN:43,(anonymous_8)
FN:48,(anonymous_9)
FN:54,(anonymous_10)
FN:60,(anonymous_11)
FN:61,(anonymous_12)
FN:62,(anonymous_13)
FN:86,(anonymous_14)
FN:96,(anonymous_15)
FN:98,(anonymous_16)
FN:115,(anonymous_17)
FN:117,(anonymous_18)
FN:133,(anonymous_19)
FN:138,(anonymous_20)
FN:152,(anonymous_21)
FN:163,(anonymous_22)
FN:164,(anonymous_23)
FNF:20
FNH:0
FNDA:0,AktrToAcsUploader
FNDA:0,(anonymous_5)
FNDA:0,(anonymous_6)
FNDA:0,(anonymous_7)
FNDA:0,(anonymous_8)
FNDA:0,(anonymous_9)
FNDA:0,(anonymous_10)
FNDA:0,(anonymous_11)
FNDA:0,(anonymous_12)
FNDA:0,(anonymous_13)
FNDA:0,(anonymous_14)
FNDA:0,(anonymous_15)
FNDA:0,(anonymous_16)
FNDA:0,(anonymous_17)
FNDA:0,(anonymous_18)
FNDA:0,(anonymous_19)
FNDA:0,(anonymous_20)
FNDA:0,(anonymous_21)
FNDA:0,(anonymous_22)
FNDA:0,(anonymous_23)
DA:3,0
DA:4,0
DA:5,0
DA:6,0
DA:8,0
DA:13,0
DA:22,0
DA:23,0
DA:24,0
DA:31,0
DA:32,0
DA:39,0
DA:42,0
DA:43,0
DA:44,0
DA:48,0
DA:54,0
DA:60,0
DA:61,0
DA:62,0
DA:63,0
DA:64,0
DA:65,0
DA:70,0
DA:72,0
DA:76,0
DA:77,0
DA:78,0
DA:83,0
DA:85,0
DA:86,0
DA:87,0
DA:93,0
DA:96,0
DA:98,0
DA:106,0
DA:108,0
DA:110,0
DA:114,0
DA:115,0
DA:117,0
DA:125,0
DA:127,0
DA:133,0
DA:134,0
DA:135,0
DA:138,0
DA:144,0
DA:146,0
DA:147,0
DA:150,0
DA:152,0
DA:163,0
DA:164,0
DA:169,0
DA:172,0
LF:56
LH:0
BRDA:63,0,0,0
BRDA:63,1,0,0
BRDA:63,1,1,0
BRDA:85,2,0,0
BRDA:88,3,0,0
BRDA:88,3,1,0
BRDA:114,4,0,0
BRDA:114,4,1,0
BRDA:134,5,0,0
BRDA:156,6,0,0
BRDA:156,6,1,0
BRDA:172,7,0,0
BRDA:172,7,1,0
BRDA:191,8,0,0
BRDA:220,9,0,0
BRDA:220,9,1,0
BRDA:222,10,0,0
BRDA:222,10,1,0
BRDA:224,11,0,0
BRDA:224,11,1,0
BRDA:230,12,0,0
BRDA:230,12,1,0
BRDA:245,13,0,0
BRF:23
BRH:0
end_of_record
TN:
SF:components\forms\BatchSharing.tsx
FN:31,BatchSharing
FN:40,(anonymous_5)
FN:58,(anonymous_6)
FN:62,(anonymous_7)
FN:94,(anonymous_8)
FN:124,(anonymous_9)
FN:143,(anonymous_10)
FN:242,(anonymous_11)
FN:257,(anonymous_12)
FN:271,(anonymous_13)
FN:282,(anonymous_14)
FN:308,(anonymous_15)
FN:330,(anonymous_16)
FN:336,(anonymous_17)
FN:356,(anonymous_18)
FNF:15
FNH:0
FNDA:0,BatchSharing
FNDA:0,(anonymous_5)
FNDA:0,(anonymous_6)
FNDA:0,(anonymous_7)
FNDA:0,(anonymous_8)
FNDA:0,(anonymous_9)
FNDA:0,(anonymous_10)
FNDA:0,(anonymous_11)
FNDA:0,(anonymous_12)
FNDA:0,(anonymous_13)
FNDA:0,(anonymous_14)
FNDA:0,(anonymous_15)
FNDA:0,(anonymous_16)
FNDA:0,(anonymous_17)
FNDA:0,(anonymous_18)
DA:3,0
DA:4,0
DA:5,0
DA:31,0
DA:32,0
DA:33,0
DA:34,0
DA:35,0
DA:36,0
DA:37,0
DA:38,0
DA:40,0
DA:41,0
DA:42,0
DA:43,0
DA:44,0
DA:45,0
DA:47,0
DA:48,0
DA:50,0
DA:54,0
DA:58,0
DA:59,0
DA:62,0
DA:63,0
DA:64,0
DA:67,0
DA:68,0
DA:69,0
DA:81,0
DA:82,0
DA:85,0
DA:86,0
DA:88,0
DA:90,0
DA:94,0
DA:95,0
DA:96,0
DA:99,0
DA:100,0
DA:113,0
DA:114,0
DA:117,0
DA:118,0
DA:120,0
DA:124,0
DA:125,0
DA:126,0
DA:133,0
DA:134,0
DA:137,0
DA:139,0
DA:143,0
DA:144,0
DA:145,0
DA:148,0
DA:149,0
DA:160,0
DA:161,0
DA:164,0
DA:166,0
DA:172,0
DA:188,0
DA:242,0
DA:257,0
DA:271,0
DA:283,0
DA:308,0
DA:330,0
DA:336,0
DA:357,0
LF:71
LH:0
BRDA:44,0,0,0
BRDA:51,1,0,0
BRDA:51,1,1,0
BRDA:63,2,0,0
BRDA:81,3,0,0
BRDA:88,4,0,0
BRDA:88,4,1,0
BRDA:95,5,0,0
BRDA:113,6,0,0
BRDA:120,7,0,0
BRDA:120,7,1,0
BRDA:133,8,0,0
BRDA:139,9,0,0
BRDA:139,9,1,0
BRDA:144,10,0,0
BRDA:160,11,0,0
BRDA:167,12,0,0
BRDA:167,12,1,0
BRDA:172,13,0,0
BRDA:188,14,0,0
BRDA:188,15,0,0
BRDA:188,15,1,0
BRDA:198,16,0,0
BRDA:198,16,1,0
BRDA:226,17,0,0
BRDA:226,17,1,0
BRDA:230,18,0,0
BRDA:230,18,1,0
BRDA:251,19,0,0
BRDA:281,20,0,0
BRDA:289,21,0,0
BRDA:350,22,0,0
BRF:32
BRH:0
end_of_record
TN:
SF:components\forms\ConsentManager.tsx
FN:35,ConsentManager
FN:42,(anonymous_5)
FN:76,(anonymous_6)
FN:80,(anonymous_7)
FN:100,(anonymous_8)
FN:123,(anonymous_9)
FN:127,(anonymous_10)
FN:185,(anonymous_11)
FN:192,(anonymous_12)
FN:214,(anonymous_13)
FN:254,(anonymous_14)
FN:277,(anonymous_15)
FN:309,(anonymous_16)
FNF:13
FNH:0
FNDA:0,ConsentManager
FNDA:0,(anonymous_5)
FNDA:0,(anonymous_6)
FNDA:0,(anonymous_7)
FNDA:0,(anonymous_8)
FNDA:0,(anonymous_9)
FNDA:0,(anonymous_10)
FNDA:0,(anonymous_11)
FNDA:0,(anonymous_12)
FNDA:0,(anonymous_13)
FNDA:0,(anonymous_14)
FNDA:0,(anonymous_15)
FNDA:0,(anonymous_16)
DA:3,0
DA:4,0
DA:5,0
DA:35,0
DA:36,0
DA:37,0
DA:38,0
DA:39,0
DA:40,0
DA:42,0
DA:43,0
DA:44,0
DA:45,0
DA:48,0
DA:49,0
DA:50,0
DA:54,0
DA:57,0
DA:58,0
DA:59,0
DA:61,0
DA:63,0
DA:64,0
DA:66,0
DA:72,0
DA:76,0
DA:77,0
DA:80,0
DA:81,0
DA:82,0
DA:90,0
DA:91,0
DA:94,0
DA:96,0
DA:100,0
DA:101,0
DA:102,0
DA:103,0
DA:104,0
DA:107,0
DA:108,0
DA:109,0
DA:110,0
DA:111,0
DA:112,0
DA:113,0
DA:114,0
DA:115,0
DA:117,0
DA:123,0
DA:124,0
DA:127,0
DA:128,0
DA:134,0
DA:137,0
DA:153,0
DA:185,0
DA:192,0
DA:215,0
DA:254,0
DA:278,0
DA:310,0
LF:62
LH:0
BRDA:49,0,0,0
BRDA:58,1,0,0
BRDA:63,2,0,0
BRDA:63,2,1,0
BRDA:64,3,0,0
BRDA:64,3,1,0
BRDA:67,4,0,0
BRDA:67,4,1,0
BRDA:90,5,0,0
BRDA:96,6,0,0
BRDA:96,6,1,0
BRDA:103,7,0,0
BRDA:118,8,0,0
BRDA:118,8,1,0
BRDA:134,9,0,0
BRDA:134,9,1,0
BRDA:137,10,0,0
BRDA:153,11,0,0
BRDA:183,12,0,0
BRDA:183,12,1,0
BRDA:190,13,0,0
BRDA:190,13,1,0
BRDA:196,14,0,0
BRDA:210,15,0,0
BRDA:213,16,0,0
BRDA:218,17,0,0
BRDA:218,17,1,0
BRDA:228,18,0,0
BRDA:228,18,1,0
BRDA:243,19,0,0
BRDA:250,20,0,0
BRDA:273,21,0,0
BRDA:276,22,0,0
BRDA:284,23,0,0
BRDA:286,24,0,0
BRDA:300,25,0,0
BRDA:305,26,0,0
BRDA:305,26,1,0
BRF:38
BRH:0
end_of_record
TN:
SF:components\forms\ContactForm.tsx
FN:21,ContactForm
FN:39,(anonymous_5)
FN:49,(anonymous_6)
FN:85,(anonymous_7)
FNF:4
FNH:0
FNDA:0,ContactForm
FNDA:0,(anonymous_5)
FNDA:0,(anonymous_6)
FNDA:0,(anonymous_7)
DA:6,0
DA:7,0
DA:8,0
DA:9,0
DA:10,0
DA:11,0
DA:12,0
DA:13,0
DA:21,0
DA:26,0
DA:27,0
DA:28,0
DA:30,0
DA:40,0
DA:41,0
DA:42,0
DA:44,0
DA:45,0
DA:46,0
DA:49,0
DA:52,0
DA:53,0
DA:55,0
DA:61,0
DA:66,0
DA:68,0
DA:86,0
DA:87,0
LF:28
LH:0
BRDA:24,0,0,0
BRDA:45,1,0,0
BRDA:45,1,1,0
BRDA:56,2,0,0
BRDA:56,2,1,0
BRDA:66,3,0,0
BRDA:66,3,1,0
BRDA:68,4,0,0
BRDA:116,5,0,0
BRDA:116,5,1,0
BRDA:136,6,0,0
BRDA:136,6,1,0
BRDA:155,7,0,0
BRDA:155,7,1,0
BRDA:180,8,0,0
BRDA:180,8,1,0
BRDA:203,9,0,0
BRDA:203,9,1,0
BRDA:209,10,0,0
BRDA:209,10,1,0
BRDA:214,11,0,0
BRDA:219,12,0,0
BRDA:219,12,1,0
BRDA:222,13,0,0
BRDA:222,13,1,0
BRF:25
BRH:0
end_of_record
TN:
SF:components\forms\FileUploader.tsx
FN:42,FileUploader
FN:58,(anonymous_5)
FN:74,(anonymous_6)
FN:80,(anonymous_7)
FN:89,(anonymous_8)
FN:93,(anonymous_9)
FN:114,(anonymous_10)
FN:115,(anonymous_11)
FN:122,(anonymous_12)
FN:123,(anonymous_13)
FN:126,(anonymous_14)
FN:133,(anonymous_15)
FN:248,(anonymous_16)
FN:324,(anonymous_17)
FNF:14
FNH:0
FNDA:0,FileUploader
FNDA:0,(anonymous_5)
FNDA:0,(anonymous_6)
FNDA:0,(anonymous_7)
FNDA:0,(anonymous_8)
FNDA:0,(anonymous_9)
FNDA:0,(anonymous_10)
FNDA:0,(anonymous_11)
FNDA:0,(anonymous_12)
FNDA:0,(anonymous_13)
FNDA:0,(anonymous_14)
FNDA:0,(anonymous_15)
FNDA:0,(anonymous_16)
FNDA:0,(anonymous_17)
DA:3,0
DA:4,0
DA:5,0
DA:6,0
DA:7,0
DA:13,0
DA:21,0
DA:42,0
DA:53,0
DA:54,0
DA:55,0
DA:56,0
DA:58,0
DA:59,0
DA:60,0
DA:61,0
DA:62,0
DA:64,0
DA:66,0
DA:67,0
DA:68,0
DA:69,0
DA:73,0
DA:75,0
DA:76,0
DA:77,0
DA:80,0
DA:81,0
DA:84,0
DA:89,0
DA:90,0
DA:93,0
DA:94,0
DA:97,0
DA:113,0
DA:115,0
DA:116,0
DA:117,0
DA:122,0
DA:123,0
DA:126,0
DA:127,0
DA:132,0
DA:134,0
DA:135,0
DA:136,0
DA:138,0
DA:139,0
DA:249,0
DA:250,0
DA:251,0
DA:253,0
DA:324,0
LF:53
LH:0
BRDA:44,0,0,0
BRDA:45,1,0,0
BRDA:46,2,0,0
BRDA:47,3,0,0
BRDA:48,4,0,0
BRDA:49,5,0,0
BRDA:51,6,0,0
BRDA:66,7,0,0
BRDA:66,7,1,0
BRDA:75,8,0,0
BRDA:109,9,0,0
BRDA:109,9,1,0
BRDA:135,10,0,0
BRDA:138,11,0,0
BRDA:138,11,1,0
BRDA:155,12,0,0
BRDA:155,12,1,0
BRDA:156,13,0,0
BRDA:156,13,1,0
BRDA:158,14,0,0
BRDA:158,14,1,0
BRDA:158,14,2,0
BRDA:165,15,0,0
BRDA:165,15,1,0
BRDA:173,16,0,0
BRDA:173,16,1,0
BRDA:178,17,0,0
BRDA:186,18,0,0
BRDA:186,18,1,0
BRDA:194,19,0,0
BRDA:194,19,1,0
BRDA:196,20,0,0
BRDA:196,20,1,0
BRDA:201,21,0,0
BRDA:201,21,1,0
BRDA:206,22,0,0
BRDA:230,23,0,0
BRDA:242,24,0,0
BRDA:261,25,0,0
BRDA:266,26,0,0
BRDA:287,27,0,0
BRDA:287,27,1,0
BRDA:310,28,0,0
BRDA:310,28,1,0
BRDA:319,29,0,0
BRDA:340,30,0,0
BRDA:340,30,1,0
BRDA:341,31,0,0
BRDA:341,31,1,0
BRDA:342,32,0,0
BRDA:342,32,1,0
BRF:51
BRH:0
end_of_record
TN:
SF:components\forms\LoginForm.tsx
FN:26,LoginForm
FN:44,(anonymous_6)
FN:53,(anonymous_7)
FN:145,(anonymous_8)
FNF:4
FNH:0
FNDA:0,LoginForm
FNDA:0,(anonymous_6)
FNDA:0,(anonymous_7)
FNDA:0,(anonymous_8)
DA:6,0
DA:7,0
DA:8,0
DA:9,0
DA:10,0
DA:11,0
DA:12,0
DA:13,0
DA:14,0
DA:15,0
DA:16,0
DA:26,0
DA:33,0
DA:34,0
DA:35,0
DA:37,0
DA:45,0
DA:46,0
DA:48,0
DA:49,0
DA:50,0
DA:53,0
DA:54,0
DA:57,0
DA:63,0
DA:68,0
DA:145,0
LF:27
LH:0
BRDA:31,0,0,0
BRDA:49,1,0,0
BRDA:49,1,1,0
BRDA:58,2,0,0
BRDA:58,2,1,0
BRDA:68,3,0,0
BRDA:68,3,1,0
BRDA:82,4,0,0
BRDA:115,5,0,0
BRDA:115,5,1,0
BRDA:132,6,0,0
BRDA:132,6,1,0
BRDA:138,7,0,0
BRDA:138,7,1,0
BRDA:150,8,0,0
BRDA:178,9,0,0
BRDA:197,10,0,0
BRDA:202,11,0,0
BRDA:202,11,1,0
BRDA:205,12,0,0
BRDA:205,12,1,0
BRF:21
BRH:0
end_of_record
TN:
SF:components\forms\ResultsView.tsx
FN:55,ResultsView
FN:69,(anonymous_5)
FN:70,(anonymous_6)
FN:101,(anonymous_7)
FN:107,(anonymous_8)
FN:123,(anonymous_9)
FN:134,(anonymous_10)
FN:140,(anonymous_11)
FN:171,(anonymous_12)
FN:223,(anonymous_13)
FN:230,(anonymous_14)
FN:231,(anonymous_15)
FN:336,(anonymous_16)
FN:372,(anonymous_17)
FN:403,(anonymous_18)
FN:433,(anonymous_19)
FN:434,(anonymous_20)
FNF:17
FNH:0
FNDA:0,ResultsView
FNDA:0,(anonymous_5)
FNDA:0,(anonymous_6)
FNDA:0,(anonymous_7)
FNDA:0,(anonymous_8)
FNDA:0,(anonymous_9)
FNDA:0,(anonymous_10)
FNDA:0,(anonymous_11)
FNDA:0,(anonymous_12)
FNDA:0,(anonymous_13)
FNDA:0,(anonymous_14)
FNDA:0,(anonymous_15)
FNDA:0,(anonymous_16)
FNDA:0,(anonymous_17)
FNDA:0,(anonymous_18)
FNDA:0,(anonymous_19)
FNDA:0,(anonymous_20)
DA:3,0
DA:4,0
DA:5,0
DA:6,0
DA:15,0
DA:16,0
DA:55,0
DA:56,0
DA:57,0
DA:58,0
DA:59,0
DA:60,0
DA:65,0
DA:66,0
DA:69,0
DA:70,0
DA:71,0
DA:72,0
DA:74,0
DA:75,0
DA:76,0
DA:78,0
DA:81,0
DA:82,0
DA:85,0
DA:91,0
DA:93,0
DA:97,0
DA:101,0
DA:102,0
DA:103,0
DA:104,0
DA:107,0
DA:109,0
DA:110,0
DA:119,0
DA:120,0
DA:123,0
DA:129,0
DA:134,0
DA:135,0
DA:140,0
DA:141,0
DA:142,0
DA:145,0
DA:147,0
DA:148,0
DA:153,0
DA:154,0
DA:157,0
DA:159,0
DA:164,0
DA:166,0
DA:171,0
DA:172,0
DA:174,0
DA:177,0
DA:178,0
DA:179,0
DA:185,0
DA:188,0
DA:192,0
DA:197,0
DA:203,0
DA:214,0
DA:223,0
DA:230,0
DA:231,0
DA:337,0
DA:373,0
DA:404,0
DA:434,0
LF:72
LH:0
BRDA:74,0,0,0
BRDA:75,1,0,0
BRDA:82,2,0,0
BRDA:82,2,1,0
BRDA:91,3,0,0
BRDA:91,3,1,0
BRDA:103,4,0,0
BRDA:103,5,0,0
BRDA:103,5,1,0
BRDA:119,6,0,0
BRDA:141,7,0,0
BRDA:153,8,0,0
BRDA:177,9,0,0
BRDA:177,9,1,0
BRDA:199,10,0,0
BRDA:199,10,1,0
BRDA:203,11,0,0
BRDA:214,12,0,0
BRDA:214,13,0,0
BRDA:214,13,1,0
BRDA:230,14,0,0
BRDA:230,14,1,0
BRDA:239,15,0,0
BRDA:249,16,0,0
BRDA:249,16,1,0
BRDA:264,17,0,0
BRDA:264,17,1,0
BRDA:264,18,0,0
BRDA:264,18,1,0
BRDA:273,19,0,0
BRDA:273,19,1,0
BRDA:314,20,0,0
BRDA:314,20,1,0
BRDA:320,21,0,0
BRDA:320,21,1,0
BRDA:328,22,0,0
BRDA:349,23,0,0
BRDA:363,24,0,0
BRDA:363,24,1,0
BRDA:386,25,0,0
BRDA:417,26,0,0
BRDA:417,26,1,0
BRDA:456,27,0,0
BRF:43
BRH:0
end_of_record
TN:
SF:components\forms\index.ts
FNF:0
FNH:0
DA:2,0
DA:3,0
DA:4,0
DA:5,0
DA:6,0
LF:5
LH:0
BRF:0
BRH:0
end_of_record
TN:
SF:components\layout\AuthNavigation.tsx
FN:7,AuthNavigation
FNF:1
FNH:0
FNDA:0,AuthNavigation
DA:3,0
DA:4,0
DA:5,0
DA:7,0
DA:8,0
LF:5
LH:0
BRDA:35,0,0,0
BRDA:34,1,0,0
BRDA:34,1,1,0
BRF:3
BRH:0
end_of_record
TN:
SF:components\layout\FeatureScreenshotDisplay.tsx
FN:20,(anonymous_4)
FN:29,(anonymous_5)
FN:34,(anonymous_6)
FN:38,(anonymous_7)
FN:39,(anonymous_8)
FN:169,(anonymous_9)
FNF:6
FNH:0
FNDA:0,(anonymous_4)
FNDA:0,(anonymous_5)
FNDA:0,(anonymous_6)
FNDA:0,(anonymous_7)
FNDA:0,(anonymous_8)
FNDA:0,(anonymous_9)
DA:3,0
DA:4,0
DA:5,0
DA:7,0
DA:8,0
DA:18,0
DA:20,0
DA:21,0
DA:22,0
DA:23,0
DA:24,0
DA:26,0
DA:27,0
DA:29,0
DA:30,0
DA:31,0
DA:34,0
DA:35,0
DA:37,0
DA:38,0
DA:39,0
DA:41,0
DA:44,0
DA:45,0
DA:46,0
DA:51,0
DA:52,0
DA:55,0
DA:65,0
DA:169,0
LF:30
LH:0
BRDA:35,0,0,0
BRDA:35,0,1,0
BRDA:44,1,0,0
BRDA:45,2,0,0
BRDA:45,2,1,0
BRDA:68,3,0,0
BRDA:68,3,1,0
BRDA:69,4,0,0
BRDA:69,4,1,0
BRDA:70,5,0,0
BRDA:70,5,1,0
BRDA:76,6,0,0
BRDA:76,6,1,0
BRDA:77,7,0,0
BRDA:77,7,1,0
BRDA:79,8,0,0
BRDA:79,8,1,0
BRDA:80,9,0,0
BRDA:80,9,1,0
BRDA:87,10,0,0
BRDA:87,10,1,0
BRDA:108,11,0,0
BRDA:140,12,0,0
BRDA:140,12,1,0
BRDA:150,13,0,0
BRDA:150,13,1,0
BRDA:153,14,0,0
BRDA:153,14,1,0
BRDA:156,15,0,0
BRDA:156,15,1,0
BRDA:159,16,0,0
BRDA:159,16,1,0
BRDA:162,17,0,0
BRDA:162,17,1,0
BRDA:163,18,0,0
BRDA:163,18,1,0
BRDA:172,19,0,0
BRDA:172,19,1,0
BRDA:173,20,0,0
BRDA:173,20,1,0
BRDA:192,21,0,0
BRDA:192,21,1,0
BRDA:200,22,0,0
BRDA:200,22,1,0
BRF:44
BRH:0
end_of_record
TN:
SF:components\layout\FeatureSpotlightMenu.tsx
FN:94,useOverflow
FN:97,(anonymous_9)
FN:110,(anonymous_10)
FN:117,(anonymous_11)
FN:120,(anonymous_12)
FN:129,(anonymous_13)
FN:141,(anonymous_14)
FN:155,(anonymous_15)
FN:172,(anonymous_16)
FN:177,(anonymous_17)
FN:185,(anonymous_18)
FN:195,(anonymous_19)
FN:244,(anonymous_20)
FN:246,(anonymous_21)
FN:250,(anonymous_22)
FN:251,(anonymous_23)
FN:252,(anonymous_24)
FN:256,(anonymous_25)
FN:315,(anonymous_26)
FN:338,(anonymous_27)
FN:366,(anonymous_28)
FN:378,(anonymous_29)
FN:379,(anonymous_30)
FNF:23
FNH:0
FNDA:0,useOverflow
FNDA:0,(anonymous_9)
FNDA:0,(anonymous_10)
FNDA:0,(anonymous_11)
FNDA:0,(anonymous_12)
FNDA:0,(anonymous_13)
FNDA:0,(anonymous_14)
FNDA:0,(anonymous_15)
FNDA:0,(anonymous_16)
FNDA:0,(anonymous_17)
FNDA:0,(anonymous_18)
FNDA:0,(anonymous_19)
FNDA:0,(anonymous_20)
FNDA:0,(anonymous_21)
FNDA:0,(anonymous_22)
FNDA:0,(anonymous_23)
FNDA:0,(anonymous_24)
FNDA:0,(anonymous_25)
FNDA:0,(anonymous_26)
FNDA:0,(anonymous_27)
FNDA:0,(anonymous_28)
FNDA:0,(anonymous_29)
FNDA:0,(anonymous_30)
DA:3,0
DA:15,0
DA:16,0
DA:32,0
DA:45,0
DA:94,0
DA:95,0
DA:97,0
DA:98,0
DA:99,0
DA:100,0
DA:102,0
DA:103,0
DA:104,0
DA:110,0
DA:111,0
DA:112,0
DA:113,0
DA:114,0
DA:117,0
DA:118,0
DA:120,0
DA:121,0
DA:124,0
DA:125,0
DA:126,0
DA:129,0
DA:130,0
DA:131,0
DA:132,0
DA:133,0
DA:138,0
DA:141,0
DA:146,0
DA:147,0
DA:148,0
DA:151,0
DA:152,0
DA:155,0
DA:156,0
DA:157,0
DA:158,0
DA:160,0
DA:161,0
DA:162,0
DA:164,0
DA:165,0
DA:166,0
DA:167,0
DA:168,0
DA:171,0
DA:173,0
DA:174,0
DA:175,0
DA:177,0
DA:178,0
DA:179,0
DA:185,0
DA:186,0
DA:187,0
DA:188,0
DA:190,0
DA:191,0
DA:194,0
DA:196,0
DA:197,0
DA:199,0
DA:200,0
DA:201,0
DA:202,0
DA:205,0
DA:208,0
DA:209,0
DA:210,0
DA:211,0
DA:212,0
DA:215,0
DA:218,0
DA:219,0
DA:220,0
DA:221,0
DA:222,0
DA:225,0
DA:226,0
DA:227,0
DA:228,0
DA:229,0
DA:232,0
DA:233,0
DA:234,0
DA:235,0
DA:244,0
DA:246,0
DA:250,0
DA:251,0
DA:252,0
DA:256,0
DA:257,0
DA:261,0
DA:315,0
DA:338,0
DA:367,0
DA:368,0
DA:378,0
DA:379,0
LF:105
LH:0
BRDA:99,0,0,0
BRDA:113,1,0,0
BRDA:124,2,0,0
BRDA:132,3,0,0
BRDA:142,4,0,0
BRDA:149,5,0,0
BRDA:149,5,1,0
BRDA:155,6,0,0
BRDA:157,7,0,0
BRDA:161,8,0,0
BRDA:168,9,0,0
BRDA:168,9,1,0
BRDA:174,10,0,0
BRDA:178,11,0,0
BRDA:187,12,0,0
BRDA:196,13,0,0
BRDA:199,14,0,0
BRDA:199,14,1,0
BRDA:209,15,0,0
BRDA:209,15,1,0
BRDA:219,16,0,0
BRDA:219,16,1,0
BRDA:226,17,0,0
BRDA:226,17,1,0
BRDA:233,18,0,0
BRDA:233,19,0,0
BRDA:233,19,1,0
BRDA:261,20,0,0
BRDA:292,21,0,0
BRDA:312,22,0,0
BRDA:335,23,0,0
BRDA:377,24,0,0
BRDA:377,24,1,0
BRDA:382,25,0,0
BRDA:382,25,1,0
BRDA:404,26,0,0
BRDA:404,26,1,0
BRF:37
BRH:0
end_of_record
TN:
SF:components\layout\Footer.tsx
FN:18,Footer
FN:22,(anonymous_3)
FN:55,(anonymous_4)
FN:66,(anonymous_5)
FN:77,(anonymous_6)
FNF:5
FNH:0
FNDA:0,Footer
FNDA:0,(anonymous_3)
FNDA:0,(anonymous_4)
FNDA:0,(anonymous_5)
FNDA:0,(anonymous_6)
DA:3,0
DA:4,0
DA:14,0
DA:15,0
DA:16,0
DA:18,0
DA:19,0
DA:20,0
DA:22,0
DA:23,0
DA:26,0
DA:27,0
DA:55,0
DA:66,0
DA:77,0
LF:15
LH:0
BRDA:26,0,0,0
BRDA:57,1,0,0
BRDA:57,1,1,0
BRDA:68,2,0,0
BRDA:68,2,1,0
BRDA:79,3,0,0
BRDA:79,3,1,0
BRF:7
BRH:0
end_of_record
TN:
SF:components\layout\HeaderNavigation.tsx
FN:13,HeaderNavigation
FN:22,(anonymous_6)
FNF:2
FNH:0
FNDA:0,HeaderNavigation
FNDA:0,(anonymous_6)
DA:3,0
DA:4,0
DA:5,0
DA:6,0
DA:7,0
DA:8,0
DA:9,0
DA:10,0
DA:11,0
DA:13,0
DA:14,0
DA:15,0
DA:18,0
DA:21,0
DA:22,0
LF:15
LH:0
BRDA:46,0,0,0
BRDA:46,0,1,0
BRDA:73,1,0,0
BRDA:78,2,0,0
BRF:4
BRH:0
end_of_record
TN:
SF:components\layout\HeroVersionC.tsx
FN:15,HeroVersionC
FN:100,(anonymous_3)
FNF:2
FNH:0
FNDA:0,HeroVersionC
FNDA:0,(anonymous_3)
DA:3,0
DA:4,0
DA:5,0
DA:6,0
DA:7,0
DA:8,0
DA:15,0
DA:100,0
LF:8
LH:0
BRF:0
BRH:0
end_of_record
TN:
SF:components\layout\Navigation.tsx
FN:9,Navigation
FN:68,(anonymous_3)
FN:87,(anonymous_4)
FN:94,(anonymous_5)
FN:101,(anonymous_6)
FN:109,(anonymous_7)
FNF:6
FNH:0
FNDA:0,Navigation
FNDA:0,(anonymous_3)
FNDA:0,(anonymous_4)
FNDA:0,(anonymous_5)
FNDA:0,(anonymous_6)
FNDA:0,(anonymous_7)
DA:3,0
DA:4,0
DA:5,0
DA:6,0
DA:7,0
DA:9,0
DA:10,0
DA:68,0
DA:87,0
DA:94,0
DA:101,0
DA:109,0
LF:12
LH:0
BRDA:73,0,0,0
BRDA:82,1,0,0
BRDA:82,1,1,0
BRF:3
BRH:0
end_of_record
TN:
SF:components\layout\NavigationErrorBoundary.tsx
FN:20,(anonymous_2)
FN:25,(anonymous_3)
FN:29,(anonymous_4)
FN:33,(anonymous_5)
FNF:4
FNH:0
FNDA:0,(anonymous_2)
FNDA:0,(anonymous_3)
FNDA:0,(anonymous_4)
FNDA:0,(anonymous_5)
DA:3,0
DA:4,0
DA:5,0
DA:16,0
DA:21,0
DA:22,0
DA:26,0
DA:30,0
DA:34,0
DA:54,0
LF:10
LH:0
BRDA:34,0,0,0
BRF:1
BRH:0
end_of_record
TN:
SF:components\layout\ScreenshotPreview.tsx
FN:19,(anonymous_5)
FN:34,(anonymous_6)
FN:35,(anonymous_7)
FN:44,(anonymous_8)
FN:50,(anonymous_9)
FN:57,(anonymous_10)
FN:58,(anonymous_11)
FN:92,(anonymous_12)
FN:97,(anonymous_13)
FN:103,(anonymous_14)
FN:108,(anonymous_15)
FN:151,(anonymous_16)
FN:215,(anonymous_17)
FNF:13
FNH:0
FNDA:0,(anonymous_5)
FNDA:0,(anonymous_6)
FNDA:0,(anonymous_7)
FNDA:0,(anonymous_8)
FNDA:0,(anonymous_9)
FNDA:0,(anonymous_10)
FNDA:0,(anonymous_11)
FNDA:0,(anonymous_12)
FNDA:0,(anonymous_13)
FNDA:0,(anonymous_14)
FNDA:0,(anonymous_15)
FNDA:0,(anonymous_16)
FNDA:0,(anonymous_17)
DA:3,0
DA:4,0
DA:5,0
DA:6,0
DA:7,0
DA:19,0
DA:28,0
DA:29,0
DA:30,0
DA:31,0
DA:34,0
DA:35,0
DA:36,0
DA:37,0
DA:41,0
DA:42,0
DA:44,0
DA:45,0
DA:50,0
DA:51,0
DA:52,0
DA:57,0
DA:58,0
DA:59,0
DA:60,0
DA:63,0
DA:64,0
DA:65,0
DA:68,0
DA:71,0
DA:72,0
DA:76,0
DA:77,0
DA:78,0
DA:79,0
DA:82,0
DA:83,0
DA:84,0
DA:89,0
DA:90,0
DA:92,0
DA:93,0
DA:97,0
DA:98,0
DA:99,0
DA:103,0
DA:104,0
DA:105,0
DA:108,0
DA:109,0
DA:110,0
DA:113,0
DA:114,0
DA:151,0
DA:215,0
LF:55
LH:0
BRDA:36,0,0,0
BRDA:36,1,0,0
BRDA:36,1,1,0
BRDA:41,2,0,0
BRDA:51,3,0,0
BRDA:51,4,0,0
BRDA:51,4,1,0
BRDA:59,5,0,0
BRDA:64,6,0,0
BRDA:76,7,0,0
BRDA:76,7,1,0
BRDA:77,8,0,0
BRDA:82,9,0,0
BRDA:89,10,0,0
BRDA:98,11,0,0
BRDA:113,12,0,0
BRDA:164,13,0,0
BRDA:164,13,1,0
BRDA:177,14,0,0
BRDA:203,15,0,0
BRDA:203,15,1,0
BRDA:212,16,0,0
BRF:22
BRH:0
end_of_record
TN:
SF:components\layout\Sidebar.tsx
FN:22,Sidebar
FN:29,(anonymous_3)
FNF:2
FNH:0
FNDA:0,Sidebar
FNDA:0,(anonymous_3)
DA:1,0
DA:2,0
DA:10,0
DA:11,0
DA:13,0
DA:22,0
DA:23,0
DA:31,0
DA:33,0
LF:9
LH:0
BRDA:31,0,0,0
BRDA:31,0,1,0
BRDA:39,1,0,0
BRDA:39,1,1,0
BRF:4
BRH:0
end_of_record
TN:
SF:components\layout\VideoModal.tsx
FN:11,(anonymous_4)
FN:41,(anonymous_5)
FN:57,(anonymous_6)
FN:58,(anonymous_7)
FN:108,(anonymous_8)
FN:117,(anonymous_9)
FN:121,(anonymous_10)
FN:138,(anonymous_11)
FN:139,(anonymous_12)
FN:149,(anonymous_13)
FN:158,(anonymous_14)
FN:165,(anonymous_15)
FN:170,(anonymous_16)
FN:202,(anonymous_17)
FN:205,(anonymous_18)
FN:260,(anonymous_19)
FN:293,(anonymous_20)
FN:296,(anonymous_21)
FNF:18
FNH:0
FNDA:0,(anonymous_4)
FNDA:0,(anonymous_5)
FNDA:0,(anonymous_6)
FNDA:0,(anonymous_7)
FNDA:0,(anonymous_8)
FNDA:0,(anonymous_9)
FNDA:0,(anonymous_10)
FNDA:0,(anonymous_11)
FNDA:0,(anonymous_12)
FNDA:0,(anonymous_13)
FNDA:0,(anonymous_14)
FNDA:0,(anonymous_15)
FNDA:0,(anonymous_16)
FNDA:0,(anonymous_17)
FNDA:0,(anonymous_18)
FNDA:0,(anonymous_19)
FNDA:0,(anonymous_20)
FNDA:0,(anonymous_21)
DA:3,0
DA:4,0
DA:5,0
DA:6,0
DA:7,0
DA:8,0
DA:11,0
DA:12,0
DA:13,0
DA:15,0
DA:16,0
DA:17,0
DA:19,0
DA:23,0
DA:24,0
DA:25,0
DA:28,0
DA:31,0
DA:41,0
DA:48,0
DA:49,0
DA:50,0
DA:51,0
DA:52,0
DA:53,0
DA:54,0
DA:57,0
DA:58,0
DA:60,0
DA:61,0
DA:69,0
DA:71,0
DA:72,0
DA:76,0
DA:77,0
DA:78,0
DA:82,0
DA:83,0
DA:87,0
DA:91,0
DA:95,0
DA:96,0
DA:101,0
DA:102,0
DA:105,0
DA:108,0
DA:109,0
DA:110,0
DA:113,0
DA:114,0
DA:115,0
DA:117,0
DA:118,0
DA:121,0
DA:122,0
DA:123,0
DA:129,0
DA:132,0
DA:133,0
DA:138,0
DA:139,0
DA:140,0
DA:141,0
DA:145,0
DA:146,0
DA:148,0
DA:149,0
DA:150,0
DA:151,0
DA:154,0
DA:158,0
DA:159,0
DA:160,0
DA:165,0
DA:166,0
DA:167,0
DA:170,0
DA:171,0
DA:172,0
DA:175,0
DA:176,0
DA:177,0
DA:180,0
DA:183,0
DA:184,0
DA:188,0
DA:189,0
DA:190,0
DA:191,0
DA:194,0
DA:195,0
DA:196,0
DA:201,0
DA:202,0
DA:205,0
DA:206,0
DA:207,0
DA:211,0
DA:212,0
DA:260,0
DA:294,0
DA:297,0
DA:298,0
DA:299,0
LF:104
LH:0
BRDA:15,0,0,0
BRDA:16,1,0,0
BRDA:23,2,0,0
BRDA:60,3,0,0
BRDA:60,4,0,0
BRDA:60,4,1,0
BRDA:71,5,0,0
BRDA:77,6,0,0
BRDA:77,7,0,0
BRDA:77,7,1,0
BRDA:82,8,0,0
BRDA:87,9,0,0
BRDA:88,10,0,0
BRDA:88,10,1,0
BRDA:95,11,0,0
BRDA:95,12,0,0
BRDA:95,12,1,0
BRDA:101,13,0,0
BRDA:109,14,0,0
BRDA:132,15,0,0
BRDA:132,16,0,0
BRDA:132,16,1,0
BRDA:140,17,0,0
BRDA:140,18,0,0
BRDA:140,18,1,0
BRDA:145,19,0,0
BRDA:159,20,0,0
BRDA:159,21,0,0
BRDA:159,21,1,0
BRDA:166,22,0,0
BRDA:171,23,0,0
BRDA:176,24,0,0
BRDA:188,25,0,0
BRDA:188,25,1,0
BRDA:189,26,0,0
BRDA:194,27,0,0
BRDA:206,28,0,0
BRDA:211,29,0,0
BRDA:229,30,0,0
BRDA:229,30,1,0
BRDA:247,31,0,0
BRDA:247,31,1,0
BRDA:250,32,0,0
BRDA:250,32,1,0
BRDA:253,33,0,0
BRDA:253,33,1,0
BRDA:256,34,0,0
BRDA:256,34,1,0
BRDA:257,35,0,0
BRDA:257,35,1,0
BRDA:276,36,0,0
BRDA:312,37,0,0
BRF:52
BRH:0
end_of_record
TN:
SF:components\layout\index.ts
FNF:0
FNH:0
DA:2,0
DA:3,0
DA:4,0
DA:5,0
DA:6,0
DA:7,0
LF:6
LH:0
BRF:0
BRH:0
end_of_record
TN:
SF:components\layout\Navigation\DesktopNavigation.tsx
FN:16,DesktopNavigation
FN:34,(anonymous_6)
FN:36,(anonymous_7)
FNF:3
FNH:0
FNDA:0,DesktopNavigation
FNDA:0,(anonymous_6)
FNDA:0,(anonymous_7)
DA:3,0
DA:4,0
DA:5,0
DA:13,0
DA:14,0
DA:16,0
DA:35,0
DA:37,0
DA:42,0
LF:9
LH:0
BRDA:37,0,0,0
BRDA:37,0,1,0
BRDA:48,1,0,0
BRDA:57,2,0,0
BRF:4
BRH:0
end_of_record
TN:
SF:components\layout\Navigation\InstructorDropdown.tsx
FN:9,InstructorDropdown
FN:14,(anonymous_6)
FN:21,(anonymous_7)
FN:26,(anonymous_8)
FN:27,(anonymous_9)
FN:32,(anonymous_10)
FN:37,(anonymous_11)
FN:50,(anonymous_12)
FN:51,(anonymous_13)
FN:63,(anonymous_14)
FN:71,(anonymous_15)
FN:72,(anonymous_16)
FN:122,(anonymous_17)
FN:133,(anonymous_18)
FNF:14
FNH:0
FNDA:0,InstructorDropdown
FNDA:0,(anonymous_6)
FNDA:0,(anonymous_7)
FNDA:0,(anonymous_8)
FNDA:0,(anonymous_9)
FNDA:0,(anonymous_10)
FNDA:0,(anonymous_11)
FNDA:0,(anonymous_12)
FNDA:0,(anonymous_13)
FNDA:0,(anonymous_14)
FNDA:0,(anonymous_15)
FNDA:0,(anonymous_16)
FNDA:0,(anonymous_17)
FNDA:0,(anonymous_18)
DA:3,0
DA:4,0
DA:5,0
DA:6,0
DA:7,0
DA:9,0
DA:10,0
DA:11,0
DA:12,0
DA:14,0
DA:15,0
DA:16,0
DA:17,0
DA:21,0
DA:22,0
DA:23,0
DA:26,0
DA:27,0
DA:28,0
DA:32,0
DA:33,0
DA:36,0
DA:38,0
DA:39,0
DA:40,0
DA:42,0
DA:43,0
DA:50,0
DA:51,0
DA:52,0
DA:56,0
DA:60,0
DA:61,0
DA:63,0
DA:64,0
DA:65,0
DA:71,0
DA:72,0
DA:73,0
DA:74,0
DA:123,0
DA:128,0
DA:133,0
LF:43
LH:0
BRDA:15,0,0,0
BRDA:38,1,0,0
BRDA:38,2,0,0
BRDA:38,2,1,0
BRDA:42,3,0,0
BRDA:52,4,0,0
BRDA:53,5,0,0
BRDA:53,5,1,0
BRDA:60,6,0,0
BRDA:64,7,0,0
BRDA:73,8,0,0
BRDA:103,9,0,0
BRDA:103,9,1,0
BRDA:118,10,0,0
BRDA:123,11,0,0
BRDA:123,11,1,0
BRDA:135,12,0,0
BRDA:144,13,0,0
BRF:18
BRH:0
end_of_record
TN:
SF:components\layout\Navigation\MobileNavigation.tsx
FN:17,MobileNavigation
FN:28,(anonymous_6)
FN:33,(anonymous_7)
FN:34,(anonymous_8)
FN:37,(anonymous_9)
FN:43,(anonymous_10)
FN:65,(anonymous_11)
FN:87,(anonymous_12)
FN:95,(anonymous_13)
FN:107,(anonymous_14)
FN:108,(anonymous_15)
FN:116,(anonymous_16)
FN:126,(anonymous_17)
FN:153,(anonymous_18)
FN:167,(anonymous_19)
FN:168,(anonymous_20)
FN:199,(anonymous_21)
FN:212,(anonymous_22)
FNF:18
FNH:0
FNDA:0,MobileNavigation
FNDA:0,(anonymous_6)
FNDA:0,(anonymous_7)
FNDA:0,(anonymous_8)
FNDA:0,(anonymous_9)
FNDA:0,(anonymous_10)
FNDA:0,(anonymous_11)
FNDA:0,(anonymous_12)
FNDA:0,(anonymous_13)
FNDA:0,(anonymous_14)
FNDA:0,(anonymous_15)
FNDA:0,(anonymous_16)
FNDA:0,(anonymous_17)
FNDA:0,(anonymous_18)
FNDA:0,(anonymous_19)
FNDA:0,(anonymous_20)
FNDA:0,(anonymous_21)
FNDA:0,(anonymous_22)
DA:3,0
DA:4,0
DA:5,0
DA:6,0
DA:7,0
DA:17,0
DA:24,0
DA:25,0
DA:26,0
DA:28,0
DA:29,0
DA:30,0
DA:33,0
DA:34,0
DA:37,0
DA:38,0
DA:39,0
DA:43,0
DA:45,0
DA:48,0
DA:49,0
DA:50,0
DA:52,0
DA:53,0
DA:56,0
DA:57,0
DA:62,0
DA:65,0
DA:66,0
DA:67,0
DA:68,0
DA:69,0
DA:70,0
DA:71,0
DA:72,0
DA:76,0
DA:77,0
DA:78,0
DA:81,0
DA:84,0
DA:87,0
DA:88,0
DA:89,0
DA:92,0
DA:95,0
DA:96,0
DA:97,0
DA:99,0
DA:100,0
DA:102,0
DA:107,0
DA:108,0
DA:109,0
DA:111,0
DA:115,0
DA:116,0
DA:126,0
DA:153,0
DA:167,0
DA:169,0
DA:199,0
DA:213,0
LF:62
LH:0
BRDA:34,0,0,0
BRDA:34,0,1,0
BRDA:45,1,0,0
BRDA:45,1,1,0
BRDA:52,2,0,0
BRDA:52,3,0,0
BRDA:52,3,1,0
BRDA:66,4,0,0
BRDA:67,5,0,0
BRDA:67,5,1,0
BRDA:67,6,0,0
BRDA:67,6,1,0
BRDA:70,7,0,0
BRDA:70,8,0,0
BRDA:70,8,1,0
BRDA:76,9,0,0
BRDA:88,10,0,0
BRDA:88,11,0,0
BRDA:88,11,1,0
BRDA:96,12,0,0
BRDA:99,13,0,0
BRDA:109,14,0,0
BRDA:129,15,0,0
BRDA:129,15,1,0
BRDA:132,16,0,0
BRDA:140,17,0,0
BRDA:160,18,0,0
BRDA:160,18,1,0
BRDA:164,19,0,0
BRDA:206,20,0,0
BRDA:206,20,1,0
BRDA:210,21,0,0
BRDA:241,22,0,0
BRDA:246,23,0,0
BRF:34
BRH:0
end_of_record
TN:
SF:components\layout\Navigation\index.ts
FNF:0
FNH:0
DA:1,0
DA:2,0
DA:3,0
LF:3
LH:0
BRF:0
BRH:0
end_of_record
TN:
SF:components\providers\AnalyticsErrorBoundary.tsx
FN:21,(anonymous_3)
FN:26,(anonymous_4)
FN:33,(anonymous_5)
FN:47,(anonymous_6)
FN:90,withAnalyticsErrorBoundary
FN:94,AnalyticsErrorBoundaryWrapper
FNF:6
FNH:0
FNDA:0,(anonymous_3)
FNDA:0,(anonymous_4)
FNDA:0,(anonymous_5)
FNDA:0,(anonymous_6)
FNDA:0,withAnalyticsErrorBoundary
FNDA:0,AnalyticsErrorBoundaryWrapper
DA:3,0
DA:4,0
DA:20,0
DA:22,0
DA:23,0
DA:27,0
DA:35,0
DA:42,0
DA:48,0
DA:50,0
DA:51,0
DA:55,0
DA:56,0
DA:83,0
DA:90,0
DA:94,0
LF:16
LH:0
BRDA:42,0,0,0
BRDA:48,1,0,0
BRDA:50,2,0,0
BRDA:55,3,0,0
BRF:4
BRH:0
end_of_record
TN:
SF:components\providers\PostHogProvider.tsx
FN:13,PostHogProvider
FN:16,(anonymous_2)
FN:17,(anonymous_3)
FN:44,(anonymous_4)
FNF:4
FNH:0
FNDA:0,PostHogProvider
FNDA:0,(anonymous_2)
FNDA:0,(anonymous_3)
FNDA:0,(anonymous_4)
DA:3,0
DA:4,0
DA:5,0
DA:6,0
DA:7,0
DA:13,0
DA:14,0
DA:16,0
DA:17,0
DA:18,0
DA:20,0
DA:21,0
DA:25,0
DA:26,0
DA:27,0
DA:28,0
DA:33,0
DA:37,0
DA:42,0
DA:44,0
DA:45,0
DA:46,0
DA:47,0
DA:48,0
DA:50,0
DA:55,0
DA:62,0
DA:63,0
DA:68,0
DA:72,0
DA:73,0
LF:31
LH:0
BRDA:20,0,0,0
BRDA:26,1,0,0
BRDA:26,2,0,0
BRDA:26,2,1,0
BRDA:27,3,0,0
BRDA:42,4,0,0
BRDA:47,5,0,0
BRDA:47,5,1,0
BRDA:72,6,0,0
BRDA:72,7,0,0
BRDA:72,7,1,0
BRF:11
BRH:0
end_of_record
TN:
SF:components\providers\ThemeProvider.tsx
FN:6,ThemeProvider
FNF:1
FNH:0
FNDA:0,ThemeProvider
DA:3,0
DA:6,0
LF:2
LH:0
BRF:0
BRH:0
end_of_record
TN:
SF:components\sections\BenefitErrorBoundary.tsx
FN:84,(anonymous_6)
FN:91,(anonymous_7)
FN:116,(anonymous_8)
FN:122,(anonymous_9)
FNF:4
FNH:0
FNDA:0,(anonymous_6)
FNDA:0,(anonymous_7)
FNDA:0,(anonymous_8)
FNDA:0,(anonymous_9)
DA:3,0
DA:4,0
DA:5,0
DA:6,0
DA:7,0
DA:84,0
DA:92,0
DA:94,0
DA:95,0
DA:96,0
DA:116,0
DA:123,0
DA:125,0
DA:126,0
DA:127,0
LF:15
LH:0
BRDA:33,0,0,0
BRDA:66,1,0,0
BRDA:86,2,0,0
BRDA:94,3,0,0
BRDA:94,4,0,0
BRDA:94,4,1,0
BRDA:125,5,0,0
BRDA:125,6,0,0
BRDA:125,6,1,0
BRF:9
BRH:0
end_of_record
TN:
SF:components\sections\BenefitZipperList.tsx
FN:254,(anonymous_7)
FN:260,(anonymous_8)
FN:294,(anonymous_9)
FN:304,(anonymous_10)
FN:317,(anonymous_11)
FN:324,(anonymous_12)
FN:363,(anonymous_13)
FN:397,(anonymous_14)
FN:415,(anonymous_15)
FN:459,(anonymous_16)
FN:467,(anonymous_17)
FNF:11
FNH:0
FNDA:0,(anonymous_7)
FNDA:0,(anonymous_8)
FNDA:0,(anonymous_9)
FNDA:0,(anonymous_10)
FNDA:0,(anonymous_11)
FNDA:0,(anonymous_12)
FNDA:0,(anonymous_13)
FNDA:0,(anonymous_14)
FNDA:0,(anonymous_15)
FNDA:0,(anonymous_16)
FNDA:0,(anonymous_17)
DA:3,0
DA:4,0
DA:13,0
DA:15,0
DA:16,0
DA:17,0
DA:21,0
DA:26,0
DA:169,0
DA:247,0
DA:255,0
DA:256,0
DA:260,0
DA:261,0
DA:293,0
DA:302,0
DA:303,0
DA:304,0
DA:309,0
DA:316,0
DA:318,0
DA:323,0
DA:325,0
DA:364,0
DA:366,0
DA:388,0
DA:407,0
DA:415,0
DA:416,0
DA:417,0
DA:421,0
DA:422,0
DA:460,0
DA:468,0
DA:513,0
DA:514,0
DA:515,0
DA:516,0
DA:517,0
DA:518,0
LF:40
LH:0
BRDA:36,0,0,0
BRDA:36,1,0,0
BRDA:79,2,0,0
BRDA:79,3,0,0
BRDA:115,4,0,0
BRDA:115,5,0,0
BRDA:256,6,0,0
BRDA:256,6,1,0
BRDA:266,7,0,0
BRDA:266,7,1,0
BRDA:268,8,0,0
BRDA:268,8,1,0
BRDA:268,9,0,0
BRDA:268,9,1,0
BRDA:271,10,0,0
BRDA:271,10,1,0
BRDA:278,11,0,0
BRDA:278,11,1,0
BRDA:279,12,0,0
BRDA:279,12,1,0
BRDA:295,13,0,0
BRDA:296,14,0,0
BRDA:297,15,0,0
BRDA:300,16,0,0
BRDA:302,17,0,0
BRDA:302,17,1,0
BRDA:338,18,0,0
BRDA:338,18,1,0
BRDA:343,19,0,0
BRDA:343,19,1,0
BRDA:344,20,0,0
BRDA:344,20,1,0
BRDA:416,21,0,0
BRDA:422,22,0,0
BRDA:422,22,1,0
BRDA:429,23,0,0
BRDA:429,23,1,0
BRDA:431,24,0,0
BRDA:431,24,1,0
BRDA:431,25,0,0
BRDA:431,25,1,0
BRDA:434,26,0,0
BRDA:434,26,1,0
BRDA:440,27,0,0
BRDA:440,27,1,0
BRDA:443,28,0,0
BRDA:443,28,1,0
BRDA:448,29,0,0
BRDA:448,29,1,0
BRDA:477,30,0,0
BRDA:477,30,1,0
BRDA:479,31,0,0
BRDA:479,31,1,0
BRDA:484,32,0,0
BRDA:484,32,1,0
BRDA:488,33,0,0
BRDA:488,33,1,0
BRDA:489,34,0,0
BRDA:489,34,1,0
BRDA:499,35,0,0
BRDA:499,35,1,0
BRF:61
BRH:0
end_of_record
TN:
SF:components\sections\FeaturesSection.tsx
FN:64,FeaturesSection
FN:80,(anonymous_3)
FNF:2
FNH:0
FNDA:0,FeaturesSection
FNDA:0,(anonymous_3)
DA:1,0
DA:10,0
DA:11,0
DA:13,0
DA:64,0
DA:81,0
LF:6
LH:0
BRF:0
BRH:0
end_of_record
TN:
SF:components\sections\HeroSection.tsx
FN:5,HeroSection
FNF:1
FNH:0
FNDA:0,HeroSection
DA:1,0
DA:2,0
DA:3,0
DA:5,0
LF:4
LH:0
BRF:0
BRH:0
end_of_record
TN:
SF:components\sections\PremiumCTA.tsx
FN:9,PremiumCTA
FNF:1
FNH:0
FNDA:0,PremiumCTA
DA:3,0
DA:4,0
DA:5,0
DA:6,0
DA:7,0
DA:9,0
LF:6
LH:0
BRF:0
BRH:0
end_of_record
TN:
SF:components\sections\PricingSection.tsx
FN:44,(anonymous_5)
FN:52,PricingSection
FN:58,(anonymous_7)
FN:67,(anonymous_8)
FN:79,(anonymous_9)
FN:93,(anonymous_10)
FN:108,(anonymous_11)
FN:110,(anonymous_12)
FN:147,(anonymous_13)
FN:155,(anonymous_14)
FN:171,(anonymous_15)
FN:241,(anonymous_16)
FN:259,(anonymous_17)
FN:289,(anonymous_18)
FN:354,(anonymous_19)
FN:395,(anonymous_20)
FN:426,FeatureComparisonTable
FN:429,(anonymous_22)
FN:457,(anonymous_23)
FN:472,(anonymous_24)
FN:482,(anonymous_25)
FNF:21
FNH:0
FNDA:0,(anonymous_5)
FNDA:0,PricingSection
FNDA:0,(anonymous_7)
FNDA:0,(anonymous_8)
FNDA:0,(anonymous_9)
FNDA:0,(anonymous_10)
FNDA:0,(anonymous_11)
FNDA:0,(anonymous_12)
FNDA:0,(anonymous_13)
FNDA:0,(anonymous_14)
FNDA:0,(anonymous_15)
FNDA:0,(anonymous_16)
FNDA:0,(anonymous_17)
FNDA:0,(anonymous_18)
FNDA:0,(anonymous_19)
FNDA:0,(anonymous_20)
FNDA:0,FeatureComparisonTable
FNDA:0,(anonymous_22)
FNDA:0,(anonymous_23)
FNDA:0,(anonymous_24)
FNDA:0,(anonymous_25)
DA:3,0
DA:4,0
DA:15,0
DA:16,0
DA:17,0
DA:18,0
DA:19,0
DA:22,0
DA:30,0
DA:31,0
DA:36,0
DA:44,0
DA:45,0
DA:46,0
DA:48,0
DA:49,0
DA:52,0
DA:53,0
DA:56,0
DA:58,0
DA:59,0
DA:66,0
DA:68,0
DA:69,0
DA:70,0
DA:79,0
DA:80,0
DA:81,0
DA:85,0
DA:93,0
DA:94,0
DA:99,0
DA:100,0
DA:101,0
DA:102,0
DA:104,0
DA:108,0
DA:109,0
DA:111,0
DA:112,0
DA:147,0
DA:155,0
DA:172,0
DA:173,0
DA:242,0
DA:259,0
DA:290,0
DA:355,0
DA:395,0
DA:427,0
DA:429,0
DA:430,0
DA:458,0
DA:473,0
DA:483,0
LF:55
LH:0
BRDA:44,0,0,0
BRDA:45,1,0,0
BRDA:49,2,0,0
BRDA:49,2,1,0
BRDA:68,3,0,0
BRDA:80,4,0,0
BRDA:80,5,0,0
BRDA:80,5,1,0
BRDA:81,6,0,0
BRDA:81,6,1,0
BRDA:85,7,0,0
BRDA:85,7,1,0
BRDA:85,8,0,0
BRDA:85,8,1,0
BRDA:87,9,0,0
BRDA:87,9,1,0
BRDA:94,10,0,0
BRDA:95,11,0,0
BRDA:95,11,1,0
BRDA:95,11,2,0
BRDA:145,12,0,0
BRDA:145,12,1,0
BRDA:153,13,0,0
BRDA:153,13,1,0
BRDA:159,14,0,0
BRDA:182,15,0,0
BRDA:182,15,1,0
BRDA:186,16,0,0
BRDA:198,17,0,0
BRDA:198,17,1,0
BRDA:209,18,0,0
BRDA:220,19,0,0
BRDA:222,20,0,0
BRDA:222,20,1,0
BRDA:228,21,0,0
BRDA:228,21,1,0
BRDA:247,22,0,0
BRDA:255,23,0,0
BRDA:255,23,1,0
BRDA:257,24,0,0
BRDA:257,24,1,0
BRDA:298,25,0,0
BRDA:298,25,1,0
BRDA:301,26,0,0
BRDA:307,27,0,0
BRDA:318,28,0,0
BRDA:323,29,0,0
BRDA:366,30,0,0
BRDA:366,30,1,0
BRDA:371,31,0,0
BRDA:371,31,1,0
BRDA:399,32,0,0
BRDA:399,32,1,0
BRDA:405,33,0,0
BRDA:430,34,0,0
BRDA:432,35,0,0
BRDA:461,36,0,0
BRF:57
BRH:0
end_of_record
TN:
SF:components\ui\BackgroundShapes.tsx
FN:11,BackgroundShapes
FNF:1
FNH:0
FNDA:0,BackgroundShapes
DA:3,0
DA:4,0
DA:11,0
DA:15,0
DA:17,0
DA:94,0
DA:194,0
DA:208,0
LF:8
LH:0
BRDA:12,0,0,0
BRDA:13,1,0,0
BRDA:17,2,0,0
BRDA:94,3,0,0
BRDA:194,4,0,0
BRF:5
BRH:0
end_of_record
TN:
SF:components\ui\Button.tsx
FN:14,(anonymous_4)
FNF:1
FNH:0
FNDA:0,(anonymous_4)
DA:1,0
DA:2,0
DA:3,0
DA:13,0
DA:27,0
DA:29,0
DA:42,0
DA:62,0
DA:64,0
LF:9
LH:0
BRDA:17,0,0,0
BRDA:18,1,0,0
BRDA:19,2,0,0
BRDA:52,3,0,0
BRDA:52,3,1,0
BRDA:55,4,0,0
BRF:6
BRH:0
end_of_record
TN:
SF:components\ui\Card.tsx
FN:11,(anonymous_9)
FNF:1
FNH:0
FNDA:0,(anonymous_9)
DA:1,0
DA:2,0
DA:10,0
DA:12,0
DA:19,0
DA:43,0
DA:56,0
DA:71,0
DA:80,0
DA:93,0
DA:95,0
LF:11
LH:0
BRDA:11,0,0,0
BRDA:11,1,0,0
BRF:2
BRH:0
end_of_record
TN:
SF:components\ui\ErrorMessage.tsx
FN:22,ErrorMessage
FN:132,FormError
FN:151,PageError
FN:193,InlineError
FNF:4
FNH:0
FNDA:0,ErrorMessage
FNDA:0,FormError
FNDA:0,PageError
FNDA:0,InlineError
DA:6,0
DA:7,0
DA:8,0
DA:9,0
DA:22,0
DA:32,0
DA:33,0
DA:36,0
DA:38,0
DA:44,0
DA:50,0
DA:132,0
DA:151,0
DA:164,0
DA:172,0
DA:173,0
DA:193,0
DA:194,0
DA:195,0
LF:19
LH:0
BRDA:25,0,0,0
BRDA:26,1,0,0
BRDA:30,2,0,0
BRDA:32,3,0,0
BRDA:67,4,0,0
BRDA:75,5,0,0
BRDA:78,6,0,0
BRDA:78,6,1,0
BRDA:80,7,0,0
BRDA:90,8,0,0
BRDA:104,9,0,0
BRDA:110,10,0,0
BRDA:110,10,1,0
BRDA:111,11,0,0
BRDA:111,11,1,0
BRDA:112,12,0,0
BRDA:112,12,1,0
BRDA:153,13,0,0
BRDA:165,14,0,0
BRDA:165,14,1,0
BRDA:172,15,0,0
BRDA:194,16,0,0
BRF:22
BRH:0
end_of_record
TN:
SF:components\ui\Input.tsx
FN:12,(anonymous_4)
FNF:1
FNH:0
FNDA:0,(anonymous_4)
DA:1,0
DA:2,0
DA:11,0
DA:16,0
DA:17,0
DA:56,0
DA:58,0
LF:7
LH:0
BRDA:13,0,0,0
BRDA:17,1,0,0
BRDA:17,1,1,0
BRDA:21,2,0,0
BRDA:35,3,0,0
BRDA:35,3,1,0
BRDA:43,4,0,0
BRDA:48,5,0,0
BRDA:48,5,1,0
BRF:9
BRH:0
end_of_record
TN:
SF:components\ui\LazyMotion.tsx
FN:15,LazyMotionWrapper
FNF:1
FNH:0
FNDA:0,LazyMotionWrapper
DA:3,0
DA:15,0
DA:30,0
DA:44,0
LF:4
LH:0
BRF:0
BRH:0
end_of_record
TN:
SF:components\ui\LoadingSpinner.tsx
FN:12,(anonymous_4)
FNF:1
FNH:0
FNDA:0,(anonymous_4)
DA:1,0
DA:2,0
DA:3,0
DA:11,0
DA:13,0
DA:32,0
DA:34,0
LF:7
LH:0
BRDA:12,0,0,0
BRDA:26,1,0,0
BRF:2
BRH:0
end_of_record
TN:
SF:components\ui\LoadingState.tsx
FN:21,LoadingState
FN:77,PageLoading
FN:103,InlineLoading
FN:130,ButtonLoading
FN:162,Skeleton
FN:188,SkeletonText
FN:191,(anonymous_16)
FN:207,SkeletonCard
FN:235,withLoading
FN:238,(anonymous_19)
FNF:10
FNH:0
FNDA:0,LoadingState
FNDA:0,PageLoading
FNDA:0,InlineLoading
FNDA:0,ButtonLoading
FNDA:0,Skeleton
FNDA:0,SkeletonText
FNDA:0,(anonymous_16)
FNDA:0,SkeletonCard
FNDA:0,withLoading
FNDA:0,(anonymous_19)
DA:6,0
DA:7,0
DA:8,0
DA:21,0
DA:31,0
DA:32,0
DA:33,0
DA:34,0
DA:39,0
DA:58,0
DA:77,0
DA:103,0
DA:109,0
DA:130,0
DA:162,0
DA:188,0
DA:192,0
DA:207,0
DA:235,0
DA:238,0
DA:246,0
DA:248,0
DA:249,0
DA:252,0
DA:253,0
DA:254,0
DA:255,0
DA:256,0
DA:280,0
DA:284,0
LF:30
LH:0
BRDA:25,0,0,0
BRDA:29,1,0,0
BRDA:31,2,0,0
BRDA:31,3,0,0
BRDA:31,3,1,0
BRDA:33,4,0,0
BRDA:39,5,0,0
BRDA:44,6,0,0
BRDA:58,7,0,0
BRDA:63,8,0,0
BRDA:78,9,0,0
BRDA:106,10,0,0
BRDA:109,11,0,0
BRDA:141,12,0,0
BRDA:141,12,1,0
BRDA:144,13,0,0
BRDA:144,13,1,0
BRDA:149,14,0,0
BRDA:150,15,0,0
BRDA:150,15,1,0
BRDA:150,16,0,0
BRDA:150,16,1,0
BRDA:166,17,0,0
BRDA:172,18,0,0
BRDA:172,18,1,0
BRDA:176,19,0,0
BRDA:176,19,1,0
BRDA:177,20,0,0
BRDA:177,20,1,0
BRDA:188,21,0,0
BRDA:195,22,0,0
BRDA:195,22,1,0
BRDA:208,23,0,0
BRDA:213,24,0,0
BRDA:243,25,0,0
BRDA:248,26,0,0
BRDA:248,27,0,0
BRDA:248,27,1,0
BRDA:252,28,0,0
BRDA:253,29,0,0
BRDA:255,30,0,0
BRDA:264,31,0,0
BRDA:281,32,0,0
BRDA:281,32,1,0
BRF:44
BRH:0
end_of_record
TN:
SF:components\ui\Modal.tsx
FN:15,(anonymous_4)
FN:25,(anonymous_5)
FN:27,(anonymous_6)
FN:30,(anonymous_7)
FN:31,(anonymous_8)
FN:42,(anonymous_9)
FNF:6
FNH:0
FNDA:0,(anonymous_4)
FNDA:0,(anonymous_5)
FNDA:0,(anonymous_6)
FNDA:0,(anonymous_7)
FNDA:0,(anonymous_8)
FNDA:0,(anonymous_9)
DA:1,0
DA:2,0
DA:3,0
DA:4,0
DA:15,0
DA:23,0
DA:25,0
DA:26,0
DA:27,0
DA:30,0
DA:31,0
DA:32,0
DA:33,0
DA:37,0
DA:38,0
DA:39,0
DA:42,0
DA:43,0
DA:44,0
DA:48,0
DA:49,0
DA:52,0
DA:107,0
DA:110,0
LF:24
LH:0
BRDA:20,0,0,0
BRDA:21,1,0,0
BRDA:32,2,0,0
BRDA:37,3,0,0
BRDA:48,4,0,0
BRDA:48,5,0,0
BRDA:48,5,1,0
BRDA:76,6,0,0
BRDA:76,6,1,0
BRDA:79,7,0,0
BRDA:79,7,1,0
BRDA:81,8,0,0
BRDA:89,9,0,0
BRF:13
BRH:0
end_of_record
TN:
SF:components\ui\PremiumButton.tsx
FN:24,(anonymous_2)
FNF:1
FNH:0
FNDA:0,(anonymous_2)
DA:3,0
DA:4,0
DA:5,0
DA:23,0
DA:40,0
DA:49,0
DA:57,0
DA:117,0
LF:8
LH:0
BRDA:26,0,0,0
BRDA:27,1,0,0
BRDA:28,2,0,0
BRDA:31,3,0,0
BRDA:32,4,0,0
BRDA:57,5,0,0
BRDA:57,5,1,0
BRDA:58,6,0,0
BRDA:58,6,1,0
BRDA:58,7,0,0
BRDA:58,7,1,0
BRDA:66,8,0,0
BRDA:66,8,1,0
BRDA:66,9,0,0
BRDA:66,9,1,0
BRDA:67,10,0,0
BRDA:67,10,1,0
BRDA:67,11,0,0
BRDA:67,11,1,0
BRDA:74,12,0,0
BRDA:74,12,1,0
BRDA:80,13,0,0
BRDA:80,13,1,0
BRDA:84,14,0,0
BRDA:91,15,0,0
BRDA:101,16,0,0
BRF:26
BRH:0
end_of_record
TN:
SF:components\ui\index.ts
FNF:0
FNH:0
DA:2,0
DA:3,0
DA:4,0
DA:5,0
DA:6,0
DA:8,0
DA:9,0
DA:10,0
DA:11,0
DA:12,0
DA:14,0
DA:15,0
DA:16,0
DA:17,0
DA:18,0
DA:19,0
DA:20,0
DA:21,0
DA:22,0
DA:24,0
DA:25,0
DA:26,0
DA:27,0
DA:28,0
DA:29,0
DA:30,0
DA:31,0
DA:32,0
DA:33,0
LF:29
LH:0
BRF:0
BRH:0
end_of_record
TN:
SF:components\ui\navigation-menu.tsx
FNF:0
FNH:0
DA:1,0
DA:2,0
DA:3,0
DA:5,0
DA:23,0
DA:38,0
DA:40,0
DA:42,0
DA:76,0
DA:91,0
DA:93,0
DA:110,0
DA:128,0
DA:132,0
DA:133,0
DA:134,0
DA:135,0
DA:136,0
DA:137,0
DA:138,0
DA:139,0
DA:140,0
LF:22
LH:0
BRF:0
BRH:0
end_of_record
TN:
SF:lib\config.ts
FN:16,(anonymous_1)
FN:24,(anonymous_2)
FN:34,(anonymous_3)
FN:66,(anonymous_4)
FN:67,(anonymous_5)
FN:115,(anonymous_6)
FNF:6
FNH:3
FNDA:3,(anonymous_1)
FNDA:3,(anonymous_2)
FNDA:3,(anonymous_3)
FNDA:0,(anonymous_4)
FNDA:0,(anonymous_5)
FNDA:0,(anonymous_6)
DA:16,3
DA:17,3
DA:18,3
DA:20,0
DA:24,3
DA:25,3
DA:26,3
DA:27,0
DA:34,3
DA:37,3
DA:38,3
DA:43,3
DA:44,3
DA:45,3
DA:48,3
DA:49,0
DA:53,3
DA:56,3
DA:57,3
DA:60,3
DA:61,0
DA:64,3
DA:66,0
DA:67,0
DA:68,0
DA:73,0
DA:80,3
DA:82,3
DA:83,0
DA:88,3
DA:89,0
DA:95,3
DA:105,3
DA:107,9
DA:116,0
LF:35
LH:24
BRDA:26,0,0,0
BRDA:26,1,0,3
BRDA:26,1,1,3
BRDA:37,2,0,3
BRDA:37,2,1,0
BRDA:48,3,0,0
BRDA:56,4,0,3
BRDA:60,5,0,0
BRDA:64,6,0,0
BRDA:68,7,0,0
BRDA:69,8,0,0
BRDA:69,8,1,0
BRDA:69,8,2,0
BRDA:80,9,0,3
BRDA:82,10,0,0
BRDA:88,11,0,0
BRDA:97,12,0,3
BRDA:97,12,1,0
BRDA:98,13,0,0
BRDA:98,13,1,3
BRDA:99,14,0,0
BRDA:99,14,1,3
BRDA:100,15,0,3
BRDA:100,15,1,0
BRDA:115,16,0,3
BRDA:115,16,1,3
BRF:26
BRH:11
end_of_record
TN:
SF:lib\constants.ts
FNF:0
FNH:0
DA:7,0
DA:8,0
DA:9,0
DA:10,0
DA:13,0
DA:20,0
DA:26,0
DA:28,0
DA:37,0
DA:44,0
DA:53,0
DA:76,0
DA:92,0
DA:115,0
DA:142,0
DA:150,0
DA:156,0
LF:17
LH:0
BRDA:16,0,0,0
BRDA:16,0,1,0
BRDA:21,1,0,0
BRDA:21,1,1,0
BRDA:22,2,0,0
BRDA:22,2,1,0
BRF:6
BRH:0
end_of_record
TN:
SF:lib\utils.ts
FN:8,cn
FN:15,formatDate
FN:40,formatRelativeTime
FN:68,truncate
FN:88,slugify
FN:102,generateRandomString
FN:115,generateId
FN:122,capitalizeFirst
FN:132,isValidEmail
FN:148,formatFileSize
FN:170,debounce
FN:175,(anonymous_26)
FN:177,(anonymous_27)
FN:184,deepClone
FN:192,(anonymous_29)
FN:209,prefersReducedMotion
FN:219,getMotionVariants
FNF:17
FNH:0
FNDA:0,cn
FNDA:0,formatDate
FNDA:0,formatRelativeTime
FNDA:0,truncate
FNDA:0,slugify
FNDA:0,generateRandomString
FNDA:0,generateId
FNDA:0,capitalizeFirst
FNDA:0,isValidEmail
FNDA:0,formatFileSize
FNDA:0,debounce
FNDA:0,(anonymous_26)
FNDA:0,(anonymous_27)
FNDA:0,deepClone
FNDA:0,(anonymous_29)
FNDA:0,prefersReducedMotion
FNDA:0,getMotionVariants
DA:1,0
DA:2,0
DA:8,0
DA:9,0
DA:15,0
DA:19,0
DA:22,0
DA:23,0
DA:26,0
DA:32,0
DA:40,0
DA:41,0
DA:42,0
DA:43,0
DA:45,0
DA:47,0
DA:48,0
DA:50,0
DA:51,0
DA:53,0
DA:54,0
DA:56,0
DA:57,0
DA:59,0
DA:60,0
DA:62,0
DA:68,0
DA:73,0
DA:74,0
DA:76,0
DA:77,0
DA:79,0
DA:80,0
DA:82,0
DA:88,0
DA:89,0
DA:90,0
DA:102,0
DA:104,0
DA:105,0
DA:106,0
DA:107,0
DA:109,0
DA:115,0
DA:116,0
DA:122,0
DA:123,0
DA:124,0
DA:126,0
DA:132,0
DA:133,0
DA:134,0
DA:135,0
DA:136,0
DA:137,0
DA:138,0
DA:139,0
DA:140,0
DA:141,0
DA:142,0
DA:148,0
DA:149,0
DA:150,0
DA:153,0
DA:154,0
DA:155,0
DA:158,0
DA:159,0
DA:163,0
DA:164,0
DA:170,0
DA:175,0
DA:176,0
DA:177,0
DA:184,0
DA:185,0
DA:186,0
DA:188,0
DA:189,0
DA:191,0
DA:192,0
DA:194,0
DA:195,0
DA:196,0
DA:197,0
DA:198,0
DA:201,0
DA:203,0
DA:209,0
DA:210,0
DA:211,0
DA:213,0
DA:219,0
DA:223,0
DA:224,0
DA:227,0
LF:96
LH:0
BRDA:19,0,0,0
BRDA:19,0,1,0
BRDA:22,1,0,0
BRDA:32,2,0,0
BRDA:32,2,1,0
BRDA:41,3,0,0
BRDA:41,3,1,0
BRDA:47,4,0,0
BRDA:50,5,0,0
BRDA:53,6,0,0
BRDA:56,7,0,0
BRDA:59,8,0,0
BRDA:71,9,0,0
BRDA:73,10,0,0
BRDA:76,11,0,0
BRDA:79,12,0,0
BRDA:115,13,0,0
BRDA:123,14,0,0
BRDA:133,15,0,0
BRDA:133,16,0,0
BRDA:133,16,1,0
BRDA:135,17,0,0
BRDA:135,18,0,0
BRDA:135,18,1,0
BRDA:136,19,0,0
BRDA:136,20,0,0
BRDA:136,20,1,0
BRDA:137,21,0,0
BRDA:137,22,0,0
BRDA:137,22,1,0
BRDA:138,23,0,0
BRDA:138,24,0,0
BRDA:138,24,1,0
BRDA:139,25,0,0
BRDA:140,26,0,0
BRDA:141,27,0,0
BRDA:149,28,0,0
BRDA:158,29,0,0
BRDA:185,30,0,0
BRDA:185,31,0,0
BRDA:185,31,1,0
BRDA:188,32,0,0
BRDA:191,33,0,0
BRDA:194,34,0,0
BRDA:197,35,0,0
BRDA:210,36,0,0
BRDA:223,37,0,0
BRF:47
BRH:0
end_of_record
TN:
SF:lib\analytics\healthTest.ts
FN:16,runPostHogHealthTests
FN:40,testEnvironmentVariables
FN:70,testPostHogInitialization
FN:92,testPostHogInstance
FN:133,testEventTracking
FN:152,(anonymous_10)
FN:170,testSessionManagement
FN:210,testFeatureFlags
FN:251,formatHealthTestResults
FN:254,(anonymous_14)
FN:269,(anonymous_15)
FN:270,(anonymous_16)
FN:271,(anonymous_17)
FN:287,quickHealthCheck
FN:290,(anonymous_19)
FNF:15
FNH:0
FNDA:0,runPostHogHealthTests
FNDA:0,testEnvironmentVariables
FNDA:0,testPostHogInitialization
FNDA:0,testPostHogInstance
FNDA:0,testEventTracking
FNDA:0,(anonymous_10)
FNDA:0,testSessionManagement
FNDA:0,testFeatureFlags
FNDA:0,formatHealthTestResults
FNDA:0,(anonymous_14)
FNDA:0,(anonymous_15)
FNDA:0,(anonymous_16)
FNDA:0,(anonymous_17)
FNDA:0,quickHealthCheck
FNDA:0,(anonymous_19)
DA:6,0
DA:7,0
DA:16,0
DA:17,0
DA:20,0
DA:23,0
DA:26,0
DA:29,0
DA:32,0
DA:35,0
DA:37,0
DA:41,0
DA:42,0
DA:44,0
DA:45,0
DA:53,0
DA:54,0
DA:62,0
DA:71,0
DA:73,0
DA:77,0
DA:83,0
DA:93,0
DA:94,0
DA:101,0
DA:102,0
DA:103,0
DA:110,0
DA:111,0
DA:113,0
DA:124,0
DA:134,0
DA:135,0
DA:142,0
DA:144,0
DA:145,0
DA:152,0
DA:154,0
DA:161,0
DA:171,0
DA:172,0
DA:179,0
DA:180,0
DA:181,0
DA:183,0
DA:184,0
DA:191,0
DA:201,0
DA:211,0
DA:212,0
DA:219,0
DA:221,0
DA:224,0
DA:226,0
DA:237,0
DA:249,0
DA:251,0
DA:252,0
DA:254,0
DA:256,0
DA:262,0
DA:264,0
DA:265,0
DA:269,0
DA:270,0
DA:271,0
DA:273,0
DA:277,0
DA:278,0
DA:280,0
DA:287,0
DA:288,0
DA:290,0
DA:293,0
LF:74
LH:0
BRDA:44,0,0,0
BRDA:53,1,0,0
BRDA:58,2,0,0
BRDA:58,2,1,0
BRDA:93,3,0,0
BRDA:102,4,0,0
BRDA:118,5,0,0
BRDA:118,5,1,0
BRDA:119,6,0,0
BRDA:119,6,1,0
BRDA:134,7,0,0
BRDA:171,8,0,0
BRDA:183,9,0,0
BRDA:183,10,0,0
BRDA:183,10,1,0
BRDA:211,11,0,0
BRDA:231,12,0,0
BRDA:231,12,1,0
BRDA:256,13,0,0
BRDA:256,13,1,0
BRDA:258,14,0,0
BRDA:258,14,1,0
BRDA:264,15,0,0
BRDA:277,16,0,0
BRDA:277,16,1,0
BRDA:290,17,0,0
BRDA:290,17,1,0
BRF:27
BRH:0
end_of_record
TN:
SF:lib\analytics\telemetry.ts
FN:112,(anonymous_12)
FN:116,(anonymous_13)
FN:123,(anonymous_14)
FN:143,(anonymous_15)
FN:178,(anonymous_16)
FN:213,(anonymous_17)
FN:224,(anonymous_18)
FN:225,(anonymous_19)
FN:226,(anonymous_20)
FN:235,(anonymous_21)
FN:239,(anonymous_22)
FN:243,(anonymous_23)
FN:247,(anonymous_24)
FN:251,(anonymous_25)
FN:255,(anonymous_26)
FN:259,(anonymous_27)
FN:263,(anonymous_28)
FN:267,(anonymous_29)
FN:271,(anonymous_30)
FN:301,(anonymous_31)
FN:310,(anonymous_32)
FN:314,(anonymous_33)
FN:318,(anonymous_34)
FN:322,(anonymous_35)
FN:329,(anonymous_36)
FN:332,(anonymous_37)
FN:340,(anonymous_38)
FN:348,(anonymous_39)
FN:350,(anonymous_40)
FN:368,(anonymous_41)
FN:374,(anonymous_42)
FN:381,(anonymous_43)
FN:389,(anonymous_44)
FN:395,(anonymous_45)
FN:399,(anonymous_46)
FN:409,(anonymous_47)
FN:413,(anonymous_48)
FN:417,(anonymous_49)
FN:421,(anonymous_50)
FN:425,(anonymous_51)
FN:429,(anonymous_52)
FN:433,(anonymous_53)
FN:437,(anonymous_54)
FN:441,(anonymous_55)
FNF:44
FNH:7
FNDA:3,(anonymous_12)
FNDA:3,(anonymous_13)
FNDA:0,(anonymous_14)
FNDA:0,(anonymous_15)
FNDA:3,(anonymous_16)
FNDA:0,(anonymous_17)
FNDA:0,(anonymous_18)
FNDA:0,(anonymous_19)
FNDA:0,(anonymous_20)
FNDA:0,(anonymous_21)
FNDA:0,(anonymous_22)
FNDA:0,(anonymous_23)
FNDA:0,(anonymous_24)
FNDA:0,(anonymous_25)
FNDA:0,(anonymous_26)
FNDA:0,(anonymous_27)
FNDA:0,(anonymous_28)
FNDA:0,(anonymous_29)
FNDA:0,(anonymous_30)
FNDA:3,(anonymous_31)
FNDA:3,(anonymous_32)
FNDA:3,(anonymous_33)
FNDA:0,(anonymous_34)
FNDA:0,(anonymous_35)
FNDA:0,(anonymous_36)
FNDA:0,(anonymous_37)
FNDA:0,(anonymous_38)
FNDA:0,(anonymous_39)
FNDA:0,(anonymous_40)
FNDA:0,(anonymous_41)
FNDA:0,(anonymous_42)
FNDA:0,(anonymous_43)
FNDA:0,(anonymous_44)
FNDA:0,(anonymous_45)
[...]
BRDA:220,12,1,0
BRF:18
BRH:0
end_of_record
TN:
SF:lib\hooks\useIntersectionObserver.ts
FN:10,useIntersectionObserver
FN:24,(anonymous_2)
FN:37,(anonymous_3)
FN:61,(anonymous_4)
FNF:4
FNH:0
FNDA:0,useIntersectionObserver
FNDA:0,(anonymous_2)
FNDA:0,(anonymous_3)
FNDA:0,(anonymous_4)
DA:1,0
DA:10,0
DA:18,0
DA:20,0
DA:21,0
DA:22,0
DA:24,0
DA:25,0
DA:26,0
DA:27,0
DA:31,0
DA:32,0
DA:33,0
DA:36,0
DA:38,0
DA:39,0
DA:40,0
DA:42,0
DA:44,0
DA:45,0
DA:46,0
DA:47,0
DA:49,0
DA:50,0
DA:59,0
DA:61,0
DA:62,0
DA:66,0
LF:28
LH:0
BRDA:11,0,0,0
BRDA:14,1,0,0
BRDA:15,2,0,0
BRDA:16,3,0,0
BRDA:17,4,0,0
BRDA:26,5,0,0
BRDA:31,6,0,0
BRDA:39,7,0,0
BRDA:44,8,0,0
BRDA:44,8,1,0
BRDA:44,9,0,0
BRDA:44,9,1,0
BRDA:44,9,2,0
BRDA:46,10,0,0
BRDA:49,11,0,0
BRF:15
BRH:0
end_of_record
TN:
SF:lib\hooks\useMediaQuery.ts
FN:10,useMediaQuery
FN:13,(anonymous_4)
FN:25,(anonymous_5)
FN:38,(anonymous_6)
FN:53,useResponsive
FNF:5
FNH:0
FNDA:0,useMediaQuery
FNDA:0,(anonymous_4)
FNDA:0,(anonymous_5)
FNDA:0,(anonymous_6)
FNDA:0,useResponsive
DA:3,0
DA:10,0
DA:11,0
DA:13,0
DA:15,0
DA:16,0
DA:19,0
DA:22,0
DA:25,0
DA:26,0
DA:30,0
DA:31,0
DA:34,0
DA:38,0
DA:39,0
DA:40,0
DA:42,0
DA:47,0
DA:53,0
DA:54,0
DA:55,0
DA:56,0
DA:58,0
LF:23
LH:0
BRDA:15,0,0,0
BRDA:30,1,0,0
BRDA:30,1,1,0
BRDA:39,2,0,0
BRDA:39,2,1,0
BRDA:62,3,0,0
BRDA:62,3,1,0
BRF:7
BRH:0
end_of_record
TN:
SF:lib\security\fileUpload.ts
FN:72,(anonymous_5)
FN:125,(anonymous_6)
FN:171,(anonymous_7)
FN:205,(anonymous_8)
FN:226,(anonymous_9)
FN:256,(anonymous_10)
FN:262,(anonymous_11)
FN:293,(anonymous_12)
FN:344,(anonymous_13)
FN:364,(anonymous_14)
FN:405,(anonymous_15)
FN:419,(anonymous_16)
FN:430,(anonymous_17)
FN:431,(anonymous_18)
FN:438,(anonymous_19)
FN:455,(anonymous_20)
FN:463,(anonymous_21)
FN:475,(anonymous_22)
FN:479,(anonymous_23)
FN:488,(anonymous_24)
FN:500,(anonymous_25)
FN:504,(anonymous_26)
FN:513,(anonymous_27)
FN:535,(anonymous_28)
FN:566,(anonymous_29)
FN:605,(anonymous_30)
FNF:26
FNH:0
FNDA:0,(anonymous_5)
FNDA:0,(anonymous_6)
FNDA:0,(anonymous_7)
FNDA:0,(anonymous_8)
FNDA:0,(anonymous_9)
FNDA:0,(anonymous_10)
FNDA:0,(anonymous_11)
FNDA:0,(anonymous_12)
FNDA:0,(anonymous_13)
FNDA:0,(anonymous_14)
FNDA:0,(anonymous_15)
FNDA:0,(anonymous_16)
FNDA:0,(anonymous_17)
FNDA:0,(anonymous_18)
FNDA:0,(anonymous_19)
FNDA:0,(anonymous_20)
FNDA:0,(anonymous_21)
FNDA:0,(anonymous_22)
FNDA:0,(anonymous_23)
FNDA:0,(anonymous_24)
FNDA:0,(anonymous_25)
FNDA:0,(anonymous_26)
FNDA:0,(anonymous_27)
FNDA:0,(anonymous_28)
FNDA:0,(anonymous_29)
FNDA:0,(anonymous_30)
DA:6,2
DA:7,2
DA:28,0
DA:30,2
DA:48,2
DA:73,0
DA:76,0
DA:77,0
DA:78,0
DA:82,0
DA:83,0
DA:84,0
DA:86,0
DA:87,0
DA:91,0
DA:92,0
DA:93,0
DA:97,0
DA:98,0
DA:99,0
DA:101,0
DA:102,0
DA:106,0
DA:107,0
DA:108,0
DA:111,0
DA:115,0
DA:116,0
DA:119,0
DA:127,0
DA:128,0
DA:135,0
DA:136,0
DA:142,0
DA:143,0
DA:150,0
DA:151,0
DA:158,0
DA:159,0
DA:165,0
DA:172,0
DA:173,0
DA:176,0
DA:184,0
DA:185,0
DA:186,0
DA:192,0
DA:193,0
DA:199,0
DA:208,0
DA:209,0
DA:211,0
DA:213,0
DA:222,0
DA:223,0
DA:226,0
DA:227,0
DA:230,0
DA:231,0
DA:239,0
DA:241,0
DA:242,0
DA:243,0
DA:250,0
DA:260,0
DA:262,0
DA:263,0
DA:266,0
DA:267,0
DA:275,0
DA:276,0
DA:279,0
DA:280,0
DA:287,0
DA:296,0
DA:299,0
DA:300,0
DA:301,0
DA:302,0
DA:309,0
DA:310,0
DA:311,0
DA:317,0
DA:318,0
DA:319,0
DA:326,0
DA:327,0
DA:330,0
DA:334,0
DA:335,0
DA:338,0
DA:345,0
DA:346,0
DA:349,0
DA:351,0
DA:366,0
DA:369,0
DA:372,0
DA:375,0
DA:376,0
DA:380,0
DA:381,0
DA:389,0
DA:390,0
DA:391,0
DA:395,0
DA:397,0
DA:406,0
DA:410,0
DA:411,0
DA:414,0
DA:417,0
DA:418,0
DA:419,0
DA:423,0
DA:431,0
DA:432,0
DA:436,0
DA:437,0
DA:438,0
DA:439,0
DA:440,0
DA:443,0
DA:444,0
DA:445,0
DA:447,0
DA:456,0
DA:457,0
DA:468,0
DA:470,0
DA:471,0
DA:475,0
DA:476,0
DA:477,0
DA:479,0
DA:480,0
DA:481,0
DA:493,0
DA:495,0
DA:496,0
DA:500,0
DA:501,0
DA:502,0
DA:504,0
DA:505,0
DA:506,0
DA:517,0
DA:518,0
DA:521,0
DA:522,0
DA:523,0
DA:527,0
DA:534,0
DA:536,0
DA:560,5
DA:561,2
DA:571,0
DA:572,0
DA:574,0
DA:576,0
DA:581,0
DA:588,0
DA:589,0
DA:596,0
DA:598,0
DA:606,0
DA:607,0
DA:608,0
DA:609,0
LF:169
LH:6
BRDA:77,0,0,0
BRDA:83,1,0,0
BRDA:86,2,0,0
BRDA:92,3,0,0
BRDA:98,4,0,0
BRDA:101,5,0,0
BRDA:107,6,0,0
BRDA:115,7,0,0
BRDA:127,8,0,0
BRDA:135,9,0,0
BRDA:142,10,0,0
BRDA:150,11,0,0
BRDA:158,12,0,0
BRDA:185,13,0,0
BRDA:192,14,0,0
BRDA:211,15,0,0
BRDA:230,16,0,0
BRDA:239,17,0,0
BRDA:242,18,0,0
BRDA:260,19,0,0
BRDA:266,20,0,0
BRDA:275,21,0,0
BRDA:279,22,0,0
BRDA:301,23,0,0
BRDA:310,24,0,0
BRDA:318,25,0,0
BRDA:326,26,0,0
BRDA:334,27,0,0
BRDA:366,28,0,0
BRDA:366,28,1,0
BRDA:375,29,0,0
BRDA:383,30,0,0
BRDA:383,30,1,0
BRDA:390,31,0,0
BRDA:397,32,0,0
BRDA:397,32,1,0
BRDA:410,33,0,0
BRDA:410,33,1,0
BRDA:436,34,0,0
BRDA:436,34,1,0
BRDA:457,35,0,0
BRDA:457,35,1,0
BRDA:468,36,0,0
BRDA:493,37,0,0
BRDA:495,38,0,0
BRDA:495,38,1,0
BRDA:502,39,0,0
BRDA:502,39,1,0
BRDA:517,40,0,0
BRDA:522,41,0,0
BRDA:568,42,0,0
BRDA:569,43,0,0
BRDA:574,44,0,0
BRDA:574,45,0,0
BRDA:574,45,1,0
BRDA:588,46,0,0
BRDA:608,47,0,0
BRF:57
BRH:0
end_of_record
TN:
SF:lib\services\analysisService.ts
FN:26,(anonymous_1)
FN:32,(anonymous_2)
FN:39,(anonymous_3)
FN:81,(anonymous_4)
FN:103,(anonymous_5)
FN:120,(anonymous_6)
FN:142,(anonymous_7)
FN:172,(anonymous_8)
FN:199,(anonymous_9)
FN:223,(anonymous_10)
FN:248,(anonymous_11)
FN:272,(anonymous_12)
FN:287,(anonymous_13)
FNF:13
FNH:0
FNDA:0,(anonymous_1)
FNDA:0,(anonymous_2)
FNDA:0,(anonymous_3)
FNDA:0,(anonymous_4)
FNDA:0,(anonymous_5)
FNDA:0,(anonymous_6)
FNDA:0,(anonymous_7)
FNDA:0,(anonymous_8)
FNDA:0,(anonymous_9)
FNDA:0,(anonymous_10)
FNDA:0,(anonymous_11)
FNDA:0,(anonymous_12)
FNDA:0,(anonymous_13)
DA:23,0
DA:24,0
DA:32,0
DA:33,0
DA:36,0
DA:42,0
DA:45,0
DA:59,0
DA:60,0
DA:63,0
DA:64,0
DA:67,0
DA:71,0
DA:74,0
DA:75,0
DA:78,0
DA:85,0
DA:86,0
DA:87,0
DA:89,0
DA:90,0
DA:91,0
DA:96,0
DA:102,0
DA:104,0
DA:107,0
DA:108,0
DA:109,0
DA:114,0
DA:119,0
DA:120,0
DA:122,0
DA:123,0
DA:130,0
DA:136,0
DA:141,0
DA:142,0
DA:144,0
DA:145,0
DA:146,0
DA:147,0
DA:154,0
DA:173,0
DA:200,0
DA:224,0
DA:251,0
DA:273,0
DA:275,0
DA:277,0
DA:279,0
DA:281,0
DA:283,0
DA:288,0
DA:290,0
DA:292,0
DA:294,0
DA:296,0
DA:298,0
LF:58
LH:0
BRDA:59,0,0,0
BRDA:63,1,0,0
BRDA:63,2,0,0
BRDA:63,2,1,0
BRDA:67,3,0,0
BRDA:68,4,0,0
BRDA:68,4,1,0
BRDA:74,5,0,0
BRDA:102,6,0,0
BRDA:102,6,1,0
BRDA:119,7,0,0
BRDA:119,7,1,0
BRDA:141,8,0,0
BRDA:273,9,0,0
BRDA:273,9,1,0
BRDA:273,9,2,0
BRDA:273,9,3,0
BRDA:273,9,4,0
BRDA:288,10,0,0
BRDA:288,10,1,0
BRDA:288,10,2,0
BRDA:288,10,3,0
BRDA:288,10,4,0
BRF:23
BRH:0
end_of_record
TN:
SF:lib\utils\errorSanitization.ts
FN:5,sanitizeErrorMessage
FN:34,sanitizeStackTrace
FN:41,(anonymous_6)
FN:49,createSafeErrorReport
FNF:4
FNH:0
FNDA:0,sanitizeErrorMessage
FNDA:0,sanitizeStackTrace
FNDA:0,(anonymous_6)
FNDA:0,createSafeErrorReport
DA:5,0
DA:6,0
DA:7,0
DA:10,0
DA:34,0
DA:35,0
DA:36,0
DA:39,0
DA:41,0
DA:49,0
DA:50,0
LF:11
LH:0
BRDA:6,0,0,0
BRDA:35,1,0,0
BRDA:56,2,0,0
BRDA:56,2,1,0
BRF:4
BRH:0
end_of_record
TN:
SF:lib\utils\fileValidation.ts
FN:25,validateFile
FN:56,validateFileSignature
FN:152,validateFileList
FN:167,(anonymous_12)
FN:187,formatFileSize
FN:199,getFileExtension
FN:203,getFileTypeLabel
FN:218,hasUnsafeFileName
FN:227,(anonymous_17)
FN:230,sanitizeFileName
FNF:10
FNH:0
FNDA:0,validateFile
FNDA:0,validateFileSignature
FNDA:0,validateFileList
FNDA:0,(anonymous_12)
FNDA:0,formatFileSize
FNDA:0,getFileExtension
FNDA:0,getFileTypeLabel
FNDA:0,hasUnsafeFileName
FNDA:0,(anonymous_17)
FNDA:0,sanitizeFileName
DA:12,0
DA:25,0
DA:30,0
DA:31,0
DA:38,0
DA:39,0
DA:46,0
DA:47,0
DA:53,0
DA:56,0
DA:59,0
DA:60,0
DA:61,0
DA:64,0
DA:67,0
DA:74,0
DA:76,0
DA:81,0
DA:82,0
DA:84,0
DA:88,0
DA:99,0
DA:101,0
DA:105,0
DA:116,0
DA:118,0
DA:125,0
DA:126,0
DA:127,0
DA:128,0
DA:130,0
DA:139,0
DA:142,0
DA:145,0
DA:152,0
DA:159,0
DA:160,0
DA:161,0
DA:164,0
DA:165,0
DA:167,0
DA:175,0
DA:176,0
DA:177,0
DA:178,0
DA:180,0
DA:184,0
DA:187,0
DA:188,0
DA:189,0
DA:190,0
DA:193,0
DA:194,0
DA:196,0
DA:199,0
DA:200,0
DA:203,0
DA:204,0
DA:215,0
DA:220,0
DA:227,0
DA:230,0
DA:231,0
LF:63
LH:0
BRDA:27,0,0,0
BRDA:30,1,0,0
BRDA:38,2,0,0
BRDA:46,3,0,0
BRDA:64,4,0,0
BRDA:64,4,1,0
BRDA:64,4,2,0
BRDA:64,4,3,0
BRDA:64,4,4,0
BRDA:64,4,5,0
BRDA:64,4,6,0
BRDA:67,5,0,0
BRDA:68,6,0,0
BRDA:68,6,1,0
BRDA:68,6,2,0
BRDA:68,6,3,0
BRDA:68,6,4,0
BRDA:81,7,0,0
BRDA:81,8,0,0
BRDA:81,8,1,0
BRDA:81,8,2,0
BRDA:88,9,0,0
BRDA:89,10,0,0
BRDA:89,10,1,0
BRDA:89,10,2,0
BRDA:89,10,3,0
BRDA:89,10,4,0
BRDA:89,10,5,0
BRDA:89,10,6,0
BRDA:89,10,7,0
BRDA:89,10,8,0
BRDA:105,11,0,0
BRDA:106,12,0,0
BRDA:106,12,1,0
BRDA:106,12,2,0
BRDA:106,12,3,0
BRDA:106,12,4,0
BRDA:106,12,5,0
BRDA:106,12,6,0
BRDA:106,12,7,0
BRDA:106,12,8,0
BRDA:147,13,0,0
BRDA:147,13,1,0
BRDA:154,14,0,0
BRDA:164,15,0,0
BRDA:177,16,0,0
BRDA:177,16,1,0
BRDA:189,17,0,0
BRDA:196,18,0,0
BRDA:196,18,1,0
BRDA:200,19,0,0
BRDA:200,19,1,0
BRDA:215,20,0,0
BRDA:215,20,1,0
BRF:54
BRH:0
end_of_record
TN:
SF:lib\utils\logger.ts
FN:6,logError
FN:12,logWarn
FN:18,logInfo
FNF:3
FNH:0
FNDA:0,logError
FNDA:0,logWarn
FNDA:0,logInfo
DA:4,3
DA:6,0
DA:7,0
DA:8,0
DA:12,0
DA:13,0
DA:14,0
DA:18,0
DA:19,0
DA:20,0
LF:10
LH:1
BRDA:7,0,0,0
BRDA:13,1,0,0
BRDA:19,2,0,0
BRF:3
BRH:0
end_of_record
TN:
SF:lib\utils\performance-optimizations.ts
FN:11,createLazyComponent
FN:23,createLazyNamedComponent
FN:30,(anonymous_11)
FN:31,(anonymous_12)
FN:43,preloadComponent
FN:48,(anonymous_14)
FN:54,debounce
FN:60,(anonymous_16)
FN:62,(anonymous_17)
FN:69,throttle
FN:75,(anonymous_19)
FN:79,(anonymous_20)
FN:87,createIntersectionObserver
FN:105,addResourceHints
FN:113,(anonymous_23)
FN:124,logBundleSize
FNF:16
FNH:0
FNDA:0,createLazyComponent
FNDA:0,createLazyNamedComponent
FNDA:0,(anonymous_11)
FNDA:0,(anonymous_12)
FNDA:0,preloadComponent
FNDA:0,(anonymous_14)
FNDA:0,debounce
FNDA:0,(anonymous_16)
FNDA:0,(anonymous_17)
FNDA:0,throttle
FNDA:0,(anonymous_19)
FNDA:0,(anonymous_20)
FNDA:0,createIntersectionObserver
FNDA:0,addResourceHints
FNDA:0,(anonymous_23)
FNDA:0,logBundleSize
DA:6,0
DA:11,0
DA:14,0
DA:15,0
DA:17,0
DA:23,0
DA:30,0
DA:31,0
DA:35,0
DA:37,0
DA:43,0
DA:45,0
DA:48,0
DA:54,0
DA:60,0
DA:61,0
DA:62,0
DA:69,0
DA:75,0
DA:76,0
DA:77,0
DA:78,0
DA:79,0
DA:87,0
DA:91,0
DA:92,0
DA:95,0
DA:105,0
DA:106,0
DA:107,0
DA:111,0
DA:113,0
DA:114,0
DA:115,0
DA:116,0
DA:117,0
DA:124,0
DA:125,0
DA:126,0
DA:129,0
DA:130,0
DA:131,0
DA:132,0
DA:134,0
LF:44
LH:0
BRDA:16,0,0,0
BRDA:16,0,1,0
BRDA:36,1,0,0
BRDA:36,1,1,0
BRDA:76,2,0,0
BRDA:91,3,0,0
BRDA:106,4,0,0
BRDA:125,5,0,0
BRDA:129,6,0,0
BRDA:129,7,0,0
BRDA:129,7,1,0
BRDA:131,8,0,0
BRF:12
BRH:0
end_of_record
TN:
SF:lib\utils\performance.ts
FN:22,(anonymous_11)
FN:26,(anonymous_12)
FN:33,(anonymous_13)
FN:40,(anonymous_14)
FN:63,(anonymous_15)
FN:80,(anonymous_16)
FN:104,(anonymous_17)
FN:116,(anonymous_18)
FN:120,(anonymous_19)
FN:121,(anonymous_20)
FN:124,(anonymous_21)
FN:128,(anonymous_22)
FN:129,(anonymous_23)
FN:135,measurePerformance
FN:142,(anonymous_25)
FN:157,(anonymous_26)
FN:171,measureWebVitals
FN:176,(anonymous_28)
FN:197,(anonymous_29)
FN:198,(anonymous_30)
FN:213,measureMemoryUsage
FN:232,reportBundleSize
FN:263,(anonymous_33)
FN:268,(anonymous_34)
FN:286,generatePerformanceReport
FN:299,(anonymous_36)
FN:318,(anonymous_37)
FN:335,initializePerformanceMonitoring
FN:341,(anonymous_39)
FN:342,(anonymous_40)
FN:354,cleanupPerformanceMonitoring
FN:360,withPerformanceMonitoring
FN:364,(anonymous_43)
FN:365,(anonymous_44)
FN:369,(anonymous_45)
FNF:35
FNH:0
FNDA:0,(anonymous_11)
FNDA:0,(anonymous_12)
FNDA:0,(anonymous_13)
FNDA:0,(anonymous_14)
FNDA:0,(anonymous_15)
FNDA:0,(anonymous_16)
FNDA:0,(anonymous_17)
FNDA:0,(anonymous_18)
FNDA:0,(anonymous_19)
FNDA:0,(anonymous_20)
FNDA:0,(anonymous_21)
FNDA:0,(anonymous_22)
FNDA:0,(anonymous_23)
FNDA:0,measurePerformance
FNDA:0,(anonymous_25)
FNDA:0,(anonymous_26)
FNDA:0,measureWebVitals
FNDA:0,(anonymous_28)
FNDA:0,(anonymous_29)
FNDA:0,(anonymous_30)
FNDA:0,measureMemoryUsage
FNDA:0,reportBundleSize
FNDA:0,(anonymous_33)
FNDA:0,(anonymous_34)
FNDA:0,generatePerformanceReport
FNDA:0,(anonymous_36)
FNDA:0,(anonymous_37)
FNDA:0,initializePerformanceMonitoring
FNDA:0,(anonymous_39)
FNDA:0,(anonymous_40)
FNDA:0,cleanupPerformanceMonitoring
FNDA:0,withPerformanceMonitoring
FNDA:0,(anonymous_43)
FNDA:0,(anonymous_44)
FNDA:0,(anonymous_45)
DA:6,0
DA:17,0
DA:19,0
DA:20,0
DA:23,0
DA:27,0
DA:28,0
DA:30,0
DA:34,0
DA:35,0
DA:38,0
DA:40,0
DA:41,0
DA:42,0
DA:43,0
DA:47,0
DA:48,0
DA:59,0
DA:60,0
DA:63,0
DA:64,0
DA:65,0
DA:66,0
DA:76,0
DA:77,0
DA:80,0
DA:81,0
DA:82,0
DA:83,0
DA:86,0
DA:96,0
DA:97,0
DA:100,0
DA:105,0
DA:108,0
DA:110,0
DA:117,0
DA:121,0
DA:125,0
DA:129,0
DA:130,0
DA:135,0
DA:139,0
DA:140,0
DA:142,0
DA:143,0
DA:144,0
DA:150,0
DA:153,0
DA:154,0
DA:156,0
DA:157,0
DA:158,0
DA:159,0
DA:163,0
DA:165,0
DA:166,0
DA:171,0
DA:172,0
DA:175,0
DA:176,0
DA:177,0
DA:178,0
DA:179,0
DA:189,0
DA:190,0
DA:193,0
DA:197,0
DA:198,0
DA:200,0
DA:201,0
DA:213,0
DA:214,0
DA:215,0
DA:218,0
DA:220,0
DA:232,0
DA:233,0
DA:234,0
DA:237,0
DA:240,0
DA:241,0
DA:250,0
DA:259,0
DA:262,0
DA:264,0
DA:267,0
DA:268,0
DA:269,0
DA:270,0
DA:274,0
DA:275,0
DA:286,0
DA:291,0
DA:292,0
DA:294,0
DA:295,0
DA:297,0
DA:299,0
DA:300,0
DA:301,0
DA:303,0
DA:308,0
DA:311,0
DA:318,0
DA:319,0
DA:320,0
DA:321,0
DA:322,0
DA:323,0
DA:324,0
DA:325,0
DA:327,0
DA:331,0
DA:335,0
DA:336,0
DA:338,0
DA:341,0
DA:342,0
DA:343,0
DA:344,0
DA:349,0
DA:354,0
DA:355,0
DA:356,0
DA:360,0
DA:364,0
DA:365,0
DA:366,0
DA:367,0
DA:369,0
DA:370,0
DA:371,0
DA:380,0
DA:383,0
DA:384,0
LF:136
LH:0
BRDA:27,0,0,0
BRDA:34,1,0,0
BRDA:34,2,0,0
BRDA:34,2,1,0
BRDA:42,3,0,0
BRDA:47,4,0,0
BRDA:65,5,0,0
BRDA:82,6,0,0
BRDA:108,7,0,0
BRDA:156,8,0,0
BRDA:175,9,0,0
BRDA:178,10,0,0
BRDA:214,11,0,0
BRDA:214,12,0,0
BRDA:214,12,1,0
BRDA:222,13,0,0
BRDA:222,13,1,0
BRDA:233,14,0,0
BRDA:240,15,0,0
BRDA:264,16,0,0
BRDA:264,16,1,0
BRDA:269,17,0,0
BRDA:274,18,0,0
BRDA:300,19,0,0
BRDA:300,19,1,0
BRDA:320,20,0,0
BRDA:322,21,0,0
BRDA:322,21,1,0
BRDA:324,22,0,0
BRDA:336,23,0,0
BRF:30
BRH:0
end_of_record
TN:
SF:lib\utils\webVitals.ts
FN:23,getRating
FN:34,trackWebVitals
FN:41,(anonymous_8)
FN:41,(anonymous_9)
FN:42,(anonymous_10)
FN:50,(anonymous_11)
FN:58,(anonymous_12)
FN:66,(anonymous_13)
FN:74,(anonymous_14)
FN:90,logWebVital
FNF:10
FNH:0
FNDA:0,getRating
FNDA:0,trackWebVitals
FNDA:0,(anonymous_8)
FNDA:0,(anonymous_9)
FNDA:0,(anonymous_10)
FNDA:0,(anonymous_11)
FNDA:0,(anonymous_12)
FNDA:0,(anonymous_13)
FNDA:0,(anonymous_14)
FNDA:0,logWebVital
DA:15,0
DA:24,0
DA:25,0
DA:26,0
DA:28,0
DA:29,0
DA:31,0
DA:34,0
DA:35,0
DA:36,0
DA:40,0
DA:41,0
DA:42,0
DA:43,0
DA:50,0
DA:51,0
DA:58,0
DA:59,0
DA:66,0
DA:67,0
DA:74,0
DA:75,0
DA:85,0
DA:90,0
DA:92,0
DA:97,0
LF:26
LH:0
BRDA:25,0,0,0
BRDA:28,1,0,0
BRDA:35,2,0,0
BRDA:92,3,0,0
BRDA:92,3,1,0
BRF:5
BRH:0
end_of_record
TN:
SF:lib\validation\schemas.ts
FN:9,(anonymous_16)
FN:36,(anonymous_17)
FN:40,(anonymous_18)
FN:55,(anonymous_19)
FN:81,(anonymous_20)
FN:92,(anonymous_21)
FN:92,(anonymous_22)
FN:96,(anonymous_23)
FN:97,(anonymous_24)
FN:119,(anonymous_25)
FN:119,(anonymous_26)
FN:123,(anonymous_27)
FN:124,(anonymous_28)
FN:143,(anonymous_29)
FN:235,validateForm
FN:249,(anonymous_31)
FNF:16
FNH:0
FNDA:0,(anonymous_16)
FNDA:0,(anonymous_17)
FNDA:0,(anonymous_18)
FNDA:0,(anonymous_19)
FNDA:0,(anonymous_20)
FNDA:0,(anonymous_21)
FNDA:0,(anonymous_22)
FNDA:0,(anonymous_23)
FNDA:0,(anonymous_24)
FNDA:0,(anonymous_25)
FNDA:0,(anonymous_26)
FNDA:0,(anonymous_27)
FNDA:0,(anonymous_28)
FNDA:0,(anonymous_29)
FNDA:0,validateForm
FNDA:0,(anonymous_31)
DA:6,0
DA:9,0
DA:10,0
DA:12,0
DA:14,0
DA:23,0
DA:29,0
DA:36,0
DA:40,0
DA:45,0
DA:49,0
DA:55,0
DA:61,0
DA:75,0
DA:81,0
DA:87,0
DA:92,0
DA:97,0
DA:98,0
DA:114,0
DA:119,0
DA:124,0
DA:125,0
DA:134,0
DA:143,0
DA:148,0
DA:167,0
DA:179,0
DA:188,0
DA:200,0
DA:235,0
DA:243,0
DA:244,0
DA:245,0
DA:247,0
DA:248,0
DA:249,0
DA:250,0
DA:251,0
DA:253,0
DA:255,0
LF:41
LH:0
BRDA:10,0,0,0
BRDA:10,0,1,0
BRDA:247,1,0,0
BRF:3
BRH:0
end_of_record
TN:
SF:scripts\create-placeholder-images.js
FN:99,(anonymous_1)
FNF:1
FNH:0
FNDA:0,(anonymous_1)
DA:1,0
DA:2,0
DA:3,0
DA:5,0
DA:6,0
DA:9,0
DA:79,0
DA:91,0
DA:94,0
DA:95,0
DA:99,0
DA:100,0
DA:102,0
DA:119,0
DA:120,0
DA:123,0
LF:16
LH:0
BRDA:94,0,0,0
BRF:1
BRH:0
end_of_record
TN:
SF:scripts\demo-api-flow.js
FN:35,delay
FN:36,(anonymous_1)
FN:39,demoStep
FN:56,runDemoFlow
FN:63,(anonymous_4)
FN:107,(anonymous_5)
FN:133,(anonymous_6)
FN:152,(anonymous_7)
FN:170,(anonymous_8)
FNF:9
FNH:0
FNDA:0,delay
FNDA:0,(anonymous_1)
FNDA:0,demoStep
FNDA:0,runDemoFlow
FNDA:0,(anonymous_4)
FNDA:0,(anonymous_5)
FNDA:0,(anonymous_6)
FNDA:0,(anonymous_7)
FNDA:0,(anonymous_8)
DA:8,0
DA:10,0
DA:12,0
DA:13,0
DA:14,0
DA:17,0
DA:18,0
DA:19,0
DA:22,0
DA:29,0
DA:36,0
DA:40,0
DA:41,0
DA:43,0
DA:44,0
DA:45,0
DA:46,0
DA:47,0
DA:49,0
DA:50,0
DA:53,0
DA:57,0
DA:60,0
DA:64,0
DA:65,0
DA:66,0
DA:68,0
DA:69,0
DA:89,0
DA:90,0
DA:91,0
DA:92,0
DA:93,0
DA:94,0
DA:95,0
DA:96,0
DA:97,0
DA:101,0
DA:104,0
DA:108,0
DA:109,0
DA:111,0
DA:119,0
DA:120,0
DA:121,0
DA:122,0
DA:125,0
DA:130,0
DA:134,0
DA:136,0
DA:137,0
DA:140,0
DA:141,0
DA:144,0
DA:149,0
DA:153,0
DA:154,0
DA:155,0
DA:156,0
DA:157,0
DA:158,0
DA:159,0
DA:160,0
DA:162,0
DA:167,0
DA:171,0
DA:172,0
DA:173,0
DA:174,0
DA:175,0
DA:176,0
DA:177,0
DA:179,0
DA:180,0
DA:184,0
DA:188,0
DA:189,0
DA:190,0
DA:191,0
DA:192,0
DA:193,0
DA:194,0
DA:195,0
DA:196,0
DA:197,0
DA:198,0
DA:200,0
DA:201,0
DA:205,0
DA:206,0
DA:207,0
DA:208,0
DA:211,0
LF:93
LH:0
BRDA:10,0,0,0
BRDA:10,0,1,0
BRDA:12,1,0,0
BRDA:43,2,0,0
BRDA:101,3,0,0
BRDA:205,4,0,0
BRF:6
BRH:0
end_of_record
TN:
SF:scripts\test-api-connection.js
FN:26,testEndpoint
FN:72,testFileUpload
FN:111,runTests
FN:132,(anonymous_3)
FN:133,(anonymous_4)
FNF:5
FNH:0
FNDA:0,testEndpoint
FNDA:0,testFileUpload
FNDA:0,runTests
FNDA:0,(anonymous_3)
FNDA:0,(anonymous_4)
DA:8,0
DA:9,0
DA:12,0
DA:13,0
DA:15,0
DA:17,0
DA:18,0
DA:21,0
DA:24,0
DA:27,0
DA:28,0
DA:30,0
DA:31,0
DA:39,0
DA:40,0
DA:43,0
DA:44,0
DA:46,0
DA:47,0
DA:49,0
DA:50,0
DA:51,0
DA:52,0
DA:54,0
DA:58,0
DA:64,0
DA:65,0
DA:73,0
DA:76,0
DA:78,0
DA:79,0
DA:80,0
DA:82,0
DA:83,0
DA:91,0
DA:92,0
DA:94,0
DA:95,0
DA:96,0
DA:97,0
DA:98,0
DA:100,0
DA:104,0
DA:106,0
DA:107,0
DA:112,0
DA:114,0
DA:117,0
DA:118,0
DA:121,0
DA:124,0
DA:125,0
DA:129,0
DA:132,0
DA:133,0
DA:135,0
DA:136,0
DA:137,0
DA:138,0
DA:140,0
DA:141,0
DA:142,0
DA:143,0
DA:144,0
DA:147,0
DA:148,0
DA:149,0
DA:150,0
DA:151,0
DA:152,0
DA:157,0
DA:158,0
DA:159,0
DA:160,0
DA:163,0
LF:75
LH:0
BRDA:15,0,0,0
BRDA:15,0,1,0
BRDA:17,1,0,0
BRDA:26,2,0,0
BRDA:26,3,0,0
BRDA:39,4,0,0
BRDA:39,5,0,0
BRDA:39,5,1,0
BRDA:49,6,0,0
BRDA:94,7,0,0
BRDA:98,8,0,0
BRDA:98,8,1,0
BRDA:124,9,0,0
BRDA:132,10,0,0
BRDA:132,10,1,0
BRDA:140,11,0,0
BRDA:140,11,1,0
BRDA:143,12,0,0
BRDA:157,13,0,0
BRF:19
BRH:0
end_of_record
TN:
SF:scripts\verify-api.ts
FN:24,(anonymous_1)
FN:40,(anonymous_2)
FN:67,(anonymous_3)
FN:103,(anonymous_4)
FN:123,(anonymous_5)
FN:154,(anonymous_6)
FN:158,(anonymous_7)
FN:159,(anonymous_8)
FN:160,(anonymous_9)
FN:162,(anonymous_10)
FNF:10
FNH:0
FNDA:0,(anonymous_1)
FNDA:0,(anonymous_2)
FNDA:0,(anonymous_3)
FNDA:0,(anonymous_4)
FNDA:0,(anonymous_5)
FNDA:0,(anonymous_6)
FNDA:0,(anonymous_7)
FNDA:0,(anonymous_8)
FNDA:0,(anonymous_9)
FNDA:0,(anonymous_10)
DA:8,0
DA:9,0
DA:10,0
DA:11,0
DA:13,0
DA:22,0
DA:25,0
DA:28,0
DA:31,0
DA:34,0
DA:37,0
DA:41,0
DA:48,0
DA:49,0
DA:51,0
DA:52,0
DA:58,0
DA:68,0
DA:78,0
DA:79,0
DA:81,0
DA:83,0
DA:84,0
DA:86,0
DA:94,0
DA:106,0
DA:111,0
DA:115,0
DA:120,0
DA:124,0
DA:126,0
DA:128,0
DA:132,0
DA:133,0
DA:139,0
DA:146,0
DA:155,0
DA:156,0
DA:158,0
DA:159,0
DA:160,0
DA:162,0
DA:164,0
DA:169,0
DA:170,0
DA:173,0
DA:174,0
DA:175,0
DA:176,0
DA:178,0
DA:179,0
DA:181,0
DA:182,0
DA:183,0
DA:187,0
DA:195,0
DA:196,0
LF:57
LH:0
BRDA:51,0,0,0
BRDA:51,0,1,0
BRDA:81,1,0,0
BRDA:81,1,1,0
BRDA:88,2,0,0
BRDA:88,2,1,0
BRDA:89,3,0,0
BRDA:89,3,1,0
BRDA:106,4,0,0
BRDA:106,4,1,0
BRDA:106,4,2,0
BRDA:111,5,0,0
BRDA:111,5,1,0
BRDA:115,6,0,0
BRDA:115,6,1,0
BRDA:115,6,2,0
BRDA:115,6,3,0
BRDA:120,7,0,0
BRDA:120,7,1,0
BRDA:120,7,2,0
BRDA:132,8,0,0
BRDA:132,8,1,0
BRDA:132,9,0,0
BRDA:132,9,1,0
BRDA:164,10,0,0
BRDA:164,10,1,0
BRDA:166,11,0,0
BRDA:166,11,1,0
BRDA:178,12,0,0
BRDA:178,12,1,0
BRDA:181,13,0,0
BRDA:181,13,1,0
BRF:32
BRH:0
end_of_record
